Virtual User Script started at: 17.05.2023 5:53:22	[MsgId: MMSG-15967]
Starting action vuser_init.	[MsgId: MMSG-15919]
Web Turbo Replay of LoadRunner 2020.0.0 for Windows 10; build 793 (ноя 27 2019 19:51:20)  	[MsgId: MMSG-26983]
Run mode: HTML  	[MsgId: MMSG-26993]
Replay user agent: Mozilla/5.0 (compatible; MSIE 10.0; Windows NT 6.1; Trident/6.0)  	[MsgId: MMSG-26988]
Runtime Settings file: "C:\Users\Zheka\AppData\Local\Temp\lr5tmpdirnvs.656\lrcfg2M5.743\cfgLNu.777"  	[MsgId: MMSG-27141]
Ending action vuser_init.	[MsgId: MMSG-15918]
Running Vuser...	[MsgId: MMSG-15964]
Starting iteration 1.	[MsgId: MMSG-15968]
Maximum number of concurrent connections per server: 6  	[MsgId: MMSG-26989]
Starting action Action.	[MsgId: MMSG-15919]
Action.c(3): Notify: Transaction "UC_5_Login" started.	[MsgId: MMSG-16999]
..\\Parameters\\common_lib.h(27): Notify: Transaction "open_homepage" started.	[MsgId: MMSG-16999]
..\\Parameters\\common_lib.h(30): web_reg_save_param_attrib started  	[MsgId: MMSG-26355]
..\\Parameters\\common_lib.h(30): Registering web_reg_save_param_attrib was successful  	[MsgId: MMSG-26390]
..\\Parameters\\common_lib.h(41): web_url("WebTours") started  	[MsgId: MMSG-26355]
..\\Parameters\\common_lib.h(41): Detected non-resource "http://localhost:1080/WebTours/header.html" in "http://localhost:1080/WebTours/"  	[MsgId: MMSG-26574]
..\\Parameters\\common_lib.h(41): Detected non-resource "http://localhost:1080/cgi-bin/welcome.pl?signOff=true" in "http://localhost:1080/WebTours/"  	[MsgId: MMSG-26574]
..\\Parameters\\common_lib.h(41): Downloading resource "http://localhost:1080/favicon.ico" (specified by argument number 10)  	[MsgId: MMSG-26577]
..\\Parameters\\common_lib.h(41): Found resource "http://localhost:1080/WebTours/images/hp_logo.png" in HTML "http://localhost:1080/WebTours/header.html"  	[MsgId: MMSG-26659]
..\\Parameters\\common_lib.h(41): Found resource "http://localhost:1080/WebTours/images/webtours.png" in HTML "http://localhost:1080/WebTours/header.html"  	[MsgId: MMSG-26659]
..\\Parameters\\common_lib.h(41): Warning -26627: HTTP Status-Code=404 (Not Found) for "http://localhost:1080/favicon.ico"  	[MsgId: MWAR-26627]
..\\Parameters\\common_lib.h(41): Detected non-resource "http://localhost:1080/cgi-bin/nav.pl?in=home" in "http://localhost:1080/cgi-bin/welcome.pl?signOff=true"  	[MsgId: MMSG-26574]
..\\Parameters\\common_lib.h(41): Detected non-resource "http://localhost:1080/WebTours/home.html" in "http://localhost:1080/cgi-bin/welcome.pl?signOff=true"  	[MsgId: MMSG-26574]
..\\Parameters\\common_lib.h(41): Found resource "http://localhost:1080/WebTours/images/mer_login.gif" in HTML "http://localhost:1080/cgi-bin/nav.pl?in=home"  	[MsgId: MMSG-26659]
..\\Parameters\\common_lib.h(41): web_url("WebTours") highest severity level was "warning", 10288 body bytes, 2588 header bytes, 24 chunking overhead bytes  	[MsgId: MMSG-26387]
..\\Parameters\\common_lib.h(53): Notify: Transaction "open_homepage" ended with a "Pass" status (Duration: 0,1831 Wasted Time: 0,0360).	[MsgId: MMSG-16871]
Action.c(7): lr_think_time: 5,00 seconds.	[MsgId: MMSG-15948]
..\\Parameters\\common_lib.h(2): Notify: Transaction "login" started.	[MsgId: MMSG-16999]
..\\Parameters\\common_lib.h(4): web_reg_find started  	[MsgId: MMSG-26355]
..\\Parameters\\common_lib.h(4): Registering web_reg_find was successful  	[MsgId: MMSG-26390]
..\\Parameters\\common_lib.h(7): web_submit_data("login.pl") started  	[MsgId: MMSG-26355]
..\\Parameters\\common_lib.h(7): Detected non-resource "http://localhost:1080/cgi-bin/nav.pl?page=menu&in=home" in "http://localhost:1080/cgi-bin/login.pl"  	[MsgId: MMSG-26574]
..\\Parameters\\common_lib.h(7): Detected non-resource "http://localhost:1080/cgi-bin/login.pl?intro=true" in "http://localhost:1080/cgi-bin/login.pl"  	[MsgId: MMSG-26574]
..\\Parameters\\common_lib.h(7): Found resource "http://localhost:1080/WebTours/images/flights.gif" in HTML "http://localhost:1080/cgi-bin/nav.pl?page=menu&in=home"  	[MsgId: MMSG-26659]
..\\Parameters\\common_lib.h(7): Found resource "http://localhost:1080/WebTours/images/itinerary.gif" in HTML "http://localhost:1080/cgi-bin/nav.pl?page=menu&in=home"  	[MsgId: MMSG-26659]
..\\Parameters\\common_lib.h(7): Found resource "http://localhost:1080/WebTours/images/in_home.gif" in HTML "http://localhost:1080/cgi-bin/nav.pl?page=menu&in=home"  	[MsgId: MMSG-26659]
..\\Parameters\\common_lib.h(7): Found resource "http://localhost:1080/WebTours/images/signoff.gif" in HTML "http://localhost:1080/cgi-bin/nav.pl?page=menu&in=home"  	[MsgId: MMSG-26659]
..\\Parameters\\common_lib.h(7): Registered web_reg_find successful for "Text=Welcome, <b>bjohnson82</b>, to the Web Tours reservation pages." (count=1)  	[MsgId: MMSG-26364]
..\\Parameters\\common_lib.h(7): web_submit_data("login.pl") was successful, 5785 body bytes, 2066 header bytes, 36 chunking overhead bytes  	[MsgId: MMSG-26385]
..\\Parameters\\common_lib.h(23): Notify: Transaction "login" ended with a "Pass" status (Duration: 0,1672 Wasted Time: 0,0000).	[MsgId: MMSG-16871]
..\\Parameters\\common_lib.h(169): Notify: Transaction "Logout" started.	[MsgId: MMSG-16999]
..\\Parameters\\common_lib.h(171): web_reg_find started  	[MsgId: MMSG-26355]
..\\Parameters\\common_lib.h(171): Registering web_reg_find was successful  	[MsgId: MMSG-26390]
..\\Parameters\\common_lib.h(174): web_url("SignOff Button") started  	[MsgId: MMSG-26355]
..\\Parameters\\common_lib.h(174): Detected non-resource "http://localhost:1080/cgi-bin/nav.pl?in=home" in "http://localhost:1080/cgi-bin/welcome.pl?signOff=1"  	[MsgId: MMSG-26574]
..\\Parameters\\common_lib.h(174): Detected non-resource "http://localhost:1080/WebTours/home.html" in "http://localhost:1080/cgi-bin/welcome.pl?signOff=1"  	[MsgId: MMSG-26574]
..\\Parameters\\common_lib.h(174): Retrieving data from cache for "http://localhost:1080/WebTours/home.html"  	[MsgId: MMSG-26558]
..\\Parameters\\common_lib.h(174): Resource "http://localhost:1080/WebTours/images/mer_login.gif" is in the cache already and will not be downloaded again  	[MsgId: MMSG-26655]
..\\Parameters\\common_lib.h(174): Registered web_reg_find successful for "Text=Welcome to the Web Tours site." (count=1)  	[MsgId: MMSG-26364]
..\\Parameters\\common_lib.h(174): web_url("SignOff Button") was successful, 2174 body bytes, 582 header bytes, 24 chunking overhead bytes  	[MsgId: MMSG-26385]
..\\Parameters\\common_lib.h(184): Notify: Transaction "Logout" ended with a "Pass" status (Duration: 0,1404 Wasted Time: 0,0000).	[MsgId: MMSG-16871]
Action.c(13): Notify: Transaction "UC_5_Login" ended with a "Pass" status (Duration: 5,4923 Think Time: 5,0010 Wasted Time: 0,0361).	[MsgId: MMSG-16870]
Ending action Action.	[MsgId: MMSG-15918]
Ending iteration 1.	[MsgId: MMSG-15965]
Waiting 194,5060 seconds for iteration pacing.	[MsgId: MMSG-15996]
Starting iteration 2.	[MsgId: MMSG-15968]
Starting action Action.	[MsgId: MMSG-15919]
Action.c(3): Notify: Transaction "UC_5_Login" started.	[MsgId: MMSG-16999]
..\\Parameters\\common_lib.h(27): Notify: Transaction "open_homepage" started.	[MsgId: MMSG-16999]
..\\Parameters\\common_lib.h(30): web_reg_save_param_attrib started  	[MsgId: MMSG-26355]
..\\Parameters\\common_lib.h(30): Registering web_reg_save_param_attrib was successful  	[MsgId: MMSG-26390]
..\\Parameters\\common_lib.h(41): web_url("WebTours") started  	[MsgId: MMSG-26355]
..\\Parameters\\common_lib.h(41): Detected non-resource "http://localhost:1080/WebTours/header.html" in "http://localhost:1080/WebTours/"  	[MsgId: MMSG-26574]
..\\Parameters\\common_lib.h(41): Detected non-resource "http://localhost:1080/cgi-bin/welcome.pl?signOff=true" in "http://localhost:1080/WebTours/"  	[MsgId: MMSG-26574]
..\\Parameters\\common_lib.h(41): Downloading resource "http://localhost:1080/favicon.ico" (specified by argument number 10)  	[MsgId: MMSG-26577]
..\\Parameters\\common_lib.h(41): Found resource "http://localhost:1080/WebTours/images/hp_logo.png" in HTML "http://localhost:1080/WebTours/header.html"  	[MsgId: MMSG-26659]
..\\Parameters\\common_lib.h(41): Found resource "http://localhost:1080/WebTours/images/webtours.png" in HTML "http://localhost:1080/WebTours/header.html"  	[MsgId: MMSG-26659]
..\\Parameters\\common_lib.h(41): Warning -26627: HTTP Status-Code=404 (Not Found) for "http://localhost:1080/favicon.ico"  	[MsgId: MWAR-26627]
..\\Parameters\\common_lib.h(41): Detected non-resource "http://localhost:1080/cgi-bin/nav.pl?in=home" in "http://localhost:1080/cgi-bin/welcome.pl?signOff=true"  	[MsgId: MMSG-26574]
..\\Parameters\\common_lib.h(41): Detected non-resource "http://localhost:1080/WebTours/home.html" in "http://localhost:1080/cgi-bin/welcome.pl?signOff=true"  	[MsgId: MMSG-26574]
..\\Parameters\\common_lib.h(41): Found resource "http://localhost:1080/WebTours/images/mer_login.gif" in HTML "http://localhost:1080/cgi-bin/nav.pl?in=home"  	[MsgId: MMSG-26659]
..\\Parameters\\common_lib.h(41): web_url("WebTours") highest severity level was "warning", 10283 body bytes, 2588 header bytes, 24 chunking overhead bytes  	[MsgId: MMSG-26387]
..\\Parameters\\common_lib.h(53): Notify: Transaction "open_homepage" ended with a "Pass" status (Duration: 0,1495 Wasted Time: 0,0010).	[MsgId: MMSG-16871]
Action.c(7): lr_think_time: 5,00 seconds.	[MsgId: MMSG-15948]
..\\Parameters\\common_lib.h(2): Notify: Transaction "login" started.	[MsgId: MMSG-16999]
..\\Parameters\\common_lib.h(4): web_reg_find started  	[MsgId: MMSG-26355]
..\\Parameters\\common_lib.h(4): Registering web_reg_find was successful  	[MsgId: MMSG-26390]
..\\Parameters\\common_lib.h(7): web_submit_data("login.pl") started  	[MsgId: MMSG-26355]
..\\Parameters\\common_lib.h(7): Detected non-resource "http://localhost:1080/cgi-bin/nav.pl?page=menu&in=home" in "http://localhost:1080/cgi-bin/login.pl"  	[MsgId: MMSG-26574]
..\\Parameters\\common_lib.h(7): Detected non-resource "http://localhost:1080/cgi-bin/login.pl?intro=true" in "http://localhost:1080/cgi-bin/login.pl"  	[MsgId: MMSG-26574]
..\\Parameters\\common_lib.h(7): Found resource "http://localhost:1080/WebTours/images/flights.gif" in HTML "http://localhost:1080/cgi-bin/nav.pl?page=menu&in=home"  	[MsgId: MMSG-26659]
..\\Parameters\\common_lib.h(7): Found resource "http://localhost:1080/WebTours/images/itinerary.gif" in HTML "http://localhost:1080/cgi-bin/nav.pl?page=menu&in=home"  	[MsgId: MMSG-26659]
..\\Parameters\\common_lib.h(7): Found resource "http://localhost:1080/WebTours/images/in_home.gif" in HTML "http://localhost:1080/cgi-bin/nav.pl?page=menu&in=home"  	[MsgId: MMSG-26659]
..\\Parameters\\common_lib.h(7): Found resource "http://localhost:1080/WebTours/images/signoff.gif" in HTML "http://localhost:1080/cgi-bin/nav.pl?page=menu&in=home"  	[MsgId: MMSG-26659]
..\\Parameters\\common_lib.h(7): Registered web_reg_find successful for "Text=Welcome, <b>pthomas96</b>, to the Web Tours reservation pages." (count=1)  	[MsgId: MMSG-26364]
..\\Parameters\\common_lib.h(7): web_submit_data("login.pl") was successful, 5784 body bytes, 2075 header bytes, 36 chunking overhead bytes  	[MsgId: MMSG-26385]
..\\Parameters\\common_lib.h(23): Notify: Transaction "login" ended with a "Pass" status (Duration: 0,1521 Wasted Time: 0,0000).	[MsgId: MMSG-16871]
..\\Parameters\\common_lib.h(169): Notify: Transaction "Logout" started.	[MsgId: MMSG-16999]
..\\Parameters\\common_lib.h(171): web_reg_find started  	[MsgId: MMSG-26355]
..\\Parameters\\common_lib.h(171): Registering web_reg_find was successful  	[MsgId: MMSG-26390]
..\\Parameters\\common_lib.h(174): web_url("SignOff Button") started  	[MsgId: MMSG-26355]
..\\Parameters\\common_lib.h(174): Detected non-resource "http://localhost:1080/cgi-bin/nav.pl?in=home" in "http://localhost:1080/cgi-bin/welcome.pl?signOff=1"  	[MsgId: MMSG-26574]
..\\Parameters\\common_lib.h(174): Detected non-resource "http://localhost:1080/WebTours/home.html" in "http://localhost:1080/cgi-bin/welcome.pl?signOff=1"  	[MsgId: MMSG-26574]
..\\Parameters\\common_lib.h(174): Retrieving data from cache for "http://localhost:1080/WebTours/home.html"  	[MsgId: MMSG-26558]
..\\Parameters\\common_lib.h(174): Resource "http://localhost:1080/WebTours/images/mer_login.gif" is in the cache already and will not be downloaded again  	[MsgId: MMSG-26655]
..\\Parameters\\common_lib.h(174): Registered web_reg_find successful for "Text=Welcome to the Web Tours site." (count=1)  	[MsgId: MMSG-26364]
..\\Parameters\\common_lib.h(174): web_url("SignOff Button") was successful, 2176 body bytes, 582 header bytes, 24 chunking overhead bytes  	[MsgId: MMSG-26385]
..\\Parameters\\common_lib.h(184): Notify: Transaction "Logout" ended with a "Pass" status (Duration: 0,1401 Wasted Time: 0,0000).	[MsgId: MMSG-16871]
Action.c(13): Notify: Transaction "UC_5_Login" ended with a "Pass" status (Duration: 5,4430 Think Time: 5,0006 Wasted Time: 0,0011).	[MsgId: MMSG-16870]
Ending action Action.	[MsgId: MMSG-15918]
Ending iteration 2.	[MsgId: MMSG-15965]
Waiting 194,5560 seconds for iteration pacing.	[MsgId: MMSG-15996]
Starting iteration 3.	[MsgId: MMSG-15968]
Starting action Action.	[MsgId: MMSG-15919]
Action.c(3): Notify: Transaction "UC_5_Login" started.	[MsgId: MMSG-16999]
..\\Parameters\\common_lib.h(27): Notify: Transaction "open_homepage" started.	[MsgId: MMSG-16999]
..\\Parameters\\common_lib.h(30): web_reg_save_param_attrib started  	[MsgId: MMSG-26355]
..\\Parameters\\common_lib.h(30): Registering web_reg_save_param_attrib was successful  	[MsgId: MMSG-26390]
..\\Parameters\\common_lib.h(41): web_url("WebTours") started  	[MsgId: MMSG-26355]
..\\Parameters\\common_lib.h(41): Detected non-resource "http://localhost:1080/WebTours/header.html" in "http://localhost:1080/WebTours/"  	[MsgId: MMSG-26574]
..\\Parameters\\common_lib.h(41): Detected non-resource "http://localhost:1080/cgi-bin/welcome.pl?signOff=true" in "http://localhost:1080/WebTours/"  	[MsgId: MMSG-26574]
..\\Parameters\\common_lib.h(41): Downloading resource "http://localhost:1080/favicon.ico" (specified by argument number 10)  	[MsgId: MMSG-26577]
..\\Parameters\\common_lib.h(41): Found resource "http://localhost:1080/WebTours/images/hp_logo.png" in HTML "http://localhost:1080/WebTours/header.html"  	[MsgId: MMSG-26659]
..\\Parameters\\common_lib.h(41): Found resource "http://localhost:1080/WebTours/images/webtours.png" in HTML "http://localhost:1080/WebTours/header.html"  	[MsgId: MMSG-26659]
..\\Parameters\\common_lib.h(41): Warning -26627: HTTP Status-Code=404 (Not Found) for "http://localhost:1080/favicon.ico"  	[MsgId: MWAR-26627]
..\\Parameters\\common_lib.h(41): Detected non-resource "http://localhost:1080/cgi-bin/nav.pl?in=home" in "http://localhost:1080/cgi-bin/welcome.pl?signOff=true"  	[MsgId: MMSG-26574]
..\\Parameters\\common_lib.h(41): Detected non-resource "http://localhost:1080/WebTours/home.html" in "http://localhost:1080/cgi-bin/welcome.pl?signOff=true"  	[MsgId: MMSG-26574]
..\\Parameters\\common_lib.h(41): Found resource "http://localhost:1080/WebTours/images/mer_login.gif" in HTML "http://localhost:1080/cgi-bin/nav.pl?in=home"  	[MsgId: MMSG-26659]
..\\Parameters\\common_lib.h(41): web_url("WebTours") highest severity level was "warning", 10287 body bytes, 2588 header bytes, 24 chunking overhead bytes  	[MsgId: MMSG-26387]
..\\Parameters\\common_lib.h(53): Notify: Transaction "open_homepage" ended with a "Pass" status (Duration: 0,1432 Wasted Time: 0,0008).	[MsgId: MMSG-16871]
Action.c(7): lr_think_time: 5,00 seconds.	[MsgId: MMSG-15948]
..\\Parameters\\common_lib.h(2): Notify: Transaction "login" started.	[MsgId: MMSG-16999]
..\\Parameters\\common_lib.h(4): web_reg_find started  	[MsgId: MMSG-26355]
..\\Parameters\\common_lib.h(4): Registering web_reg_find was successful  	[MsgId: MMSG-26390]
..\\Parameters\\common_lib.h(7): web_submit_data("login.pl") started  	[MsgId: MMSG-26355]
..\\Parameters\\common_lib.h(7): Detected non-resource "http://localhost:1080/cgi-bin/nav.pl?page=menu&in=home" in "http://localhost:1080/cgi-bin/login.pl"  	[MsgId: MMSG-26574]
..\\Parameters\\common_lib.h(7): Detected non-resource "http://localhost:1080/cgi-bin/login.pl?intro=true" in "http://localhost:1080/cgi-bin/login.pl"  	[MsgId: MMSG-26574]
..\\Parameters\\common_lib.h(7): Found resource "http://localhost:1080/WebTours/images/flights.gif" in HTML "http://localhost:1080/cgi-bin/nav.pl?page=menu&in=home"  	[MsgId: MMSG-26659]
..\\Parameters\\common_lib.h(7): Found resource "http://localhost:1080/WebTours/images/itinerary.gif" in HTML "http://localhost:1080/cgi-bin/nav.pl?page=menu&in=home"  	[MsgId: MMSG-26659]
..\\Parameters\\common_lib.h(7): Found resource "http://localhost:1080/WebTours/images/in_home.gif" in HTML "http://localhost:1080/cgi-bin/nav.pl?page=menu&in=home"  	[MsgId: MMSG-26659]
..\\Parameters\\common_lib.h(7): Found resource "http://localhost:1080/WebTours/images/signoff.gif" in HTML "http://localhost:1080/cgi-bin/nav.pl?page=menu&in=home"  	[MsgId: MMSG-26659]
..\\Parameters\\common_lib.h(7): Registered web_reg_find successful for "Text=Welcome, <b>amiller23</b>, to the Web Tours reservation pages." (count=1)  	[MsgId: MMSG-26364]
..\\Parameters\\common_lib.h(7): web_submit_data("login.pl") was successful, 5784 body bytes, 2069 header bytes, 36 chunking overhead bytes  	[MsgId: MMSG-26385]
..\\Parameters\\common_lib.h(23): Notify: Transaction "login" ended with a "Pass" status (Duration: 0,1923 Wasted Time: 0,0000).	[MsgId: MMSG-16871]
..\\Parameters\\common_lib.h(169): Notify: Transaction "Logout" started.	[MsgId: MMSG-16999]
..\\Parameters\\common_lib.h(171): web_reg_find started  	[MsgId: MMSG-26355]
..\\Parameters\\common_lib.h(171): Registering web_reg_find was successful  	[MsgId: MMSG-26390]
..\\Parameters\\common_lib.h(174): web_url("SignOff Button") started  	[MsgId: MMSG-26355]
..\\Parameters\\common_lib.h(174): Detected non-resource "http://localhost:1080/cgi-bin/nav.pl?in=home" in "http://localhost:1080/cgi-bin/welcome.pl?signOff=1"  	[MsgId: MMSG-26574]
..\\Parameters\\common_lib.h(174): Detected non-resource "http://localhost:1080/WebTours/home.html" in "http://localhost:1080/cgi-bin/welcome.pl?signOff=1"  	[MsgId: MMSG-26574]
..\\Parameters\\common_lib.h(174): Retrieving data from cache for "http://localhost:1080/WebTours/home.html"  	[MsgId: MMSG-26558]
..\\Parameters\\common_lib.h(174): Resource "http://localhost:1080/WebTours/images/mer_login.gif" is in the cache already and will not be downloaded again  	[MsgId: MMSG-26655]
..\\Parameters\\common_lib.h(174): Registered web_reg_find successful for "Text=Welcome to the Web Tours site." (count=1)  	[MsgId: MMSG-26364]
..\\Parameters\\common_lib.h(174): web_url("SignOff Button") was successful, 2176 body bytes, 582 header bytes, 24 chunking overhead bytes  	[MsgId: MMSG-26385]
..\\Parameters\\common_lib.h(184): Notify: Transaction "Logout" ended with a "Pass" status (Duration: 0,1368 Wasted Time: 0,0000).	[MsgId: MMSG-16871]
Action.c(13): Notify: Transaction "UC_5_Login" ended with a "Pass" status (Duration: 5,4729 Think Time: 5,0001 Wasted Time: 0,0008).	[MsgId: MMSG-16870]
Ending action Action.	[MsgId: MMSG-15918]
Ending iteration 3.	[MsgId: MMSG-15965]
Waiting 194,5260 seconds for iteration pacing.	[MsgId: MMSG-15996]
Starting iteration 4.	[MsgId: MMSG-15968]
Starting action Action.	[MsgId: MMSG-15919]
Action.c(3): Notify: Transaction "UC_5_Login" started.	[MsgId: MMSG-16999]
..\\Parameters\\common_lib.h(27): Notify: Transaction "open_homepage" started.	[MsgId: MMSG-16999]
..\\Parameters\\common_lib.h(30): web_reg_save_param_attrib started  	[MsgId: MMSG-26355]
..\\Parameters\\common_lib.h(30): Registering web_reg_save_param_attrib was successful  	[MsgId: MMSG-26390]
..\\Parameters\\common_lib.h(41): web_url("WebTours") started  	[MsgId: MMSG-26355]
..\\Parameters\\common_lib.h(41): Detected non-resource "http://localhost:1080/WebTours/header.html" in "http://localhost:1080/WebTours/"  	[MsgId: MMSG-26574]
..\\Parameters\\common_lib.h(41): Detected non-resource "http://localhost:1080/cgi-bin/welcome.pl?signOff=true" in "http://localhost:1080/WebTours/"  	[MsgId: MMSG-26574]
..\\Parameters\\common_lib.h(41): Downloading resource "http://localhost:1080/favicon.ico" (specified by argument number 10)  	[MsgId: MMSG-26577]
..\\Parameters\\common_lib.h(41): Found resource "http://localhost:1080/WebTours/images/hp_logo.png" in HTML "http://localhost:1080/WebTours/header.html"  	[MsgId: MMSG-26659]
..\\Parameters\\common_lib.h(41): Found resource "http://localhost:1080/WebTours/images/webtours.png" in HTML "http://localhost:1080/WebTours/header.html"  	[MsgId: MMSG-26659]
..\\Parameters\\common_lib.h(41): Warning -26627: HTTP Status-Code=404 (Not Found) for "http://localhost:1080/favicon.ico"  	[MsgId: MWAR-26627]
..\\Parameters\\common_lib.h(41): Detected non-resource "http://localhost:1080/cgi-bin/nav.pl?in=home" in "http://localhost:1080/cgi-bin/welcome.pl?signOff=true"  	[MsgId: MMSG-26574]
..\\Parameters\\common_lib.h(41): Detected non-resource "http://localhost:1080/WebTours/home.html" in "http://localhost:1080/cgi-bin/welcome.pl?signOff=true"  	[MsgId: MMSG-26574]
..\\Parameters\\common_lib.h(41): Found resource "http://localhost:1080/WebTours/images/mer_login.gif" in HTML "http://localhost:1080/cgi-bin/nav.pl?in=home"  	[MsgId: MMSG-26659]
..\\Parameters\\common_lib.h(41): web_url("WebTours") highest severity level was "warning", 10288 body bytes, 2588 header bytes, 24 chunking overhead bytes  	[MsgId: MMSG-26387]
..\\Parameters\\common_lib.h(53): Notify: Transaction "open_homepage" ended with a "Pass" status (Duration: 0,1471 Wasted Time: 0,0008).	[MsgId: MMSG-16871]
Action.c(7): lr_think_time: 5,00 seconds.	[MsgId: MMSG-15948]
..\\Parameters\\common_lib.h(2): Notify: Transaction "login" started.	[MsgId: MMSG-16999]
..\\Parameters\\common_lib.h(4): web_reg_find started  	[MsgId: MMSG-26355]
..\\Parameters\\common_lib.h(4): Registering web_reg_find was successful  	[MsgId: MMSG-26390]
..\\Parameters\\common_lib.h(7): web_submit_data("login.pl") started  	[MsgId: MMSG-26355]
..\\Parameters\\common_lib.h(7): Detected non-resource "http://localhost:1080/cgi-bin/nav.pl?page=menu&in=home" in "http://localhost:1080/cgi-bin/login.pl"  	[MsgId: MMSG-26574]
..\\Parameters\\common_lib.h(7): Detected non-resource "http://localhost:1080/cgi-bin/login.pl?intro=true" in "http://localhost:1080/cgi-bin/login.pl"  	[MsgId: MMSG-26574]
..\\Parameters\\common_lib.h(7): Found resource "http://localhost:1080/WebTours/images/flights.gif" in HTML "http://localhost:1080/cgi-bin/nav.pl?page=menu&in=home"  	[MsgId: MMSG-26659]
..\\Parameters\\common_lib.h(7): Found resource "http://localhost:1080/WebTours/images/itinerary.gif" in HTML "http://localhost:1080/cgi-bin/nav.pl?page=menu&in=home"  	[MsgId: MMSG-26659]
..\\Parameters\\common_lib.h(7): Found resource "http://localhost:1080/WebTours/images/in_home.gif" in HTML "http://localhost:1080/cgi-bin/nav.pl?page=menu&in=home"  	[MsgId: MMSG-26659]
..\\Parameters\\common_lib.h(7): Found resource "http://localhost:1080/WebTours/images/signoff.gif" in HTML "http://localhost:1080/cgi-bin/nav.pl?page=menu&in=home"  	[MsgId: MMSG-26659]
..\\Parameters\\common_lib.h(7): Registered web_reg_find successful for "Text=Welcome, <b>bjohnson82</b>, to the Web Tours reservation pages." (count=1)  	[MsgId: MMSG-26364]
..\\Parameters\\common_lib.h(7): web_submit_data("login.pl") was successful, 5785 body bytes, 2066 header bytes, 36 chunking overhead bytes  	[MsgId: MMSG-26385]
..\\Parameters\\common_lib.h(23): Notify: Transaction "login" ended with a "Pass" status (Duration: 0,1585 Wasted Time: 0,0000).	[MsgId: MMSG-16871]
..\\Parameters\\common_lib.h(169): Notify: Transaction "Logout" started.	[MsgId: MMSG-16999]
..\\Parameters\\common_lib.h(171): web_reg_find started  	[MsgId: MMSG-26355]
..\\Parameters\\common_lib.h(171): Registering web_reg_find was successful  	[MsgId: MMSG-26390]
..\\Parameters\\common_lib.h(174): web_url("SignOff Button") started  	[MsgId: MMSG-26355]
..\\Parameters\\common_lib.h(174): Detected non-resource "http://localhost:1080/cgi-bin/nav.pl?in=home" in "http://localhost:1080/cgi-bin/welcome.pl?signOff=1"  	[MsgId: MMSG-26574]
..\\Parameters\\common_lib.h(174): Detected non-resource "http://localhost:1080/WebTours/home.html" in "http://localhost:1080/cgi-bin/welcome.pl?signOff=1"  	[MsgId: MMSG-26574]
..\\Parameters\\common_lib.h(174): Retrieving data from cache for "http://localhost:1080/WebTours/home.html"  	[MsgId: MMSG-26558]
..\\Parameters\\common_lib.h(174): Resource "http://localhost:1080/WebTours/images/mer_login.gif" is in the cache already and will not be downloaded again  	[MsgId: MMSG-26655]
..\\Parameters\\common_lib.h(174): Registered web_reg_find successful for "Text=Welcome to the Web Tours site." (count=1)  	[MsgId: MMSG-26364]
..\\Parameters\\common_lib.h(174): web_url("SignOff Button") was successful, 2172 body bytes, 582 header bytes, 24 chunking overhead bytes  	[MsgId: MMSG-26385]
..\\Parameters\\common_lib.h(184): Notify: Transaction "Logout" ended with a "Pass" status (Duration: 0,1383 Wasted Time: 0,0000).	[MsgId: MMSG-16871]
Action.c(13): Notify: Transaction "UC_5_Login" ended with a "Pass" status (Duration: 5,4449 Think Time: 5,0004 Wasted Time: 0,0009).	[MsgId: MMSG-16870]
Ending action Action.	[MsgId: MMSG-15918]
Ending iteration 4.	[MsgId: MMSG-15965]
Waiting 194,5540 seconds for iteration pacing.	[MsgId: MMSG-15996]
Starting iteration 5.	[MsgId: MMSG-15968]
Starting action Action.	[MsgId: MMSG-15919]
Action.c(3): Notify: Transaction "UC_5_Login" started.	[MsgId: MMSG-16999]
..\\Parameters\\common_lib.h(27): Notify: Transaction "open_homepage" started.	[MsgId: MMSG-16999]
..\\Parameters\\common_lib.h(30): web_reg_save_param_attrib started  	[MsgId: MMSG-26355]
..\\Parameters\\common_lib.h(30): Registering web_reg_save_param_attrib was successful  	[MsgId: MMSG-26390]
..\\Parameters\\common_lib.h(41): web_url("WebTours") started  	[MsgId: MMSG-26355]
..\\Parameters\\common_lib.h(41): Detected non-resource "http://localhost:1080/WebTours/header.html" in "http://localhost:1080/WebTours/"  	[MsgId: MMSG-26574]
..\\Parameters\\common_lib.h(41): Detected non-resource "http://localhost:1080/cgi-bin/welcome.pl?signOff=true" in "http://localhost:1080/WebTours/"  	[MsgId: MMSG-26574]
..\\Parameters\\common_lib.h(41): Downloading resource "http://localhost:1080/favicon.ico" (specified by argument number 10)  	[MsgId: MMSG-26577]
..\\Parameters\\common_lib.h(41): Found resource "http://localhost:1080/WebTours/images/hp_logo.png" in HTML "http://localhost:1080/WebTours/header.html"  	[MsgId: MMSG-26659]
..\\Parameters\\common_lib.h(41): Found resource "http://localhost:1080/WebTours/images/webtours.png" in HTML "http://localhost:1080/WebTours/header.html"  	[MsgId: MMSG-26659]
..\\Parameters\\common_lib.h(41): Warning -26627: HTTP Status-Code=404 (Not Found) for "http://localhost:1080/favicon.ico"  	[MsgId: MWAR-26627]
..\\Parameters\\common_lib.h(41): Detected non-resource "http://localhost:1080/cgi-bin/nav.pl?in=home" in "http://localhost:1080/cgi-bin/welcome.pl?signOff=true"  	[MsgId: MMSG-26574]
..\\Parameters\\common_lib.h(41): Detected non-resource "http://localhost:1080/WebTours/home.html" in "http://localhost:1080/cgi-bin/welcome.pl?signOff=true"  	[MsgId: MMSG-26574]
..\\Parameters\\common_lib.h(41): Found resource "http://localhost:1080/WebTours/images/mer_login.gif" in HTML "http://localhost:1080/cgi-bin/nav.pl?in=home"  	[MsgId: MMSG-26659]
..\\Parameters\\common_lib.h(41): web_url("WebTours") highest severity level was "warning", 10283 body bytes, 2588 header bytes, 24 chunking overhead bytes  	[MsgId: MMSG-26387]
..\\Parameters\\common_lib.h(53): Notify: Transaction "open_homepage" ended with a "Pass" status (Duration: 0,1423 Wasted Time: 0,0008).	[MsgId: MMSG-16871]
Action.c(7): lr_think_time: 5,00 seconds.	[MsgId: MMSG-15948]
..\\Parameters\\common_lib.h(2): Notify: Transaction "login" started.	[MsgId: MMSG-16999]
..\\Parameters\\common_lib.h(4): web_reg_find started  	[MsgId: MMSG-26355]
..\\Parameters\\common_lib.h(4): Registering web_reg_find was successful  	[MsgId: MMSG-26390]
..\\Parameters\\common_lib.h(7): web_submit_data("login.pl") started  	[MsgId: MMSG-26355]
..\\Parameters\\common_lib.h(7): Detected non-resource "http://localhost:1080/cgi-bin/nav.pl?page=menu&in=home" in "http://localhost:1080/cgi-bin/login.pl"  	[MsgId: MMSG-26574]
..\\Parameters\\common_lib.h(7): Detected non-resource "http://localhost:1080/cgi-bin/login.pl?intro=true" in "http://localhost:1080/cgi-bin/login.pl"  	[MsgId: MMSG-26574]
..\\Parameters\\common_lib.h(7): Found resource "http://localhost:1080/WebTours/images/flights.gif" in HTML "http://localhost:1080/cgi-bin/nav.pl?page=menu&in=home"  	[MsgId: MMSG-26659]
..\\Parameters\\common_lib.h(7): Found resource "http://localhost:1080/WebTours/images/itinerary.gif" in HTML "http://localhost:1080/cgi-bin/nav.pl?page=menu&in=home"  	[MsgId: MMSG-26659]
..\\Parameters\\common_lib.h(7): Found resource "http://localhost:1080/WebTours/images/in_home.gif" in HTML "http://localhost:1080/cgi-bin/nav.pl?page=menu&in=home"  	[MsgId: MMSG-26659]
..\\Parameters\\common_lib.h(7): Found resource "http://localhost:1080/WebTours/images/signoff.gif" in HTML "http://localhost:1080/cgi-bin/nav.pl?page=menu&in=home"  	[MsgId: MMSG-26659]
..\\Parameters\\common_lib.h(7): Registered web_reg_find successful for "Text=Welcome, <b>jadams555</b>, to the Web Tours reservation pages." (count=1)  	[MsgId: MMSG-26364]
..\\Parameters\\common_lib.h(7): web_submit_data("login.pl") was successful, 5784 body bytes, 2068 header bytes, 36 chunking overhead bytes  	[MsgId: MMSG-26385]
..\\Parameters\\common_lib.h(23): Notify: Transaction "login" ended with a "Pass" status (Duration: 0,1546 Wasted Time: 0,0000).	[MsgId: MMSG-16871]
..\\Parameters\\common_lib.h(169): Notify: Transaction "Logout" started.	[MsgId: MMSG-16999]
..\\Parameters\\common_lib.h(171): web_reg_find started  	[MsgId: MMSG-26355]
..\\Parameters\\common_lib.h(171): Registering web_reg_find was successful  	[MsgId: MMSG-26390]
..\\Parameters\\common_lib.h(174): web_url("SignOff Button") started  	[MsgId: MMSG-26355]
..\\Parameters\\common_lib.h(174): Detected non-resource "http://localhost:1080/cgi-bin/nav.pl?in=home" in "http://localhost:1080/cgi-bin/welcome.pl?signOff=1"  	[MsgId: MMSG-26574]
..\\Parameters\\common_lib.h(174): Detected non-resource "http://localhost:1080/WebTours/home.html" in "http://localhost:1080/cgi-bin/welcome.pl?signOff=1"  	[MsgId: MMSG-26574]
..\\Parameters\\common_lib.h(174): Retrieving data from cache for "http://localhost:1080/WebTours/home.html"  	[MsgId: MMSG-26558]
..\\Parameters\\common_lib.h(174): Resource "http://localhost:1080/WebTours/images/mer_login.gif" is in the cache already and will not be downloaded again  	[MsgId: MMSG-26655]
..\\Parameters\\common_lib.h(174): Registered web_reg_find successful for "Text=Welcome to the Web Tours site." (count=1)  	[MsgId: MMSG-26364]
..\\Parameters\\common_lib.h(174): web_url("SignOff Button") was successful, 2176 body bytes, 582 header bytes, 24 chunking overhead bytes  	[MsgId: MMSG-26385]
..\\Parameters\\common_lib.h(184): Notify: Transaction "Logout" ended with a "Pass" status (Duration: 0,1403 Wasted Time: 0,0000).	[MsgId: MMSG-16871]
Action.c(13): Notify: Transaction "UC_5_Login" ended with a "Pass" status (Duration: 5,4390 Think Time: 5,0012 Wasted Time: 0,0009).	[MsgId: MMSG-16870]
Ending action Action.	[MsgId: MMSG-15918]
Ending iteration 5.	[MsgId: MMSG-15965]
Waiting 194,5600 seconds for iteration pacing.	[MsgId: MMSG-15996]
Starting iteration 6.	[MsgId: MMSG-15968]
Starting action Action.	[MsgId: MMSG-15919]
Action.c(3): Notify: Transaction "UC_5_Login" started.	[MsgId: MMSG-16999]
..\\Parameters\\common_lib.h(27): Notify: Transaction "open_homepage" started.	[MsgId: MMSG-16999]
..\\Parameters\\common_lib.h(30): web_reg_save_param_attrib started  	[MsgId: MMSG-26355]
..\\Parameters\\common_lib.h(30): Registering web_reg_save_param_attrib was successful  	[MsgId: MMSG-26390]
..\\Parameters\\common_lib.h(41): web_url("WebTours") started  	[MsgId: MMSG-26355]
..\\Parameters\\common_lib.h(41): Detected non-resource "http://localhost:1080/WebTours/header.html" in "http://localhost:1080/WebTours/"  	[MsgId: MMSG-26574]
..\\Parameters\\common_lib.h(41): Detected non-resource "http://localhost:1080/cgi-bin/welcome.pl?signOff=true" in "http://localhost:1080/WebTours/"  	[MsgId: MMSG-26574]
..\\Parameters\\common_lib.h(41): Downloading resource "http://localhost:1080/favicon.ico" (specified by argument number 10)  	[MsgId: MMSG-26577]
..\\Parameters\\common_lib.h(41): Found resource "http://localhost:1080/WebTours/images/hp_logo.png" in HTML "http://localhost:1080/WebTours/header.html"  	[MsgId: MMSG-26659]
..\\Parameters\\common_lib.h(41): Found resource "http://localhost:1080/WebTours/images/webtours.png" in HTML "http://localhost:1080/WebTours/header.html"  	[MsgId: MMSG-26659]
..\\Parameters\\common_lib.h(41): Warning -26627: HTTP Status-Code=404 (Not Found) for "http://localhost:1080/favicon.ico"  	[MsgId: MWAR-26627]
..\\Parameters\\common_lib.h(41): Detected non-resource "http://localhost:1080/cgi-bin/nav.pl?in=home" in "http://localhost:1080/cgi-bin/welcome.pl?signOff=true"  	[MsgId: MMSG-26574]
..\\Parameters\\common_lib.h(41): Detected non-resource "http://localhost:1080/WebTours/home.html" in "http://localhost:1080/cgi-bin/welcome.pl?signOff=true"  	[MsgId: MMSG-26574]
..\\Parameters\\common_lib.h(41): Found resource "http://localhost:1080/WebTours/images/mer_login.gif" in HTML "http://localhost:1080/cgi-bin/nav.pl?in=home"  	[MsgId: MMSG-26659]
..\\Parameters\\common_lib.h(41): web_url("WebTours") highest severity level was "warning", 10288 body bytes, 2588 header bytes, 24 chunking overhead bytes  	[MsgId: MMSG-26387]
..\\Parameters\\common_lib.h(53): Notify: Transaction "open_homepage" ended with a "Pass" status (Duration: 0,1440 Wasted Time: 0,0008).	[MsgId: MMSG-16871]
Action.c(7): lr_think_time: 5,00 seconds.	[MsgId: MMSG-15948]
..\\Parameters\\common_lib.h(2): Notify: Transaction "login" started.	[MsgId: MMSG-16999]
..\\Parameters\\common_lib.h(4): web_reg_find started  	[MsgId: MMSG-26355]
..\\Parameters\\common_lib.h(4): Registering web_reg_find was successful  	[MsgId: MMSG-26390]
..\\Parameters\\common_lib.h(7): web_submit_data("login.pl") started  	[MsgId: MMSG-26355]
..\\Parameters\\common_lib.h(7): Detected non-resource "http://localhost:1080/cgi-bin/nav.pl?page=menu&in=home" in "http://localhost:1080/cgi-bin/login.pl"  	[MsgId: MMSG-26574]
..\\Parameters\\common_lib.h(7): Detected non-resource "http://localhost:1080/cgi-bin/login.pl?intro=true" in "http://localhost:1080/cgi-bin/login.pl"  	[MsgId: MMSG-26574]
..\\Parameters\\common_lib.h(7): Found resource "http://localhost:1080/WebTours/images/flights.gif" in HTML "http://localhost:1080/cgi-bin/nav.pl?page=menu&in=home"  	[MsgId: MMSG-26659]
..\\Parameters\\common_lib.h(7): Found resource "http://localhost:1080/WebTours/images/itinerary.gif" in HTML "http://localhost:1080/cgi-bin/nav.pl?page=menu&in=home"  	[MsgId: MMSG-26659]
..\\Parameters\\common_lib.h(7): Found resource "http://localhost:1080/WebTours/images/in_home.gif" in HTML "http://localhost:1080/cgi-bin/nav.pl?page=menu&in=home"  	[MsgId: MMSG-26659]
..\\Parameters\\common_lib.h(7): Found resource "http://localhost:1080/WebTours/images/signoff.gif" in HTML "http://localhost:1080/cgi-bin/nav.pl?page=menu&in=home"  	[MsgId: MMSG-26659]
..\\Parameters\\common_lib.h(7): Registered web_reg_find successful for "Text=Welcome, <b>amiller23</b>, to the Web Tours reservation pages." (count=1)  	[MsgId: MMSG-26364]
..\\Parameters\\common_lib.h(7): web_submit_data("login.pl") was successful, 5784 body bytes, 2069 header bytes, 36 chunking overhead bytes  	[MsgId: MMSG-26385]
..\\Parameters\\common_lib.h(23): Notify: Transaction "login" ended with a "Pass" status (Duration: 0,1934 Wasted Time: 0,0000).	[MsgId: MMSG-16871]
..\\Parameters\\common_lib.h(169): Notify: Transaction "Logout" started.	[MsgId: MMSG-16999]
..\\Parameters\\common_lib.h(171): web_reg_find started  	[MsgId: MMSG-26355]
..\\Parameters\\common_lib.h(171): Registering web_reg_find was successful  	[MsgId: MMSG-26390]
..\\Parameters\\common_lib.h(174): web_url("SignOff Button") started  	[MsgId: MMSG-26355]
..\\Parameters\\common_lib.h(174): Detected non-resource "http://localhost:1080/cgi-bin/nav.pl?in=home" in "http://localhost:1080/cgi-bin/welcome.pl?signOff=1"  	[MsgId: MMSG-26574]
..\\Parameters\\common_lib.h(174): Detected non-resource "http://localhost:1080/WebTours/home.html" in "http://localhost:1080/cgi-bin/welcome.pl?signOff=1"  	[MsgId: MMSG-26574]
..\\Parameters\\common_lib.h(174): Retrieving data from cache for "http://localhost:1080/WebTours/home.html"  	[MsgId: MMSG-26558]
..\\Parameters\\common_lib.h(174): Resource "http://localhost:1080/WebTours/images/mer_login.gif" is in the cache already and will not be downloaded again  	[MsgId: MMSG-26655]
..\\Parameters\\common_lib.h(174): Registered web_reg_find successful for "Text=Welcome to the Web Tours site." (count=1)  	[MsgId: MMSG-26364]
..\\Parameters\\common_lib.h(174): web_url("SignOff Button") was successful, 2176 body bytes, 582 header bytes, 24 chunking overhead bytes  	[MsgId: MMSG-26385]
..\\Parameters\\common_lib.h(184): Notify: Transaction "Logout" ended with a "Pass" status (Duration: 0,1376 Wasted Time: 0,0000).	[MsgId: MMSG-16871]
Action.c(13): Notify: Transaction "UC_5_Login" ended with a "Pass" status (Duration: 5,4754 Think Time: 5,0000 Wasted Time: 0,0009).	[MsgId: MMSG-16870]
Ending action Action.	[MsgId: MMSG-15918]
Ending iteration 6.	[MsgId: MMSG-15965]
Waiting 194,5240 seconds for iteration pacing.	[MsgId: MMSG-15996]
Starting iteration 7.	[MsgId: MMSG-15968]
Starting action Action.	[MsgId: MMSG-15919]
Action.c(3): Notify: Transaction "UC_5_Login" started.	[MsgId: MMSG-16999]
..\\Parameters\\common_lib.h(27): Notify: Transaction "open_homepage" started.	[MsgId: MMSG-16999]
..\\Parameters\\common_lib.h(30): web_reg_save_param_attrib started  	[MsgId: MMSG-26355]
..\\Parameters\\common_lib.h(30): Registering web_reg_save_param_attrib was successful  	[MsgId: MMSG-26390]
..\\Parameters\\common_lib.h(41): web_url("WebTours") started  	[MsgId: MMSG-26355]
..\\Parameters\\common_lib.h(41): Detected non-resource "http://localhost:1080/WebTours/header.html" in "http://localhost:1080/WebTours/"  	[MsgId: MMSG-26574]
..\\Parameters\\common_lib.h(41): Detected non-resource "http://localhost:1080/cgi-bin/welcome.pl?signOff=true" in "http://localhost:1080/WebTours/"  	[MsgId: MMSG-26574]
..\\Parameters\\common_lib.h(41): Downloading resource "http://localhost:1080/favicon.ico" (specified by argument number 10)  	[MsgId: MMSG-26577]
..\\Parameters\\common_lib.h(41): Found resource "http://localhost:1080/WebTours/images/hp_logo.png" in HTML "http://localhost:1080/WebTours/header.html"  	[MsgId: MMSG-26659]
..\\Parameters\\common_lib.h(41): Found resource "http://localhost:1080/WebTours/images/webtours.png" in HTML "http://localhost:1080/WebTours/header.html"  	[MsgId: MMSG-26659]
..\\Parameters\\common_lib.h(41): Warning -26627: HTTP Status-Code=404 (Not Found) for "http://localhost:1080/favicon.ico"  	[MsgId: MWAR-26627]
..\\Parameters\\common_lib.h(41): Detected non-resource "http://localhost:1080/cgi-bin/nav.pl?in=home" in "http://localhost:1080/cgi-bin/welcome.pl?signOff=true"  	[MsgId: MMSG-26574]
..\\Parameters\\common_lib.h(41): Detected non-resource "http://localhost:1080/WebTours/home.html" in "http://localhost:1080/cgi-bin/welcome.pl?signOff=true"  	[MsgId: MMSG-26574]
..\\Parameters\\common_lib.h(41): Found resource "http://localhost:1080/WebTours/images/mer_login.gif" in HTML "http://localhost:1080/cgi-bin/nav.pl?in=home"  	[MsgId: MMSG-26659]
..\\Parameters\\common_lib.h(41): web_url("WebTours") highest severity level was "warning", 10288 body bytes, 2588 header bytes, 24 chunking overhead bytes  	[MsgId: MMSG-26387]
..\\Parameters\\common_lib.h(53): Notify: Transaction "open_homepage" ended with a "Pass" status (Duration: 0,1457 Wasted Time: 0,0008).	[MsgId: MMSG-16871]
Action.c(7): lr_think_time: 5,00 seconds.	[MsgId: MMSG-15948]
..\\Parameters\\common_lib.h(2): Notify: Transaction "login" started.	[MsgId: MMSG-16999]
..\\Parameters\\common_lib.h(4): web_reg_find started  	[MsgId: MMSG-26355]
..\\Parameters\\common_lib.h(4): Registering web_reg_find was successful  	[MsgId: MMSG-26390]
..\\Parameters\\common_lib.h(7): web_submit_data("login.pl") started  	[MsgId: MMSG-26355]
..\\Parameters\\common_lib.h(7): Detected non-resource "http://localhost:1080/cgi-bin/nav.pl?page=menu&in=home" in "http://localhost:1080/cgi-bin/login.pl"  	[MsgId: MMSG-26574]
..\\Parameters\\common_lib.h(7): Detected non-resource "http://localhost:1080/cgi-bin/login.pl?intro=true" in "http://localhost:1080/cgi-bin/login.pl"  	[MsgId: MMSG-26574]
..\\Parameters\\common_lib.h(7): Found resource "http://localhost:1080/WebTours/images/flights.gif" in HTML "http://localhost:1080/cgi-bin/nav.pl?page=menu&in=home"  	[MsgId: MMSG-26659]
..\\Parameters\\common_lib.h(7): Found resource "http://localhost:1080/WebTours/images/itinerary.gif" in HTML "http://localhost:1080/cgi-bin/nav.pl?page=menu&in=home"  	[MsgId: MMSG-26659]
..\\Parameters\\common_lib.h(7): Found resource "http://localhost:1080/WebTours/images/in_home.gif" in HTML "http://localhost:1080/cgi-bin/nav.pl?page=menu&in=home"  	[MsgId: MMSG-26659]
..\\Parameters\\common_lib.h(7): Found resource "http://localhost:1080/WebTours/images/signoff.gif" in HTML "http://localhost:1080/cgi-bin/nav.pl?page=menu&in=home"  	[MsgId: MMSG-26659]
..\\Parameters\\common_lib.h(7): Registered web_reg_find successful for "Text=Welcome, <b>jojo</b>, to the Web Tours reservation pages." (count=1)  	[MsgId: MMSG-26364]
..\\Parameters\\common_lib.h(7): web_submit_data("login.pl") was successful, 5779 body bytes, 2034 header bytes, 36 chunking overhead bytes  	[MsgId: MMSG-26385]
..\\Parameters\\common_lib.h(23): Notify: Transaction "login" ended with a "Pass" status (Duration: 0,1628 Wasted Time: 0,0000).	[MsgId: MMSG-16871]
..\\Parameters\\common_lib.h(169): Notify: Transaction "Logout" started.	[MsgId: MMSG-16999]
..\\Parameters\\common_lib.h(171): web_reg_find started  	[MsgId: MMSG-26355]
..\\Parameters\\common_lib.h(171): Registering web_reg_find was successful  	[MsgId: MMSG-26390]
..\\Parameters\\common_lib.h(174): web_url("SignOff Button") started  	[MsgId: MMSG-26355]
..\\Parameters\\common_lib.h(174): Detected non-resource "http://localhost:1080/cgi-bin/nav.pl?in=home" in "http://localhost:1080/cgi-bin/welcome.pl?signOff=1"  	[MsgId: MMSG-26574]
..\\Parameters\\common_lib.h(174): Detected non-resource "http://localhost:1080/WebTours/home.html" in "http://localhost:1080/cgi-bin/welcome.pl?signOff=1"  	[MsgId: MMSG-26574]
..\\Parameters\\common_lib.h(174): Retrieving data from cache for "http://localhost:1080/WebTours/home.html"  	[MsgId: MMSG-26558]
..\\Parameters\\common_lib.h(174): Resource "http://localhost:1080/WebTours/images/mer_login.gif" is in the cache already and will not be downloaded again  	[MsgId: MMSG-26655]
..\\Parameters\\common_lib.h(174): Registered web_reg_find successful for "Text=Welcome to the Web Tours site." (count=1)  	[MsgId: MMSG-26364]
..\\Parameters\\common_lib.h(174): web_url("SignOff Button") was successful, 2172 body bytes, 582 header bytes, 24 chunking overhead bytes  	[MsgId: MMSG-26385]
..\\Parameters\\common_lib.h(184): Notify: Transaction "Logout" ended with a "Pass" status (Duration: 0,1389 Wasted Time: 0,0000).	[MsgId: MMSG-16871]
Action.c(13): Notify: Transaction "UC_5_Login" ended with a "Pass" status (Duration: 5,4485 Think Time: 5,0006 Wasted Time: 0,0009).	[MsgId: MMSG-16870]
Ending action Action.	[MsgId: MMSG-15918]
Ending iteration 7.	[MsgId: MMSG-15965]
Waiting 194,5510 seconds for iteration pacing.	[MsgId: MMSG-15996]
Ending Vuser...	[MsgId: MMSG-15966]
Starting action vuser_end.	[MsgId: MMSG-15919]
Ending action vuser_end.	[MsgId: MMSG-15918]
Vuser Terminated.	[MsgId: MMSG-15963]
