Action.c(12): lr_think_time: 5,00 seconds.	[MsgId: MMSG-15948]
..\\Parameters\\common_lib.h(41): web_url("WebTours") highest severity level was "warning", 10288 body bytes, 2589 header bytes, 24 chunking overhead bytes  	[MsgId: MMSG-26387]
..\\Parameters\\common_lib.h(53): Notify: Transaction "open_homepage" ended with a "Pass" status (Duration: 15,3424 Wasted Time: 0,0008).	[MsgId: MMSG-16871]
Action.c(6): lr_think_time: 5,00 seconds.	[MsgId: MMSG-15948]
..\\Parameters\\common_lib.h(95): Resource "http://localhost:1080/WebTours/images/button_next.gif" is in the cache already and will not be downloaded again  	[MsgId: MMSG-26655]
..\\Parameters\\common_lib.h(95): Registered web_reg_find successful for "Text=Flight departing from <B>Sydney</B> to <B>Sydney</B> on <B>05/22/2023<" (count=1)  	[MsgId: MMSG-26364]
..\\Parameters\\common_lib.h(95): web_submit_data("reservations.pl") was successful, 3549 body bytes, 256 header bytes, 12 chunking overhead bytes  	[MsgId: MMSG-26385]
..\\Parameters\\common_lib.h(120): web_set_sockets_option started  	[MsgId: MMSG-26355]
..\\Parameters\\common_lib.h(120): web_set_sockets_option was successful  	[MsgId: MMSG-26392]
..\\Parameters\\common_lib.h(122): Notify: Transaction "Find_Flight" ended with a "Pass" status (Duration: 4,9908 Wasted Time: 0,0002).	[MsgId: MMSG-16871]
..\\Parameters\\common_lib.h(126): Notify: Transaction "Choose_Flight" started.	[MsgId: MMSG-16999]
..\\Parameters\\common_lib.h(128): web_reg_find started  	[MsgId: MMSG-26355]
..\\Parameters\\common_lib.h(128): Registering web_reg_find was successful  	[MsgId: MMSG-26390]
..\\Parameters\\common_lib.h(131): web_submit_data("reservations.pl_2") started  	[MsgId: MMSG-26355]
..\\Parameters\\common_lib.h(131): Resource "http://localhost:1080/WebTours/images/button_next.gif" is in the cache already and will not be downloaded again  	[MsgId: MMSG-26655]
..\\Parameters\\common_lib.h(131): Registered web_reg_find successful for "Text=<b>Payment Details</font></b>" (count=1)  	[MsgId: MMSG-26364]
..\\Parameters\\common_lib.h(131): web_submit_data("reservations.pl_2") was successful, 2905 body bytes, 255 header bytes, 12 chunking overhead bytes  	[MsgId: MMSG-26385]
..\\Parameters\\common_lib.h(150): Notify: Transaction "Choose_Flight" ended with a "Pass" status (Duration: 0,1272 Wasted Time: 0,0000).	[MsgId: MMSG-16871]
..\\Parameters\\common_lib.h(169): Notify: Transaction "Logout" started.	[MsgId: MMSG-16999]
..\\Parameters\\common_lib.h(171): web_reg_find started  	[MsgId: MMSG-26355]
..\\Parameters\\common_lib.h(171): Registering web_reg_find was successful  	[MsgId: MMSG-26390]
..\\Parameters\\common_lib.h(174): web_url("SignOff Button") started  	[MsgId: MMSG-26355]
..\\Parameters\\common_lib.h(174): Resource "http://localhost:1080/WebTours/images/mer_login.gif" is in the cache already and will not be downloaded again  	[MsgId: MMSG-26655]
..\\Parameters\\common_lib.h(174): Registered web_reg_find successful for "Text=Welcome to the Web Tours site." (count=1)  	[MsgId: MMSG-26364]
..\\Parameters\\common_lib.h(174): web_url("SignOff Button") was successful, 2175 body bytes, 583 header bytes, 24 chunking overhead bytes  	[MsgId: MMSG-26385]
..\\Parameters\\common_lib.h(184): Notify: Transaction "Logout" ended with a "Pass" status (Duration: 5,1936 Wasted Time: 0,0000).	[MsgId: MMSG-16871]
Action.c(20): Notify: Transaction "UC_4_SearchFlight" ended with a "Pass" status (Duration: 53,2814 Think Time: 10,0131 Wasted Time: 0,0010).	[MsgId: MMSG-16870]
Ending action Action.	[MsgId: MMSG-15918]
Ending Vuser...	[MsgId: MMSG-15966]
Starting action vuser_end.	[MsgId: MMSG-15919]
Ending action vuser_end.	[MsgId: MMSG-15918]
Vuser Terminated.	[MsgId: MMSG-15963]
..\\Parameters\\common_lib.h(7): Registered web_reg_find successful for "Text=Welcome, <b>bjohnson82</b>, to the Web Tours reservation pages." (count=1)  	[MsgId: MMSG-26364]
..\\Parameters\\common_lib.h(7): web_submit_data("login.pl") was successful, 5785 body bytes, 2067 header bytes, 36 chunking overhead bytes  	[MsgId: MMSG-26385]
..\\Parameters\\common_lib.h(23): Notify: Transaction "login" ended with a "Pass" status (Duration: 14,9303 Wasted Time: 0,0000).	[MsgId: MMSG-16871]
..\\Parameters\\common_lib.h(57): Notify: Transaction "click_Flights" started.	[MsgId: MMSG-16999]
..\\Parameters\\common_lib.h(59): web_reg_find started  	[MsgId: MMSG-26355]
..\\Parameters\\common_lib.h(59): Registering web_reg_find was successful  	[MsgId: MMSG-26390]
..\\Parameters\\common_lib.h(62): web_url("Search Flights Button") started  	[MsgId: MMSG-26355]
..\\Parameters\\common_lib.h(174): Detected non-resource "http://localhost:1080/cgi-bin/nav.pl?in=home" in "http://localhost:1080/cgi-bin/welcome.pl?signOff=1"  	[MsgId: MMSG-26574]
..\\Parameters\\common_lib.h(174): Detected non-resource "http://localhost:1080/WebTours/home.html" in "http://localhost:1080/cgi-bin/welcome.pl?signOff=1"  	[MsgId: MMSG-26574]
..\\Parameters\\common_lib.h(174): Retrieving data from cache for "http://localhost:1080/WebTours/home.html"  	[MsgId: MMSG-26558]
..\\Parameters\\common_lib.h(62): Detected non-resource "http://localhost:1080/cgi-bin/nav.pl?page=menu&in=flights" in "http://localhost:1080/cgi-bin/welcome.pl?page=search"  	[MsgId: MMSG-26574]
..\\Parameters\\common_lib.h(62): Detected non-resource "http://localhost:1080/cgi-bin/reservations.pl?page=welcome" in "http://localhost:1080/cgi-bin/welcome.pl?page=search"  	[MsgId: MMSG-26574]
..\\Parameters\\common_lib.h(41): web_url("WebTours") highest severity level was "warning", 10285 body bytes, 2587 header bytes, 24 chunking overhead bytes  	[MsgId: MMSG-26387]
..\\Parameters\\common_lib.h(53): Notify: Transaction "open_homepage" ended with a "Pass" status (Duration: 14,4104 Wasted Time: 0,0011).	[MsgId: MMSG-16871]
Action.c(6): lr_think_time: 5,00 seconds.	[MsgId: MMSG-15948]
..\\Parameters\\common_lib.h(62): Found resource "http://localhost:1080/WebTours/images/button_next.gif" in HTML "http://localhost:1080/cgi-bin/reservations.pl?page=welcome"  	[MsgId: MMSG-26659]
..\\Parameters\\common_lib.h(2): Notify: Transaction "login" started.	[MsgId: MMSG-16999]
..\\Parameters\\common_lib.h(4): web_reg_find started  	[MsgId: MMSG-26355]
..\\Parameters\\common_lib.h(4): Registering web_reg_find was successful  	[MsgId: MMSG-26390]
..\\Parameters\\common_lib.h(7): web_submit_data("login.pl") started  	[MsgId: MMSG-26355]
..\\Parameters\\common_lib.h(7): Found resource "http://localhost:1080/WebTours/images/flights.gif" in HTML "http://localhost:1080/cgi-bin/nav.pl?page=menu&in=home"  	[MsgId: MMSG-26659]
..\\Parameters\\common_lib.h(7): Found resource "http://localhost:1080/WebTours/images/itinerary.gif" in HTML "http://localhost:1080/cgi-bin/nav.pl?page=menu&in=home"  	[MsgId: MMSG-26659]
..\\Parameters\\common_lib.h(7): Found resource "http://localhost:1080/WebTours/images/in_home.gif" in HTML "http://localhost:1080/cgi-bin/nav.pl?page=menu&in=home"  	[MsgId: MMSG-26659]
..\\Parameters\\common_lib.h(7): Found resource "http://localhost:1080/WebTours/images/signoff.gif" in HTML "http://localhost:1080/cgi-bin/nav.pl?page=menu&in=home"  	[MsgId: MMSG-26659]
..\\Parameters\\common_lib.h(7): Registered web_reg_find successful for "Text=Welcome, <b>jsmith321</b>, to the Web Tours reservation pages." (count=1)  	[MsgId: MMSG-26364]
..\\Parameters\\common_lib.h(7): web_submit_data("login.pl") was successful, 5784 body bytes, 2074 header bytes, 36 chunking overhead bytes  	[MsgId: MMSG-26385]
..\\Parameters\\common_lib.h(23): Notify: Transaction "login" ended with a "Pass" status (Duration: 13,8502 Wasted Time: 0,0000).	[MsgId: MMSG-16871]
..\\Parameters\\common_lib.h(57): Notify: Transaction "click_Flights" started.	[MsgId: MMSG-16999]
..\\Parameters\\common_lib.h(59): web_reg_find started  	[MsgId: MMSG-26355]
..\\Parameters\\common_lib.h(59): Registering web_reg_find was successful  	[MsgId: MMSG-26390]
..\\Parameters\\common_lib.h(62): web_url("Search Flights Button") started  	[MsgId: MMSG-26355]
..\\Parameters\\common_lib.h(7): Registered web_reg_find successful for "Text=Welcome, <b>jojo</b>, to the Web Tours reservation pages." (count=1)  	[MsgId: MMSG-26364]
..\\Parameters\\common_lib.h(7): web_submit_data("login.pl") was successful, 5779 body bytes, 2035 header bytes, 36 chunking overhead bytes  	[MsgId: MMSG-26385]
..\\Parameters\\common_lib.h(23): Notify: Transaction "login" ended with a "Pass" status (Duration: 13,5413 Wasted Time: 0,0000).	[MsgId: MMSG-16871]
..\\Parameters\\common_lib.h(57): Notify: Transaction "click_Flights" started.	[MsgId: MMSG-16999]
..\\Parameters\\common_lib.h(59): web_reg_find started  	[MsgId: MMSG-26355]
..\\Parameters\\common_lib.h(59): Registering web_reg_find was successful  	[MsgId: MMSG-26390]
..\\Parameters\\common_lib.h(62): web_url("Search Flights Button") started  	[MsgId: MMSG-26355]
..\\Parameters\\common_lib.h(62): Detected non-resource "http://localhost:1080/cgi-bin/nav.pl?page=menu&in=flights" in "http://localhost:1080/cgi-bin/welcome.pl?page=search"  	[MsgId: MMSG-26574]
..\\Parameters\\common_lib.h(62): Detected non-resource "http://localhost:1080/cgi-bin/reservations.pl?page=welcome" in "http://localhost:1080/cgi-bin/welcome.pl?page=search"  	[MsgId: MMSG-26574]
..\\Parameters\\common_lib.h(62): Detected non-resource "http://localhost:1080/cgi-bin/nav.pl?page=menu&in=flights" in "http://localhost:1080/cgi-bin/welcome.pl?page=search"  	[MsgId: MMSG-26574]
..\\Parameters\\common_lib.h(62): Detected non-resource "http://localhost:1080/cgi-bin/reservations.pl?page=welcome" in "http://localhost:1080/cgi-bin/welcome.pl?page=search"  	[MsgId: MMSG-26574]
..\\Parameters\\common_lib.h(62): Found resource "http://localhost:1080/WebTours/images/in_flights.gif" in HTML "http://localhost:1080/cgi-bin/nav.pl?page=menu&in=flights"  	[MsgId: MMSG-26659]
..\\Parameters\\common_lib.h(62): Resource "http://localhost:1080/WebTours/images/itinerary.gif" is in the cache already and will not be downloaded again  	[MsgId: MMSG-26655]
..\\Parameters\\common_lib.h(62): Found resource "http://localhost:1080/WebTours/images/home.gif" in HTML "http://localhost:1080/cgi-bin/nav.pl?page=menu&in=flights"  	[MsgId: MMSG-26659]
..\\Parameters\\common_lib.h(62): Resource "http://localhost:1080/WebTours/images/signoff.gif" is in the cache already and will not be downloaded again  	[MsgId: MMSG-26655]
..\\Parameters\\common_lib.h(62): Found resource "http://localhost:1080/WebTours/images/button_next.gif" in HTML "http://localhost:1080/cgi-bin/reservations.pl?page=welcome"  	[MsgId: MMSG-26659]
..\\Parameters\\common_lib.h(62): Found resource "http://localhost:1080/WebTours/images/in_flights.gif" in HTML "http://localhost:1080/cgi-bin/nav.pl?page=menu&in=flights"  	[MsgId: MMSG-26659]
..\\Parameters\\common_lib.h(62): Resource "http://localhost:1080/WebTours/images/itinerary.gif" is in the cache already and will not be downloaded again  	[MsgId: MMSG-26655]
..\\Parameters\\common_lib.h(62): Found resource "http://localhost:1080/WebTours/images/home.gif" in HTML "http://localhost:1080/cgi-bin/nav.pl?page=menu&in=flights"  	[MsgId: MMSG-26659]
..\\Parameters\\common_lib.h(62): Resource "http://localhost:1080/WebTours/images/signoff.gif" is in the cache already and will not be downloaded again  	[MsgId: MMSG-26655]
..\\Parameters\\common_lib.h(62): Found resource "http://localhost:1080/WebTours/images/button_next.gif" in HTML "http://localhost:1080/cgi-bin/reservations.pl?page=welcome"  	[MsgId: MMSG-26659]
..\\Parameters\\common_lib.h(62): Registered web_reg_find successful for "Text=<title>Flight Selections</title>" (count=1)  	[MsgId: MMSG-26364]
..\\Parameters\\common_lib.h(62): web_url("Search Flights Button") was successful, 8516 body bytes, 1616 header bytes, 43 chunking overhead bytes  	[MsgId: MMSG-26385]
..\\Parameters\\common_lib.h(72): Notify: Transaction "click_Flights" ended with a "Pass" status (Duration: 0,1637 Wasted Time: 0,0000).	[MsgId: MMSG-16871]
Action.c(12): lr_think_time: 5,00 seconds.	[MsgId: MMSG-15948]
..\\Parameters\\common_lib.h(76): Notify: Transaction "Find_Flight" started.	[MsgId: MMSG-16999]
..\\Parameters\\common_lib.h(78): web_reg_find started  	[MsgId: MMSG-26355]
..\\Parameters\\common_lib.h(78): Registering web_reg_find was successful  	[MsgId: MMSG-26390]
..\\Parameters\\common_lib.h(82): web_reg_save_param started  	[MsgId: MMSG-26355]
..\\Parameters\\common_lib.h(82): Registering web_reg_save_param was successful  	[MsgId: MMSG-26390]
..\\Parameters\\common_lib.h(88): web_reg_save_param started  	[MsgId: MMSG-26355]
..\\Parameters\\common_lib.h(88): Registering web_reg_save_param was successful  	[MsgId: MMSG-26390]
..\\Parameters\\common_lib.h(95): web_submit_data("reservations.pl") started  	[MsgId: MMSG-26355]
..\\Parameters\\common_lib.h(174): Resource "http://localhost:1080/WebTours/images/mer_login.gif" is in the cache already and will not be downloaded again  	[MsgId: MMSG-26655]
..\\Parameters\\common_lib.h(174): Registered web_reg_find successful for "Text=Welcome to the Web Tours site." (count=1)  	[MsgId: MMSG-26364]
..\\Parameters\\common_lib.h(174): web_url("SignOff Button") was successful, 2174 body bytes, 583 header bytes, 24 chunking overhead bytes  	[MsgId: MMSG-26385]
..\\Parameters\\common_lib.h(184): Notify: Transaction "Logout" ended with a "Pass" status (Duration: 1,4081 Wasted Time: 0,0000).	[MsgId: MMSG-16871]
Action.c(20): Notify: Transaction "UC_4_SearchFlight" ended with a "Pass" status (Duration: 47,7110 Think Time: 10,0073 Wasted Time: 0,0011).	[MsgId: MMSG-16870]
Ending action Action.	[MsgId: MMSG-15918]
Ending Vuser...	[MsgId: MMSG-15966]
Starting action vuser_end.	[MsgId: MMSG-15919]
Ending action vuser_end.	[MsgId: MMSG-15918]
Vuser Terminated.	[MsgId: MMSG-15963]
..\\Parameters\\common_lib.h(62): Found resource "http://localhost:1080/WebTours/images/in_flights.gif" in HTML "http://localhost:1080/cgi-bin/nav.pl?page=menu&in=flights"  	[MsgId: MMSG-26659]
..\\Parameters\\common_lib.h(62): Resource "http://localhost:1080/WebTours/images/itinerary.gif" is in the cache already and will not be downloaded again  	[MsgId: MMSG-26655]
..\\Parameters\\common_lib.h(62): Found resource "http://localhost:1080/WebTours/images/home.gif" in HTML "http://localhost:1080/cgi-bin/nav.pl?page=menu&in=flights"  	[MsgId: MMSG-26659]
..\\Parameters\\common_lib.h(62): Resource "http://localhost:1080/WebTours/images/signoff.gif" is in the cache already and will not be downloaded again  	[MsgId: MMSG-26655]
..\\Parameters\\common_lib.h(62): Registered web_reg_find successful for "Text=<title>Flight Selections</title>" (count=1)  	[MsgId: MMSG-26364]
..\\Parameters\\common_lib.h(62): web_url("Search Flights Button") was successful, 8516 body bytes, 1617 header bytes, 43 chunking overhead bytes  	[MsgId: MMSG-26385]
..\\Parameters\\common_lib.h(72): Notify: Transaction "click_Flights" ended with a "Pass" status (Duration: 1,3369 Wasted Time: 0,0001).	[MsgId: MMSG-16871]
Action.c(12): lr_think_time: 5,00 seconds.	[MsgId: MMSG-15948]
..\\Parameters\\common_lib.h(7): Detected non-resource "http://localhost:1080/cgi-bin/nav.pl?page=menu&in=home" in "http://localhost:1080/cgi-bin/login.pl"  	[MsgId: MMSG-26574]
..\\Parameters\\common_lib.h(7): Detected non-resource "http://localhost:1080/cgi-bin/login.pl?intro=true" in "http://localhost:1080/cgi-bin/login.pl"  	[MsgId: MMSG-26574]
..\\Parameters\\common_lib.h(7): Registered web_reg_find successful for "Text=Welcome, <b>jojo</b>, to the Web Tours reservation pages." (count=1)  	[MsgId: MMSG-26364]
..\\Parameters\\common_lib.h(7): web_submit_data("login.pl") was successful, 5779 body bytes, 2036 header bytes, 36 chunking overhead bytes  	[MsgId: MMSG-26385]
..\\Parameters\\common_lib.h(23): Notify: Transaction "login" ended with a "Pass" status (Duration: 10,1965 Wasted Time: 0,0000).	[MsgId: MMSG-16871]
..\\Parameters\\common_lib.h(57): Notify: Transaction "click_Flights" started.	[MsgId: MMSG-16999]
..\\Parameters\\common_lib.h(59): web_reg_find started  	[MsgId: MMSG-26355]
..\\Parameters\\common_lib.h(59): Registering web_reg_find was successful  	[MsgId: MMSG-26390]
..\\Parameters\\common_lib.h(62): web_url("Search Flights Button") started  	[MsgId: MMSG-26355]
..\\Parameters\\common_lib.h(62): Detected non-resource "http://localhost:1080/cgi-bin/nav.pl?page=menu&in=flights" in "http://localhost:1080/cgi-bin/welcome.pl?page=search"  	[MsgId: MMSG-26574]
..\\Parameters\\common_lib.h(62): Detected non-resource "http://localhost:1080/cgi-bin/reservations.pl?page=welcome" in "http://localhost:1080/cgi-bin/welcome.pl?page=search"  	[MsgId: MMSG-26574]
..\\Parameters\\common_lib.h(62): Found resource "http://localhost:1080/WebTours/images/in_flights.gif" in HTML "http://localhost:1080/cgi-bin/nav.pl?page=menu&in=flights"  	[MsgId: MMSG-26659]
..\\Parameters\\common_lib.h(62): Resource "http://localhost:1080/WebTours/images/itinerary.gif" is in the cache already and will not be downloaded again  	[MsgId: MMSG-26655]
..\\Parameters\\common_lib.h(62): Found resource "http://localhost:1080/WebTours/images/home.gif" in HTML "http://localhost:1080/cgi-bin/nav.pl?page=menu&in=flights"  	[MsgId: MMSG-26659]
..\\Parameters\\common_lib.h(62): Resource "http://localhost:1080/WebTours/images/signoff.gif" is in the cache already and will not be downloaded again  	[MsgId: MMSG-26655]
..\\Parameters\\common_lib.h(62): Found resource "http://localhost:1080/WebTours/images/button_next.gif" in HTML "http://localhost:1080/cgi-bin/reservations.pl?page=welcome"  	[MsgId: MMSG-26659]
..\\Parameters\\common_lib.h(62): Registered web_reg_find successful for "Text=<title>Flight Selections</title>" (count=1)  	[MsgId: MMSG-26364]
..\\Parameters\\common_lib.h(62): web_url("Search Flights Button") was successful, 8516 body bytes, 1616 header bytes, 43 chunking overhead bytes  	[MsgId: MMSG-26385]
..\\Parameters\\common_lib.h(72): Notify: Transaction "click_Flights" ended with a "Pass" status (Duration: 0,1522 Wasted Time: 0,0000).	[MsgId: MMSG-16871]
Action.c(12): lr_think_time: 5,00 seconds.	[MsgId: MMSG-15948]
..\\Parameters\\common_lib.h(62): Registered web_reg_find successful for "Text=<title>Flight Selections</title>" (count=1)  	[MsgId: MMSG-26364]
..\\Parameters\\common_lib.h(62): web_url("Search Flights Button") was successful, 8516 body bytes, 1617 header bytes, 43 chunking overhead bytes  	[MsgId: MMSG-26385]
..\\Parameters\\common_lib.h(72): Notify: Transaction "click_Flights" ended with a "Pass" status (Duration: 1,9609 Wasted Time: 0,0001).	[MsgId: MMSG-16871]
Action.c(12): lr_think_time: 5,00 seconds.	[MsgId: MMSG-15948]
..\\Parameters\\common_lib.h(95): Resource "http://localhost:1080/WebTours/images/button_next.gif" is in the cache already and will not be downloaded again  	[MsgId: MMSG-26655]
..\\Parameters\\common_lib.h(95): Registered web_reg_find successful for "Text=Flight departing from <B>San Francisco</B> to <B>Los Angeles</B> on <B>05/22/2023<" (count=1)  	[MsgId: MMSG-26364]
..\\Parameters\\common_lib.h(95): web_submit_data("reservations.pl") was successful, 3613 body bytes, 256 header bytes, 12 chunking overhead bytes  	[MsgId: MMSG-26385]
..\\Parameters\\common_lib.h(120): web_set_sockets_option started  	[MsgId: MMSG-26355]
..\\Parameters\\common_lib.h(120): web_set_sockets_option was successful  	[MsgId: MMSG-26392]
..\\Parameters\\common_lib.h(122): Notify: Transaction "Find_Flight" ended with a "Pass" status (Duration: 1,5955 Wasted Time: 0,0001).	[MsgId: MMSG-16871]
..\\Parameters\\common_lib.h(126): Notify: Transaction "Choose_Flight" started.	[MsgId: MMSG-16999]
..\\Parameters\\common_lib.h(128): web_reg_find started  	[MsgId: MMSG-26355]
..\\Parameters\\common_lib.h(128): Registering web_reg_find was successful  	[MsgId: MMSG-26390]
..\\Parameters\\common_lib.h(131): web_submit_data("reservations.pl_2") started  	[MsgId: MMSG-26355]
..\\Parameters\\common_lib.h(131): Resource "http://localhost:1080/WebTours/images/button_next.gif" is in the cache already and will not be downloaded again  	[MsgId: MMSG-26655]
..\\Parameters\\common_lib.h(131): Registered web_reg_find successful for "Text=<b>Payment Details</font></b>" (count=1)  	[MsgId: MMSG-26364]
..\\Parameters\\common_lib.h(131): web_submit_data("reservations.pl_2") was successful, 2904 body bytes, 255 header bytes, 12 chunking overhead bytes  	[MsgId: MMSG-26385]
..\\Parameters\\common_lib.h(150): Notify: Transaction "Choose_Flight" ended with a "Pass" status (Duration: 0,1322 Wasted Time: 0,0000).	[MsgId: MMSG-16871]
..\\Parameters\\common_lib.h(169): Notify: Transaction "Logout" started.	[MsgId: MMSG-16999]
..\\Parameters\\common_lib.h(171): web_reg_find started  	[MsgId: MMSG-26355]
..\\Parameters\\common_lib.h(171): Registering web_reg_find was successful  	[MsgId: MMSG-26390]
..\\Parameters\\common_lib.h(174): web_url("SignOff Button") started  	[MsgId: MMSG-26355]
..\\Parameters\\common_lib.h(174): Detected non-resource "http://localhost:1080/cgi-bin/nav.pl?in=home" in "http://localhost:1080/cgi-bin/welcome.pl?signOff=1"  	[MsgId: MMSG-26574]
..\\Parameters\\common_lib.h(174): Detected non-resource "http://localhost:1080/WebTours/home.html" in "http://localhost:1080/cgi-bin/welcome.pl?signOff=1"  	[MsgId: MMSG-26574]
..\\Parameters\\common_lib.h(174): Retrieving data from cache for "http://localhost:1080/WebTours/home.html"  	[MsgId: MMSG-26558]
..\\Parameters\\common_lib.h(7): Found resource "http://localhost:1080/WebTours/images/flights.gif" in HTML "http://localhost:1080/cgi-bin/nav.pl?page=menu&in=home"  	[MsgId: MMSG-26659]
..\\Parameters\\common_lib.h(7): Found resource "http://localhost:1080/WebTours/images/itinerary.gif" in HTML "http://localhost:1080/cgi-bin/nav.pl?page=menu&in=home"  	[MsgId: MMSG-26659]
..\\Parameters\\common_lib.h(7): Found resource "http://localhost:1080/WebTours/images/in_home.gif" in HTML "http://localhost:1080/cgi-bin/nav.pl?page=menu&in=home"  	[MsgId: MMSG-26659]
..\\Parameters\\common_lib.h(7): Found resource "http://localhost:1080/WebTours/images/signoff.gif" in HTML "http://localhost:1080/cgi-bin/nav.pl?page=menu&in=home"  	[MsgId: MMSG-26659]
..\\Parameters\\common_lib.h(2): Notify: Transaction "login" started.	[MsgId: MMSG-16999]
..\\Parameters\\common_lib.h(4): web_reg_find started  	[MsgId: MMSG-26355]
..\\Parameters\\common_lib.h(4): Registering web_reg_find was successful  	[MsgId: MMSG-26390]
..\\Parameters\\common_lib.h(7): web_submit_data("login.pl") started  	[MsgId: MMSG-26355]
..\\Parameters\\common_lib.h(7): Registered web_reg_find successful for "Text=Welcome, <b>jadams555</b>, to the Web Tours reservation pages." (count=1)  	[MsgId: MMSG-26364]
..\\Parameters\\common_lib.h(7): web_submit_data("login.pl") was successful, 5784 body bytes, 2068 header bytes, 36 chunking overhead bytes  	[MsgId: MMSG-26385]
..\\Parameters\\common_lib.h(23): Notify: Transaction "login" ended with a "Pass" status (Duration: 4,3548 Wasted Time: 0,0000).	[MsgId: MMSG-16871]
..\\Parameters\\common_lib.h(57): Notify: Transaction "click_Flights" started.	[MsgId: MMSG-16999]
..\\Parameters\\common_lib.h(174): Resource "http://localhost:1080/WebTours/images/mer_login.gif" is in the cache already and will not be downloaded again  	[MsgId: MMSG-26655]
..\\Parameters\\common_lib.h(59): web_reg_find started  	[MsgId: MMSG-26355]
..\\Parameters\\common_lib.h(59): Registering web_reg_find was successful  	[MsgId: MMSG-26390]
..\\Parameters\\common_lib.h(62): web_url("Search Flights Button") started  	[MsgId: MMSG-26355]
..\\Parameters\\common_lib.h(174): Registered web_reg_find successful for "Text=Welcome to the Web Tours site." (count=1)  	[MsgId: MMSG-26364]
..\\Parameters\\common_lib.h(174): web_url("SignOff Button") was successful, 2176 body bytes, 583 header bytes, 24 chunking overhead bytes  	[MsgId: MMSG-26385]
..\\Parameters\\common_lib.h(184): Notify: Transaction "Logout" ended with a "Pass" status (Duration: 1,8712 Wasted Time: 0,0000).	[MsgId: MMSG-16871]
Action.c(20): Notify: Transaction "UC_4_SearchFlight" ended with a "Pass" status (Duration: 42,7850 Think Time: 10,0182 Wasted Time: 0,0012).	[MsgId: MMSG-16870]
Ending action Action.	[MsgId: MMSG-15918]
Ending Vuser...	[MsgId: MMSG-15966]
Starting action vuser_end.	[MsgId: MMSG-15919]
Ending action vuser_end.	[MsgId: MMSG-15918]
Vuser Terminated.	[MsgId: MMSG-15963]
..\\Parameters\\common_lib.h(62): Detected non-resource "http://localhost:1080/cgi-bin/nav.pl?page=menu&in=flights" in "http://localhost:1080/cgi-bin/welcome.pl?page=search"  	[MsgId: MMSG-26574]
..\\Parameters\\common_lib.h(62): Detected non-resource "http://localhost:1080/cgi-bin/reservations.pl?page=welcome" in "http://localhost:1080/cgi-bin/welcome.pl?page=search"  	[MsgId: MMSG-26574]
..\\Parameters\\common_lib.h(7): Detected non-resource "http://localhost:1080/cgi-bin/nav.pl?page=menu&in=home" in "http://localhost:1080/cgi-bin/login.pl"  	[MsgId: MMSG-26574]
..\\Parameters\\common_lib.h(7): Detected non-resource "http://localhost:1080/cgi-bin/login.pl?intro=true" in "http://localhost:1080/cgi-bin/login.pl"  	[MsgId: MMSG-26574]
..\\Parameters\\common_lib.h(62): Found resource "http://localhost:1080/WebTours/images/in_flights.gif" in HTML "http://localhost:1080/cgi-bin/nav.pl?page=menu&in=flights"  	[MsgId: MMSG-26659]
..\\Parameters\\common_lib.h(62): Resource "http://localhost:1080/WebTours/images/itinerary.gif" is in the cache already and will not be downloaded again  	[MsgId: MMSG-26655]
..\\Parameters\\common_lib.h(62): Found resource "http://localhost:1080/WebTours/images/home.gif" in HTML "http://localhost:1080/cgi-bin/nav.pl?page=menu&in=flights"  	[MsgId: MMSG-26659]
..\\Parameters\\common_lib.h(62): Resource "http://localhost:1080/WebTours/images/signoff.gif" is in the cache already and will not be downloaded again  	[MsgId: MMSG-26655]
..\\Parameters\\common_lib.h(62): Found resource "http://localhost:1080/WebTours/images/button_next.gif" in HTML "http://localhost:1080/cgi-bin/reservations.pl?page=welcome"  	[MsgId: MMSG-26659]
..\\Parameters\\common_lib.h(62): Registered web_reg_find successful for "Text=<title>Flight Selections</title>" (count=1)  	[MsgId: MMSG-26364]
..\\Parameters\\common_lib.h(62): web_url("Search Flights Button") was successful, 8516 body bytes, 1616 header bytes, 43 chunking overhead bytes  	[MsgId: MMSG-26385]
..\\Parameters\\common_lib.h(72): Notify: Transaction "click_Flights" ended with a "Pass" status (Duration: 0,2269 Wasted Time: 0,0001).	[MsgId: MMSG-16871]
Action.c(12): lr_think_time: 5,00 seconds.	[MsgId: MMSG-15948]
..\\Parameters\\common_lib.h(2): Notify: Transaction "login" started.	[MsgId: MMSG-16999]
..\\Parameters\\common_lib.h(4): web_reg_find started  	[MsgId: MMSG-26355]
..\\Parameters\\common_lib.h(4): Registering web_reg_find was successful  	[MsgId: MMSG-26390]
..\\Parameters\\common_lib.h(7): web_submit_data("login.pl") started  	[MsgId: MMSG-26355]
..\\Parameters\\common_lib.h(7): Found resource "http://localhost:1080/WebTours/images/flights.gif" in HTML "http://localhost:1080/cgi-bin/nav.pl?page=menu&in=home"  	[MsgId: MMSG-26659]
..\\Parameters\\common_lib.h(7): Found resource "http://localhost:1080/WebTours/images/itinerary.gif" in HTML "http://localhost:1080/cgi-bin/nav.pl?page=menu&in=home"  	[MsgId: MMSG-26659]
..\\Parameters\\common_lib.h(7): Found resource "http://localhost:1080/WebTours/images/in_home.gif" in HTML "http://localhost:1080/cgi-bin/nav.pl?page=menu&in=home"  	[MsgId: MMSG-26659]
..\\Parameters\\common_lib.h(7): Found resource "http://localhost:1080/WebTours/images/signoff.gif" in HTML "http://localhost:1080/cgi-bin/nav.pl?page=menu&in=home"  	[MsgId: MMSG-26659]
..\\Parameters\\common_lib.h(7): Registered web_reg_find successful for "Text=Welcome, <b>rthompson123</b>, to the Web Tours reservation pages." (count=1)  	[MsgId: MMSG-26364]
..\\Parameters\\common_lib.h(7): web_submit_data("login.pl") was successful, 5787 body bytes, 2069 header bytes, 36 chunking overhead bytes  	[MsgId: MMSG-26385]
..\\Parameters\\common_lib.h(23): Notify: Transaction "login" ended with a "Pass" status (Duration: 0,4613 Wasted Time: 0,0000).	[MsgId: MMSG-16871]
..\\Parameters\\common_lib.h(57): Notify: Transaction "click_Flights" started.	[MsgId: MMSG-16999]
..\\Parameters\\common_lib.h(59): web_reg_find started  	[MsgId: MMSG-26355]
..\\Parameters\\common_lib.h(59): Registering web_reg_find was successful  	[MsgId: MMSG-26390]
..\\Parameters\\common_lib.h(62): web_url("Search Flights Button") started  	[MsgId: MMSG-26355]
..\\Parameters\\common_lib.h(7): Detected non-resource "http://localhost:1080/cgi-bin/nav.pl?page=menu&in=home" in "http://localhost:1080/cgi-bin/login.pl"  	[MsgId: MMSG-26574]
..\\Parameters\\common_lib.h(7): Detected non-resource "http://localhost:1080/cgi-bin/login.pl?intro=true" in "http://localhost:1080/cgi-bin/login.pl"  	[MsgId: MMSG-26574]
..\\Parameters\\common_lib.h(62): Detected non-resource "http://localhost:1080/cgi-bin/nav.pl?page=menu&in=flights" in "http://localhost:1080/cgi-bin/welcome.pl?page=search"  	[MsgId: MMSG-26574]
..\\Parameters\\common_lib.h(62): Detected non-resource "http://localhost:1080/cgi-bin/reservations.pl?page=welcome" in "http://localhost:1080/cgi-bin/welcome.pl?page=search"  	[MsgId: MMSG-26574]
..\\Parameters\\common_lib.h(7): Found resource "http://localhost:1080/WebTours/images/flights.gif" in HTML "http://localhost:1080/cgi-bin/nav.pl?page=menu&in=home"  	[MsgId: MMSG-26659]
..\\Parameters\\common_lib.h(7): Found resource "http://localhost:1080/WebTours/images/itinerary.gif" in HTML "http://localhost:1080/cgi-bin/nav.pl?page=menu&in=home"  	[MsgId: MMSG-26659]
..\\Parameters\\common_lib.h(7): Found resource "http://localhost:1080/WebTours/images/in_home.gif" in HTML "http://localhost:1080/cgi-bin/nav.pl?page=menu&in=home"  	[MsgId: MMSG-26659]
..\\Parameters\\common_lib.h(7): Found resource "http://localhost:1080/WebTours/images/signoff.gif" in HTML "http://localhost:1080/cgi-bin/nav.pl?page=menu&in=home"  	[MsgId: MMSG-26659]
..\\Parameters\\common_lib.h(7): Registered web_reg_find successful for "Text=Welcome, <b>jojo</b>, to the Web Tours reservation pages." (count=1)  	[MsgId: MMSG-26364]
..\\Parameters\\common_lib.h(7): web_submit_data("login.pl") was successful, 5779 body bytes, 2035 header bytes, 36 chunking overhead bytes  	[MsgId: MMSG-26385]
..\\Parameters\\common_lib.h(23): Notify: Transaction "login" ended with a "Pass" status (Duration: 0,2882 Wasted Time: 0,0000).	[MsgId: MMSG-16871]
..\\Parameters\\common_lib.h(57): Notify: Transaction "click_Flights" started.	[MsgId: MMSG-16999]
..\\Parameters\\common_lib.h(59): web_reg_find started  	[MsgId: MMSG-26355]
..\\Parameters\\common_lib.h(59): Registering web_reg_find was successful  	[MsgId: MMSG-26390]
..\\Parameters\\common_lib.h(62): web_url("Search Flights Button") started  	[MsgId: MMSG-26355]
..\\Parameters\\common_lib.h(62): Found resource "http://localhost:1080/WebTours/images/in_flights.gif" in HTML "http://localhost:1080/cgi-bin/nav.pl?page=menu&in=flights"  	[MsgId: MMSG-26659]
..\\Parameters\\common_lib.h(62): Resource "http://localhost:1080/WebTours/images/itinerary.gif" is in the cache already and will not be downloaded again  	[MsgId: MMSG-26655]
..\\Parameters\\common_lib.h(62): Found resource "http://localhost:1080/WebTours/images/home.gif" in HTML "http://localhost:1080/cgi-bin/nav.pl?page=menu&in=flights"  	[MsgId: MMSG-26659]
..\\Parameters\\common_lib.h(62): Resource "http://localhost:1080/WebTours/images/signoff.gif" is in the cache already and will not be downloaded again  	[MsgId: MMSG-26655]
..\\Parameters\\common_lib.h(62): Found resource "http://localhost:1080/WebTours/images/button_next.gif" in HTML "http://localhost:1080/cgi-bin/reservations.pl?page=welcome"  	[MsgId: MMSG-26659]
..\\Parameters\\common_lib.h(62): Registered web_reg_find successful for "Text=<title>Flight Selections</title>" (count=1)  	[MsgId: MMSG-26364]
..\\Parameters\\common_lib.h(62): web_url("Search Flights Button") was successful, 8516 body bytes, 1616 header bytes, 43 chunking overhead bytes  	[MsgId: MMSG-26385]
..\\Parameters\\common_lib.h(72): Notify: Transaction "click_Flights" ended with a "Pass" status (Duration: 0,1819 Wasted Time: 0,0000).	[MsgId: MMSG-16871]
Action.c(12): lr_think_time: 5,00 seconds.	[MsgId: MMSG-15948]
..\\Parameters\\common_lib.h(62): Detected non-resource "http://localhost:1080/cgi-bin/nav.pl?page=menu&in=flights" in "http://localhost:1080/cgi-bin/welcome.pl?page=search"  	[MsgId: MMSG-26574]
..\\Parameters\\common_lib.h(62): Detected non-resource "http://localhost:1080/cgi-bin/reservations.pl?page=welcome" in "http://localhost:1080/cgi-bin/welcome.pl?page=search"  	[MsgId: MMSG-26574]
..\\Parameters\\common_lib.h(62): Found resource "http://localhost:1080/WebTours/images/in_flights.gif" in HTML "http://localhost:1080/cgi-bin/nav.pl?page=menu&in=flights"  	[MsgId: MMSG-26659]
..\\Parameters\\common_lib.h(62): Resource "http://localhost:1080/WebTours/images/itinerary.gif" is in the cache already and will not be downloaded again  	[MsgId: MMSG-26655]
..\\Parameters\\common_lib.h(62): Found resource "http://localhost:1080/WebTours/images/home.gif" in HTML "http://localhost:1080/cgi-bin/nav.pl?page=menu&in=flights"  	[MsgId: MMSG-26659]
..\\Parameters\\common_lib.h(62): Resource "http://localhost:1080/WebTours/images/signoff.gif" is in the cache already and will not be downloaded again  	[MsgId: MMSG-26655]
..\\Parameters\\common_lib.h(62): Found resource "http://localhost:1080/WebTours/images/button_next.gif" in HTML "http://localhost:1080/cgi-bin/reservations.pl?page=welcome"  	[MsgId: MMSG-26659]
..\\Parameters\\common_lib.h(62): Registered web_reg_find successful for "Text=<title>Flight Selections</title>" (count=1)  	[MsgId: MMSG-26364]
..\\Parameters\\common_lib.h(62): web_url("Search Flights Button") was successful, 8516 body bytes, 1616 header bytes, 43 chunking overhead bytes  	[MsgId: MMSG-26385]
..\\Parameters\\common_lib.h(72): Notify: Transaction "click_Flights" ended with a "Pass" status (Duration: 0,1446 Wasted Time: 0,0001).	[MsgId: MMSG-16871]
Action.c(12): lr_think_time: 5,00 seconds.	[MsgId: MMSG-15948]
..\\Parameters\\common_lib.h(76): Notify: Transaction "Find_Flight" started.	[MsgId: MMSG-16999]
..\\Parameters\\common_lib.h(78): web_reg_find started  	[MsgId: MMSG-26355]
..\\Parameters\\common_lib.h(78): Registering web_reg_find was successful  	[MsgId: MMSG-26390]
..\\Parameters\\common_lib.h(82): web_reg_save_param started  	[MsgId: MMSG-26355]
..\\Parameters\\common_lib.h(82): Registering web_reg_save_param was successful  	[MsgId: MMSG-26390]
..\\Parameters\\common_lib.h(88): web_reg_save_param started  	[MsgId: MMSG-26355]
..\\Parameters\\common_lib.h(88): Registering web_reg_save_param was successful  	[MsgId: MMSG-26390]
..\\Parameters\\common_lib.h(95): web_submit_data("reservations.pl") started  	[MsgId: MMSG-26355]
..\\Parameters\\common_lib.h(95): Resource "http://localhost:1080/WebTours/images/button_next.gif" is in the cache already and will not be downloaded again  	[MsgId: MMSG-26655]
..\\Parameters\\common_lib.h(95): Registered web_reg_find successful for "Text=Flight departing from <B>Seattle</B> to <B>Frankfurt</B> on <B>05/22/2023<" (count=1)  	[MsgId: MMSG-26364]
..\\Parameters\\common_lib.h(95): web_submit_data("reservations.pl") was successful, 3600 body bytes, 256 header bytes, 12 chunking overhead bytes  	[MsgId: MMSG-26385]
..\\Parameters\\common_lib.h(120): web_set_sockets_option started  	[MsgId: MMSG-26355]
..\\Parameters\\common_lib.h(120): web_set_sockets_option was successful  	[MsgId: MMSG-26392]
..\\Parameters\\common_lib.h(122): Notify: Transaction "Find_Flight" ended with a "Pass" status (Duration: 0,2567 Wasted Time: 0,0002).	[MsgId: MMSG-16871]
..\\Parameters\\common_lib.h(126): Notify: Transaction "Choose_Flight" started.	[MsgId: MMSG-16999]
..\\Parameters\\common_lib.h(128): web_reg_find started  	[MsgId: MMSG-26355]
..\\Parameters\\common_lib.h(128): Registering web_reg_find was successful  	[MsgId: MMSG-26390]
..\\Parameters\\common_lib.h(131): web_submit_data("reservations.pl_2") started  	[MsgId: MMSG-26355]
..\\Parameters\\common_lib.h(131): Resource "http://localhost:1080/WebTours/images/button_next.gif" is in the cache already and will not be downloaded again  	[MsgId: MMSG-26655]
..\\Parameters\\common_lib.h(131): Registered web_reg_find successful for "Text=<b>Payment Details</font></b>" (count=1)  	[MsgId: MMSG-26364]
..\\Parameters\\common_lib.h(131): web_submit_data("reservations.pl_2") was successful, 2797 body bytes, 255 header bytes, 12 chunking overhead bytes  	[MsgId: MMSG-26385]
..\\Parameters\\common_lib.h(150): Notify: Transaction "Choose_Flight" ended with a "Pass" status (Duration: 0,1285 Wasted Time: 0,0000).	[MsgId: MMSG-16871]
..\\Parameters\\common_lib.h(169): Notify: Transaction "Logout" started.	[MsgId: MMSG-16999]
..\\Parameters\\common_lib.h(171): web_reg_find started  	[MsgId: MMSG-26355]
..\\Parameters\\common_lib.h(171): Registering web_reg_find was successful  	[MsgId: MMSG-26390]
..\\Parameters\\common_lib.h(174): web_url("SignOff Button") started  	[MsgId: MMSG-26355]
..\\Parameters\\common_lib.h(76): Notify: Transaction "Find_Flight" started.	[MsgId: MMSG-16999]
..\\Parameters\\common_lib.h(78): web_reg_find started  	[MsgId: MMSG-26355]
..\\Parameters\\common_lib.h(78): Registering web_reg_find was successful  	[MsgId: MMSG-26390]
..\\Parameters\\common_lib.h(82): web_reg_save_param started  	[MsgId: MMSG-26355]
..\\Parameters\\common_lib.h(82): Registering web_reg_save_param was successful  	[MsgId: MMSG-26390]
..\\Parameters\\common_lib.h(88): web_reg_save_param started  	[MsgId: MMSG-26355]
..\\Parameters\\common_lib.h(88): Registering web_reg_save_param was successful  	[MsgId: MMSG-26390]
..\\Parameters\\common_lib.h(95): web_submit_data("reservations.pl") started  	[MsgId: MMSG-26355]
..\\Parameters\\common_lib.h(174): Detected non-resource "http://localhost:1080/cgi-bin/nav.pl?in=home" in "http://localhost:1080/cgi-bin/welcome.pl?signOff=1"  	[MsgId: MMSG-26574]
..\\Parameters\\common_lib.h(174): Detected non-resource "http://localhost:1080/WebTours/home.html" in "http://localhost:1080/cgi-bin/welcome.pl?signOff=1"  	[MsgId: MMSG-26574]
..\\Parameters\\common_lib.h(174): Retrieving data from cache for "http://localhost:1080/WebTours/home.html"  	[MsgId: MMSG-26558]
..\\Parameters\\common_lib.h(95): Resource "http://localhost:1080/WebTours/images/button_next.gif" is in the cache already and will not be downloaded again  	[MsgId: MMSG-26655]
..\\Parameters\\common_lib.h(95): Registered web_reg_find successful for "Text=Flight departing from <B>Zurich</B> to <B>Zurich</B> on <B>05/22/2023<" (count=1)  	[MsgId: MMSG-26364]
..\\Parameters\\common_lib.h(95): web_submit_data("reservations.pl") was successful, 3550 body bytes, 256 header bytes, 12 chunking overhead bytes  	[MsgId: MMSG-26385]
..\\Parameters\\common_lib.h(120): web_set_sockets_option started  	[MsgId: MMSG-26355]
..\\Parameters\\common_lib.h(120): web_set_sockets_option was successful  	[MsgId: MMSG-26392]
..\\Parameters\\common_lib.h(122): Notify: Transaction "Find_Flight" ended with a "Pass" status (Duration: 0,0966 Wasted Time: 0,0001).	[MsgId: MMSG-16871]
..\\Parameters\\common_lib.h(126): Notify: Transaction "Choose_Flight" started.	[MsgId: MMSG-16999]
..\\Parameters\\common_lib.h(128): web_reg_find started  	[MsgId: MMSG-26355]
..\\Parameters\\common_lib.h(128): Registering web_reg_find was successful  	[MsgId: MMSG-26390]
..\\Parameters\\common_lib.h(131): web_submit_data("reservations.pl_2") started  	[MsgId: MMSG-26355]
..\\Parameters\\common_lib.h(174): Resource "http://localhost:1080/WebTours/images/mer_login.gif" is in the cache already and will not be downloaded again  	[MsgId: MMSG-26655]
..\\Parameters\\common_lib.h(174): Registered web_reg_find successful for "Text=Welcome to the Web Tours site." (count=1)  	[MsgId: MMSG-26364]
..\\Parameters\\common_lib.h(174): web_url("SignOff Button") was successful, 2175 body bytes, 583 header bytes, 24 chunking overhead bytes  	[MsgId: MMSG-26385]
..\\Parameters\\common_lib.h(184): Notify: Transaction "Logout" ended with a "Pass" status (Duration: 0,2138 Wasted Time: 0,0000).	[MsgId: MMSG-16871]
Action.c(20): Notify: Transaction "UC_4_SearchFlight" ended with a "Pass" status (Duration: 39,3135 Think Time: 10,0068 Wasted Time: 0,0014).	[MsgId: MMSG-16870]
Ending action Action.	[MsgId: MMSG-15918]
Ending Vuser...	[MsgId: MMSG-15966]
Starting action vuser_end.	[MsgId: MMSG-15919]
Ending action vuser_end.	[MsgId: MMSG-15918]
Vuser Terminated.	[MsgId: MMSG-15963]
..\\Parameters\\common_lib.h(131): Resource "http://localhost:1080/WebTours/images/button_next.gif" is in the cache already and will not be downloaded again  	[MsgId: MMSG-26655]
..\\Parameters\\common_lib.h(131): Registered web_reg_find successful for "Text=<b>Payment Details</font></b>" (count=1)  	[MsgId: MMSG-26364]
..\\Parameters\\common_lib.h(131): web_submit_data("reservations.pl_2") was successful, 2901 body bytes, 255 header bytes, 12 chunking overhead bytes  	[MsgId: MMSG-26385]
..\\Parameters\\common_lib.h(150): Notify: Transaction "Choose_Flight" ended with a "Pass" status (Duration: 0,1405 Wasted Time: 0,0000).	[MsgId: MMSG-16871]
..\\Parameters\\common_lib.h(169): Notify: Transaction "Logout" started.	[MsgId: MMSG-16999]
..\\Parameters\\common_lib.h(171): web_reg_find started  	[MsgId: MMSG-26355]
..\\Parameters\\common_lib.h(171): Registering web_reg_find was successful  	[MsgId: MMSG-26390]
..\\Parameters\\common_lib.h(174): web_url("SignOff Button") started  	[MsgId: MMSG-26355]
..\\Parameters\\common_lib.h(174): Detected non-resource "http://localhost:1080/cgi-bin/nav.pl?in=home" in "http://localhost:1080/cgi-bin/welcome.pl?signOff=1"  	[MsgId: MMSG-26574]
..\\Parameters\\common_lib.h(174): Detected non-resource "http://localhost:1080/WebTours/home.html" in "http://localhost:1080/cgi-bin/welcome.pl?signOff=1"  	[MsgId: MMSG-26574]
..\\Parameters\\common_lib.h(174): Retrieving data from cache for "http://localhost:1080/WebTours/home.html"  	[MsgId: MMSG-26558]
..\\Parameters\\common_lib.h(174): Resource "http://localhost:1080/WebTours/images/mer_login.gif" is in the cache already and will not be downloaded again  	[MsgId: MMSG-26655]
..\\Parameters\\common_lib.h(174): Registered web_reg_find successful for "Text=Welcome to the Web Tours site." (count=1)  	[MsgId: MMSG-26364]
..\\Parameters\\common_lib.h(174): web_url("SignOff Button") was successful, 2175 body bytes, 583 header bytes, 24 chunking overhead bytes  	[MsgId: MMSG-26385]
..\\Parameters\\common_lib.h(184): Notify: Transaction "Logout" ended with a "Pass" status (Duration: 0,1791 Wasted Time: 0,0000).	[MsgId: MMSG-16871]
Action.c(20): Notify: Transaction "UC_4_SearchFlight" ended with a "Pass" status (Duration: 42,1352 Think Time: 10,0188 Wasted Time: 0,0011).	[MsgId: MMSG-16870]
Ending action Action.	[MsgId: MMSG-15918]
Ending Vuser...	[MsgId: MMSG-15966]
Starting action vuser_end.	[MsgId: MMSG-15919]
Ending action vuser_end.	[MsgId: MMSG-15918]
Vuser Terminated.	[MsgId: MMSG-15963]
..\\Parameters\\common_lib.h(76): Notify: Transaction "Find_Flight" started.	[MsgId: MMSG-16999]
..\\Parameters\\common_lib.h(78): web_reg_find started  	[MsgId: MMSG-26355]
..\\Parameters\\common_lib.h(78): Registering web_reg_find was successful  	[MsgId: MMSG-26390]
..\\Parameters\\common_lib.h(82): web_reg_save_param started  	[MsgId: MMSG-26355]
..\\Parameters\\common_lib.h(82): Registering web_reg_save_param was successful  	[MsgId: MMSG-26390]
..\\Parameters\\common_lib.h(88): web_reg_save_param started  	[MsgId: MMSG-26355]
..\\Parameters\\common_lib.h(88): Registering web_reg_save_param was successful  	[MsgId: MMSG-26390]
..\\Parameters\\common_lib.h(95): web_submit_data("reservations.pl") started  	[MsgId: MMSG-26355]
..\\Parameters\\common_lib.h(95): Resource "http://localhost:1080/WebTours/images/button_next.gif" is in the cache already and will not be downloaded again  	[MsgId: MMSG-26655]
..\\Parameters\\common_lib.h(95): Registered web_reg_find successful for "Text=Flight departing from <B>Los Angeles</B> to <B>Zurich</B> on <B>05/22/2023<" (count=1)  	[MsgId: MMSG-26364]
..\\Parameters\\common_lib.h(95): web_submit_data("reservations.pl") was successful, 3602 body bytes, 256 header bytes, 12 chunking overhead bytes  	[MsgId: MMSG-26385]
..\\Parameters\\common_lib.h(120): web_set_sockets_option started  	[MsgId: MMSG-26355]
..\\Parameters\\common_lib.h(120): web_set_sockets_option was successful  	[MsgId: MMSG-26392]
..\\Parameters\\common_lib.h(122): Notify: Transaction "Find_Flight" ended with a "Pass" status (Duration: 0,0750 Wasted Time: 0,0001).	[MsgId: MMSG-16871]
..\\Parameters\\common_lib.h(126): Notify: Transaction "Choose_Flight" started.	[MsgId: MMSG-16999]
..\\Parameters\\common_lib.h(128): web_reg_find started  	[MsgId: MMSG-26355]
..\\Parameters\\common_lib.h(128): Registering web_reg_find was successful  	[MsgId: MMSG-26390]
..\\Parameters\\common_lib.h(131): web_submit_data("reservations.pl_2") started  	[MsgId: MMSG-26355]
..\\Parameters\\common_lib.h(131): Resource "http://localhost:1080/WebTours/images/button_next.gif" is in the cache already and will not be downloaded again  	[MsgId: MMSG-26655]
..\\Parameters\\common_lib.h(131): Registered web_reg_find successful for "Text=<b>Payment Details</font></b>" (count=1)  	[MsgId: MMSG-26364]
..\\Parameters\\common_lib.h(131): web_submit_data("reservations.pl_2") was successful, 2797 body bytes, 255 header bytes, 12 chunking overhead bytes  	[MsgId: MMSG-26385]
..\\Parameters\\common_lib.h(150): Notify: Transaction "Choose_Flight" ended with a "Pass" status (Duration: 0,1313 Wasted Time: 0,0000).	[MsgId: MMSG-16871]
..\\Parameters\\common_lib.h(169): Notify: Transaction "Logout" started.	[MsgId: MMSG-16999]
..\\Parameters\\common_lib.h(171): web_reg_find started  	[MsgId: MMSG-26355]
..\\Parameters\\common_lib.h(171): Registering web_reg_find was successful  	[MsgId: MMSG-26390]
..\\Parameters\\common_lib.h(174): web_url("SignOff Button") started  	[MsgId: MMSG-26355]
..\\Parameters\\common_lib.h(174): Detected non-resource "http://localhost:1080/cgi-bin/nav.pl?in=home" in "http://localhost:1080/cgi-bin/welcome.pl?signOff=1"  	[MsgId: MMSG-26574]
..\\Parameters\\common_lib.h(174): Detected non-resource "http://localhost:1080/WebTours/home.html" in "http://localhost:1080/cgi-bin/welcome.pl?signOff=1"  	[MsgId: MMSG-26574]
..\\Parameters\\common_lib.h(174): Retrieving data from cache for "http://localhost:1080/WebTours/home.html"  	[MsgId: MMSG-26558]
..\\Parameters\\common_lib.h(174): Resource "http://localhost:1080/WebTours/images/mer_login.gif" is in the cache already and will not be downloaded again  	[MsgId: MMSG-26655]
..\\Parameters\\common_lib.h(174): Registered web_reg_find successful for "Text=Welcome to the Web Tours site." (count=1)  	[MsgId: MMSG-26364]
..\\Parameters\\common_lib.h(174): web_url("SignOff Button") was successful, 2172 body bytes, 583 header bytes, 24 chunking overhead bytes  	[MsgId: MMSG-26385]
..\\Parameters\\common_lib.h(184): Notify: Transaction "Logout" ended with a "Pass" status (Duration: 0,1872 Wasted Time: 0,0000).	[MsgId: MMSG-16871]
Action.c(20): Notify: Transaction "UC_4_SearchFlight" ended with a "Pass" status (Duration: 35,5558 Think Time: 10,0082 Wasted Time: 0,0013).	[MsgId: MMSG-16870]
Ending action Action.	[MsgId: MMSG-15918]
Ending Vuser...	[MsgId: MMSG-15966]
Starting action vuser_end.	[MsgId: MMSG-15919]
Ending action vuser_end.	[MsgId: MMSG-15918]
Vuser Terminated.	[MsgId: MMSG-15963]
..\\Parameters\\common_lib.h(76): Notify: Transaction "Find_Flight" started.	[MsgId: MMSG-16999]
..\\Parameters\\common_lib.h(78): web_reg_find started  	[MsgId: MMSG-26355]
..\\Parameters\\common_lib.h(78): Registering web_reg_find was successful  	[MsgId: MMSG-26390]
..\\Parameters\\common_lib.h(82): web_reg_save_param started  	[MsgId: MMSG-26355]
..\\Parameters\\common_lib.h(82): Registering web_reg_save_param was successful  	[MsgId: MMSG-26390]
..\\Parameters\\common_lib.h(88): web_reg_save_param started  	[MsgId: MMSG-26355]
..\\Parameters\\common_lib.h(88): Registering web_reg_save_param was successful  	[MsgId: MMSG-26390]
..\\Parameters\\common_lib.h(95): web_submit_data("reservations.pl") started  	[MsgId: MMSG-26355]
..\\Parameters\\common_lib.h(95): Resource "http://localhost:1080/WebTours/images/button_next.gif" is in the cache already and will not be downloaded again  	[MsgId: MMSG-26655]
..\\Parameters\\common_lib.h(95): Registered web_reg_find successful for "Text=Flight departing from <B>Los Angeles</B> to <B>Seattle</B> on <B>05/22/2023<" (count=1)  	[MsgId: MMSG-26364]
..\\Parameters\\common_lib.h(95): web_submit_data("reservations.pl") was successful, 3608 body bytes, 256 header bytes, 12 chunking overhead bytes  	[MsgId: MMSG-26385]
..\\Parameters\\common_lib.h(120): web_set_sockets_option started  	[MsgId: MMSG-26355]
..\\Parameters\\common_lib.h(120): web_set_sockets_option was successful  	[MsgId: MMSG-26392]
..\\Parameters\\common_lib.h(122): Notify: Transaction "Find_Flight" ended with a "Pass" status (Duration: 0,0757 Wasted Time: 0,0001).	[MsgId: MMSG-16871]
..\\Parameters\\common_lib.h(126): Notify: Transaction "Choose_Flight" started.	[MsgId: MMSG-16999]
..\\Parameters\\common_lib.h(128): web_reg_find started  	[MsgId: MMSG-26355]
..\\Parameters\\common_lib.h(128): Registering web_reg_find was successful  	[MsgId: MMSG-26390]
..\\Parameters\\common_lib.h(131): web_submit_data("reservations.pl_2") started  	[MsgId: MMSG-26355]
..\\Parameters\\common_lib.h(131): Resource "http://localhost:1080/WebTours/images/button_next.gif" is in the cache already and will not be downloaded again  	[MsgId: MMSG-26655]
..\\Parameters\\common_lib.h(131): Registered web_reg_find successful for "Text=<b>Payment Details</font></b>" (count=1)  	[MsgId: MMSG-26364]
..\\Parameters\\common_lib.h(131): web_submit_data("reservations.pl_2") was successful, 2838 body bytes, 255 header bytes, 12 chunking overhead bytes  	[MsgId: MMSG-26385]
..\\Parameters\\common_lib.h(150): Notify: Transaction "Choose_Flight" ended with a "Pass" status (Duration: 0,1273 Wasted Time: 0,0000).	[MsgId: MMSG-16871]
..\\Parameters\\common_lib.h(169): Notify: Transaction "Logout" started.	[MsgId: MMSG-16999]
..\\Parameters\\common_lib.h(171): web_reg_find started  	[MsgId: MMSG-26355]
..\\Parameters\\common_lib.h(171): Registering web_reg_find was successful  	[MsgId: MMSG-26390]
..\\Parameters\\common_lib.h(174): web_url("SignOff Button") started  	[MsgId: MMSG-26355]
..\\Parameters\\common_lib.h(174): Detected non-resource "http://localhost:1080/cgi-bin/nav.pl?in=home" in "http://localhost:1080/cgi-bin/welcome.pl?signOff=1"  	[MsgId: MMSG-26574]
..\\Parameters\\common_lib.h(174): Detected non-resource "http://localhost:1080/WebTours/home.html" in "http://localhost:1080/cgi-bin/welcome.pl?signOff=1"  	[MsgId: MMSG-26574]
..\\Parameters\\common_lib.h(174): Retrieving data from cache for "http://localhost:1080/WebTours/home.html"  	[MsgId: MMSG-26558]
..\\Parameters\\common_lib.h(174): Resource "http://localhost:1080/WebTours/images/mer_login.gif" is in the cache already and will not be downloaded again  	[MsgId: MMSG-26655]
..\\Parameters\\common_lib.h(174): Registered web_reg_find successful for "Text=Welcome to the Web Tours site." (count=1)  	[MsgId: MMSG-26364]
..\\Parameters\\common_lib.h(174): web_url("SignOff Button") was successful, 2173 body bytes, 583 header bytes, 24 chunking overhead bytes  	[MsgId: MMSG-26385]
..\\Parameters\\common_lib.h(184): Notify: Transaction "Logout" ended with a "Pass" status (Duration: 0,1726 Wasted Time: 0,0000).	[MsgId: MMSG-16871]
Action.c(20): Notify: Transaction "UC_4_SearchFlight" ended with a "Pass" status (Duration: 41,1373 Think Time: 10,0140 Wasted Time: 0,0012).	[MsgId: MMSG-16870]
Ending action Action.	[MsgId: MMSG-15918]
Ending Vuser...	[MsgId: MMSG-15966]
Starting action vuser_end.	[MsgId: MMSG-15919]
Ending action vuser_end.	[MsgId: MMSG-15918]
Vuser Terminated.	[MsgId: MMSG-15963]
..\\Parameters\\common_lib.h(76): Notify: Transaction "Find_Flight" started.	[MsgId: MMSG-16999]
..\\Parameters\\common_lib.h(78): web_reg_find started  	[MsgId: MMSG-26355]
..\\Parameters\\common_lib.h(78): Registering web_reg_find was successful  	[MsgId: MMSG-26390]
..\\Parameters\\common_lib.h(82): web_reg_save_param started  	[MsgId: MMSG-26355]
..\\Parameters\\common_lib.h(82): Registering web_reg_save_param was successful  	[MsgId: MMSG-26390]
..\\Parameters\\common_lib.h(88): web_reg_save_param started  	[MsgId: MMSG-26355]
..\\Parameters\\common_lib.h(88): Registering web_reg_save_param was successful  	[MsgId: MMSG-26390]
..\\Parameters\\common_lib.h(95): web_submit_data("reservations.pl") started  	[MsgId: MMSG-26355]
..\\Parameters\\common_lib.h(95): Resource "http://localhost:1080/WebTours/images/button_next.gif" is in the cache already and will not be downloaded again  	[MsgId: MMSG-26655]
..\\Parameters\\common_lib.h(95): Registered web_reg_find successful for "Text=Flight departing from <B>Paris</B> to <B>Portland</B> on <B>05/22/2023<" (count=1)  	[MsgId: MMSG-26364]
..\\Parameters\\common_lib.h(95): web_submit_data("reservations.pl") was successful, 3589 body bytes, 256 header bytes, 12 chunking overhead bytes  	[MsgId: MMSG-26385]
..\\Parameters\\common_lib.h(120): web_set_sockets_option started  	[MsgId: MMSG-26355]
..\\Parameters\\common_lib.h(120): web_set_sockets_option was successful  	[MsgId: MMSG-26392]
..\\Parameters\\common_lib.h(122): Notify: Transaction "Find_Flight" ended with a "Pass" status (Duration: 0,0770 Wasted Time: 0,0001).	[MsgId: MMSG-16871]
..\\Parameters\\common_lib.h(126): Notify: Transaction "Choose_Flight" started.	[MsgId: MMSG-16999]
..\\Parameters\\common_lib.h(128): web_reg_find started  	[MsgId: MMSG-26355]
..\\Parameters\\common_lib.h(128): Registering web_reg_find was successful  	[MsgId: MMSG-26390]
..\\Parameters\\common_lib.h(131): web_submit_data("reservations.pl_2") started  	[MsgId: MMSG-26355]
..\\Parameters\\common_lib.h(131): Resource "http://localhost:1080/WebTours/images/button_next.gif" is in the cache already and will not be downloaded again  	[MsgId: MMSG-26655]
..\\Parameters\\common_lib.h(131): Registered web_reg_find successful for "Text=<b>Payment Details</font></b>" (count=1)  	[MsgId: MMSG-26364]
..\\Parameters\\common_lib.h(131): web_submit_data("reservations.pl_2") was successful, 2912 body bytes, 255 header bytes, 12 chunking overhead bytes  	[MsgId: MMSG-26385]
..\\Parameters\\common_lib.h(150): Notify: Transaction "Choose_Flight" ended with a "Pass" status (Duration: 0,1372 Wasted Time: 0,0000).	[MsgId: MMSG-16871]
..\\Parameters\\common_lib.h(169): Notify: Transaction "Logout" started.	[MsgId: MMSG-16999]
..\\Parameters\\common_lib.h(171): web_reg_find started  	[MsgId: MMSG-26355]
..\\Parameters\\common_lib.h(171): Registering web_reg_find was successful  	[MsgId: MMSG-26390]
..\\Parameters\\common_lib.h(174): web_url("SignOff Button") started  	[MsgId: MMSG-26355]
..\\Parameters\\common_lib.h(174): Detected non-resource "http://localhost:1080/cgi-bin/nav.pl?in=home" in "http://localhost:1080/cgi-bin/welcome.pl?signOff=1"  	[MsgId: MMSG-26574]
..\\Parameters\\common_lib.h(174): Detected non-resource "http://localhost:1080/WebTours/home.html" in "http://localhost:1080/cgi-bin/welcome.pl?signOff=1"  	[MsgId: MMSG-26574]
..\\Parameters\\common_lib.h(174): Retrieving data from cache for "http://localhost:1080/WebTours/home.html"  	[MsgId: MMSG-26558]
..\\Parameters\\common_lib.h(174): Resource "http://localhost:1080/WebTours/images/mer_login.gif" is in the cache already and will not be downloaded again  	[MsgId: MMSG-26655]
..\\Parameters\\common_lib.h(174): Registered web_reg_find successful for "Text=Welcome to the Web Tours site." (count=1)  	[MsgId: MMSG-26364]
..\\Parameters\\common_lib.h(174): web_url("SignOff Button") was successful, 2170 body bytes, 583 header bytes, 24 chunking overhead bytes  	[MsgId: MMSG-26385]
..\\Parameters\\common_lib.h(184): Notify: Transaction "Logout" ended with a "Pass" status (Duration: 0,1818 Wasted Time: 0,0000).	[MsgId: MMSG-16871]
Action.c(20): Notify: Transaction "UC_4_SearchFlight" ended with a "Pass" status (Duration: 28,2268 Think Time: 10,0136 Wasted Time: 0,0009).	[MsgId: MMSG-16870]
Ending action Action.	[MsgId: MMSG-15918]
Ending Vuser...	[MsgId: MMSG-15966]
Starting action vuser_end.	[MsgId: MMSG-15919]
Ending action vuser_end.	[MsgId: MMSG-15918]
Vuser Terminated.	[MsgId: MMSG-15963]
..\\Parameters\\common_lib.h(76): Notify: Transaction "Find_Flight" started.	[MsgId: MMSG-16999]
..\\Parameters\\common_lib.h(78): web_reg_find started  	[MsgId: MMSG-26355]
..\\Parameters\\common_lib.h(78): Registering web_reg_find was successful  	[MsgId: MMSG-26390]
..\\Parameters\\common_lib.h(82): web_reg_save_param started  	[MsgId: MMSG-26355]
..\\Parameters\\common_lib.h(82): Registering web_reg_save_param was successful  	[MsgId: MMSG-26390]
..\\Parameters\\common_lib.h(88): web_reg_save_param started  	[MsgId: MMSG-26355]
..\\Parameters\\common_lib.h(88): Registering web_reg_save_param was successful  	[MsgId: MMSG-26390]
..\\Parameters\\common_lib.h(95): web_submit_data("reservations.pl") started  	[MsgId: MMSG-26355]
..\\Parameters\\common_lib.h(95): Resource "http://localhost:1080/WebTours/images/button_next.gif" is in the cache already and will not be downloaded again  	[MsgId: MMSG-26655]
..\\Parameters\\common_lib.h(95): Registered web_reg_find successful for "Text=Flight departing from <B>Los Angeles</B> to <B>Paris</B> on <B>05/22/2023<" (count=1)  	[MsgId: MMSG-26364]
..\\Parameters\\common_lib.h(95): web_submit_data("reservations.pl") was successful, 3599 body bytes, 256 header bytes, 12 chunking overhead bytes  	[MsgId: MMSG-26385]
..\\Parameters\\common_lib.h(120): web_set_sockets_option started  	[MsgId: MMSG-26355]
..\\Parameters\\common_lib.h(120): web_set_sockets_option was successful  	[MsgId: MMSG-26392]
..\\Parameters\\common_lib.h(122): Notify: Transaction "Find_Flight" ended with a "Pass" status (Duration: 0,0725 Wasted Time: 0,0002).	[MsgId: MMSG-16871]
..\\Parameters\\common_lib.h(126): Notify: Transaction "Choose_Flight" started.	[MsgId: MMSG-16999]
..\\Parameters\\common_lib.h(128): web_reg_find started  	[MsgId: MMSG-26355]
..\\Parameters\\common_lib.h(128): Registering web_reg_find was successful  	[MsgId: MMSG-26390]
..\\Parameters\\common_lib.h(131): web_submit_data("reservations.pl_2") started  	[MsgId: MMSG-26355]
..\\Parameters\\common_lib.h(76): Notify: Transaction "Find_Flight" started.	[MsgId: MMSG-16999]
..\\Parameters\\common_lib.h(78): web_reg_find started  	[MsgId: MMSG-26355]
..\\Parameters\\common_lib.h(78): Registering web_reg_find was successful  	[MsgId: MMSG-26390]
..\\Parameters\\common_lib.h(82): web_reg_save_param started  	[MsgId: MMSG-26355]
..\\Parameters\\common_lib.h(82): Registering web_reg_save_param was successful  	[MsgId: MMSG-26390]
..\\Parameters\\common_lib.h(88): web_reg_save_param started  	[MsgId: MMSG-26355]
..\\Parameters\\common_lib.h(88): Registering web_reg_save_param was successful  	[MsgId: MMSG-26390]
..\\Parameters\\common_lib.h(95): web_submit_data("reservations.pl") started  	[MsgId: MMSG-26355]
..\\Parameters\\common_lib.h(131): Resource "http://localhost:1080/WebTours/images/button_next.gif" is in the cache already and will not be downloaded again  	[MsgId: MMSG-26655]
..\\Parameters\\common_lib.h(131): Registered web_reg_find successful for "Text=<b>Payment Details</font></b>" (count=1)  	[MsgId: MMSG-26364]
..\\Parameters\\common_lib.h(131): web_submit_data("reservations.pl_2") was successful, 2910 body bytes, 255 header bytes, 12 chunking overhead bytes  	[MsgId: MMSG-26385]
..\\Parameters\\common_lib.h(150): Notify: Transaction "Choose_Flight" ended with a "Pass" status (Duration: 0,1188 Wasted Time: 0,0000).	[MsgId: MMSG-16871]
..\\Parameters\\common_lib.h(169): Notify: Transaction "Logout" started.	[MsgId: MMSG-16999]
..\\Parameters\\common_lib.h(171): web_reg_find started  	[MsgId: MMSG-26355]
..\\Parameters\\common_lib.h(171): Registering web_reg_find was successful  	[MsgId: MMSG-26390]
..\\Parameters\\common_lib.h(174): web_url("SignOff Button") started  	[MsgId: MMSG-26355]
..\\Parameters\\common_lib.h(95): Resource "http://localhost:1080/WebTours/images/button_next.gif" is in the cache already and will not be downloaded again  	[MsgId: MMSG-26655]
..\\Parameters\\common_lib.h(95): Registered web_reg_find successful for "Text=Flight departing from <B>London</B> to <B>Frankfurt</B> on <B>05/22/2023<" (count=1)  	[MsgId: MMSG-26364]
..\\Parameters\\common_lib.h(95): web_submit_data("reservations.pl") was successful, 3596 body bytes, 256 header bytes, 12 chunking overhead bytes  	[MsgId: MMSG-26385]
..\\Parameters\\common_lib.h(120): web_set_sockets_option started  	[MsgId: MMSG-26355]
..\\Parameters\\common_lib.h(120): web_set_sockets_option was successful  	[MsgId: MMSG-26392]
..\\Parameters\\common_lib.h(122): Notify: Transaction "Find_Flight" ended with a "Pass" status (Duration: 0,0978 Wasted Time: 0,0001).	[MsgId: MMSG-16871]
..\\Parameters\\common_lib.h(126): Notify: Transaction "Choose_Flight" started.	[MsgId: MMSG-16999]
..\\Parameters\\common_lib.h(128): web_reg_find started  	[MsgId: MMSG-26355]
..\\Parameters\\common_lib.h(128): Registering web_reg_find was successful  	[MsgId: MMSG-26390]
..\\Parameters\\common_lib.h(131): web_submit_data("reservations.pl_2") started  	[MsgId: MMSG-26355]
..\\Parameters\\common_lib.h(174): Detected non-resource "http://localhost:1080/cgi-bin/nav.pl?in=home" in "http://localhost:1080/cgi-bin/welcome.pl?signOff=1"  	[MsgId: MMSG-26574]
..\\Parameters\\common_lib.h(174): Detected non-resource "http://localhost:1080/WebTours/home.html" in "http://localhost:1080/cgi-bin/welcome.pl?signOff=1"  	[MsgId: MMSG-26574]
..\\Parameters\\common_lib.h(174): Retrieving data from cache for "http://localhost:1080/WebTours/home.html"  	[MsgId: MMSG-26558]
..\\Parameters\\common_lib.h(131): Resource "http://localhost:1080/WebTours/images/button_next.gif" is in the cache already and will not be downloaded again  	[MsgId: MMSG-26655]
..\\Parameters\\common_lib.h(131): Registered web_reg_find successful for "Text=<b>Payment Details</font></b>" (count=1)  	[MsgId: MMSG-26364]
..\\Parameters\\common_lib.h(131): web_submit_data("reservations.pl_2") was successful, 2866 body bytes, 255 header bytes, 12 chunking overhead bytes  	[MsgId: MMSG-26385]
..\\Parameters\\common_lib.h(150): Notify: Transaction "Choose_Flight" ended with a "Pass" status (Duration: 0,1409 Wasted Time: 0,0000).	[MsgId: MMSG-16871]
..\\Parameters\\common_lib.h(169): Notify: Transaction "Logout" started.	[MsgId: MMSG-16999]
..\\Parameters\\common_lib.h(171): web_reg_find started  	[MsgId: MMSG-26355]
..\\Parameters\\common_lib.h(171): Registering web_reg_find was successful  	[MsgId: MMSG-26390]
..\\Parameters\\common_lib.h(174): web_url("SignOff Button") started  	[MsgId: MMSG-26355]
..\\Parameters\\common_lib.h(174): Resource "http://localhost:1080/WebTours/images/mer_login.gif" is in the cache already and will not be downloaded again  	[MsgId: MMSG-26655]
..\\Parameters\\common_lib.h(174): Registered web_reg_find successful for "Text=Welcome to the Web Tours site." (count=1)  	[MsgId: MMSG-26364]
..\\Parameters\\common_lib.h(174): web_url("SignOff Button") was successful, 2170 body bytes, 583 header bytes, 24 chunking overhead bytes  	[MsgId: MMSG-26385]
..\\Parameters\\common_lib.h(184): Notify: Transaction "Logout" ended with a "Pass" status (Duration: 0,1807 Wasted Time: 0,0000).	[MsgId: MMSG-16871]
Action.c(20): Notify: Transaction "UC_4_SearchFlight" ended with a "Pass" status (Duration: 26,3645 Think Time: 10,0054 Wasted Time: 0,0011).	[MsgId: MMSG-16870]
Ending action Action.	[MsgId: MMSG-15918]
Ending Vuser...	[MsgId: MMSG-15966]
Starting action vuser_end.	[MsgId: MMSG-15919]
Ending action vuser_end.	[MsgId: MMSG-15918]
Vuser Terminated.	[MsgId: MMSG-15963]
..\\Parameters\\common_lib.h(174): Detected non-resource "http://localhost:1080/cgi-bin/nav.pl?in=home" in "http://localhost:1080/cgi-bin/welcome.pl?signOff=1"  	[MsgId: MMSG-26574]
..\\Parameters\\common_lib.h(174): Detected non-resource "http://localhost:1080/WebTours/home.html" in "http://localhost:1080/cgi-bin/welcome.pl?signOff=1"  	[MsgId: MMSG-26574]
..\\Parameters\\common_lib.h(174): Retrieving data from cache for "http://localhost:1080/WebTours/home.html"  	[MsgId: MMSG-26558]
..\\Parameters\\common_lib.h(174): Resource "http://localhost:1080/WebTours/images/mer_login.gif" is in the cache already and will not be downloaded again  	[MsgId: MMSG-26655]
..\\Parameters\\common_lib.h(174): Registered web_reg_find successful for "Text=Welcome to the Web Tours site." (count=1)  	[MsgId: MMSG-26364]
..\\Parameters\\common_lib.h(174): web_url("SignOff Button") was successful, 2170 body bytes, 583 header bytes, 24 chunking overhead bytes  	[MsgId: MMSG-26385]
..\\Parameters\\common_lib.h(184): Notify: Transaction "Logout" ended with a "Pass" status (Duration: 0,1751 Wasted Time: 0,0000).	[MsgId: MMSG-16871]
Action.c(20): Notify: Transaction "UC_4_SearchFlight" ended with a "Pass" status (Duration: 25,2642 Think Time: 10,0061 Wasted Time: 0,0013).	[MsgId: MMSG-16870]
Ending action Action.	[MsgId: MMSG-15918]
Ending Vuser...	[MsgId: MMSG-15966]
Starting action vuser_end.	[MsgId: MMSG-15919]
Ending action vuser_end.	[MsgId: MMSG-15918]
Vuser Terminated.	[MsgId: MMSG-15963]
