..\\Parameters\\common_lib.h(174): Registered web_reg_find successful for "Text=Welcome to the Web Tours site." (count=1)  	[MsgId: MMSG-26364]
..\\Parameters\\common_lib.h(174): web_url("SignOff Button") was successful, 2172 body bytes, 583 header bytes, 24 chunking overhead bytes  	[MsgId: MMSG-26385]
..\\Parameters\\common_lib.h(184): Notify: Transaction "Logout" ended with a "Pass" status (Duration: 0,6998 Wasted Time: 0,0000).	[MsgId: MMSG-16871]
Action.c(20): Notify: Transaction "UC_4_SearchFlight" ended with a "Pass" status (Duration: 34,5672 Think Time: 10,0067 Wasted Time: 0,0009).	[MsgId: MMSG-16870]
Ending action Action.	[MsgId: MMSG-15918]
Ending Vuser...	[MsgId: MMSG-15966]
Starting action vuser_end.	[MsgId: MMSG-15919]
Ending action vuser_end.	[MsgId: MMSG-15918]
Vuser Terminated.	[MsgId: MMSG-15963]
..\\Parameters\\common_lib.h(174): Resource "http://localhost:1080/WebTours/images/mer_login.gif" is in the cache already and will not be downloaded again  	[MsgId: MMSG-26655]
..\\Parameters\\common_lib.h(174): Registered web_reg_find successful for "Text=Welcome to the Web Tours site." (count=1)  	[MsgId: MMSG-26364]
..\\Parameters\\common_lib.h(174): web_url("SignOff Button") was successful, 2172 body bytes, 583 header bytes, 24 chunking overhead bytes  	[MsgId: MMSG-26385]
..\\Parameters\\common_lib.h(184): Notify: Transaction "Logout" ended with a "Pass" status (Duration: 0,3809 Wasted Time: 0,0000).	[MsgId: MMSG-16871]
Action.c(20): Notify: Transaction "UC_4_SearchFlight" ended with a "Pass" status (Duration: 32,7565 Think Time: 10,0175 Wasted Time: 0,0011).	[MsgId: MMSG-16870]
Ending action Action.	[MsgId: MMSG-15918]
Ending Vuser...	[MsgId: MMSG-15966]
Starting action vuser_end.	[MsgId: MMSG-15919]
Ending action vuser_end.	[MsgId: MMSG-15918]
Vuser Terminated.	[MsgId: MMSG-15963]
..\\Parameters\\common_lib.h(76): Notify: Transaction "Find_Flight" started.	[MsgId: MMSG-16999]
..\\Parameters\\common_lib.h(78): web_reg_find started  	[MsgId: MMSG-26355]
..\\Parameters\\common_lib.h(78): Registering web_reg_find was successful  	[MsgId: MMSG-26390]
..\\Parameters\\common_lib.h(82): web_reg_save_param started  	[MsgId: MMSG-26355]
..\\Parameters\\common_lib.h(82): Registering web_reg_save_param was successful  	[MsgId: MMSG-26390]
..\\Parameters\\common_lib.h(88): web_reg_save_param started  	[MsgId: MMSG-26355]
..\\Parameters\\common_lib.h(88): Registering web_reg_save_param was successful  	[MsgId: MMSG-26390]
..\\Parameters\\common_lib.h(95): web_submit_data("reservations.pl") started  	[MsgId: MMSG-26355]
..\\Parameters\\common_lib.h(95): Resource "http://localhost:1080/WebTours/images/button_next.gif" is in the cache already and will not be downloaded again  	[MsgId: MMSG-26655]
..\\Parameters\\common_lib.h(95): Registered web_reg_find successful for "Text=Flight departing from <B>Portland</B> to <B>San Francisco</B> on <B>05/21/2023<" (count=1)  	[MsgId: MMSG-26364]
..\\Parameters\\common_lib.h(95): web_submit_data("reservations.pl") was successful, 3601 body bytes, 256 header bytes, 12 chunking overhead bytes  	[MsgId: MMSG-26385]
..\\Parameters\\common_lib.h(120): web_set_sockets_option started  	[MsgId: MMSG-26355]
..\\Parameters\\common_lib.h(120): web_set_sockets_option was successful  	[MsgId: MMSG-26392]
..\\Parameters\\common_lib.h(122): Notify: Transaction "Find_Flight" ended with a "Pass" status (Duration: 0,0727 Wasted Time: 0,0001).	[MsgId: MMSG-16871]
..\\Parameters\\common_lib.h(126): Notify: Transaction "Choose_Flight" started.	[MsgId: MMSG-16999]
..\\Parameters\\common_lib.h(128): web_reg_find started  	[MsgId: MMSG-26355]
..\\Parameters\\common_lib.h(128): Registering web_reg_find was successful  	[MsgId: MMSG-26390]
..\\Parameters\\common_lib.h(131): web_submit_data("reservations.pl_2") started  	[MsgId: MMSG-26355]
..\\Parameters\\common_lib.h(131): Resource "http://localhost:1080/WebTours/images/button_next.gif" is in the cache already and will not be downloaded again  	[MsgId: MMSG-26655]
..\\Parameters\\common_lib.h(131): Registered web_reg_find successful for "Text=<b>Payment Details</font></b>" (count=1)  	[MsgId: MMSG-26364]
..\\Parameters\\common_lib.h(131): web_submit_data("reservations.pl_2") was successful, 2909 body bytes, 255 header bytes, 12 chunking overhead bytes  	[MsgId: MMSG-26385]
..\\Parameters\\common_lib.h(150): Notify: Transaction "Choose_Flight" ended with a "Pass" status (Duration: 0,1257 Wasted Time: 0,0000).	[MsgId: MMSG-16871]
..\\Parameters\\common_lib.h(169): Notify: Transaction "Logout" started.	[MsgId: MMSG-16999]
..\\Parameters\\common_lib.h(171): web_reg_find started  	[MsgId: MMSG-26355]
..\\Parameters\\common_lib.h(171): Registering web_reg_find was successful  	[MsgId: MMSG-26390]
..\\Parameters\\common_lib.h(174): web_url("SignOff Button") started  	[MsgId: MMSG-26355]
..\\Parameters\\common_lib.h(174): Detected non-resource "http://localhost:1080/cgi-bin/nav.pl?in=home" in "http://localhost:1080/cgi-bin/welcome.pl?signOff=1"  	[MsgId: MMSG-26574]
..\\Parameters\\common_lib.h(174): Detected non-resource "http://localhost:1080/WebTours/home.html" in "http://localhost:1080/cgi-bin/welcome.pl?signOff=1"  	[MsgId: MMSG-26574]
..\\Parameters\\common_lib.h(174): Retrieving data from cache for "http://localhost:1080/WebTours/home.html"  	[MsgId: MMSG-26558]
..\\Parameters\\common_lib.h(174): Resource "http://localhost:1080/WebTours/images/mer_login.gif" is in the cache already and will not be downloaded again  	[MsgId: MMSG-26655]
..\\Parameters\\common_lib.h(174): Registered web_reg_find successful for "Text=Welcome to the Web Tours site." (count=1)  	[MsgId: MMSG-26364]
..\\Parameters\\common_lib.h(174): web_url("SignOff Button") was successful, 2175 body bytes, 583 header bytes, 24 chunking overhead bytes  	[MsgId: MMSG-26385]
..\\Parameters\\common_lib.h(184): Notify: Transaction "Logout" ended with a "Pass" status (Duration: 0,1613 Wasted Time: 0,0000).	[MsgId: MMSG-16871]
Action.c(20): Notify: Transaction "UC_4_SearchFlight" ended with a "Pass" status (Duration: 33,4504 Think Time: 10,0184 Wasted Time: 0,0013).	[MsgId: MMSG-16870]
Ending action Action.	[MsgId: MMSG-15918]
Ending Vuser...	[MsgId: MMSG-15966]
Starting action vuser_end.	[MsgId: MMSG-15919]
Ending action vuser_end.	[MsgId: MMSG-15918]
Vuser Terminated.	[MsgId: MMSG-15963]
..\\Parameters\\common_lib.h(76): Notify: Transaction "Find_Flight" started.	[MsgId: MMSG-16999]
..\\Parameters\\common_lib.h(78): web_reg_find started  	[MsgId: MMSG-26355]
..\\Parameters\\common_lib.h(78): Registering web_reg_find was successful  	[MsgId: MMSG-26390]
..\\Parameters\\common_lib.h(82): web_reg_save_param started  	[MsgId: MMSG-26355]
..\\Parameters\\common_lib.h(82): Registering web_reg_save_param was successful  	[MsgId: MMSG-26390]
..\\Parameters\\common_lib.h(88): web_reg_save_param started  	[MsgId: MMSG-26355]
..\\Parameters\\common_lib.h(88): Registering web_reg_save_param was successful  	[MsgId: MMSG-26390]
..\\Parameters\\common_lib.h(95): web_submit_data("reservations.pl") started  	[MsgId: MMSG-26355]
..\\Parameters\\common_lib.h(95): Resource "http://localhost:1080/WebTours/images/button_next.gif" is in the cache already and will not be downloaded again  	[MsgId: MMSG-26655]
..\\Parameters\\common_lib.h(95): Registered web_reg_find successful for "Text=Flight departing from <B>Denver</B> to <B>Seattle</B> on <B>05/21/2023<" (count=1)  	[MsgId: MMSG-26364]
..\\Parameters\\common_lib.h(95): web_submit_data("reservations.pl") was successful, 3586 body bytes, 256 header bytes, 12 chunking overhead bytes  	[MsgId: MMSG-26385]
..\\Parameters\\common_lib.h(120): web_set_sockets_option started  	[MsgId: MMSG-26355]
..\\Parameters\\common_lib.h(120): web_set_sockets_option was successful  	[MsgId: MMSG-26392]
..\\Parameters\\common_lib.h(122): Notify: Transaction "Find_Flight" ended with a "Pass" status (Duration: 0,0784 Wasted Time: 0,0001).	[MsgId: MMSG-16871]
..\\Parameters\\common_lib.h(126): Notify: Transaction "Choose_Flight" started.	[MsgId: MMSG-16999]
..\\Parameters\\common_lib.h(128): web_reg_find started  	[MsgId: MMSG-26355]
..\\Parameters\\common_lib.h(128): Registering web_reg_find was successful  	[MsgId: MMSG-26390]
..\\Parameters\\common_lib.h(131): web_submit_data("reservations.pl_2") started  	[MsgId: MMSG-26355]
..\\Parameters\\common_lib.h(131): Resource "http://localhost:1080/WebTours/images/button_next.gif" is in the cache already and will not be downloaded again  	[MsgId: MMSG-26655]
..\\Parameters\\common_lib.h(131): Registered web_reg_find successful for "Text=<b>Payment Details</font></b>" (count=1)  	[MsgId: MMSG-26364]
..\\Parameters\\common_lib.h(131): web_submit_data("reservations.pl_2") was successful, 2770 body bytes, 255 header bytes, 12 chunking overhead bytes  	[MsgId: MMSG-26385]
..\\Parameters\\common_lib.h(150): Notify: Transaction "Choose_Flight" ended with a "Pass" status (Duration: 0,1238 Wasted Time: 0,0000).	[MsgId: MMSG-16871]
..\\Parameters\\common_lib.h(169): Notify: Transaction "Logout" started.	[MsgId: MMSG-16999]
..\\Parameters\\common_lib.h(171): web_reg_find started  	[MsgId: MMSG-26355]
..\\Parameters\\common_lib.h(171): Registering web_reg_find was successful  	[MsgId: MMSG-26390]
..\\Parameters\\common_lib.h(174): web_url("SignOff Button") started  	[MsgId: MMSG-26355]
..\\Parameters\\common_lib.h(174): Detected non-resource "http://localhost:1080/cgi-bin/nav.pl?in=home" in "http://localhost:1080/cgi-bin/welcome.pl?signOff=1"  	[MsgId: MMSG-26574]
..\\Parameters\\common_lib.h(174): Detected non-resource "http://localhost:1080/WebTours/home.html" in "http://localhost:1080/cgi-bin/welcome.pl?signOff=1"  	[MsgId: MMSG-26574]
..\\Parameters\\common_lib.h(174): Retrieving data from cache for "http://localhost:1080/WebTours/home.html"  	[MsgId: MMSG-26558]
..\\Parameters\\common_lib.h(174): Resource "http://localhost:1080/WebTours/images/mer_login.gif" is in the cache already and will not be downloaded again  	[MsgId: MMSG-26655]
..\\Parameters\\common_lib.h(174): Registered web_reg_find successful for "Text=Welcome to the Web Tours site." (count=1)  	[MsgId: MMSG-26364]
..\\Parameters\\common_lib.h(174): web_url("SignOff Button") was successful, 2176 body bytes, 583 header bytes, 24 chunking overhead bytes  	[MsgId: MMSG-26385]
..\\Parameters\\common_lib.h(184): Notify: Transaction "Logout" ended with a "Pass" status (Duration: 0,1655 Wasted Time: 0,0000).	[MsgId: MMSG-16871]
Action.c(20): Notify: Transaction "UC_4_SearchFlight" ended with a "Pass" status (Duration: 30,9421 Think Time: 10,0055 Wasted Time: 0,0010).	[MsgId: MMSG-16870]
Ending action Action.	[MsgId: MMSG-15918]
Ending Vuser...	[MsgId: MMSG-15966]
Starting action vuser_end.	[MsgId: MMSG-15919]
Ending action vuser_end.	[MsgId: MMSG-15918]
Vuser Terminated.	[MsgId: MMSG-15963]
..\\Parameters\\common_lib.h(76): Notify: Transaction "Find_Flight" started.	[MsgId: MMSG-16999]
..\\Parameters\\common_lib.h(76): Notify: Transaction "Find_Flight" started.	[MsgId: MMSG-16999]
..\\Parameters\\common_lib.h(78): web_reg_find started  	[MsgId: MMSG-26355]
..\\Parameters\\common_lib.h(78): Registering web_reg_find was successful  	[MsgId: MMSG-26390]
..\\Parameters\\common_lib.h(82): web_reg_save_param started  	[MsgId: MMSG-26355]
..\\Parameters\\common_lib.h(82): Registering web_reg_save_param was successful  	[MsgId: MMSG-26390]
..\\Parameters\\common_lib.h(78): web_reg_find started  	[MsgId: MMSG-26355]
..\\Parameters\\common_lib.h(88): web_reg_save_param started  	[MsgId: MMSG-26355]
..\\Parameters\\common_lib.h(88): Registering web_reg_save_param was successful  	[MsgId: MMSG-26390]
..\\Parameters\\common_lib.h(78): Registering web_reg_find was successful  	[MsgId: MMSG-26390]
..\\Parameters\\common_lib.h(95): web_submit_data("reservations.pl") started  	[MsgId: MMSG-26355]
..\\Parameters\\common_lib.h(82): web_reg_save_param started  	[MsgId: MMSG-26355]
..\\Parameters\\common_lib.h(82): Registering web_reg_save_param was successful  	[MsgId: MMSG-26390]
..\\Parameters\\common_lib.h(88): web_reg_save_param started  	[MsgId: MMSG-26355]
..\\Parameters\\common_lib.h(88): Registering web_reg_save_param was successful  	[MsgId: MMSG-26390]
..\\Parameters\\common_lib.h(95): web_submit_data("reservations.pl") started  	[MsgId: MMSG-26355]
..\\Parameters\\common_lib.h(95): Resource "http://localhost:1080/WebTours/images/button_next.gif" is in the cache already and will not be downloaded again  	[MsgId: MMSG-26655]
..\\Parameters\\common_lib.h(95): Registered web_reg_find successful for "Text=Flight departing from <B>Seattle</B> to <B>London</B> on <B>05/21/2023<" (count=1)  	[MsgId: MMSG-26364]
..\\Parameters\\common_lib.h(95): web_submit_data("reservations.pl") was successful, 3587 body bytes, 256 header bytes, 12 chunking overhead bytes  	[MsgId: MMSG-26385]
..\\Parameters\\common_lib.h(120): web_set_sockets_option started  	[MsgId: MMSG-26355]
..\\Parameters\\common_lib.h(120): web_set_sockets_option was successful  	[MsgId: MMSG-26392]
..\\Parameters\\common_lib.h(122): Notify: Transaction "Find_Flight" ended with a "Pass" status (Duration: 0,0769 Wasted Time: 0,0001).	[MsgId: MMSG-16871]
..\\Parameters\\common_lib.h(126): Notify: Transaction "Choose_Flight" started.	[MsgId: MMSG-16999]
..\\Parameters\\common_lib.h(128): web_reg_find started  	[MsgId: MMSG-26355]
..\\Parameters\\common_lib.h(128): Registering web_reg_find was successful  	[MsgId: MMSG-26390]
..\\Parameters\\common_lib.h(131): web_submit_data("reservations.pl_2") started  	[MsgId: MMSG-26355]
..\\Parameters\\common_lib.h(95): Resource "http://localhost:1080/WebTours/images/button_next.gif" is in the cache already and will not be downloaded again  	[MsgId: MMSG-26655]
..\\Parameters\\common_lib.h(95): Registered web_reg_find successful for "Text=Flight departing from <B>Denver</B> to <B>Paris</B> on <B>05/21/2023<" (count=1)  	[MsgId: MMSG-26364]
..\\Parameters\\common_lib.h(95): web_submit_data("reservations.pl") was successful, 3578 body bytes, 256 header bytes, 12 chunking overhead bytes  	[MsgId: MMSG-26385]
..\\Parameters\\common_lib.h(120): web_set_sockets_option started  	[MsgId: MMSG-26355]
..\\Parameters\\common_lib.h(120): web_set_sockets_option was successful  	[MsgId: MMSG-26392]
..\\Parameters\\common_lib.h(122): Notify: Transaction "Find_Flight" ended with a "Pass" status (Duration: 0,0832 Wasted Time: 0,0002).	[MsgId: MMSG-16871]
..\\Parameters\\common_lib.h(126): Notify: Transaction "Choose_Flight" started.	[MsgId: MMSG-16999]
..\\Parameters\\common_lib.h(128): web_reg_find started  	[MsgId: MMSG-26355]
..\\Parameters\\common_lib.h(128): Registering web_reg_find was successful  	[MsgId: MMSG-26390]
..\\Parameters\\common_lib.h(131): web_submit_data("reservations.pl_2") started  	[MsgId: MMSG-26355]
..\\Parameters\\common_lib.h(131): Resource "http://localhost:1080/WebTours/images/button_next.gif" is in the cache already and will not be downloaded again  	[MsgId: MMSG-26655]
..\\Parameters\\common_lib.h(131): Registered web_reg_find successful for "Text=<b>Payment Details</font></b>" (count=1)  	[MsgId: MMSG-26364]
..\\Parameters\\common_lib.h(131): web_submit_data("reservations.pl_2") was successful, 2909 body bytes, 255 header bytes, 12 chunking overhead bytes  	[MsgId: MMSG-26385]
..\\Parameters\\common_lib.h(150): Notify: Transaction "Choose_Flight" ended with a "Pass" status (Duration: 0,1229 Wasted Time: 0,0000).	[MsgId: MMSG-16871]
..\\Parameters\\common_lib.h(169): Notify: Transaction "Logout" started.	[MsgId: MMSG-16999]
..\\Parameters\\common_lib.h(171): web_reg_find started  	[MsgId: MMSG-26355]
..\\Parameters\\common_lib.h(171): Registering web_reg_find was successful  	[MsgId: MMSG-26390]
..\\Parameters\\common_lib.h(174): web_url("SignOff Button") started  	[MsgId: MMSG-26355]
..\\Parameters\\common_lib.h(131): Resource "http://localhost:1080/WebTours/images/button_next.gif" is in the cache already and will not be downloaded again  	[MsgId: MMSG-26655]
..\\Parameters\\common_lib.h(131): Registered web_reg_find successful for "Text=<b>Payment Details</font></b>" (count=1)  	[MsgId: MMSG-26364]
..\\Parameters\\common_lib.h(131): web_submit_data("reservations.pl_2") was successful, 2771 body bytes, 255 header bytes, 12 chunking overhead bytes  	[MsgId: MMSG-26385]
..\\Parameters\\common_lib.h(150): Notify: Transaction "Choose_Flight" ended with a "Pass" status (Duration: 0,1374 Wasted Time: 0,0000).	[MsgId: MMSG-16871]
..\\Parameters\\common_lib.h(169): Notify: Transaction "Logout" started.	[MsgId: MMSG-16999]
..\\Parameters\\common_lib.h(171): web_reg_find started  	[MsgId: MMSG-26355]
..\\Parameters\\common_lib.h(171): Registering web_reg_find was successful  	[MsgId: MMSG-26390]
..\\Parameters\\common_lib.h(174): web_url("SignOff Button") started  	[MsgId: MMSG-26355]
..\\Parameters\\common_lib.h(174): Detected non-resource "http://localhost:1080/cgi-bin/nav.pl?in=home" in "http://localhost:1080/cgi-bin/welcome.pl?signOff=1"  	[MsgId: MMSG-26574]
..\\Parameters\\common_lib.h(174): Detected non-resource "http://localhost:1080/WebTours/home.html" in "http://localhost:1080/cgi-bin/welcome.pl?signOff=1"  	[MsgId: MMSG-26574]
..\\Parameters\\common_lib.h(174): Retrieving data from cache for "http://localhost:1080/WebTours/home.html"  	[MsgId: MMSG-26558]
..\\Parameters\\common_lib.h(174): Detected non-resource "http://localhost:1080/cgi-bin/nav.pl?in=home" in "http://localhost:1080/cgi-bin/welcome.pl?signOff=1"  	[MsgId: MMSG-26574]
..\\Parameters\\common_lib.h(174): Detected non-resource "http://localhost:1080/WebTours/home.html" in "http://localhost:1080/cgi-bin/welcome.pl?signOff=1"  	[MsgId: MMSG-26574]
..\\Parameters\\common_lib.h(174): Retrieving data from cache for "http://localhost:1080/WebTours/home.html"  	[MsgId: MMSG-26558]
..\\Parameters\\common_lib.h(174): Resource "http://localhost:1080/WebTours/images/mer_login.gif" is in the cache already and will not be downloaded again  	[MsgId: MMSG-26655]
..\\Parameters\\common_lib.h(174): Registered web_reg_find successful for "Text=Welcome to the Web Tours site." (count=1)  	[MsgId: MMSG-26364]
..\\Parameters\\common_lib.h(174): web_url("SignOff Button") was successful, 2173 body bytes, 583 header bytes, 24 chunking overhead bytes  	[MsgId: MMSG-26385]
..\\Parameters\\common_lib.h(184): Notify: Transaction "Logout" ended with a "Pass" status (Duration: 0,1734 Wasted Time: 0,0000).	[MsgId: MMSG-16871]
Action.c(20): Notify: Transaction "UC_4_SearchFlight" ended with a "Pass" status (Duration: 25,0681 Think Time: 10,0204 Wasted Time: 0,0013).	[MsgId: MMSG-16870]
Ending action Action.	[MsgId: MMSG-15918]
Ending Vuser...	[MsgId: MMSG-15966]
Starting action vuser_end.	[MsgId: MMSG-15919]
Ending action vuser_end.	[MsgId: MMSG-15918]
Vuser Terminated.	[MsgId: MMSG-15963]
..\\Parameters\\common_lib.h(174): Resource "http://localhost:1080/WebTours/images/mer_login.gif" is in the cache already and will not be downloaded again  	[MsgId: MMSG-26655]
..\\Parameters\\common_lib.h(174): Registered web_reg_find successful for "Text=Welcome to the Web Tours site." (count=1)  	[MsgId: MMSG-26364]
..\\Parameters\\common_lib.h(174): web_url("SignOff Button") was successful, 2173 body bytes, 583 header bytes, 24 chunking overhead bytes  	[MsgId: MMSG-26385]
..\\Parameters\\common_lib.h(184): Notify: Transaction "Logout" ended with a "Pass" status (Duration: 0,1686 Wasted Time: 0,0000).	[MsgId: MMSG-16871]
Action.c(20): Notify: Transaction "UC_4_SearchFlight" ended with a "Pass" status (Duration: 23,5308 Think Time: 10,0119 Wasted Time: 0,0011).	[MsgId: MMSG-16870]
Ending action Action.	[MsgId: MMSG-15918]
Ending Vuser...	[MsgId: MMSG-15966]
Starting action vuser_end.	[MsgId: MMSG-15919]
Ending action vuser_end.	[MsgId: MMSG-15918]
Vuser Terminated.	[MsgId: MMSG-15963]
