Virtual User Script started at: 07.05.2023 14:16:43
Starting action vuser_init.
Web Turbo Replay of LoadRunner 2021.0.0 for Windows 10; build 430 (ํโ 05 2021 19:27:22)  	[MsgId: MMSG-26983]
Run mode: HTML  	[MsgId: MMSG-26993]
Replay user agent: Mozilla/5.0 (Windows NT 10.0; WOW64; Trident/7.0; rv:11.0) like Gecko  	[MsgId: MMSG-26988]
Runtime Settings file: "D:\อา\LoadRunneLessons\Scripts\UC_1_Booking\\default.cfg"  	[MsgId: MMSG-27141]
Ending action vuser_init.
Running Vuser...
Starting iteration 1.
Maximum number of concurrent connections per server: 6  	[MsgId: MMSG-26989]
Starting action Action.
Action.c(4): Notify: Transaction "UC_1_Booking" started.
Action.c(6): Notify: Transaction "open_homepage" started.
Action.c(8): web_reg_find started  	[MsgId: MMSG-26355]
Action.c(8): Registering web_reg_find was successful  	[MsgId: MMSG-26390]
Action.c(12): web_reg_save_param_attrib started  	[MsgId: MMSG-26355]
Action.c(12): Registering web_reg_save_param_attrib was successful  	[MsgId: MMSG-26390]
Action.c(23): web_url("WebTours") started  	[MsgId: MMSG-26355]
Action.c(23): Detected non-resource "http://localhost:1080/WebTours/header.html" in "http://localhost:1080/WebTours/"  	[MsgId: MMSG-26574]
Action.c(23): Detected non-resource "http://localhost:1080/cgi-bin/welcome.pl?signOff=true" in "http://localhost:1080/WebTours/"  	[MsgId: MMSG-26574]
Action.c(23): Downloading resource "http://localhost:1080/favicon.ico" (specified by argument number 10)  	[MsgId: MMSG-26577]
Action.c(23): Found resource "http://localhost:1080/WebTours/images/hp_logo.png" in HTML "http://localhost:1080/WebTours/header.html"  	[MsgId: MMSG-26659]
Action.c(23): Found resource "http://localhost:1080/WebTours/images/webtours.png" in HTML "http://localhost:1080/WebTours/header.html"  	[MsgId: MMSG-26659]
Action.c(23): Warning -26627: HTTP Status-Code=404 (Not Found) for "http://localhost:1080/favicon.ico"  	[MsgId: MWAR-26627]
Action.c(23): Detected non-resource "http://localhost:1080/cgi-bin/nav.pl?in=home" in "http://localhost:1080/cgi-bin/welcome.pl?signOff=true"  	[MsgId: MMSG-26574]
Action.c(23): Detected non-resource "http://localhost:1080/WebTours/home.html" in "http://localhost:1080/cgi-bin/welcome.pl?signOff=true"  	[MsgId: MMSG-26574]
Action.c(23): Found resource "http://localhost:1080/WebTours/images/mer_login.gif" in HTML "http://localhost:1080/cgi-bin/nav.pl?in=home"  	[MsgId: MMSG-26659]
Action.c(23): Registered web_reg_find successful for "Text=Welcome to the Web Tours site." (count=1)  	[MsgId: MMSG-26364]
Action.c(23): web_url("WebTours") highest severity level was "warning", 10289 body bytes, 2587 header bytes, 24 chunking overhead bytes  	[MsgId: MMSG-26387]
Action.c(35): Notify: Transaction "open_homepage" ended with a "Pass" status (Duration: 0.3988 Wasted Time: 0.1636).
Action.c(37): Notify: Transaction "login" started.
Action.c(42): web_submit_data("login.pl") started  	[MsgId: MMSG-26355]
Action.c(42): Detected non-resource "http://localhost:1080/cgi-bin/nav.pl?page=menu&in=home" in "http://localhost:1080/cgi-bin/login.pl"  	[MsgId: MMSG-26574]
Action.c(42): Detected non-resource "http://localhost:1080/cgi-bin/login.pl?intro=true" in "http://localhost:1080/cgi-bin/login.pl"  	[MsgId: MMSG-26574]
Action.c(42): Found resource "http://localhost:1080/WebTours/images/flights.gif" in HTML "http://localhost:1080/cgi-bin/nav.pl?page=menu&in=home"  	[MsgId: MMSG-26659]
Action.c(42): Found resource "http://localhost:1080/WebTours/images/itinerary.gif" in HTML "http://localhost:1080/cgi-bin/nav.pl?page=menu&in=home"  	[MsgId: MMSG-26659]
Action.c(42): Found resource "http://localhost:1080/WebTours/images/in_home.gif" in HTML "http://localhost:1080/cgi-bin/nav.pl?page=menu&in=home"  	[MsgId: MMSG-26659]
Action.c(42): Found resource "http://localhost:1080/WebTours/images/signoff.gif" in HTML "http://localhost:1080/cgi-bin/nav.pl?page=menu&in=home"  	[MsgId: MMSG-26659]
Action.c(42): web_submit_data("login.pl") was successful, 5779 body bytes, 2030 header bytes, 36 chunking overhead bytes  	[MsgId: MMSG-26385]
Action.c(59): Notify: Transaction "login" ended with a "Pass" status (Duration: 0,2878 Wasted Time: 0,0101).
Action.c(61): Notify: Transaction "click_Flights" started.
Action.c(63): web_reg_find started  	[MsgId: MMSG-26355]
Action.c(63): Registering web_reg_find was successful  	[MsgId: MMSG-26390]
Action.c(66): web_url("Search Flights Button") started  	[MsgId: MMSG-26355]
Action.c(66): Detected non-resource "http://localhost:1080/cgi-bin/nav.pl?page=menu&in=flights" in "http://localhost:1080/cgi-bin/welcome.pl?page=search"  	[MsgId: MMSG-26574]
Action.c(66): Detected non-resource "http://localhost:1080/cgi-bin/reservations.pl?page=welcome" in "http://localhost:1080/cgi-bin/welcome.pl?page=search"  	[MsgId: MMSG-26574]
Action.c(66): Found resource "http://localhost:1080/WebTours/images/in_flights.gif" in HTML "http://localhost:1080/cgi-bin/nav.pl?page=menu&in=flights"  	[MsgId: MMSG-26659]
Action.c(66): Resource "http://localhost:1080/WebTours/images/itinerary.gif" is in the cache already and will not be downloaded again  	[MsgId: MMSG-26655]
Action.c(66): Found resource "http://localhost:1080/WebTours/images/home.gif" in HTML "http://localhost:1080/cgi-bin/nav.pl?page=menu&in=flights"  	[MsgId: MMSG-26659]
Action.c(66): Resource "http://localhost:1080/WebTours/images/signoff.gif" is in the cache already and will not be downloaded again  	[MsgId: MMSG-26655]
Action.c(66): Found resource "http://localhost:1080/WebTours/images/button_next.gif" in HTML "http://localhost:1080/cgi-bin/reservations.pl?page=welcome"  	[MsgId: MMSG-26659]
Action.c(66): Registered web_reg_find successful for "Text=<title>Flight Selections</title>" (count=1)  	[MsgId: MMSG-26364]
Action.c(66): web_url("Search Flights Button") was successful, 8516 body bytes, 1616 header bytes, 43 chunking overhead bytes  	[MsgId: MMSG-26385]
Action.c(76): Notify: Transaction "click_Flights" ended with a "Pass" status (Duration: 0,2218 Wasted Time: 0,0093).
Action.c(78): Notify: Transaction "Find_Flight" started.
Action.c(80): web_reg_find started  	[MsgId: MMSG-26355]
Action.c(80): Registering web_reg_find was successful  	[MsgId: MMSG-26390]
Action.c(84): web_reg_save_param started  	[MsgId: MMSG-26355]
Action.c(84): Registering web_reg_save_param was successful  	[MsgId: MMSG-26390]
Action.c(90): web_reg_save_param started  	[MsgId: MMSG-26355]
Action.c(90): Registering web_reg_save_param was successful  	[MsgId: MMSG-26390]
Action.c(100): web_submit_data("reservations.pl") started  	[MsgId: MMSG-26355]
Action.c(100): Resource "http://localhost:1080/WebTours/images/button_next.gif" is in the cache already and will not be downloaded again  	[MsgId: MMSG-26655]
Action.c(100): Registered web_reg_find successful for "Text=Flight departing from <B>Portland</B> to <B>Denver</B> on <B>05/08/2023<" (count=1)  	[MsgId: MMSG-26364]
Action.c(100): web_submit_data("reservations.pl") was successful, 3591 body bytes, 255 header bytes, 12 chunking overhead bytes  	[MsgId: MMSG-26385]
Action.c(125): web_set_sockets_option started  	[MsgId: MMSG-26355]
Action.c(125): web_set_sockets_option was successful  	[MsgId: MMSG-26392]
Action.c(127): Notify: Transaction "Find_Flight" ended with a "Pass" status (Duration: 0.1898 Wasted Time: 0.0079).
Action.c(131): Notify: Transaction "Choose_Flight" started.
Action.c(133): web_reg_find started  	[MsgId: MMSG-26355]
Action.c(133): Registering web_reg_find was successful  	[MsgId: MMSG-26390]
Action.c(136): web_submit_data("reservations.pl_2") started  	[MsgId: MMSG-26355]
Action.c(136): Resource "http://localhost:1080/WebTours/images/button_next.gif" is in the cache already and will not be downloaded again  	[MsgId: MMSG-26655]
Action.c(136): Registered web_reg_find successful for "Text=<b>Payment Details</font></b>" (count=1)  	[MsgId: MMSG-26364]
Action.c(136): web_submit_data("reservations.pl_2") was successful, 2745 body bytes, 255 header bytes, 12 chunking overhead bytes  	[MsgId: MMSG-26385]
Action.c(155): Notify: Transaction "Choose_Flight" ended with a "Pass" status (Duration: 0.1599 Wasted Time: 0.0115).
Action.c(157): Notify: Transaction "Payment_Details" started.
Action.c(159): web_reg_find started  	[MsgId: MMSG-26355]
Action.c(159): Registering web_reg_find was successful  	[MsgId: MMSG-26390]
Action.c(162): web_reg_find started  	[MsgId: MMSG-26355]
Action.c(162): Registering web_reg_find was successful  	[MsgId: MMSG-26390]
Action.c(166): web_submit_data("reservations.pl_3") started  	[MsgId: MMSG-26355]
Action.c(166): Found resource "http://localhost:1080/WebTours/images/bookanother.gif" in HTML "http://localhost:1080/cgi-bin/reservations.pl"  	[MsgId: MMSG-26659]
Action.c(166): Registered web_reg_find successful for "Text=<B>Thank you for booking through Web Tours.</B>" (count=1)  	[MsgId: MMSG-26364]
Action.c(166): Registered web_reg_find successful for "Text=leaves Portland  for Denver.<br>" (count=1)  	[MsgId: MMSG-26364]
Action.c(166): web_submit_data("reservations.pl_3") was successful, 3382 body bytes, 658 header bytes, 12 chunking overhead bytes  	[MsgId: MMSG-26385]
Action.c(198): Notify: Transaction "Payment_Details" ended with a "Pass" status (Duration: 0,2554 Wasted Time: 0,0084).
Action.c(200): Notify: Transaction "click_Itinerary" started.
Action.c(202): web_url("Itinerary Button") started  	[MsgId: MMSG-26355]
Action.c(202): Detected non-resource "http://localhost:1080/cgi-bin/nav.pl?page=menu&in=itinerary" in "http://localhost:1080/cgi-bin/welcome.pl?page=itinerary"  	[MsgId: MMSG-26574]
Action.c(202): Detected non-resource "http://localhost:1080/cgi-bin/itinerary.pl" in "http://localhost:1080/cgi-bin/welcome.pl?page=itinerary"  	[MsgId: MMSG-26574]
Action.c(202): Found resource "http://localhost:1080/WebTours/images/cancelreservation.gif" in HTML "http://localhost:1080/cgi-bin/itinerary.pl"  	[MsgId: MMSG-26659]
Action.c(202): Found resource "http://localhost:1080/WebTours/images/cancelallreservations.gif" in HTML "http://localhost:1080/cgi-bin/itinerary.pl"  	[MsgId: MMSG-26659]
Action.c(202): Resource "http://localhost:1080/WebTours/images/flights.gif" is in the cache already and will not be downloaded again  	[MsgId: MMSG-26655]
Action.c(202): Found resource "http://localhost:1080/WebTours/images/in_itinerary.gif" in HTML "http://localhost:1080/cgi-bin/nav.pl?page=menu&in=itinerary"  	[MsgId: MMSG-26659]
Action.c(202): Resource "http://localhost:1080/WebTours/images/home.gif" is in the cache already and will not be downloaded again  	[MsgId: MMSG-26655]
Action.c(202): Resource "http://localhost:1080/WebTours/images/signoff.gif" is in the cache already and will not be downloaded again  	[MsgId: MMSG-26655]
Action.c(202): web_url("Itinerary Button") was successful, 15771 body bytes, 1616 header bytes, 51 chunking overhead bytes  	[MsgId: MMSG-26385]
Action.c(212): Notify: Transaction "click_Itinerary" ended with a "Pass" status (Duration: 0.2855 Wasted Time: 0.0109).
Action.c(214): Notify: Transaction "Logout" started.
Action.c(216): web_reg_find started  	[MsgId: MMSG-26355]
Action.c(216): Registering web_reg_find was successful  	[MsgId: MMSG-26390]
Action.c(219): web_url("SignOff Button") started  	[MsgId: MMSG-26355]
Action.c(219): Detected non-resource "http://localhost:1080/cgi-bin/nav.pl?in=home" in "http://localhost:1080/cgi-bin/welcome.pl?signOff=1"  	[MsgId: MMSG-26574]
Action.c(219): Detected non-resource "http://localhost:1080/WebTours/home.html" in "http://localhost:1080/cgi-bin/welcome.pl?signOff=1"  	[MsgId: MMSG-26574]
Action.c(219): Retrieving data from cache for "http://localhost:1080/WebTours/home.html"  	[MsgId: MMSG-26558]
Action.c(219): Resource "http://localhost:1080/WebTours/images/mer_login.gif" is in the cache already and will not be downloaded again  	[MsgId: MMSG-26655]
Action.c(219): Registered web_reg_find successful for "Text=Welcome to the Web Tours site." (count=1)  	[MsgId: MMSG-26364]
Action.c(219): web_url("SignOff Button") was successful, 2172 body bytes, 582 header bytes, 24 chunking overhead bytes  	[MsgId: MMSG-26385]
Action.c(229): Notify: Transaction "Logout" ended with a "Pass" status (Duration: 0.1918 Wasted Time: 0.0080).
Action.c(230): Notify: Transaction "UC_1_Booking" ended with a "Pass" status (Duration: 2.1533 Wasted Time: 0.2297).
Ending action Action.
Ending iteration 1.
Ending Vuser...
Starting action vuser_end.
Ending action vuser_end.
Vuser Terminated.
