Start auto log messages stack - Iteration 128.	[MsgId: MMSG-10545]
..\\Parameters\\common_lib.h(156): Resource "http://localhost:1080/WebTours/images/signoff.gif" is in the cache already and will not be downloaded again  	[MsgId: MMSG-26655]
..\\Parameters\\common_lib.h(156): web_url("Itinerary Button") was successful, 4381 body bytes, 1319 header bytes, 36 chunking overhead bytes  	[MsgId: MMSG-26385]
..\\Parameters\\common_lib.h(166): Notify: Transaction "click_Itinerary" ended with a "Pass" status (Duration: 0,2768).	[MsgId: MMSG-16873]
Action.c(11): Notify: Transaction "cancel_booking" started.	[MsgId: MMSG-16999]
Action.c(13): web_reg_find started  	[MsgId: MMSG-26355]
Action.c(13): Registering web_reg_find was successful  	[MsgId: MMSG-26390]
Action.c(17): web_submit_form("itinerary.pl") started  	[MsgId: MMSG-26355]
Action.c(17): Error -27979: Requested form not found  	[MsgId: MERR-27979]
End auto log messages stack.	[MsgId: MMSG-10544]


Start auto log messages stack - Iteration 129.	[MsgId: MMSG-10545]
..\\Parameters\\common_lib.h(156): Resource "http://localhost:1080/WebTours/images/signoff.gif" is in the cache already and will not be downloaded again  	[MsgId: MMSG-26655]
..\\Parameters\\common_lib.h(156): web_url("Itinerary Button") was successful, 4381 body bytes, 1319 header bytes, 36 chunking overhead bytes  	[MsgId: MMSG-26385]
..\\Parameters\\common_lib.h(166): Notify: Transaction "click_Itinerary" ended with a "Pass" status (Duration: 0,2643).	[MsgId: MMSG-16873]
Action.c(11): Notify: Transaction "cancel_booking" started.	[MsgId: MMSG-16999]
Action.c(13): web_reg_find started  	[MsgId: MMSG-26355]
Action.c(13): Registering web_reg_find was successful  	[MsgId: MMSG-26390]
Action.c(17): web_submit_form("itinerary.pl") started  	[MsgId: MMSG-26355]
Action.c(17): Error -27979: Requested form not found  	[MsgId: MERR-27979]
End auto log messages stack.	[MsgId: MMSG-10544]


Start auto log messages stack - Iteration 130.	[MsgId: MMSG-10545]
..\\Parameters\\common_lib.h(156): Resource "http://localhost:1080/WebTours/images/signoff.gif" is in the cache already and will not be downloaded again  	[MsgId: MMSG-26655]
..\\Parameters\\common_lib.h(156): web_url("Itinerary Button") was successful, 4381 body bytes, 1319 header bytes, 36 chunking overhead bytes  	[MsgId: MMSG-26385]
..\\Parameters\\common_lib.h(166): Notify: Transaction "click_Itinerary" ended with a "Pass" status (Duration: 0,2144).	[MsgId: MMSG-16873]
Action.c(11): Notify: Transaction "cancel_booking" started.	[MsgId: MMSG-16999]
Action.c(13): web_reg_find started  	[MsgId: MMSG-26355]
Action.c(13): Registering web_reg_find was successful  	[MsgId: MMSG-26390]
Action.c(17): web_submit_form("itinerary.pl") started  	[MsgId: MMSG-26355]
Action.c(17): Error -27979: Requested form not found  	[MsgId: MERR-27979]
End auto log messages stack.	[MsgId: MMSG-10544]


Start auto log messages stack - Iteration 131.	[MsgId: MMSG-10545]
..\\Parameters\\common_lib.h(156): Resource "http://localhost:1080/WebTours/images/signoff.gif" is in the cache already and will not be downloaded again  	[MsgId: MMSG-26655]
..\\Parameters\\common_lib.h(156): web_url("Itinerary Button") was successful, 4381 body bytes, 1319 header bytes, 36 chunking overhead bytes  	[MsgId: MMSG-26385]
..\\Parameters\\common_lib.h(166): Notify: Transaction "click_Itinerary" ended with a "Pass" status (Duration: 0,2942).	[MsgId: MMSG-16873]
Action.c(11): Notify: Transaction "cancel_booking" started.	[MsgId: MMSG-16999]
Action.c(13): web_reg_find started  	[MsgId: MMSG-26355]
Action.c(13): Registering web_reg_find was successful  	[MsgId: MMSG-26390]
Action.c(17): web_submit_form("itinerary.pl") started  	[MsgId: MMSG-26355]
Action.c(17): Error -27979: Requested form not found  	[MsgId: MERR-27979]
End auto log messages stack.	[MsgId: MMSG-10544]


Start auto log messages stack - Iteration 132.	[MsgId: MMSG-10545]
..\\Parameters\\common_lib.h(156): Resource "http://localhost:1080/WebTours/images/signoff.gif" is in the cache already and will not be downloaded again  	[MsgId: MMSG-26655]
..\\Parameters\\common_lib.h(156): web_url("Itinerary Button") was successful, 4381 body bytes, 1319 header bytes, 36 chunking overhead bytes  	[MsgId: MMSG-26385]
..\\Parameters\\common_lib.h(166): Notify: Transaction "click_Itinerary" ended with a "Pass" status (Duration: 0,3127).	[MsgId: MMSG-16873]
Action.c(11): Notify: Transaction "cancel_booking" started.	[MsgId: MMSG-16999]
Action.c(13): web_reg_find started  	[MsgId: MMSG-26355]
Action.c(13): Registering web_reg_find was successful  	[MsgId: MMSG-26390]
Action.c(17): web_submit_form("itinerary.pl") started  	[MsgId: MMSG-26355]
Action.c(17): Error -27979: Requested form not found  	[MsgId: MERR-27979]
End auto log messages stack.	[MsgId: MMSG-10544]


Start auto log messages stack - Iteration 133.	[MsgId: MMSG-10545]
..\\Parameters\\common_lib.h(156): Resource "http://localhost:1080/WebTours/images/signoff.gif" is in the cache already and will not be downloaded again  	[MsgId: MMSG-26655]
..\\Parameters\\common_lib.h(156): web_url("Itinerary Button") was successful, 4381 body bytes, 1319 header bytes, 36 chunking overhead bytes  	[MsgId: MMSG-26385]
..\\Parameters\\common_lib.h(166): Notify: Transaction "click_Itinerary" ended with a "Pass" status (Duration: 0,2694).	[MsgId: MMSG-16873]
Action.c(11): Notify: Transaction "cancel_booking" started.	[MsgId: MMSG-16999]
Action.c(13): web_reg_find started  	[MsgId: MMSG-26355]
Action.c(13): Registering web_reg_find was successful  	[MsgId: MMSG-26390]
Action.c(17): web_submit_form("itinerary.pl") started  	[MsgId: MMSG-26355]
Action.c(17): Error -27979: Requested form not found  	[MsgId: MERR-27979]
End auto log messages stack.	[MsgId: MMSG-10544]


Start auto log messages stack - Iteration 134.	[MsgId: MMSG-10545]
..\\Parameters\\common_lib.h(156): Resource "http://localhost:1080/WebTours/images/signoff.gif" is in the cache already and will not be downloaded again  	[MsgId: MMSG-26655]
..\\Parameters\\common_lib.h(156): web_url("Itinerary Button") was successful, 4381 body bytes, 1319 header bytes, 36 chunking overhead bytes  	[MsgId: MMSG-26385]
..\\Parameters\\common_lib.h(166): Notify: Transaction "click_Itinerary" ended with a "Pass" status (Duration: 0,2485).	[MsgId: MMSG-16873]
Action.c(11): Notify: Transaction "cancel_booking" started.	[MsgId: MMSG-16999]
Action.c(13): web_reg_find started  	[MsgId: MMSG-26355]
Action.c(13): Registering web_reg_find was successful  	[MsgId: MMSG-26390]
Action.c(17): web_submit_form("itinerary.pl") started  	[MsgId: MMSG-26355]
Action.c(17): Error -27979: Requested form not found  	[MsgId: MERR-27979]
End auto log messages stack.	[MsgId: MMSG-10544]


Start auto log messages stack - Iteration 135.	[MsgId: MMSG-10545]
..\\Parameters\\common_lib.h(156): Resource "http://localhost:1080/WebTours/images/signoff.gif" is in the cache already and will not be downloaded again  	[MsgId: MMSG-26655]
..\\Parameters\\common_lib.h(156): web_url("Itinerary Button") was successful, 4381 body bytes, 1319 header bytes, 36 chunking overhead bytes  	[MsgId: MMSG-26385]
..\\Parameters\\common_lib.h(166): Notify: Transaction "click_Itinerary" ended with a "Pass" status (Duration: 0,2304).	[MsgId: MMSG-16873]
Action.c(11): Notify: Transaction "cancel_booking" started.	[MsgId: MMSG-16999]
Action.c(13): web_reg_find started  	[MsgId: MMSG-26355]
Action.c(13): Registering web_reg_find was successful  	[MsgId: MMSG-26390]
Action.c(17): web_submit_form("itinerary.pl") started  	[MsgId: MMSG-26355]
Action.c(17): Error -27979: Requested form not found  	[MsgId: MERR-27979]
End auto log messages stack.	[MsgId: MMSG-10544]


Start auto log messages stack - Iteration 140.	[MsgId: MMSG-10545]
..\\Parameters\\common_lib.h(156): Resource "http://localhost:1080/WebTours/images/signoff.gif" is in the cache already and will not be downloaded again  	[MsgId: MMSG-26655]
..\\Parameters\\common_lib.h(156): web_url("Itinerary Button") was successful, 4381 body bytes, 1319 header bytes, 36 chunking overhead bytes  	[MsgId: MMSG-26385]
..\\Parameters\\common_lib.h(166): Notify: Transaction "click_Itinerary" ended with a "Pass" status (Duration: 0,2465).	[MsgId: MMSG-16873]
Action.c(11): Notify: Transaction "cancel_booking" started.	[MsgId: MMSG-16999]
Action.c(13): web_reg_find started  	[MsgId: MMSG-26355]
Action.c(13): Registering web_reg_find was successful  	[MsgId: MMSG-26390]
Action.c(17): web_submit_form("itinerary.pl") started  	[MsgId: MMSG-26355]
Action.c(17): Error -27979: Requested form not found  	[MsgId: MERR-27979]
End auto log messages stack.	[MsgId: MMSG-10544]


Start auto log messages stack - Iteration 141.	[MsgId: MMSG-10545]
..\\Parameters\\common_lib.h(156): Resource "http://localhost:1080/WebTours/images/signoff.gif" is in the cache already and will not be downloaded again  	[MsgId: MMSG-26655]
..\\Parameters\\common_lib.h(156): web_url("Itinerary Button") was successful, 4381 body bytes, 1319 header bytes, 36 chunking overhead bytes  	[MsgId: MMSG-26385]
..\\Parameters\\common_lib.h(166): Notify: Transaction "click_Itinerary" ended with a "Pass" status (Duration: 0,1955).	[MsgId: MMSG-16873]
Action.c(11): Notify: Transaction "cancel_booking" started.	[MsgId: MMSG-16999]
Action.c(13): web_reg_find started  	[MsgId: MMSG-26355]
Action.c(13): Registering web_reg_find was successful  	[MsgId: MMSG-26390]
Action.c(17): web_submit_form("itinerary.pl") started  	[MsgId: MMSG-26355]
Action.c(17): Error -27979: Requested form not found  	[MsgId: MERR-27979]
End auto log messages stack.	[MsgId: MMSG-10544]


Start auto log messages stack - Iteration 142.	[MsgId: MMSG-10545]
..\\Parameters\\common_lib.h(156): Resource "http://localhost:1080/WebTours/images/signoff.gif" is in the cache already and will not be downloaded again  	[MsgId: MMSG-26655]
..\\Parameters\\common_lib.h(156): web_url("Itinerary Button") was successful, 4381 body bytes, 1319 header bytes, 36 chunking overhead bytes  	[MsgId: MMSG-26385]
..\\Parameters\\common_lib.h(166): Notify: Transaction "click_Itinerary" ended with a "Pass" status (Duration: 0,2700).	[MsgId: MMSG-16873]
Action.c(11): Notify: Transaction "cancel_booking" started.	[MsgId: MMSG-16999]
Action.c(13): web_reg_find started  	[MsgId: MMSG-26355]
Action.c(13): Registering web_reg_find was successful  	[MsgId: MMSG-26390]
Action.c(17): web_submit_form("itinerary.pl") started  	[MsgId: MMSG-26355]
Action.c(17): Error -27979: Requested form not found  	[MsgId: MERR-27979]
End auto log messages stack.	[MsgId: MMSG-10544]


Start auto log messages stack - Iteration 143.	[MsgId: MMSG-10545]
..\\Parameters\\common_lib.h(156): Resource "http://localhost:1080/WebTours/images/signoff.gif" is in the cache already and will not be downloaded again  	[MsgId: MMSG-26655]
..\\Parameters\\common_lib.h(156): web_url("Itinerary Button") was successful, 4381 body bytes, 1319 header bytes, 36 chunking overhead bytes  	[MsgId: MMSG-26385]
..\\Parameters\\common_lib.h(166): Notify: Transaction "click_Itinerary" ended with a "Pass" status (Duration: 0,2855).	[MsgId: MMSG-16873]
Action.c(11): Notify: Transaction "cancel_booking" started.	[MsgId: MMSG-16999]
Action.c(13): web_reg_find started  	[MsgId: MMSG-26355]
Action.c(13): Registering web_reg_find was successful  	[MsgId: MMSG-26390]
Action.c(17): web_submit_form("itinerary.pl") started  	[MsgId: MMSG-26355]
Action.c(17): Error -27979: Requested form not found  	[MsgId: MERR-27979]
End auto log messages stack.	[MsgId: MMSG-10544]


Start auto log messages stack - Iteration 144.	[MsgId: MMSG-10545]
..\\Parameters\\common_lib.h(156): Resource "http://localhost:1080/WebTours/images/signoff.gif" is in the cache already and will not be downloaded again  	[MsgId: MMSG-26655]
..\\Parameters\\common_lib.h(156): web_url("Itinerary Button") was successful, 4381 body bytes, 1319 header bytes, 36 chunking overhead bytes  	[MsgId: MMSG-26385]
..\\Parameters\\common_lib.h(166): Notify: Transaction "click_Itinerary" ended with a "Pass" status (Duration: 0,2787).	[MsgId: MMSG-16873]
Action.c(11): Notify: Transaction "cancel_booking" started.	[MsgId: MMSG-16999]
Action.c(13): web_reg_find started  	[MsgId: MMSG-26355]
Action.c(13): Registering web_reg_find was successful  	[MsgId: MMSG-26390]
Action.c(17): web_submit_form("itinerary.pl") started  	[MsgId: MMSG-26355]
Action.c(17): Error -27979: Requested form not found  	[MsgId: MERR-27979]
End auto log messages stack.	[MsgId: MMSG-10544]


Start auto log messages stack - Iteration 145.	[MsgId: MMSG-10545]
..\\Parameters\\common_lib.h(156): Resource "http://localhost:1080/WebTours/images/signoff.gif" is in the cache already and will not be downloaded again  	[MsgId: MMSG-26655]
..\\Parameters\\common_lib.h(156): web_url("Itinerary Button") was successful, 4381 body bytes, 1319 header bytes, 36 chunking overhead bytes  	[MsgId: MMSG-26385]
..\\Parameters\\common_lib.h(166): Notify: Transaction "click_Itinerary" ended with a "Pass" status (Duration: 0,2336).	[MsgId: MMSG-16873]
Action.c(11): Notify: Transaction "cancel_booking" started.	[MsgId: MMSG-16999]
Action.c(13): web_reg_find started  	[MsgId: MMSG-26355]
Action.c(13): Registering web_reg_find was successful  	[MsgId: MMSG-26390]
Action.c(17): web_submit_form("itinerary.pl") started  	[MsgId: MMSG-26355]
Action.c(17): Error -27979: Requested form not found  	[MsgId: MERR-27979]
End auto log messages stack.	[MsgId: MMSG-10544]


Start auto log messages stack - Iteration 149.	[MsgId: MMSG-10545]
..\\Parameters\\common_lib.h(156): Resource "http://localhost:1080/WebTours/images/signoff.gif" is in the cache already and will not be downloaded again  	[MsgId: MMSG-26655]
..\\Parameters\\common_lib.h(156): web_url("Itinerary Button") was successful, 4381 body bytes, 1319 header bytes, 36 chunking overhead bytes  	[MsgId: MMSG-26385]
..\\Parameters\\common_lib.h(166): Notify: Transaction "click_Itinerary" ended with a "Pass" status (Duration: 0,2293).	[MsgId: MMSG-16873]
Action.c(11): Notify: Transaction "cancel_booking" started.	[MsgId: MMSG-16999]
Action.c(13): web_reg_find started  	[MsgId: MMSG-26355]
Action.c(13): Registering web_reg_find was successful  	[MsgId: MMSG-26390]
Action.c(17): web_submit_form("itinerary.pl") started  	[MsgId: MMSG-26355]
Action.c(17): Error -27979: Requested form not found  	[MsgId: MERR-27979]
End auto log messages stack.	[MsgId: MMSG-10544]


Start auto log messages stack - Iteration 150.	[MsgId: MMSG-10545]
..\\Parameters\\common_lib.h(156): Resource "http://localhost:1080/WebTours/images/signoff.gif" is in the cache already and will not be downloaded again  	[MsgId: MMSG-26655]
..\\Parameters\\common_lib.h(156): web_url("Itinerary Button") was successful, 4381 body bytes, 1319 header bytes, 36 chunking overhead bytes  	[MsgId: MMSG-26385]
..\\Parameters\\common_lib.h(166): Notify: Transaction "click_Itinerary" ended with a "Pass" status (Duration: 0,2840).	[MsgId: MMSG-16873]
Action.c(11): Notify: Transaction "cancel_booking" started.	[MsgId: MMSG-16999]
Action.c(13): web_reg_find started  	[MsgId: MMSG-26355]
Action.c(13): Registering web_reg_find was successful  	[MsgId: MMSG-26390]
Action.c(17): web_submit_form("itinerary.pl") started  	[MsgId: MMSG-26355]
Action.c(17): Error -27979: Requested form not found  	[MsgId: MERR-27979]
End auto log messages stack.	[MsgId: MMSG-10544]


Start auto log messages stack - Iteration 151.	[MsgId: MMSG-10545]
..\\Parameters\\common_lib.h(156): Resource "http://localhost:1080/WebTours/images/signoff.gif" is in the cache already and will not be downloaded again  	[MsgId: MMSG-26655]
..\\Parameters\\common_lib.h(156): web_url("Itinerary Button") was successful, 4381 body bytes, 1319 header bytes, 36 chunking overhead bytes  	[MsgId: MMSG-26385]
..\\Parameters\\common_lib.h(166): Notify: Transaction "click_Itinerary" ended with a "Pass" status (Duration: 0,2831).	[MsgId: MMSG-16873]
Action.c(11): Notify: Transaction "cancel_booking" started.	[MsgId: MMSG-16999]
Action.c(13): web_reg_find started  	[MsgId: MMSG-26355]
Action.c(13): Registering web_reg_find was successful  	[MsgId: MMSG-26390]
Action.c(17): web_submit_form("itinerary.pl") started  	[MsgId: MMSG-26355]
Action.c(17): Error -27979: Requested form not found  	[MsgId: MERR-27979]
End auto log messages stack.	[MsgId: MMSG-10544]


Start auto log messages stack - Iteration 152.	[MsgId: MMSG-10545]
..\\Parameters\\common_lib.h(156): Resource "http://localhost:1080/WebTours/images/signoff.gif" is in the cache already and will not be downloaded again  	[MsgId: MMSG-26655]
..\\Parameters\\common_lib.h(156): web_url("Itinerary Button") was successful, 4381 body bytes, 1319 header bytes, 36 chunking overhead bytes  	[MsgId: MMSG-26385]
..\\Parameters\\common_lib.h(166): Notify: Transaction "click_Itinerary" ended with a "Pass" status (Duration: 0,2282).	[MsgId: MMSG-16873]
Action.c(11): Notify: Transaction "cancel_booking" started.	[MsgId: MMSG-16999]
Action.c(13): web_reg_find started  	[MsgId: MMSG-26355]
Action.c(13): Registering web_reg_find was successful  	[MsgId: MMSG-26390]
Action.c(17): web_submit_form("itinerary.pl") started  	[MsgId: MMSG-26355]
Action.c(17): Error -27979: Requested form not found  	[MsgId: MERR-27979]
End auto log messages stack.	[MsgId: MMSG-10544]


Start auto log messages stack - Iteration 153.	[MsgId: MMSG-10545]
..\\Parameters\\common_lib.h(156): Resource "http://localhost:1080/WebTours/images/signoff.gif" is in the cache already and will not be downloaded again  	[MsgId: MMSG-26655]
..\\Parameters\\common_lib.h(156): web_url("Itinerary Button") was successful, 4381 body bytes, 1319 header bytes, 36 chunking overhead bytes  	[MsgId: MMSG-26385]
..\\Parameters\\common_lib.h(166): Notify: Transaction "click_Itinerary" ended with a "Pass" status (Duration: 0,2396).	[MsgId: MMSG-16873]
Action.c(11): Notify: Transaction "cancel_booking" started.	[MsgId: MMSG-16999]
Action.c(13): web_reg_find started  	[MsgId: MMSG-26355]
Action.c(13): Registering web_reg_find was successful  	[MsgId: MMSG-26390]
Action.c(17): web_submit_form("itinerary.pl") started  	[MsgId: MMSG-26355]
Action.c(17): Error -27979: Requested form not found  	[MsgId: MERR-27979]
End auto log messages stack.	[MsgId: MMSG-10544]


Start auto log messages stack - Iteration 154.	[MsgId: MMSG-10545]
..\\Parameters\\common_lib.h(156): Resource "http://localhost:1080/WebTours/images/signoff.gif" is in the cache already and will not be downloaded again  	[MsgId: MMSG-26655]
..\\Parameters\\common_lib.h(156): web_url("Itinerary Button") was successful, 4381 body bytes, 1319 header bytes, 36 chunking overhead bytes  	[MsgId: MMSG-26385]
..\\Parameters\\common_lib.h(166): Notify: Transaction "click_Itinerary" ended with a "Pass" status (Duration: 0,3610).	[MsgId: MMSG-16873]
Action.c(11): Notify: Transaction "cancel_booking" started.	[MsgId: MMSG-16999]
Action.c(13): web_reg_find started  	[MsgId: MMSG-26355]
Action.c(13): Registering web_reg_find was successful  	[MsgId: MMSG-26390]
Action.c(17): web_submit_form("itinerary.pl") started  	[MsgId: MMSG-26355]
Action.c(17): Error -27979: Requested form not found  	[MsgId: MERR-27979]
End auto log messages stack.	[MsgId: MMSG-10544]


Start auto log messages stack - Iteration 155.	[MsgId: MMSG-10545]
..\\Parameters\\common_lib.h(156): Resource "http://localhost:1080/WebTours/images/signoff.gif" is in the cache already and will not be downloaded again  	[MsgId: MMSG-26655]
..\\Parameters\\common_lib.h(156): web_url("Itinerary Button") was successful, 4381 body bytes, 1319 header bytes, 36 chunking overhead bytes  	[MsgId: MMSG-26385]
..\\Parameters\\common_lib.h(166): Notify: Transaction "click_Itinerary" ended with a "Pass" status (Duration: 0,2519).	[MsgId: MMSG-16873]
Action.c(11): Notify: Transaction "cancel_booking" started.	[MsgId: MMSG-16999]
Action.c(13): web_reg_find started  	[MsgId: MMSG-26355]
Action.c(13): Registering web_reg_find was successful  	[MsgId: MMSG-26390]
Action.c(17): web_submit_form("itinerary.pl") started  	[MsgId: MMSG-26355]
Action.c(17): Error -27979: Requested form not found  	[MsgId: MERR-27979]
End auto log messages stack.	[MsgId: MMSG-10544]


Start auto log messages stack - Iteration 156.	[MsgId: MMSG-10545]
..\\Parameters\\common_lib.h(156): Resource "http://localhost:1080/WebTours/images/signoff.gif" is in the cache already and will not be downloaded again  	[MsgId: MMSG-26655]
..\\Parameters\\common_lib.h(156): web_url("Itinerary Button") was successful, 4381 body bytes, 1319 header bytes, 36 chunking overhead bytes  	[MsgId: MMSG-26385]
..\\Parameters\\common_lib.h(166): Notify: Transaction "click_Itinerary" ended with a "Pass" status (Duration: 0,2310).	[MsgId: MMSG-16873]
Action.c(11): Notify: Transaction "cancel_booking" started.	[MsgId: MMSG-16999]
Action.c(13): web_reg_find started  	[MsgId: MMSG-26355]
Action.c(13): Registering web_reg_find was successful  	[MsgId: MMSG-26390]
Action.c(17): web_submit_form("itinerary.pl") started  	[MsgId: MMSG-26355]
Action.c(17): Error -27979: Requested form not found  	[MsgId: MERR-27979]
End auto log messages stack.	[MsgId: MMSG-10544]


Start auto log messages stack - Iteration 160.	[MsgId: MMSG-10545]
..\\Parameters\\common_lib.h(156): Resource "http://localhost:1080/WebTours/images/signoff.gif" is in the cache already and will not be downloaded again  	[MsgId: MMSG-26655]
..\\Parameters\\common_lib.h(156): web_url("Itinerary Button") was successful, 4381 body bytes, 1319 header bytes, 36 chunking overhead bytes  	[MsgId: MMSG-26385]
..\\Parameters\\common_lib.h(166): Notify: Transaction "click_Itinerary" ended with a "Pass" status (Duration: 0,2666).	[MsgId: MMSG-16873]
Action.c(11): Notify: Transaction "cancel_booking" started.	[MsgId: MMSG-16999]
Action.c(13): web_reg_find started  	[MsgId: MMSG-26355]
Action.c(13): Registering web_reg_find was successful  	[MsgId: MMSG-26390]
Action.c(17): web_submit_form("itinerary.pl") started  	[MsgId: MMSG-26355]
Action.c(17): Error -27979: Requested form not found  	[MsgId: MERR-27979]
End auto log messages stack.	[MsgId: MMSG-10544]


Start auto log messages stack - Iteration 161.	[MsgId: MMSG-10545]
..\\Parameters\\common_lib.h(156): Resource "http://localhost:1080/WebTours/images/signoff.gif" is in the cache already and will not be downloaded again  	[MsgId: MMSG-26655]
..\\Parameters\\common_lib.h(156): web_url("Itinerary Button") was successful, 4381 body bytes, 1319 header bytes, 36 chunking overhead bytes  	[MsgId: MMSG-26385]
..\\Parameters\\common_lib.h(166): Notify: Transaction "click_Itinerary" ended with a "Pass" status (Duration: 0,2236).	[MsgId: MMSG-16873]
Action.c(11): Notify: Transaction "cancel_booking" started.	[MsgId: MMSG-16999]
Action.c(13): web_reg_find started  	[MsgId: MMSG-26355]
Action.c(13): Registering web_reg_find was successful  	[MsgId: MMSG-26390]
Action.c(17): web_submit_form("itinerary.pl") started  	[MsgId: MMSG-26355]
Action.c(17): Error -27979: Requested form not found  	[MsgId: MERR-27979]
End auto log messages stack.	[MsgId: MMSG-10544]


Start auto log messages stack - Iteration 162.	[MsgId: MMSG-10545]
..\\Parameters\\common_lib.h(156): Resource "http://localhost:1080/WebTours/images/signoff.gif" is in the cache already and will not be downloaded again  	[MsgId: MMSG-26655]
..\\Parameters\\common_lib.h(156): web_url("Itinerary Button") was successful, 4381 body bytes, 1319 header bytes, 36 chunking overhead bytes  	[MsgId: MMSG-26385]
..\\Parameters\\common_lib.h(166): Notify: Transaction "click_Itinerary" ended with a "Pass" status (Duration: 0,2601).	[MsgId: MMSG-16873]
Action.c(11): Notify: Transaction "cancel_booking" started.	[MsgId: MMSG-16999]
Action.c(13): web_reg_find started  	[MsgId: MMSG-26355]
Action.c(13): Registering web_reg_find was successful  	[MsgId: MMSG-26390]
Action.c(17): web_submit_form("itinerary.pl") started  	[MsgId: MMSG-26355]
Action.c(17): Error -27979: Requested form not found  	[MsgId: MERR-27979]
End auto log messages stack.	[MsgId: MMSG-10544]


Start auto log messages stack - Iteration 163.	[MsgId: MMSG-10545]
..\\Parameters\\common_lib.h(156): Resource "http://localhost:1080/WebTours/images/signoff.gif" is in the cache already and will not be downloaded again  	[MsgId: MMSG-26655]
..\\Parameters\\common_lib.h(156): web_url("Itinerary Button") was successful, 4381 body bytes, 1319 header bytes, 36 chunking overhead bytes  	[MsgId: MMSG-26385]
..\\Parameters\\common_lib.h(166): Notify: Transaction "click_Itinerary" ended with a "Pass" status (Duration: 0,2696).	[MsgId: MMSG-16873]
Action.c(11): Notify: Transaction "cancel_booking" started.	[MsgId: MMSG-16999]
Action.c(13): web_reg_find started  	[MsgId: MMSG-26355]
Action.c(13): Registering web_reg_find was successful  	[MsgId: MMSG-26390]
Action.c(17): web_submit_form("itinerary.pl") started  	[MsgId: MMSG-26355]
Action.c(17): Error -27979: Requested form not found  	[MsgId: MERR-27979]
End auto log messages stack.	[MsgId: MMSG-10544]


Start auto log messages stack - Iteration 164.	[MsgId: MMSG-10545]
..\\Parameters\\common_lib.h(156): Resource "http://localhost:1080/WebTours/images/signoff.gif" is in the cache already and will not be downloaded again  	[MsgId: MMSG-26655]
..\\Parameters\\common_lib.h(156): web_url("Itinerary Button") was successful, 4381 body bytes, 1319 header bytes, 36 chunking overhead bytes  	[MsgId: MMSG-26385]
..\\Parameters\\common_lib.h(166): Notify: Transaction "click_Itinerary" ended with a "Pass" status (Duration: 0,3230).	[MsgId: MMSG-16873]
Action.c(11): Notify: Transaction "cancel_booking" started.	[MsgId: MMSG-16999]
Action.c(13): web_reg_find started  	[MsgId: MMSG-26355]
Action.c(13): Registering web_reg_find was successful  	[MsgId: MMSG-26390]
Action.c(17): web_submit_form("itinerary.pl") started  	[MsgId: MMSG-26355]
Action.c(17): Error -27979: Requested form not found  	[MsgId: MERR-27979]
End auto log messages stack.	[MsgId: MMSG-10544]


Start auto log messages stack - Iteration 165.	[MsgId: MMSG-10545]
..\\Parameters\\common_lib.h(156): Resource "http://localhost:1080/WebTours/images/signoff.gif" is in the cache already and will not be downloaded again  	[MsgId: MMSG-26655]
..\\Parameters\\common_lib.h(156): web_url("Itinerary Button") was successful, 4381 body bytes, 1319 header bytes, 36 chunking overhead bytes  	[MsgId: MMSG-26385]
..\\Parameters\\common_lib.h(166): Notify: Transaction "click_Itinerary" ended with a "Pass" status (Duration: 0,2867).	[MsgId: MMSG-16873]
Action.c(11): Notify: Transaction "cancel_booking" started.	[MsgId: MMSG-16999]
Action.c(13): web_reg_find started  	[MsgId: MMSG-26355]
Action.c(13): Registering web_reg_find was successful  	[MsgId: MMSG-26390]
Action.c(17): web_submit_form("itinerary.pl") started  	[MsgId: MMSG-26355]
Action.c(17): Error -27979: Requested form not found  	[MsgId: MERR-27979]
End auto log messages stack.	[MsgId: MMSG-10544]


Start auto log messages stack - Iteration 166.	[MsgId: MMSG-10545]
..\\Parameters\\common_lib.h(156): Resource "http://localhost:1080/WebTours/images/signoff.gif" is in the cache already and will not be downloaded again  	[MsgId: MMSG-26655]
..\\Parameters\\common_lib.h(156): web_url("Itinerary Button") was successful, 4381 body bytes, 1319 header bytes, 36 chunking overhead bytes  	[MsgId: MMSG-26385]
..\\Parameters\\common_lib.h(166): Notify: Transaction "click_Itinerary" ended with a "Pass" status (Duration: 0,2561).	[MsgId: MMSG-16873]
Action.c(11): Notify: Transaction "cancel_booking" started.	[MsgId: MMSG-16999]
Action.c(13): web_reg_find started  	[MsgId: MMSG-26355]
Action.c(13): Registering web_reg_find was successful  	[MsgId: MMSG-26390]
Action.c(17): web_submit_form("itinerary.pl") started  	[MsgId: MMSG-26355]
Action.c(17): Error -27979: Requested form not found  	[MsgId: MERR-27979]
End auto log messages stack.	[MsgId: MMSG-10544]


Start auto log messages stack - Iteration 168.	[MsgId: MMSG-10545]
..\\Parameters\\common_lib.h(156): Resource "http://localhost:1080/WebTours/images/signoff.gif" is in the cache already and will not be downloaded again  	[MsgId: MMSG-26655]
..\\Parameters\\common_lib.h(156): web_url("Itinerary Button") was successful, 4381 body bytes, 1319 header bytes, 36 chunking overhead bytes  	[MsgId: MMSG-26385]
..\\Parameters\\common_lib.h(166): Notify: Transaction "click_Itinerary" ended with a "Pass" status (Duration: 0,2871).	[MsgId: MMSG-16873]
Action.c(11): Notify: Transaction "cancel_booking" started.	[MsgId: MMSG-16999]
Action.c(13): web_reg_find started  	[MsgId: MMSG-26355]
Action.c(13): Registering web_reg_find was successful  	[MsgId: MMSG-26390]
Action.c(17): web_submit_form("itinerary.pl") started  	[MsgId: MMSG-26355]
Action.c(17): Error -27979: Requested form not found  	[MsgId: MERR-27979]
End auto log messages stack.	[MsgId: MMSG-10544]


Start auto log messages stack - Iteration 171.	[MsgId: MMSG-10545]
..\\Parameters\\common_lib.h(156): Resource "http://localhost:1080/WebTours/images/signoff.gif" is in the cache already and will not be downloaded again  	[MsgId: MMSG-26655]
..\\Parameters\\common_lib.h(156): web_url("Itinerary Button") was successful, 4381 body bytes, 1319 header bytes, 36 chunking overhead bytes  	[MsgId: MMSG-26385]
..\\Parameters\\common_lib.h(166): Notify: Transaction "click_Itinerary" ended with a "Pass" status (Duration: 0,2884).	[MsgId: MMSG-16873]
Action.c(11): Notify: Transaction "cancel_booking" started.	[MsgId: MMSG-16999]
Action.c(13): web_reg_find started  	[MsgId: MMSG-26355]
Action.c(13): Registering web_reg_find was successful  	[MsgId: MMSG-26390]
Action.c(17): web_submit_form("itinerary.pl") started  	[MsgId: MMSG-26355]
Action.c(17): Error -27979: Requested form not found  	[MsgId: MERR-27979]
End auto log messages stack.	[MsgId: MMSG-10544]


Start auto log messages stack - Iteration 172.	[MsgId: MMSG-10545]
..\\Parameters\\common_lib.h(156): Resource "http://localhost:1080/WebTours/images/signoff.gif" is in the cache already and will not be downloaded again  	[MsgId: MMSG-26655]
..\\Parameters\\common_lib.h(156): web_url("Itinerary Button") was successful, 4381 body bytes, 1319 header bytes, 36 chunking overhead bytes  	[MsgId: MMSG-26385]
..\\Parameters\\common_lib.h(166): Notify: Transaction "click_Itinerary" ended with a "Pass" status (Duration: 0,2642).	[MsgId: MMSG-16873]
Action.c(11): Notify: Transaction "cancel_booking" started.	[MsgId: MMSG-16999]
Action.c(13): web_reg_find started  	[MsgId: MMSG-26355]
Action.c(13): Registering web_reg_find was successful  	[MsgId: MMSG-26390]
Action.c(17): web_submit_form("itinerary.pl") started  	[MsgId: MMSG-26355]
Action.c(17): Error -27979: Requested form not found  	[MsgId: MERR-27979]
End auto log messages stack.	[MsgId: MMSG-10544]


Start auto log messages stack - Iteration 173.	[MsgId: MMSG-10545]
..\\Parameters\\common_lib.h(156): Resource "http://localhost:1080/WebTours/images/signoff.gif" is in the cache already and will not be downloaded again  	[MsgId: MMSG-26655]
..\\Parameters\\common_lib.h(156): web_url("Itinerary Button") was successful, 4381 body bytes, 1319 header bytes, 36 chunking overhead bytes  	[MsgId: MMSG-26385]
..\\Parameters\\common_lib.h(166): Notify: Transaction "click_Itinerary" ended with a "Pass" status (Duration: 0,2249).	[MsgId: MMSG-16873]
Action.c(11): Notify: Transaction "cancel_booking" started.	[MsgId: MMSG-16999]
Action.c(13): web_reg_find started  	[MsgId: MMSG-26355]
Action.c(13): Registering web_reg_find was successful  	[MsgId: MMSG-26390]
Action.c(17): web_submit_form("itinerary.pl") started  	[MsgId: MMSG-26355]
Action.c(17): Error -27979: Requested form not found  	[MsgId: MERR-27979]
End auto log messages stack.	[MsgId: MMSG-10544]


Start auto log messages stack - Iteration 174.	[MsgId: MMSG-10545]
..\\Parameters\\common_lib.h(156): Resource "http://localhost:1080/WebTours/images/signoff.gif" is in the cache already and will not be downloaded again  	[MsgId: MMSG-26655]
..\\Parameters\\common_lib.h(156): web_url("Itinerary Button") was successful, 4381 body bytes, 1319 header bytes, 36 chunking overhead bytes  	[MsgId: MMSG-26385]
..\\Parameters\\common_lib.h(166): Notify: Transaction "click_Itinerary" ended with a "Pass" status (Duration: 0,2063).	[MsgId: MMSG-16873]
Action.c(11): Notify: Transaction "cancel_booking" started.	[MsgId: MMSG-16999]
Action.c(13): web_reg_find started  	[MsgId: MMSG-26355]
Action.c(13): Registering web_reg_find was successful  	[MsgId: MMSG-26390]
Action.c(17): web_submit_form("itinerary.pl") started  	[MsgId: MMSG-26355]
Action.c(17): Error -27979: Requested form not found  	[MsgId: MERR-27979]
End auto log messages stack.	[MsgId: MMSG-10544]


Start auto log messages stack - Iteration 175.	[MsgId: MMSG-10545]
..\\Parameters\\common_lib.h(156): Resource "http://localhost:1080/WebTours/images/signoff.gif" is in the cache already and will not be downloaded again  	[MsgId: MMSG-26655]
..\\Parameters\\common_lib.h(156): web_url("Itinerary Button") was successful, 4381 body bytes, 1319 header bytes, 36 chunking overhead bytes  	[MsgId: MMSG-26385]
..\\Parameters\\common_lib.h(166): Notify: Transaction "click_Itinerary" ended with a "Pass" status (Duration: 0,2723).	[MsgId: MMSG-16873]
Action.c(11): Notify: Transaction "cancel_booking" started.	[MsgId: MMSG-16999]
Action.c(13): web_reg_find started  	[MsgId: MMSG-26355]
Action.c(13): Registering web_reg_find was successful  	[MsgId: MMSG-26390]
Action.c(17): web_submit_form("itinerary.pl") started  	[MsgId: MMSG-26355]
Action.c(17): Error -27979: Requested form not found  	[MsgId: MERR-27979]
End auto log messages stack.	[MsgId: MMSG-10544]


Start auto log messages stack - Iteration 176.	[MsgId: MMSG-10545]
..\\Parameters\\common_lib.h(156): Resource "http://localhost:1080/WebTours/images/signoff.gif" is in the cache already and will not be downloaded again  	[MsgId: MMSG-26655]
..\\Parameters\\common_lib.h(156): web_url("Itinerary Button") was successful, 4381 body bytes, 1319 header bytes, 36 chunking overhead bytes  	[MsgId: MMSG-26385]
..\\Parameters\\common_lib.h(166): Notify: Transaction "click_Itinerary" ended with a "Pass" status (Duration: 0,2541).	[MsgId: MMSG-16873]
Action.c(11): Notify: Transaction "cancel_booking" started.	[MsgId: MMSG-16999]
Action.c(13): web_reg_find started  	[MsgId: MMSG-26355]
Action.c(13): Registering web_reg_find was successful  	[MsgId: MMSG-26390]
Action.c(17): web_submit_form("itinerary.pl") started  	[MsgId: MMSG-26355]
Action.c(17): Error -27979: Requested form not found  	[MsgId: MERR-27979]
End auto log messages stack.	[MsgId: MMSG-10544]


Start auto log messages stack - Iteration 177.	[MsgId: MMSG-10545]
..\\Parameters\\common_lib.h(156): Resource "http://localhost:1080/WebTours/images/signoff.gif" is in the cache already and will not be downloaded again  	[MsgId: MMSG-26655]
..\\Parameters\\common_lib.h(156): web_url("Itinerary Button") was successful, 4381 body bytes, 1319 header bytes, 36 chunking overhead bytes  	[MsgId: MMSG-26385]
..\\Parameters\\common_lib.h(166): Notify: Transaction "click_Itinerary" ended with a "Pass" status (Duration: 0,2329).	[MsgId: MMSG-16873]
Action.c(11): Notify: Transaction "cancel_booking" started.	[MsgId: MMSG-16999]
Action.c(13): web_reg_find started  	[MsgId: MMSG-26355]
Action.c(13): Registering web_reg_find was successful  	[MsgId: MMSG-26390]
Action.c(17): web_submit_form("itinerary.pl") started  	[MsgId: MMSG-26355]
Action.c(17): Error -27979: Requested form not found  	[MsgId: MERR-27979]
End auto log messages stack.	[MsgId: MMSG-10544]


Start auto log messages stack - Iteration 179.	[MsgId: MMSG-10545]
..\\Parameters\\common_lib.h(156): Resource "http://localhost:1080/WebTours/images/signoff.gif" is in the cache already and will not be downloaded again  	[MsgId: MMSG-26655]
..\\Parameters\\common_lib.h(156): web_url("Itinerary Button") was successful, 4381 body bytes, 1319 header bytes, 36 chunking overhead bytes  	[MsgId: MMSG-26385]
..\\Parameters\\common_lib.h(166): Notify: Transaction "click_Itinerary" ended with a "Pass" status (Duration: 0,2825).	[MsgId: MMSG-16873]
Action.c(11): Notify: Transaction "cancel_booking" started.	[MsgId: MMSG-16999]
Action.c(13): web_reg_find started  	[MsgId: MMSG-26355]
Action.c(13): Registering web_reg_find was successful  	[MsgId: MMSG-26390]
Action.c(17): web_submit_form("itinerary.pl") started  	[MsgId: MMSG-26355]
Action.c(17): Error -27979: Requested form not found  	[MsgId: MERR-27979]
End auto log messages stack.	[MsgId: MMSG-10544]


Start auto log messages stack - Iteration 183.	[MsgId: MMSG-10545]
..\\Parameters\\common_lib.h(156): Resource "http://localhost:1080/WebTours/images/signoff.gif" is in the cache already and will not be downloaded again  	[MsgId: MMSG-26655]
..\\Parameters\\common_lib.h(156): web_url("Itinerary Button") was successful, 4381 body bytes, 1319 header bytes, 36 chunking overhead bytes  	[MsgId: MMSG-26385]
..\\Parameters\\common_lib.h(166): Notify: Transaction "click_Itinerary" ended with a "Pass" status (Duration: 0,3132).	[MsgId: MMSG-16873]
Action.c(11): Notify: Transaction "cancel_booking" started.	[MsgId: MMSG-16999]
Action.c(13): web_reg_find started  	[MsgId: MMSG-26355]
Action.c(13): Registering web_reg_find was successful  	[MsgId: MMSG-26390]
Action.c(17): web_submit_form("itinerary.pl") started  	[MsgId: MMSG-26355]
Action.c(17): Error -27979: Requested form not found  	[MsgId: MERR-27979]
End auto log messages stack.	[MsgId: MMSG-10544]


Start auto log messages stack - Iteration 184.	[MsgId: MMSG-10545]
..\\Parameters\\common_lib.h(156): Resource "http://localhost:1080/WebTours/images/signoff.gif" is in the cache already and will not be downloaded again  	[MsgId: MMSG-26655]
..\\Parameters\\common_lib.h(156): web_url("Itinerary Button") was successful, 4381 body bytes, 1319 header bytes, 36 chunking overhead bytes  	[MsgId: MMSG-26385]
..\\Parameters\\common_lib.h(166): Notify: Transaction "click_Itinerary" ended with a "Pass" status (Duration: 0,2513).	[MsgId: MMSG-16873]
Action.c(11): Notify: Transaction "cancel_booking" started.	[MsgId: MMSG-16999]
Action.c(13): web_reg_find started  	[MsgId: MMSG-26355]
Action.c(13): Registering web_reg_find was successful  	[MsgId: MMSG-26390]
Action.c(17): web_submit_form("itinerary.pl") started  	[MsgId: MMSG-26355]
Action.c(17): Error -27979: Requested form not found  	[MsgId: MERR-27979]
End auto log messages stack.	[MsgId: MMSG-10544]


Start auto log messages stack - Iteration 185.	[MsgId: MMSG-10545]
..\\Parameters\\common_lib.h(156): Resource "http://localhost:1080/WebTours/images/signoff.gif" is in the cache already and will not be downloaded again  	[MsgId: MMSG-26655]
..\\Parameters\\common_lib.h(156): web_url("Itinerary Button") was successful, 4381 body bytes, 1319 header bytes, 36 chunking overhead bytes  	[MsgId: MMSG-26385]
..\\Parameters\\common_lib.h(166): Notify: Transaction "click_Itinerary" ended with a "Pass" status (Duration: 0,2109).	[MsgId: MMSG-16873]
Action.c(11): Notify: Transaction "cancel_booking" started.	[MsgId: MMSG-16999]
Action.c(13): web_reg_find started  	[MsgId: MMSG-26355]
Action.c(13): Registering web_reg_find was successful  	[MsgId: MMSG-26390]
Action.c(17): web_submit_form("itinerary.pl") started  	[MsgId: MMSG-26355]
Action.c(17): Error -27979: Requested form not found  	[MsgId: MERR-27979]
End auto log messages stack.	[MsgId: MMSG-10544]


Start auto log messages stack - Iteration 186.	[MsgId: MMSG-10545]
..\\Parameters\\common_lib.h(156): Resource "http://localhost:1080/WebTours/images/signoff.gif" is in the cache already and will not be downloaded again  	[MsgId: MMSG-26655]
..\\Parameters\\common_lib.h(156): web_url("Itinerary Button") was successful, 4381 body bytes, 1319 header bytes, 36 chunking overhead bytes  	[MsgId: MMSG-26385]
..\\Parameters\\common_lib.h(166): Notify: Transaction "click_Itinerary" ended with a "Pass" status (Duration: 0,2801).	[MsgId: MMSG-16873]
Action.c(11): Notify: Transaction "cancel_booking" started.	[MsgId: MMSG-16999]
Action.c(13): web_reg_find started  	[MsgId: MMSG-26355]
Action.c(13): Registering web_reg_find was successful  	[MsgId: MMSG-26390]
Action.c(17): web_submit_form("itinerary.pl") started  	[MsgId: MMSG-26355]
Action.c(17): Error -27979: Requested form not found  	[MsgId: MERR-27979]
End auto log messages stack.	[MsgId: MMSG-10544]


Start auto log messages stack - Iteration 187.	[MsgId: MMSG-10545]
..\\Parameters\\common_lib.h(156): Resource "http://localhost:1080/WebTours/images/signoff.gif" is in the cache already and will not be downloaded again  	[MsgId: MMSG-26655]
..\\Parameters\\common_lib.h(156): web_url("Itinerary Button") was successful, 4381 body bytes, 1319 header bytes, 36 chunking overhead bytes  	[MsgId: MMSG-26385]
..\\Parameters\\common_lib.h(166): Notify: Transaction "click_Itinerary" ended with a "Pass" status (Duration: 0,2691).	[MsgId: MMSG-16873]
Action.c(11): Notify: Transaction "cancel_booking" started.	[MsgId: MMSG-16999]
Action.c(13): web_reg_find started  	[MsgId: MMSG-26355]
Action.c(13): Registering web_reg_find was successful  	[MsgId: MMSG-26390]
Action.c(17): web_submit_form("itinerary.pl") started  	[MsgId: MMSG-26355]
Action.c(17): Error -27979: Requested form not found  	[MsgId: MERR-27979]
End auto log messages stack.	[MsgId: MMSG-10544]


Start auto log messages stack - Iteration 189.	[MsgId: MMSG-10545]
..\\Parameters\\common_lib.h(156): Resource "http://localhost:1080/WebTours/images/signoff.gif" is in the cache already and will not be downloaded again  	[MsgId: MMSG-26655]
..\\Parameters\\common_lib.h(156): web_url("Itinerary Button") was successful, 4381 body bytes, 1319 header bytes, 36 chunking overhead bytes  	[MsgId: MMSG-26385]
..\\Parameters\\common_lib.h(166): Notify: Transaction "click_Itinerary" ended with a "Pass" status (Duration: 0,3108).	[MsgId: MMSG-16873]
Action.c(11): Notify: Transaction "cancel_booking" started.	[MsgId: MMSG-16999]
Action.c(13): web_reg_find started  	[MsgId: MMSG-26355]
Action.c(13): Registering web_reg_find was successful  	[MsgId: MMSG-26390]
Action.c(17): web_submit_form("itinerary.pl") started  	[MsgId: MMSG-26355]
Action.c(17): Error -27979: Requested form not found  	[MsgId: MERR-27979]
End auto log messages stack.	[MsgId: MMSG-10544]


Start auto log messages stack - Iteration 193.	[MsgId: MMSG-10545]
..\\Parameters\\common_lib.h(156): Resource "http://localhost:1080/WebTours/images/signoff.gif" is in the cache already and will not be downloaded again  	[MsgId: MMSG-26655]
..\\Parameters\\common_lib.h(156): web_url("Itinerary Button") was successful, 4381 body bytes, 1319 header bytes, 36 chunking overhead bytes  	[MsgId: MMSG-26385]
..\\Parameters\\common_lib.h(166): Notify: Transaction "click_Itinerary" ended with a "Pass" status (Duration: 0,2387).	[MsgId: MMSG-16873]
Action.c(11): Notify: Transaction "cancel_booking" started.	[MsgId: MMSG-16999]
Action.c(13): web_reg_find started  	[MsgId: MMSG-26355]
Action.c(13): Registering web_reg_find was successful  	[MsgId: MMSG-26390]
Action.c(17): web_submit_form("itinerary.pl") started  	[MsgId: MMSG-26355]
Action.c(17): Error -27979: Requested form not found  	[MsgId: MERR-27979]
End auto log messages stack.	[MsgId: MMSG-10544]


Start auto log messages stack - Iteration 194.	[MsgId: MMSG-10545]
..\\Parameters\\common_lib.h(156): Resource "http://localhost:1080/WebTours/images/signoff.gif" is in the cache already and will not be downloaded again  	[MsgId: MMSG-26655]
..\\Parameters\\common_lib.h(156): web_url("Itinerary Button") was successful, 4381 body bytes, 1319 header bytes, 36 chunking overhead bytes  	[MsgId: MMSG-26385]
..\\Parameters\\common_lib.h(166): Notify: Transaction "click_Itinerary" ended with a "Pass" status (Duration: 0,2417).	[MsgId: MMSG-16873]
Action.c(11): Notify: Transaction "cancel_booking" started.	[MsgId: MMSG-16999]
Action.c(13): web_reg_find started  	[MsgId: MMSG-26355]
Action.c(13): Registering web_reg_find was successful  	[MsgId: MMSG-26390]
Action.c(17): web_submit_form("itinerary.pl") started  	[MsgId: MMSG-26355]
Action.c(17): Error -27979: Requested form not found  	[MsgId: MERR-27979]
End auto log messages stack.	[MsgId: MMSG-10544]


