Start auto log messages stack - Iteration 5.	[MsgId: MMSG-10545]
..\\Parameters\\common_lib.h(156): Resource "http://localhost:1080/WebTours/images/signoff.gif" is in the cache already and will not be downloaded again  	[MsgId: MMSG-26655]
..\\Parameters\\common_lib.h(156): web_url("Itinerary Button") was successful, 4381 body bytes, 1319 header bytes, 36 chunking overhead bytes  	[MsgId: MMSG-26385]
..\\Parameters\\common_lib.h(166): Notify: Transaction "click_Itinerary" ended with a "Pass" status (Duration: 0,1629).	[MsgId: MMSG-16873]
Action.c(11): Notify: Transaction "cancel_booking" started.	[MsgId: MMSG-16999]
Action.c(13): web_reg_find started  	[MsgId: MMSG-26355]
Action.c(13): Registering web_reg_find was successful  	[MsgId: MMSG-26390]
Action.c(17): web_submit_form("itinerary.pl") started  	[MsgId: MMSG-26355]
Action.c(17): Error -27979: Requested form not found  	[MsgId: MERR-27979]
End auto log messages stack.	[MsgId: MMSG-10544]


Start auto log messages stack - Iteration 6.	[MsgId: MMSG-10545]
..\\Parameters\\common_lib.h(156): Resource "http://localhost:1080/WebTours/images/signoff.gif" is in the cache already and will not be downloaded again  	[MsgId: MMSG-26655]
..\\Parameters\\common_lib.h(156): web_url("Itinerary Button") was successful, 4381 body bytes, 1319 header bytes, 36 chunking overhead bytes  	[MsgId: MMSG-26385]
..\\Parameters\\common_lib.h(166): Notify: Transaction "click_Itinerary" ended with a "Pass" status (Duration: 0,1786).	[MsgId: MMSG-16873]
Action.c(11): Notify: Transaction "cancel_booking" started.	[MsgId: MMSG-16999]
Action.c(13): web_reg_find started  	[MsgId: MMSG-26355]
Action.c(13): Registering web_reg_find was successful  	[MsgId: MMSG-26390]
Action.c(17): web_submit_form("itinerary.pl") started  	[MsgId: MMSG-26355]
Action.c(17): Error -27979: Requested form not found  	[MsgId: MERR-27979]
End auto log messages stack.	[MsgId: MMSG-10544]


Start auto log messages stack - Iteration 7.	[MsgId: MMSG-10545]
..\\Parameters\\common_lib.h(156): Resource "http://localhost:1080/WebTours/images/signoff.gif" is in the cache already and will not be downloaded again  	[MsgId: MMSG-26655]
..\\Parameters\\common_lib.h(156): web_url("Itinerary Button") was successful, 4381 body bytes, 1319 header bytes, 36 chunking overhead bytes  	[MsgId: MMSG-26385]
..\\Parameters\\common_lib.h(166): Notify: Transaction "click_Itinerary" ended with a "Pass" status (Duration: 0,1770).	[MsgId: MMSG-16873]
Action.c(11): Notify: Transaction "cancel_booking" started.	[MsgId: MMSG-16999]
Action.c(13): web_reg_find started  	[MsgId: MMSG-26355]
Action.c(13): Registering web_reg_find was successful  	[MsgId: MMSG-26390]
Action.c(17): web_submit_form("itinerary.pl") started  	[MsgId: MMSG-26355]
Action.c(17): Error -27979: Requested form not found  	[MsgId: MERR-27979]
End auto log messages stack.	[MsgId: MMSG-10544]


Start auto log messages stack - Iteration 8.	[MsgId: MMSG-10545]
..\\Parameters\\common_lib.h(156): Resource "http://localhost:1080/WebTours/images/signoff.gif" is in the cache already and will not be downloaded again  	[MsgId: MMSG-26655]
..\\Parameters\\common_lib.h(156): web_url("Itinerary Button") was successful, 4381 body bytes, 1319 header bytes, 36 chunking overhead bytes  	[MsgId: MMSG-26385]
..\\Parameters\\common_lib.h(166): Notify: Transaction "click_Itinerary" ended with a "Pass" status (Duration: 0,2365).	[MsgId: MMSG-16873]
Action.c(11): Notify: Transaction "cancel_booking" started.	[MsgId: MMSG-16999]
Action.c(13): web_reg_find started  	[MsgId: MMSG-26355]
Action.c(13): Registering web_reg_find was successful  	[MsgId: MMSG-26390]
Action.c(17): web_submit_form("itinerary.pl") started  	[MsgId: MMSG-26355]
Action.c(17): Error -27979: Requested form not found  	[MsgId: MERR-27979]
End auto log messages stack.	[MsgId: MMSG-10544]


Start auto log messages stack - Iteration 9.	[MsgId: MMSG-10545]
..\\Parameters\\common_lib.h(156): Resource "http://localhost:1080/WebTours/images/signoff.gif" is in the cache already and will not be downloaded again  	[MsgId: MMSG-26655]
..\\Parameters\\common_lib.h(156): web_url("Itinerary Button") was successful, 4381 body bytes, 1319 header bytes, 36 chunking overhead bytes  	[MsgId: MMSG-26385]
..\\Parameters\\common_lib.h(166): Notify: Transaction "click_Itinerary" ended with a "Pass" status (Duration: 0,1880).	[MsgId: MMSG-16873]
Action.c(11): Notify: Transaction "cancel_booking" started.	[MsgId: MMSG-16999]
Action.c(13): web_reg_find started  	[MsgId: MMSG-26355]
Action.c(13): Registering web_reg_find was successful  	[MsgId: MMSG-26390]
Action.c(17): web_submit_form("itinerary.pl") started  	[MsgId: MMSG-26355]
Action.c(17): Error -27979: Requested form not found  	[MsgId: MERR-27979]
End auto log messages stack.	[MsgId: MMSG-10544]


Start auto log messages stack - Iteration 10.	[MsgId: MMSG-10545]
..\\Parameters\\common_lib.h(156): Resource "http://localhost:1080/WebTours/images/signoff.gif" is in the cache already and will not be downloaded again  	[MsgId: MMSG-26655]
..\\Parameters\\common_lib.h(156): web_url("Itinerary Button") was successful, 4381 body bytes, 1319 header bytes, 36 chunking overhead bytes  	[MsgId: MMSG-26385]
..\\Parameters\\common_lib.h(166): Notify: Transaction "click_Itinerary" ended with a "Pass" status (Duration: 0,2127).	[MsgId: MMSG-16873]
Action.c(11): Notify: Transaction "cancel_booking" started.	[MsgId: MMSG-16999]
Action.c(13): web_reg_find started  	[MsgId: MMSG-26355]
Action.c(13): Registering web_reg_find was successful  	[MsgId: MMSG-26390]
Action.c(17): web_submit_form("itinerary.pl") started  	[MsgId: MMSG-26355]
Action.c(17): Error -27979: Requested form not found  	[MsgId: MERR-27979]
End auto log messages stack.	[MsgId: MMSG-10544]


Start auto log messages stack - Iteration 11.	[MsgId: MMSG-10545]
..\\Parameters\\common_lib.h(156): Resource "http://localhost:1080/WebTours/images/signoff.gif" is in the cache already and will not be downloaded again  	[MsgId: MMSG-26655]
..\\Parameters\\common_lib.h(156): web_url("Itinerary Button") was successful, 4381 body bytes, 1319 header bytes, 36 chunking overhead bytes  	[MsgId: MMSG-26385]
..\\Parameters\\common_lib.h(166): Notify: Transaction "click_Itinerary" ended with a "Pass" status (Duration: 0,2091).	[MsgId: MMSG-16873]
Action.c(11): Notify: Transaction "cancel_booking" started.	[MsgId: MMSG-16999]
Action.c(13): web_reg_find started  	[MsgId: MMSG-26355]
Action.c(13): Registering web_reg_find was successful  	[MsgId: MMSG-26390]
Action.c(17): web_submit_form("itinerary.pl") started  	[MsgId: MMSG-26355]
Action.c(17): Error -27979: Requested form not found  	[MsgId: MERR-27979]
End auto log messages stack.	[MsgId: MMSG-10544]


Start auto log messages stack - Iteration 12.	[MsgId: MMSG-10545]
..\\Parameters\\common_lib.h(156): Resource "http://localhost:1080/WebTours/images/signoff.gif" is in the cache already and will not be downloaded again  	[MsgId: MMSG-26655]
..\\Parameters\\common_lib.h(156): web_url("Itinerary Button") was successful, 4381 body bytes, 1319 header bytes, 36 chunking overhead bytes  	[MsgId: MMSG-26385]
..\\Parameters\\common_lib.h(166): Notify: Transaction "click_Itinerary" ended with a "Pass" status (Duration: 0,1576).	[MsgId: MMSG-16873]
Action.c(11): Notify: Transaction "cancel_booking" started.	[MsgId: MMSG-16999]
Action.c(13): web_reg_find started  	[MsgId: MMSG-26355]
Action.c(13): Registering web_reg_find was successful  	[MsgId: MMSG-26390]
Action.c(17): web_submit_form("itinerary.pl") started  	[MsgId: MMSG-26355]
Action.c(17): Error -27979: Requested form not found  	[MsgId: MERR-27979]
End auto log messages stack.	[MsgId: MMSG-10544]


Start auto log messages stack - Iteration 13.	[MsgId: MMSG-10545]
..\\Parameters\\common_lib.h(156): Resource "http://localhost:1080/WebTours/images/signoff.gif" is in the cache already and will not be downloaded again  	[MsgId: MMSG-26655]
..\\Parameters\\common_lib.h(156): web_url("Itinerary Button") was successful, 4381 body bytes, 1319 header bytes, 36 chunking overhead bytes  	[MsgId: MMSG-26385]
..\\Parameters\\common_lib.h(166): Notify: Transaction "click_Itinerary" ended with a "Pass" status (Duration: 0,1627).	[MsgId: MMSG-16873]
Action.c(11): Notify: Transaction "cancel_booking" started.	[MsgId: MMSG-16999]
Action.c(13): web_reg_find started  	[MsgId: MMSG-26355]
Action.c(13): Registering web_reg_find was successful  	[MsgId: MMSG-26390]
Action.c(17): web_submit_form("itinerary.pl") started  	[MsgId: MMSG-26355]
Action.c(17): Error -27979: Requested form not found  	[MsgId: MERR-27979]
End auto log messages stack.	[MsgId: MMSG-10544]


Start auto log messages stack - Iteration 14.	[MsgId: MMSG-10545]
..\\Parameters\\common_lib.h(156): Resource "http://localhost:1080/WebTours/images/signoff.gif" is in the cache already and will not be downloaded again  	[MsgId: MMSG-26655]
..\\Parameters\\common_lib.h(156): web_url("Itinerary Button") was successful, 4381 body bytes, 1319 header bytes, 36 chunking overhead bytes  	[MsgId: MMSG-26385]
..\\Parameters\\common_lib.h(166): Notify: Transaction "click_Itinerary" ended with a "Pass" status (Duration: 0,2078).	[MsgId: MMSG-16873]
Action.c(11): Notify: Transaction "cancel_booking" started.	[MsgId: MMSG-16999]
Action.c(13): web_reg_find started  	[MsgId: MMSG-26355]
Action.c(13): Registering web_reg_find was successful  	[MsgId: MMSG-26390]
Action.c(17): web_submit_form("itinerary.pl") started  	[MsgId: MMSG-26355]
Action.c(17): Error -27979: Requested form not found  	[MsgId: MERR-27979]
End auto log messages stack.	[MsgId: MMSG-10544]


Start auto log messages stack - Iteration 15.	[MsgId: MMSG-10545]
..\\Parameters\\common_lib.h(156): Resource "http://localhost:1080/WebTours/images/signoff.gif" is in the cache already and will not be downloaded again  	[MsgId: MMSG-26655]
..\\Parameters\\common_lib.h(156): web_url("Itinerary Button") was successful, 4381 body bytes, 1319 header bytes, 36 chunking overhead bytes  	[MsgId: MMSG-26385]
..\\Parameters\\common_lib.h(166): Notify: Transaction "click_Itinerary" ended with a "Pass" status (Duration: 0,1763).	[MsgId: MMSG-16873]
Action.c(11): Notify: Transaction "cancel_booking" started.	[MsgId: MMSG-16999]
Action.c(13): web_reg_find started  	[MsgId: MMSG-26355]
Action.c(13): Registering web_reg_find was successful  	[MsgId: MMSG-26390]
Action.c(17): web_submit_form("itinerary.pl") started  	[MsgId: MMSG-26355]
Action.c(17): Error -27979: Requested form not found  	[MsgId: MERR-27979]
End auto log messages stack.	[MsgId: MMSG-10544]


Start auto log messages stack - Iteration 17.	[MsgId: MMSG-10545]
..\\Parameters\\common_lib.h(156): Resource "http://localhost:1080/WebTours/images/signoff.gif" is in the cache already and will not be downloaded again  	[MsgId: MMSG-26655]
..\\Parameters\\common_lib.h(156): web_url("Itinerary Button") was successful, 4381 body bytes, 1319 header bytes, 36 chunking overhead bytes  	[MsgId: MMSG-26385]
..\\Parameters\\common_lib.h(166): Notify: Transaction "click_Itinerary" ended with a "Pass" status (Duration: 0,1486).	[MsgId: MMSG-16873]
Action.c(11): Notify: Transaction "cancel_booking" started.	[MsgId: MMSG-16999]
Action.c(13): web_reg_find started  	[MsgId: MMSG-26355]
Action.c(13): Registering web_reg_find was successful  	[MsgId: MMSG-26390]
Action.c(17): web_submit_form("itinerary.pl") started  	[MsgId: MMSG-26355]
Action.c(17): Error -27979: Requested form not found  	[MsgId: MERR-27979]
End auto log messages stack.	[MsgId: MMSG-10544]


Start auto log messages stack - Iteration 18.	[MsgId: MMSG-10545]
..\\Parameters\\common_lib.h(156): Resource "http://localhost:1080/WebTours/images/signoff.gif" is in the cache already and will not be downloaded again  	[MsgId: MMSG-26655]
..\\Parameters\\common_lib.h(156): web_url("Itinerary Button") was successful, 4381 body bytes, 1319 header bytes, 36 chunking overhead bytes  	[MsgId: MMSG-26385]
..\\Parameters\\common_lib.h(166): Notify: Transaction "click_Itinerary" ended with a "Pass" status (Duration: 0,2047).	[MsgId: MMSG-16873]
Action.c(11): Notify: Transaction "cancel_booking" started.	[MsgId: MMSG-16999]
Action.c(13): web_reg_find started  	[MsgId: MMSG-26355]
Action.c(13): Registering web_reg_find was successful  	[MsgId: MMSG-26390]
Action.c(17): web_submit_form("itinerary.pl") started  	[MsgId: MMSG-26355]
Action.c(17): Error -27979: Requested form not found  	[MsgId: MERR-27979]
End auto log messages stack.	[MsgId: MMSG-10544]


Start auto log messages stack - Iteration 19.	[MsgId: MMSG-10545]
..\\Parameters\\common_lib.h(156): Resource "http://localhost:1080/WebTours/images/signoff.gif" is in the cache already and will not be downloaded again  	[MsgId: MMSG-26655]
..\\Parameters\\common_lib.h(156): web_url("Itinerary Button") was successful, 4381 body bytes, 1319 header bytes, 36 chunking overhead bytes  	[MsgId: MMSG-26385]
..\\Parameters\\common_lib.h(166): Notify: Transaction "click_Itinerary" ended with a "Pass" status (Duration: 0,1905).	[MsgId: MMSG-16873]
Action.c(11): Notify: Transaction "cancel_booking" started.	[MsgId: MMSG-16999]
Action.c(13): web_reg_find started  	[MsgId: MMSG-26355]
Action.c(13): Registering web_reg_find was successful  	[MsgId: MMSG-26390]
Action.c(17): web_submit_form("itinerary.pl") started  	[MsgId: MMSG-26355]
Action.c(17): Error -27979: Requested form not found  	[MsgId: MERR-27979]
End auto log messages stack.	[MsgId: MMSG-10544]


Start auto log messages stack - Iteration 20.	[MsgId: MMSG-10545]
..\\Parameters\\common_lib.h(156): Resource "http://localhost:1080/WebTours/images/signoff.gif" is in the cache already and will not be downloaded again  	[MsgId: MMSG-26655]
..\\Parameters\\common_lib.h(156): web_url("Itinerary Button") was successful, 4381 body bytes, 1319 header bytes, 36 chunking overhead bytes  	[MsgId: MMSG-26385]
..\\Parameters\\common_lib.h(166): Notify: Transaction "click_Itinerary" ended with a "Pass" status (Duration: 0,1592).	[MsgId: MMSG-16873]
Action.c(11): Notify: Transaction "cancel_booking" started.	[MsgId: MMSG-16999]
Action.c(13): web_reg_find started  	[MsgId: MMSG-26355]
Action.c(13): Registering web_reg_find was successful  	[MsgId: MMSG-26390]
Action.c(17): web_submit_form("itinerary.pl") started  	[MsgId: MMSG-26355]
Action.c(17): Error -27979: Requested form not found  	[MsgId: MERR-27979]
End auto log messages stack.	[MsgId: MMSG-10544]


Start auto log messages stack - Iteration 21.	[MsgId: MMSG-10545]
..\\Parameters\\common_lib.h(156): Resource "http://localhost:1080/WebTours/images/signoff.gif" is in the cache already and will not be downloaded again  	[MsgId: MMSG-26655]
..\\Parameters\\common_lib.h(156): web_url("Itinerary Button") was successful, 4381 body bytes, 1319 header bytes, 36 chunking overhead bytes  	[MsgId: MMSG-26385]
..\\Parameters\\common_lib.h(166): Notify: Transaction "click_Itinerary" ended with a "Pass" status (Duration: 0,1709).	[MsgId: MMSG-16873]
Action.c(11): Notify: Transaction "cancel_booking" started.	[MsgId: MMSG-16999]
Action.c(13): web_reg_find started  	[MsgId: MMSG-26355]
Action.c(13): Registering web_reg_find was successful  	[MsgId: MMSG-26390]
Action.c(17): web_submit_form("itinerary.pl") started  	[MsgId: MMSG-26355]
Action.c(17): Error -27979: Requested form not found  	[MsgId: MERR-27979]
End auto log messages stack.	[MsgId: MMSG-10544]


Start auto log messages stack - Iteration 22.	[MsgId: MMSG-10545]
..\\Parameters\\common_lib.h(156): Resource "http://localhost:1080/WebTours/images/signoff.gif" is in the cache already and will not be downloaded again  	[MsgId: MMSG-26655]
..\\Parameters\\common_lib.h(156): web_url("Itinerary Button") was successful, 4381 body bytes, 1319 header bytes, 36 chunking overhead bytes  	[MsgId: MMSG-26385]
..\\Parameters\\common_lib.h(166): Notify: Transaction "click_Itinerary" ended with a "Pass" status (Duration: 0,1528).	[MsgId: MMSG-16873]
Action.c(11): Notify: Transaction "cancel_booking" started.	[MsgId: MMSG-16999]
Action.c(13): web_reg_find started  	[MsgId: MMSG-26355]
Action.c(13): Registering web_reg_find was successful  	[MsgId: MMSG-26390]
Action.c(17): web_submit_form("itinerary.pl") started  	[MsgId: MMSG-26355]
Action.c(17): Error -27979: Requested form not found  	[MsgId: MERR-27979]
End auto log messages stack.	[MsgId: MMSG-10544]


Start auto log messages stack - Iteration 24.	[MsgId: MMSG-10545]
..\\Parameters\\common_lib.h(156): Resource "http://localhost:1080/WebTours/images/signoff.gif" is in the cache already and will not be downloaded again  	[MsgId: MMSG-26655]
..\\Parameters\\common_lib.h(156): web_url("Itinerary Button") was successful, 4381 body bytes, 1319 header bytes, 36 chunking overhead bytes  	[MsgId: MMSG-26385]
..\\Parameters\\common_lib.h(166): Notify: Transaction "click_Itinerary" ended with a "Pass" status (Duration: 0,2557).	[MsgId: MMSG-16873]
Action.c(11): Notify: Transaction "cancel_booking" started.	[MsgId: MMSG-16999]
Action.c(13): web_reg_find started  	[MsgId: MMSG-26355]
Action.c(13): Registering web_reg_find was successful  	[MsgId: MMSG-26390]
Action.c(17): web_submit_form("itinerary.pl") started  	[MsgId: MMSG-26355]
Action.c(17): Error -27979: Requested form not found  	[MsgId: MERR-27979]
End auto log messages stack.	[MsgId: MMSG-10544]


Start auto log messages stack - Iteration 25.	[MsgId: MMSG-10545]
..\\Parameters\\common_lib.h(156): Resource "http://localhost:1080/WebTours/images/signoff.gif" is in the cache already and will not be downloaded again  	[MsgId: MMSG-26655]
..\\Parameters\\common_lib.h(156): web_url("Itinerary Button") was successful, 4381 body bytes, 1319 header bytes, 36 chunking overhead bytes  	[MsgId: MMSG-26385]
..\\Parameters\\common_lib.h(166): Notify: Transaction "click_Itinerary" ended with a "Pass" status (Duration: 0,1986).	[MsgId: MMSG-16873]
Action.c(11): Notify: Transaction "cancel_booking" started.	[MsgId: MMSG-16999]
Action.c(13): web_reg_find started  	[MsgId: MMSG-26355]
Action.c(13): Registering web_reg_find was successful  	[MsgId: MMSG-26390]
Action.c(17): web_submit_form("itinerary.pl") started  	[MsgId: MMSG-26355]
Action.c(17): Error -27979: Requested form not found  	[MsgId: MERR-27979]
End auto log messages stack.	[MsgId: MMSG-10544]


Start auto log messages stack - Iteration 26.	[MsgId: MMSG-10545]
..\\Parameters\\common_lib.h(156): Resource "http://localhost:1080/WebTours/images/signoff.gif" is in the cache already and will not be downloaded again  	[MsgId: MMSG-26655]
..\\Parameters\\common_lib.h(156): web_url("Itinerary Button") was successful, 4381 body bytes, 1319 header bytes, 36 chunking overhead bytes  	[MsgId: MMSG-26385]
..\\Parameters\\common_lib.h(166): Notify: Transaction "click_Itinerary" ended with a "Pass" status (Duration: 0,2516).	[MsgId: MMSG-16873]
Action.c(11): Notify: Transaction "cancel_booking" started.	[MsgId: MMSG-16999]
Action.c(13): web_reg_find started  	[MsgId: MMSG-26355]
Action.c(13): Registering web_reg_find was successful  	[MsgId: MMSG-26390]
Action.c(17): web_submit_form("itinerary.pl") started  	[MsgId: MMSG-26355]
Action.c(17): Error -27979: Requested form not found  	[MsgId: MERR-27979]
End auto log messages stack.	[MsgId: MMSG-10544]


Start auto log messages stack - Iteration 27.	[MsgId: MMSG-10545]
..\\Parameters\\common_lib.h(156): Resource "http://localhost:1080/WebTours/images/signoff.gif" is in the cache already and will not be downloaded again  	[MsgId: MMSG-26655]
..\\Parameters\\common_lib.h(156): web_url("Itinerary Button") was successful, 4381 body bytes, 1319 header bytes, 36 chunking overhead bytes  	[MsgId: MMSG-26385]
..\\Parameters\\common_lib.h(166): Notify: Transaction "click_Itinerary" ended with a "Pass" status (Duration: 0,2259).	[MsgId: MMSG-16873]
Action.c(11): Notify: Transaction "cancel_booking" started.	[MsgId: MMSG-16999]
Action.c(13): web_reg_find started  	[MsgId: MMSG-26355]
Action.c(13): Registering web_reg_find was successful  	[MsgId: MMSG-26390]
Action.c(17): web_submit_form("itinerary.pl") started  	[MsgId: MMSG-26355]
Action.c(17): Error -27979: Requested form not found  	[MsgId: MERR-27979]
End auto log messages stack.	[MsgId: MMSG-10544]


Start auto log messages stack - Iteration 28.	[MsgId: MMSG-10545]
..\\Parameters\\common_lib.h(156): Resource "http://localhost:1080/WebTours/images/signoff.gif" is in the cache already and will not be downloaded again  	[MsgId: MMSG-26655]
..\\Parameters\\common_lib.h(156): web_url("Itinerary Button") was successful, 4381 body bytes, 1319 header bytes, 36 chunking overhead bytes  	[MsgId: MMSG-26385]
..\\Parameters\\common_lib.h(166): Notify: Transaction "click_Itinerary" ended with a "Pass" status (Duration: 0,2686).	[MsgId: MMSG-16873]
Action.c(11): Notify: Transaction "cancel_booking" started.	[MsgId: MMSG-16999]
Action.c(13): web_reg_find started  	[MsgId: MMSG-26355]
Action.c(13): Registering web_reg_find was successful  	[MsgId: MMSG-26390]
Action.c(17): web_submit_form("itinerary.pl") started  	[MsgId: MMSG-26355]
Action.c(17): Error -27979: Requested form not found  	[MsgId: MERR-27979]
End auto log messages stack.	[MsgId: MMSG-10544]


Start auto log messages stack - Iteration 31.	[MsgId: MMSG-10545]
..\\Parameters\\common_lib.h(156): Resource "http://localhost:1080/WebTours/images/signoff.gif" is in the cache already and will not be downloaded again  	[MsgId: MMSG-26655]
..\\Parameters\\common_lib.h(156): web_url("Itinerary Button") was successful, 4381 body bytes, 1319 header bytes, 36 chunking overhead bytes  	[MsgId: MMSG-26385]
..\\Parameters\\common_lib.h(166): Notify: Transaction "click_Itinerary" ended with a "Pass" status (Duration: 0,2582).	[MsgId: MMSG-16873]
Action.c(11): Notify: Transaction "cancel_booking" started.	[MsgId: MMSG-16999]
Action.c(13): web_reg_find started  	[MsgId: MMSG-26355]
Action.c(13): Registering web_reg_find was successful  	[MsgId: MMSG-26390]
Action.c(17): web_submit_form("itinerary.pl") started  	[MsgId: MMSG-26355]
Action.c(17): Error -27979: Requested form not found  	[MsgId: MERR-27979]
End auto log messages stack.	[MsgId: MMSG-10544]


Start auto log messages stack - Iteration 32.	[MsgId: MMSG-10545]
..\\Parameters\\common_lib.h(156): Resource "http://localhost:1080/WebTours/images/signoff.gif" is in the cache already and will not be downloaded again  	[MsgId: MMSG-26655]
..\\Parameters\\common_lib.h(156): web_url("Itinerary Button") was successful, 4381 body bytes, 1319 header bytes, 36 chunking overhead bytes  	[MsgId: MMSG-26385]
..\\Parameters\\common_lib.h(166): Notify: Transaction "click_Itinerary" ended with a "Pass" status (Duration: 0,2718).	[MsgId: MMSG-16873]
Action.c(11): Notify: Transaction "cancel_booking" started.	[MsgId: MMSG-16999]
Action.c(13): web_reg_find started  	[MsgId: MMSG-26355]
Action.c(13): Registering web_reg_find was successful  	[MsgId: MMSG-26390]
Action.c(17): web_submit_form("itinerary.pl") started  	[MsgId: MMSG-26355]
Action.c(17): Error -27979: Requested form not found  	[MsgId: MERR-27979]
End auto log messages stack.	[MsgId: MMSG-10544]


Start auto log messages stack - Iteration 33.	[MsgId: MMSG-10545]
..\\Parameters\\common_lib.h(156): Resource "http://localhost:1080/WebTours/images/signoff.gif" is in the cache already and will not be downloaded again  	[MsgId: MMSG-26655]
..\\Parameters\\common_lib.h(156): web_url("Itinerary Button") was successful, 4381 body bytes, 1319 header bytes, 36 chunking overhead bytes  	[MsgId: MMSG-26385]
..\\Parameters\\common_lib.h(166): Notify: Transaction "click_Itinerary" ended with a "Pass" status (Duration: 0,2386).	[MsgId: MMSG-16873]
Action.c(11): Notify: Transaction "cancel_booking" started.	[MsgId: MMSG-16999]
Action.c(13): web_reg_find started  	[MsgId: MMSG-26355]
Action.c(13): Registering web_reg_find was successful  	[MsgId: MMSG-26390]
Action.c(17): web_submit_form("itinerary.pl") started  	[MsgId: MMSG-26355]
Action.c(17): Error -27979: Requested form not found  	[MsgId: MERR-27979]
End auto log messages stack.	[MsgId: MMSG-10544]


Start auto log messages stack - Iteration 34.	[MsgId: MMSG-10545]
..\\Parameters\\common_lib.h(156): Resource "http://localhost:1080/WebTours/images/signoff.gif" is in the cache already and will not be downloaded again  	[MsgId: MMSG-26655]
..\\Parameters\\common_lib.h(156): web_url("Itinerary Button") was successful, 4381 body bytes, 1319 header bytes, 36 chunking overhead bytes  	[MsgId: MMSG-26385]
..\\Parameters\\common_lib.h(166): Notify: Transaction "click_Itinerary" ended with a "Pass" status (Duration: 0,2798).	[MsgId: MMSG-16873]
Action.c(11): Notify: Transaction "cancel_booking" started.	[MsgId: MMSG-16999]
Action.c(13): web_reg_find started  	[MsgId: MMSG-26355]
Action.c(13): Registering web_reg_find was successful  	[MsgId: MMSG-26390]
Action.c(17): web_submit_form("itinerary.pl") started  	[MsgId: MMSG-26355]
Action.c(17): Error -27979: Requested form not found  	[MsgId: MERR-27979]
End auto log messages stack.	[MsgId: MMSG-10544]


Start auto log messages stack - Iteration 36.	[MsgId: MMSG-10545]
..\\Parameters\\common_lib.h(156): Resource "http://localhost:1080/WebTours/images/signoff.gif" is in the cache already and will not be downloaded again  	[MsgId: MMSG-26655]
..\\Parameters\\common_lib.h(156): web_url("Itinerary Button") was successful, 4381 body bytes, 1319 header bytes, 36 chunking overhead bytes  	[MsgId: MMSG-26385]
..\\Parameters\\common_lib.h(166): Notify: Transaction "click_Itinerary" ended with a "Pass" status (Duration: 0,2680).	[MsgId: MMSG-16873]
Action.c(11): Notify: Transaction "cancel_booking" started.	[MsgId: MMSG-16999]
Action.c(13): web_reg_find started  	[MsgId: MMSG-26355]
Action.c(13): Registering web_reg_find was successful  	[MsgId: MMSG-26390]
Action.c(17): web_submit_form("itinerary.pl") started  	[MsgId: MMSG-26355]
Action.c(17): Error -27979: Requested form not found  	[MsgId: MERR-27979]
End auto log messages stack.	[MsgId: MMSG-10544]


Start auto log messages stack - Iteration 37.	[MsgId: MMSG-10545]
..\\Parameters\\common_lib.h(156): Resource "http://localhost:1080/WebTours/images/signoff.gif" is in the cache already and will not be downloaded again  	[MsgId: MMSG-26655]
..\\Parameters\\common_lib.h(156): web_url("Itinerary Button") was successful, 4381 body bytes, 1319 header bytes, 36 chunking overhead bytes  	[MsgId: MMSG-26385]
..\\Parameters\\common_lib.h(166): Notify: Transaction "click_Itinerary" ended with a "Pass" status (Duration: 0,2611).	[MsgId: MMSG-16873]
Action.c(11): Notify: Transaction "cancel_booking" started.	[MsgId: MMSG-16999]
Action.c(13): web_reg_find started  	[MsgId: MMSG-26355]
Action.c(13): Registering web_reg_find was successful  	[MsgId: MMSG-26390]
Action.c(17): web_submit_form("itinerary.pl") started  	[MsgId: MMSG-26355]
Action.c(17): Error -27979: Requested form not found  	[MsgId: MERR-27979]
End auto log messages stack.	[MsgId: MMSG-10544]


Start auto log messages stack - Iteration 38.	[MsgId: MMSG-10545]
..\\Parameters\\common_lib.h(156): Resource "http://localhost:1080/WebTours/images/signoff.gif" is in the cache already and will not be downloaded again  	[MsgId: MMSG-26655]
..\\Parameters\\common_lib.h(156): web_url("Itinerary Button") was successful, 4381 body bytes, 1319 header bytes, 36 chunking overhead bytes  	[MsgId: MMSG-26385]
..\\Parameters\\common_lib.h(166): Notify: Transaction "click_Itinerary" ended with a "Pass" status (Duration: 0,1937).	[MsgId: MMSG-16873]
Action.c(11): Notify: Transaction "cancel_booking" started.	[MsgId: MMSG-16999]
Action.c(13): web_reg_find started  	[MsgId: MMSG-26355]
Action.c(13): Registering web_reg_find was successful  	[MsgId: MMSG-26390]
Action.c(17): web_submit_form("itinerary.pl") started  	[MsgId: MMSG-26355]
Action.c(17): Error -27979: Requested form not found  	[MsgId: MERR-27979]
End auto log messages stack.	[MsgId: MMSG-10544]


Start auto log messages stack - Iteration 39.	[MsgId: MMSG-10545]
..\\Parameters\\common_lib.h(156): Resource "http://localhost:1080/WebTours/images/signoff.gif" is in the cache already and will not be downloaded again  	[MsgId: MMSG-26655]
..\\Parameters\\common_lib.h(156): web_url("Itinerary Button") was successful, 4381 body bytes, 1319 header bytes, 36 chunking overhead bytes  	[MsgId: MMSG-26385]
..\\Parameters\\common_lib.h(166): Notify: Transaction "click_Itinerary" ended with a "Pass" status (Duration: 0,2405).	[MsgId: MMSG-16873]
Action.c(11): Notify: Transaction "cancel_booking" started.	[MsgId: MMSG-16999]
Action.c(13): web_reg_find started  	[MsgId: MMSG-26355]
Action.c(13): Registering web_reg_find was successful  	[MsgId: MMSG-26390]
Action.c(17): web_submit_form("itinerary.pl") started  	[MsgId: MMSG-26355]
Action.c(17): Error -27979: Requested form not found  	[MsgId: MERR-27979]
End auto log messages stack.	[MsgId: MMSG-10544]


Start auto log messages stack - Iteration 42.	[MsgId: MMSG-10545]
..\\Parameters\\common_lib.h(156): Resource "http://localhost:1080/WebTours/images/signoff.gif" is in the cache already and will not be downloaded again  	[MsgId: MMSG-26655]
..\\Parameters\\common_lib.h(156): web_url("Itinerary Button") was successful, 4381 body bytes, 1319 header bytes, 36 chunking overhead bytes  	[MsgId: MMSG-26385]
..\\Parameters\\common_lib.h(166): Notify: Transaction "click_Itinerary" ended with a "Pass" status (Duration: 0,2629).	[MsgId: MMSG-16873]
Action.c(11): Notify: Transaction "cancel_booking" started.	[MsgId: MMSG-16999]
Action.c(13): web_reg_find started  	[MsgId: MMSG-26355]
Action.c(13): Registering web_reg_find was successful  	[MsgId: MMSG-26390]
Action.c(17): web_submit_form("itinerary.pl") started  	[MsgId: MMSG-26355]
Action.c(17): Error -27979: Requested form not found  	[MsgId: MERR-27979]
End auto log messages stack.	[MsgId: MMSG-10544]


Start auto log messages stack - Iteration 43.	[MsgId: MMSG-10545]
..\\Parameters\\common_lib.h(156): Resource "http://localhost:1080/WebTours/images/signoff.gif" is in the cache already and will not be downloaded again  	[MsgId: MMSG-26655]
..\\Parameters\\common_lib.h(156): web_url("Itinerary Button") was successful, 4381 body bytes, 1319 header bytes, 36 chunking overhead bytes  	[MsgId: MMSG-26385]
..\\Parameters\\common_lib.h(166): Notify: Transaction "click_Itinerary" ended with a "Pass" status (Duration: 0,2697).	[MsgId: MMSG-16873]
Action.c(11): Notify: Transaction "cancel_booking" started.	[MsgId: MMSG-16999]
Action.c(13): web_reg_find started  	[MsgId: MMSG-26355]
Action.c(13): Registering web_reg_find was successful  	[MsgId: MMSG-26390]
Action.c(17): web_submit_form("itinerary.pl") started  	[MsgId: MMSG-26355]
Action.c(17): Error -27979: Requested form not found  	[MsgId: MERR-27979]
End auto log messages stack.	[MsgId: MMSG-10544]


Start auto log messages stack - Iteration 44.	[MsgId: MMSG-10545]
..\\Parameters\\common_lib.h(156): Resource "http://localhost:1080/WebTours/images/signoff.gif" is in the cache already and will not be downloaded again  	[MsgId: MMSG-26655]
..\\Parameters\\common_lib.h(156): web_url("Itinerary Button") was successful, 4381 body bytes, 1319 header bytes, 36 chunking overhead bytes  	[MsgId: MMSG-26385]
..\\Parameters\\common_lib.h(166): Notify: Transaction "click_Itinerary" ended with a "Pass" status (Duration: 0,2274).	[MsgId: MMSG-16873]
Action.c(11): Notify: Transaction "cancel_booking" started.	[MsgId: MMSG-16999]
Action.c(13): web_reg_find started  	[MsgId: MMSG-26355]
Action.c(13): Registering web_reg_find was successful  	[MsgId: MMSG-26390]
Action.c(17): web_submit_form("itinerary.pl") started  	[MsgId: MMSG-26355]
Action.c(17): Error -27979: Requested form not found  	[MsgId: MERR-27979]
End auto log messages stack.	[MsgId: MMSG-10544]


Start auto log messages stack - Iteration 46.	[MsgId: MMSG-10545]
..\\Parameters\\common_lib.h(156): Resource "http://localhost:1080/WebTours/images/signoff.gif" is in the cache already and will not be downloaded again  	[MsgId: MMSG-26655]
..\\Parameters\\common_lib.h(156): web_url("Itinerary Button") was successful, 4381 body bytes, 1319 header bytes, 36 chunking overhead bytes  	[MsgId: MMSG-26385]
..\\Parameters\\common_lib.h(166): Notify: Transaction "click_Itinerary" ended with a "Pass" status (Duration: 0,2735).	[MsgId: MMSG-16873]
Action.c(11): Notify: Transaction "cancel_booking" started.	[MsgId: MMSG-16999]
Action.c(13): web_reg_find started  	[MsgId: MMSG-26355]
Action.c(13): Registering web_reg_find was successful  	[MsgId: MMSG-26390]
Action.c(17): web_submit_form("itinerary.pl") started  	[MsgId: MMSG-26355]
Action.c(17): Error -27979: Requested form not found  	[MsgId: MERR-27979]
End auto log messages stack.	[MsgId: MMSG-10544]


Start auto log messages stack - Iteration 47.	[MsgId: MMSG-10545]
..\\Parameters\\common_lib.h(156): Resource "http://localhost:1080/WebTours/images/signoff.gif" is in the cache already and will not be downloaded again  	[MsgId: MMSG-26655]
..\\Parameters\\common_lib.h(156): web_url("Itinerary Button") was successful, 4381 body bytes, 1319 header bytes, 36 chunking overhead bytes  	[MsgId: MMSG-26385]
..\\Parameters\\common_lib.h(166): Notify: Transaction "click_Itinerary" ended with a "Pass" status (Duration: 0,2162).	[MsgId: MMSG-16873]
Action.c(11): Notify: Transaction "cancel_booking" started.	[MsgId: MMSG-16999]
Action.c(13): web_reg_find started  	[MsgId: MMSG-26355]
Action.c(13): Registering web_reg_find was successful  	[MsgId: MMSG-26390]
Action.c(17): web_submit_form("itinerary.pl") started  	[MsgId: MMSG-26355]
Action.c(17): Error -27979: Requested form not found  	[MsgId: MERR-27979]
End auto log messages stack.	[MsgId: MMSG-10544]


Start auto log messages stack - Iteration 48.	[MsgId: MMSG-10545]
..\\Parameters\\common_lib.h(156): Resource "http://localhost:1080/WebTours/images/signoff.gif" is in the cache already and will not be downloaded again  	[MsgId: MMSG-26655]
..\\Parameters\\common_lib.h(156): web_url("Itinerary Button") was successful, 4381 body bytes, 1319 header bytes, 36 chunking overhead bytes  	[MsgId: MMSG-26385]
..\\Parameters\\common_lib.h(166): Notify: Transaction "click_Itinerary" ended with a "Pass" status (Duration: 0,2815).	[MsgId: MMSG-16873]
Action.c(11): Notify: Transaction "cancel_booking" started.	[MsgId: MMSG-16999]
Action.c(13): web_reg_find started  	[MsgId: MMSG-26355]
Action.c(13): Registering web_reg_find was successful  	[MsgId: MMSG-26390]
Action.c(17): web_submit_form("itinerary.pl") started  	[MsgId: MMSG-26355]
Action.c(17): Error -27979: Requested form not found  	[MsgId: MERR-27979]
End auto log messages stack.	[MsgId: MMSG-10544]


Start auto log messages stack - Iteration 49.	[MsgId: MMSG-10545]
..\\Parameters\\common_lib.h(156): Resource "http://localhost:1080/WebTours/images/signoff.gif" is in the cache already and will not be downloaded again  	[MsgId: MMSG-26655]
..\\Parameters\\common_lib.h(156): web_url("Itinerary Button") was successful, 4381 body bytes, 1319 header bytes, 36 chunking overhead bytes  	[MsgId: MMSG-26385]
..\\Parameters\\common_lib.h(166): Notify: Transaction "click_Itinerary" ended with a "Pass" status (Duration: 0,2278).	[MsgId: MMSG-16873]
Action.c(11): Notify: Transaction "cancel_booking" started.	[MsgId: MMSG-16999]
Action.c(13): web_reg_find started  	[MsgId: MMSG-26355]
Action.c(13): Registering web_reg_find was successful  	[MsgId: MMSG-26390]
Action.c(17): web_submit_form("itinerary.pl") started  	[MsgId: MMSG-26355]
Action.c(17): Error -27979: Requested form not found  	[MsgId: MERR-27979]
End auto log messages stack.	[MsgId: MMSG-10544]


Start auto log messages stack - Iteration 50.	[MsgId: MMSG-10545]
..\\Parameters\\common_lib.h(156): Resource "http://localhost:1080/WebTours/images/signoff.gif" is in the cache already and will not be downloaded again  	[MsgId: MMSG-26655]
..\\Parameters\\common_lib.h(156): web_url("Itinerary Button") was successful, 4381 body bytes, 1319 header bytes, 36 chunking overhead bytes  	[MsgId: MMSG-26385]
..\\Parameters\\common_lib.h(166): Notify: Transaction "click_Itinerary" ended with a "Pass" status (Duration: 0,2497).	[MsgId: MMSG-16873]
Action.c(11): Notify: Transaction "cancel_booking" started.	[MsgId: MMSG-16999]
Action.c(13): web_reg_find started  	[MsgId: MMSG-26355]
Action.c(13): Registering web_reg_find was successful  	[MsgId: MMSG-26390]
Action.c(17): web_submit_form("itinerary.pl") started  	[MsgId: MMSG-26355]
Action.c(17): Error -27979: Requested form not found  	[MsgId: MERR-27979]
End auto log messages stack.	[MsgId: MMSG-10544]


Start auto log messages stack - Iteration 54.	[MsgId: MMSG-10545]
..\\Parameters\\common_lib.h(156): Resource "http://localhost:1080/WebTours/images/signoff.gif" is in the cache already and will not be downloaded again  	[MsgId: MMSG-26655]
..\\Parameters\\common_lib.h(156): web_url("Itinerary Button") was successful, 4381 body bytes, 1319 header bytes, 36 chunking overhead bytes  	[MsgId: MMSG-26385]
..\\Parameters\\common_lib.h(166): Notify: Transaction "click_Itinerary" ended with a "Pass" status (Duration: 0,2275).	[MsgId: MMSG-16873]
Action.c(11): Notify: Transaction "cancel_booking" started.	[MsgId: MMSG-16999]
Action.c(13): web_reg_find started  	[MsgId: MMSG-26355]
Action.c(13): Registering web_reg_find was successful  	[MsgId: MMSG-26390]
Action.c(17): web_submit_form("itinerary.pl") started  	[MsgId: MMSG-26355]
Action.c(17): Error -27979: Requested form not found  	[MsgId: MERR-27979]
End auto log messages stack.	[MsgId: MMSG-10544]


Start auto log messages stack - Iteration 56.	[MsgId: MMSG-10545]
..\\Parameters\\common_lib.h(156): Resource "http://localhost:1080/WebTours/images/signoff.gif" is in the cache already and will not be downloaded again  	[MsgId: MMSG-26655]
..\\Parameters\\common_lib.h(156): web_url("Itinerary Button") was successful, 4381 body bytes, 1319 header bytes, 36 chunking overhead bytes  	[MsgId: MMSG-26385]
..\\Parameters\\common_lib.h(166): Notify: Transaction "click_Itinerary" ended with a "Pass" status (Duration: 0,3286).	[MsgId: MMSG-16873]
Action.c(11): Notify: Transaction "cancel_booking" started.	[MsgId: MMSG-16999]
Action.c(13): web_reg_find started  	[MsgId: MMSG-26355]
Action.c(13): Registering web_reg_find was successful  	[MsgId: MMSG-26390]
Action.c(17): web_submit_form("itinerary.pl") started  	[MsgId: MMSG-26355]
Action.c(17): Error -27979: Requested form not found  	[MsgId: MERR-27979]
End auto log messages stack.	[MsgId: MMSG-10544]


Start auto log messages stack - Iteration 57.	[MsgId: MMSG-10545]
..\\Parameters\\common_lib.h(156): Resource "http://localhost:1080/WebTours/images/signoff.gif" is in the cache already and will not be downloaded again  	[MsgId: MMSG-26655]
..\\Parameters\\common_lib.h(156): web_url("Itinerary Button") was successful, 4381 body bytes, 1319 header bytes, 36 chunking overhead bytes  	[MsgId: MMSG-26385]
..\\Parameters\\common_lib.h(166): Notify: Transaction "click_Itinerary" ended with a "Pass" status (Duration: 0,2004).	[MsgId: MMSG-16873]
Action.c(11): Notify: Transaction "cancel_booking" started.	[MsgId: MMSG-16999]
Action.c(13): web_reg_find started  	[MsgId: MMSG-26355]
Action.c(13): Registering web_reg_find was successful  	[MsgId: MMSG-26390]
Action.c(17): web_submit_form("itinerary.pl") started  	[MsgId: MMSG-26355]
Action.c(17): Error -27979: Requested form not found  	[MsgId: MERR-27979]
End auto log messages stack.	[MsgId: MMSG-10544]


Start auto log messages stack - Iteration 58.	[MsgId: MMSG-10545]
..\\Parameters\\common_lib.h(156): Resource "http://localhost:1080/WebTours/images/signoff.gif" is in the cache already and will not be downloaded again  	[MsgId: MMSG-26655]
..\\Parameters\\common_lib.h(156): web_url("Itinerary Button") was successful, 4381 body bytes, 1319 header bytes, 36 chunking overhead bytes  	[MsgId: MMSG-26385]
..\\Parameters\\common_lib.h(166): Notify: Transaction "click_Itinerary" ended with a "Pass" status (Duration: 0,3110).	[MsgId: MMSG-16873]
Action.c(11): Notify: Transaction "cancel_booking" started.	[MsgId: MMSG-16999]
Action.c(13): web_reg_find started  	[MsgId: MMSG-26355]
Action.c(13): Registering web_reg_find was successful  	[MsgId: MMSG-26390]
Action.c(17): web_submit_form("itinerary.pl") started  	[MsgId: MMSG-26355]
Action.c(17): Error -27979: Requested form not found  	[MsgId: MERR-27979]
End auto log messages stack.	[MsgId: MMSG-10544]


Start auto log messages stack - Iteration 59.	[MsgId: MMSG-10545]
..\\Parameters\\common_lib.h(156): Resource "http://localhost:1080/WebTours/images/signoff.gif" is in the cache already and will not be downloaded again  	[MsgId: MMSG-26655]
..\\Parameters\\common_lib.h(156): web_url("Itinerary Button") was successful, 4381 body bytes, 1319 header bytes, 36 chunking overhead bytes  	[MsgId: MMSG-26385]
..\\Parameters\\common_lib.h(166): Notify: Transaction "click_Itinerary" ended with a "Pass" status (Duration: 0,2808).	[MsgId: MMSG-16873]
Action.c(11): Notify: Transaction "cancel_booking" started.	[MsgId: MMSG-16999]
Action.c(13): web_reg_find started  	[MsgId: MMSG-26355]
Action.c(13): Registering web_reg_find was successful  	[MsgId: MMSG-26390]
Action.c(17): web_submit_form("itinerary.pl") started  	[MsgId: MMSG-26355]
Action.c(17): Error -27979: Requested form not found  	[MsgId: MERR-27979]
End auto log messages stack.	[MsgId: MMSG-10544]


Start auto log messages stack - Iteration 60.	[MsgId: MMSG-10545]
..\\Parameters\\common_lib.h(156): Resource "http://localhost:1080/WebTours/images/signoff.gif" is in the cache already and will not be downloaded again  	[MsgId: MMSG-26655]
..\\Parameters\\common_lib.h(156): web_url("Itinerary Button") was successful, 4381 body bytes, 1319 header bytes, 36 chunking overhead bytes  	[MsgId: MMSG-26385]
..\\Parameters\\common_lib.h(166): Notify: Transaction "click_Itinerary" ended with a "Pass" status (Duration: 0,2306).	[MsgId: MMSG-16873]
Action.c(11): Notify: Transaction "cancel_booking" started.	[MsgId: MMSG-16999]
Action.c(13): web_reg_find started  	[MsgId: MMSG-26355]
Action.c(13): Registering web_reg_find was successful  	[MsgId: MMSG-26390]
Action.c(17): web_submit_form("itinerary.pl") started  	[MsgId: MMSG-26355]
Action.c(17): Error -27979: Requested form not found  	[MsgId: MERR-27979]
End auto log messages stack.	[MsgId: MMSG-10544]


Start auto log messages stack - Iteration 63.	[MsgId: MMSG-10545]
..\\Parameters\\common_lib.h(156): Resource "http://localhost:1080/WebTours/images/signoff.gif" is in the cache already and will not be downloaded again  	[MsgId: MMSG-26655]
..\\Parameters\\common_lib.h(156): web_url("Itinerary Button") was successful, 4381 body bytes, 1319 header bytes, 36 chunking overhead bytes  	[MsgId: MMSG-26385]
..\\Parameters\\common_lib.h(166): Notify: Transaction "click_Itinerary" ended with a "Pass" status (Duration: 0,3556).	[MsgId: MMSG-16873]
Action.c(11): Notify: Transaction "cancel_booking" started.	[MsgId: MMSG-16999]
Action.c(13): web_reg_find started  	[MsgId: MMSG-26355]
Action.c(13): Registering web_reg_find was successful  	[MsgId: MMSG-26390]
Action.c(17): web_submit_form("itinerary.pl") started  	[MsgId: MMSG-26355]
Action.c(17): Error -27979: Requested form not found  	[MsgId: MERR-27979]
End auto log messages stack.	[MsgId: MMSG-10544]


Start auto log messages stack - Iteration 64.	[MsgId: MMSG-10545]
..\\Parameters\\common_lib.h(156): Resource "http://localhost:1080/WebTours/images/signoff.gif" is in the cache already and will not be downloaded again  	[MsgId: MMSG-26655]
..\\Parameters\\common_lib.h(156): web_url("Itinerary Button") was successful, 4381 body bytes, 1319 header bytes, 36 chunking overhead bytes  	[MsgId: MMSG-26385]
..\\Parameters\\common_lib.h(166): Notify: Transaction "click_Itinerary" ended with a "Pass" status (Duration: 0,3917).	[MsgId: MMSG-16873]
Action.c(11): Notify: Transaction "cancel_booking" started.	[MsgId: MMSG-16999]
Action.c(13): web_reg_find started  	[MsgId: MMSG-26355]
Action.c(13): Registering web_reg_find was successful  	[MsgId: MMSG-26390]
Action.c(17): web_submit_form("itinerary.pl") started  	[MsgId: MMSG-26355]
Action.c(17): Error -27979: Requested form not found  	[MsgId: MERR-27979]
End auto log messages stack.	[MsgId: MMSG-10544]


Start auto log messages stack - Iteration 66.	[MsgId: MMSG-10545]
..\\Parameters\\common_lib.h(156): Resource "http://localhost:1080/WebTours/images/signoff.gif" is in the cache already and will not be downloaded again  	[MsgId: MMSG-26655]
..\\Parameters\\common_lib.h(156): web_url("Itinerary Button") was successful, 4381 body bytes, 1319 header bytes, 36 chunking overhead bytes  	[MsgId: MMSG-26385]
..\\Parameters\\common_lib.h(166): Notify: Transaction "click_Itinerary" ended with a "Pass" status (Duration: 0,2999).	[MsgId: MMSG-16873]
Action.c(11): Notify: Transaction "cancel_booking" started.	[MsgId: MMSG-16999]
Action.c(13): web_reg_find started  	[MsgId: MMSG-26355]
Action.c(13): Registering web_reg_find was successful  	[MsgId: MMSG-26390]
Action.c(17): web_submit_form("itinerary.pl") started  	[MsgId: MMSG-26355]
Action.c(17): Error -27979: Requested form not found  	[MsgId: MERR-27979]
End auto log messages stack.	[MsgId: MMSG-10544]


Start auto log messages stack - Iteration 67.	[MsgId: MMSG-10545]
..\\Parameters\\common_lib.h(156): Resource "http://localhost:1080/WebTours/images/signoff.gif" is in the cache already and will not be downloaded again  	[MsgId: MMSG-26655]
..\\Parameters\\common_lib.h(156): web_url("Itinerary Button") was successful, 4381 body bytes, 1319 header bytes, 36 chunking overhead bytes  	[MsgId: MMSG-26385]
..\\Parameters\\common_lib.h(166): Notify: Transaction "click_Itinerary" ended with a "Pass" status (Duration: 0,4246).	[MsgId: MMSG-16873]
Action.c(11): Notify: Transaction "cancel_booking" started.	[MsgId: MMSG-16999]
Action.c(13): web_reg_find started  	[MsgId: MMSG-26355]
Action.c(13): Registering web_reg_find was successful  	[MsgId: MMSG-26390]
Action.c(17): web_submit_form("itinerary.pl") started  	[MsgId: MMSG-26355]
Action.c(17): Error -27979: Requested form not found  	[MsgId: MERR-27979]
End auto log messages stack.	[MsgId: MMSG-10544]


Start auto log messages stack - Iteration 68.	[MsgId: MMSG-10545]
..\\Parameters\\common_lib.h(156): Resource "http://localhost:1080/WebTours/images/signoff.gif" is in the cache already and will not be downloaded again  	[MsgId: MMSG-26655]
..\\Parameters\\common_lib.h(156): web_url("Itinerary Button") was successful, 4381 body bytes, 1319 header bytes, 36 chunking overhead bytes  	[MsgId: MMSG-26385]
..\\Parameters\\common_lib.h(166): Notify: Transaction "click_Itinerary" ended with a "Pass" status (Duration: 0,3246).	[MsgId: MMSG-16873]
Action.c(11): Notify: Transaction "cancel_booking" started.	[MsgId: MMSG-16999]
Action.c(13): web_reg_find started  	[MsgId: MMSG-26355]
Action.c(13): Registering web_reg_find was successful  	[MsgId: MMSG-26390]
Action.c(17): web_submit_form("itinerary.pl") started  	[MsgId: MMSG-26355]
Action.c(17): Error -27979: Requested form not found  	[MsgId: MERR-27979]
End auto log messages stack.	[MsgId: MMSG-10544]


Start auto log messages stack - Iteration 69.	[MsgId: MMSG-10545]
..\\Parameters\\common_lib.h(156): Resource "http://localhost:1080/WebTours/images/signoff.gif" is in the cache already and will not be downloaded again  	[MsgId: MMSG-26655]
..\\Parameters\\common_lib.h(156): web_url("Itinerary Button") was successful, 4381 body bytes, 1319 header bytes, 36 chunking overhead bytes  	[MsgId: MMSG-26385]
..\\Parameters\\common_lib.h(166): Notify: Transaction "click_Itinerary" ended with a "Pass" status (Duration: 0,2996).	[MsgId: MMSG-16873]
Action.c(11): Notify: Transaction "cancel_booking" started.	[MsgId: MMSG-16999]
Action.c(13): web_reg_find started  	[MsgId: MMSG-26355]
Action.c(13): Registering web_reg_find was successful  	[MsgId: MMSG-26390]
Action.c(17): web_submit_form("itinerary.pl") started  	[MsgId: MMSG-26355]
Action.c(17): Error -27979: Requested form not found  	[MsgId: MERR-27979]
End auto log messages stack.	[MsgId: MMSG-10544]


Start auto log messages stack - Iteration 72.	[MsgId: MMSG-10545]
..\\Parameters\\common_lib.h(156): Resource "http://localhost:1080/WebTours/images/signoff.gif" is in the cache already and will not be downloaded again  	[MsgId: MMSG-26655]
..\\Parameters\\common_lib.h(156): web_url("Itinerary Button") was successful, 4381 body bytes, 1319 header bytes, 36 chunking overhead bytes  	[MsgId: MMSG-26385]
..\\Parameters\\common_lib.h(166): Notify: Transaction "click_Itinerary" ended with a "Pass" status (Duration: 0,3649).	[MsgId: MMSG-16873]
Action.c(11): Notify: Transaction "cancel_booking" started.	[MsgId: MMSG-16999]
Action.c(13): web_reg_find started  	[MsgId: MMSG-26355]
Action.c(13): Registering web_reg_find was successful  	[MsgId: MMSG-26390]
Action.c(17): web_submit_form("itinerary.pl") started  	[MsgId: MMSG-26355]
Action.c(17): Error -27979: Requested form not found  	[MsgId: MERR-27979]
End auto log messages stack.	[MsgId: MMSG-10544]


Start auto log messages stack - Iteration 74.	[MsgId: MMSG-10545]
..\\Parameters\\common_lib.h(156): Resource "http://localhost:1080/WebTours/images/signoff.gif" is in the cache already and will not be downloaded again  	[MsgId: MMSG-26655]
..\\Parameters\\common_lib.h(156): web_url("Itinerary Button") was successful, 4381 body bytes, 1319 header bytes, 36 chunking overhead bytes  	[MsgId: MMSG-26385]
..\\Parameters\\common_lib.h(166): Notify: Transaction "click_Itinerary" ended with a "Pass" status (Duration: 0,3166).	[MsgId: MMSG-16873]
Action.c(11): Notify: Transaction "cancel_booking" started.	[MsgId: MMSG-16999]
Action.c(13): web_reg_find started  	[MsgId: MMSG-26355]
Action.c(13): Registering web_reg_find was successful  	[MsgId: MMSG-26390]
Action.c(17): web_submit_form("itinerary.pl") started  	[MsgId: MMSG-26355]
Action.c(17): Error -27979: Requested form not found  	[MsgId: MERR-27979]
End auto log messages stack.	[MsgId: MMSG-10544]


Start auto log messages stack - Iteration 75.	[MsgId: MMSG-10545]
..\\Parameters\\common_lib.h(156): Resource "http://localhost:1080/WebTours/images/signoff.gif" is in the cache already and will not be downloaded again  	[MsgId: MMSG-26655]
..\\Parameters\\common_lib.h(156): web_url("Itinerary Button") was successful, 4381 body bytes, 1319 header bytes, 36 chunking overhead bytes  	[MsgId: MMSG-26385]
..\\Parameters\\common_lib.h(166): Notify: Transaction "click_Itinerary" ended with a "Pass" status (Duration: 0,2862).	[MsgId: MMSG-16873]
Action.c(11): Notify: Transaction "cancel_booking" started.	[MsgId: MMSG-16999]
Action.c(13): web_reg_find started  	[MsgId: MMSG-26355]
Action.c(13): Registering web_reg_find was successful  	[MsgId: MMSG-26390]
Action.c(17): web_submit_form("itinerary.pl") started  	[MsgId: MMSG-26355]
Action.c(17): Error -27979: Requested form not found  	[MsgId: MERR-27979]
End auto log messages stack.	[MsgId: MMSG-10544]


Start auto log messages stack - Iteration 76.	[MsgId: MMSG-10545]
..\\Parameters\\common_lib.h(156): Resource "http://localhost:1080/WebTours/images/signoff.gif" is in the cache already and will not be downloaded again  	[MsgId: MMSG-26655]
..\\Parameters\\common_lib.h(156): web_url("Itinerary Button") was successful, 4381 body bytes, 1319 header bytes, 36 chunking overhead bytes  	[MsgId: MMSG-26385]
..\\Parameters\\common_lib.h(166): Notify: Transaction "click_Itinerary" ended with a "Pass" status (Duration: 0,4551).	[MsgId: MMSG-16873]
Action.c(11): Notify: Transaction "cancel_booking" started.	[MsgId: MMSG-16999]
Action.c(13): web_reg_find started  	[MsgId: MMSG-26355]
Action.c(13): Registering web_reg_find was successful  	[MsgId: MMSG-26390]
Action.c(17): web_submit_form("itinerary.pl") started  	[MsgId: MMSG-26355]
Action.c(17): Error -27979: Requested form not found  	[MsgId: MERR-27979]
End auto log messages stack.	[MsgId: MMSG-10544]


Start auto log messages stack - Iteration 77.	[MsgId: MMSG-10545]
..\\Parameters\\common_lib.h(156): Resource "http://localhost:1080/WebTours/images/signoff.gif" is in the cache already and will not be downloaded again  	[MsgId: MMSG-26655]
..\\Parameters\\common_lib.h(156): web_url("Itinerary Button") was successful, 4381 body bytes, 1319 header bytes, 36 chunking overhead bytes  	[MsgId: MMSG-26385]
..\\Parameters\\common_lib.h(166): Notify: Transaction "click_Itinerary" ended with a "Pass" status (Duration: 0,3557).	[MsgId: MMSG-16873]
Action.c(11): Notify: Transaction "cancel_booking" started.	[MsgId: MMSG-16999]
Action.c(13): web_reg_find started  	[MsgId: MMSG-26355]
Action.c(13): Registering web_reg_find was successful  	[MsgId: MMSG-26390]
Action.c(17): web_submit_form("itinerary.pl") started  	[MsgId: MMSG-26355]
Action.c(17): Error -27979: Requested form not found  	[MsgId: MERR-27979]
End auto log messages stack.	[MsgId: MMSG-10544]


Start auto log messages stack - Iteration 78.	[MsgId: MMSG-10545]
..\\Parameters\\common_lib.h(156): Resource "http://localhost:1080/WebTours/images/signoff.gif" is in the cache already and will not be downloaded again  	[MsgId: MMSG-26655]
..\\Parameters\\common_lib.h(156): web_url("Itinerary Button") was successful, 4381 body bytes, 1319 header bytes, 36 chunking overhead bytes  	[MsgId: MMSG-26385]
..\\Parameters\\common_lib.h(166): Notify: Transaction "click_Itinerary" ended with a "Pass" status (Duration: 0,4335).	[MsgId: MMSG-16873]
Action.c(11): Notify: Transaction "cancel_booking" started.	[MsgId: MMSG-16999]
Action.c(13): web_reg_find started  	[MsgId: MMSG-26355]
Action.c(13): Registering web_reg_find was successful  	[MsgId: MMSG-26390]
Action.c(17): web_submit_form("itinerary.pl") started  	[MsgId: MMSG-26355]
Action.c(17): Error -27979: Requested form not found  	[MsgId: MERR-27979]
End auto log messages stack.	[MsgId: MMSG-10544]


Start auto log messages stack - Iteration 82.	[MsgId: MMSG-10545]
..\\Parameters\\common_lib.h(156): Resource "http://localhost:1080/WebTours/images/signoff.gif" is in the cache already and will not be downloaded again  	[MsgId: MMSG-26655]
..\\Parameters\\common_lib.h(156): web_url("Itinerary Button") was successful, 4381 body bytes, 1319 header bytes, 36 chunking overhead bytes  	[MsgId: MMSG-26385]
..\\Parameters\\common_lib.h(166): Notify: Transaction "click_Itinerary" ended with a "Pass" status (Duration: 0,2095).	[MsgId: MMSG-16873]
Action.c(11): Notify: Transaction "cancel_booking" started.	[MsgId: MMSG-16999]
Action.c(13): web_reg_find started  	[MsgId: MMSG-26355]
Action.c(13): Registering web_reg_find was successful  	[MsgId: MMSG-26390]
Action.c(17): web_submit_form("itinerary.pl") started  	[MsgId: MMSG-26355]
Action.c(17): Error -27979: Requested form not found  	[MsgId: MERR-27979]
End auto log messages stack.	[MsgId: MMSG-10544]


Start auto log messages stack - Iteration 83.	[MsgId: MMSG-10545]
..\\Parameters\\common_lib.h(156): Resource "http://localhost:1080/WebTours/images/signoff.gif" is in the cache already and will not be downloaded again  	[MsgId: MMSG-26655]
..\\Parameters\\common_lib.h(156): web_url("Itinerary Button") was successful, 4381 body bytes, 1319 header bytes, 36 chunking overhead bytes  	[MsgId: MMSG-26385]
..\\Parameters\\common_lib.h(166): Notify: Transaction "click_Itinerary" ended with a "Pass" status (Duration: 0,2811).	[MsgId: MMSG-16873]
Action.c(11): Notify: Transaction "cancel_booking" started.	[MsgId: MMSG-16999]
Action.c(13): web_reg_find started  	[MsgId: MMSG-26355]
Action.c(13): Registering web_reg_find was successful  	[MsgId: MMSG-26390]
Action.c(17): web_submit_form("itinerary.pl") started  	[MsgId: MMSG-26355]
Action.c(17): Error -27979: Requested form not found  	[MsgId: MERR-27979]
End auto log messages stack.	[MsgId: MMSG-10544]


Start auto log messages stack - Iteration 84.	[MsgId: MMSG-10545]
..\\Parameters\\common_lib.h(156): Resource "http://localhost:1080/WebTours/images/signoff.gif" is in the cache already and will not be downloaded again  	[MsgId: MMSG-26655]
..\\Parameters\\common_lib.h(156): web_url("Itinerary Button") was successful, 4381 body bytes, 1319 header bytes, 36 chunking overhead bytes  	[MsgId: MMSG-26385]
..\\Parameters\\common_lib.h(166): Notify: Transaction "click_Itinerary" ended with a "Pass" status (Duration: 0,4523).	[MsgId: MMSG-16873]
Action.c(11): Notify: Transaction "cancel_booking" started.	[MsgId: MMSG-16999]
Action.c(13): web_reg_find started  	[MsgId: MMSG-26355]
Action.c(13): Registering web_reg_find was successful  	[MsgId: MMSG-26390]
Action.c(17): web_submit_form("itinerary.pl") started  	[MsgId: MMSG-26355]
Action.c(17): Error -27979: Requested form not found  	[MsgId: MERR-27979]
End auto log messages stack.	[MsgId: MMSG-10544]


Start auto log messages stack - Iteration 85.	[MsgId: MMSG-10545]
..\\Parameters\\common_lib.h(156): Resource "http://localhost:1080/WebTours/images/signoff.gif" is in the cache already and will not be downloaded again  	[MsgId: MMSG-26655]
..\\Parameters\\common_lib.h(156): web_url("Itinerary Button") was successful, 4381 body bytes, 1319 header bytes, 36 chunking overhead bytes  	[MsgId: MMSG-26385]
..\\Parameters\\common_lib.h(166): Notify: Transaction "click_Itinerary" ended with a "Pass" status (Duration: 0,3282).	[MsgId: MMSG-16873]
Action.c(11): Notify: Transaction "cancel_booking" started.	[MsgId: MMSG-16999]
Action.c(13): web_reg_find started  	[MsgId: MMSG-26355]
Action.c(13): Registering web_reg_find was successful  	[MsgId: MMSG-26390]
Action.c(17): web_submit_form("itinerary.pl") started  	[MsgId: MMSG-26355]
Action.c(17): Error -27979: Requested form not found  	[MsgId: MERR-27979]
End auto log messages stack.	[MsgId: MMSG-10544]


Start auto log messages stack - Iteration 86.	[MsgId: MMSG-10545]
..\\Parameters\\common_lib.h(156): Resource "http://localhost:1080/WebTours/images/signoff.gif" is in the cache already and will not be downloaded again  	[MsgId: MMSG-26655]
..\\Parameters\\common_lib.h(156): web_url("Itinerary Button") was successful, 4381 body bytes, 1319 header bytes, 36 chunking overhead bytes  	[MsgId: MMSG-26385]
..\\Parameters\\common_lib.h(166): Notify: Transaction "click_Itinerary" ended with a "Pass" status (Duration: 0,2462).	[MsgId: MMSG-16873]
Action.c(11): Notify: Transaction "cancel_booking" started.	[MsgId: MMSG-16999]
Action.c(13): web_reg_find started  	[MsgId: MMSG-26355]
Action.c(13): Registering web_reg_find was successful  	[MsgId: MMSG-26390]
Action.c(17): web_submit_form("itinerary.pl") started  	[MsgId: MMSG-26355]
Action.c(17): Error -27979: Requested form not found  	[MsgId: MERR-27979]
End auto log messages stack.	[MsgId: MMSG-10544]


Start auto log messages stack - Iteration 87.	[MsgId: MMSG-10545]
..\\Parameters\\common_lib.h(156): Resource "http://localhost:1080/WebTours/images/signoff.gif" is in the cache already and will not be downloaded again  	[MsgId: MMSG-26655]
..\\Parameters\\common_lib.h(156): web_url("Itinerary Button") was successful, 4381 body bytes, 1319 header bytes, 36 chunking overhead bytes  	[MsgId: MMSG-26385]
..\\Parameters\\common_lib.h(166): Notify: Transaction "click_Itinerary" ended with a "Pass" status (Duration: 0,3787).	[MsgId: MMSG-16873]
Action.c(11): Notify: Transaction "cancel_booking" started.	[MsgId: MMSG-16999]
Action.c(13): web_reg_find started  	[MsgId: MMSG-26355]
Action.c(13): Registering web_reg_find was successful  	[MsgId: MMSG-26390]
Action.c(17): web_submit_form("itinerary.pl") started  	[MsgId: MMSG-26355]
Action.c(17): Error -27979: Requested form not found  	[MsgId: MERR-27979]
End auto log messages stack.	[MsgId: MMSG-10544]


Start auto log messages stack - Iteration 91.	[MsgId: MMSG-10545]
..\\Parameters\\common_lib.h(156): Resource "http://localhost:1080/WebTours/images/signoff.gif" is in the cache already and will not be downloaded again  	[MsgId: MMSG-26655]
..\\Parameters\\common_lib.h(156): web_url("Itinerary Button") was successful, 4381 body bytes, 1319 header bytes, 36 chunking overhead bytes  	[MsgId: MMSG-26385]
..\\Parameters\\common_lib.h(166): Notify: Transaction "click_Itinerary" ended with a "Pass" status (Duration: 0,3325).	[MsgId: MMSG-16873]
Action.c(11): Notify: Transaction "cancel_booking" started.	[MsgId: MMSG-16999]
Action.c(13): web_reg_find started  	[MsgId: MMSG-26355]
Action.c(13): Registering web_reg_find was successful  	[MsgId: MMSG-26390]
Action.c(17): web_submit_form("itinerary.pl") started  	[MsgId: MMSG-26355]
Action.c(17): Error -27979: Requested form not found  	[MsgId: MERR-27979]
End auto log messages stack.	[MsgId: MMSG-10544]


Start auto log messages stack - Iteration 92.	[MsgId: MMSG-10545]
..\\Parameters\\common_lib.h(156): Resource "http://localhost:1080/WebTours/images/signoff.gif" is in the cache already and will not be downloaded again  	[MsgId: MMSG-26655]
..\\Parameters\\common_lib.h(156): web_url("Itinerary Button") was successful, 4381 body bytes, 1319 header bytes, 36 chunking overhead bytes  	[MsgId: MMSG-26385]
..\\Parameters\\common_lib.h(166): Notify: Transaction "click_Itinerary" ended with a "Pass" status (Duration: 0,2597).	[MsgId: MMSG-16873]
Action.c(11): Notify: Transaction "cancel_booking" started.	[MsgId: MMSG-16999]
Action.c(13): web_reg_find started  	[MsgId: MMSG-26355]
Action.c(13): Registering web_reg_find was successful  	[MsgId: MMSG-26390]
Action.c(17): web_submit_form("itinerary.pl") started  	[MsgId: MMSG-26355]
Action.c(17): Error -27979: Requested form not found  	[MsgId: MERR-27979]
End auto log messages stack.	[MsgId: MMSG-10544]


Start auto log messages stack - Iteration 93.	[MsgId: MMSG-10545]
..\\Parameters\\common_lib.h(156): Resource "http://localhost:1080/WebTours/images/signoff.gif" is in the cache already and will not be downloaded again  	[MsgId: MMSG-26655]
..\\Parameters\\common_lib.h(156): web_url("Itinerary Button") was successful, 4381 body bytes, 1319 header bytes, 36 chunking overhead bytes  	[MsgId: MMSG-26385]
..\\Parameters\\common_lib.h(166): Notify: Transaction "click_Itinerary" ended with a "Pass" status (Duration: 0,2397).	[MsgId: MMSG-16873]
Action.c(11): Notify: Transaction "cancel_booking" started.	[MsgId: MMSG-16999]
Action.c(13): web_reg_find started  	[MsgId: MMSG-26355]
Action.c(13): Registering web_reg_find was successful  	[MsgId: MMSG-26390]
Action.c(17): web_submit_form("itinerary.pl") started  	[MsgId: MMSG-26355]
Action.c(17): Error -27979: Requested form not found  	[MsgId: MERR-27979]
End auto log messages stack.	[MsgId: MMSG-10544]


Start auto log messages stack - Iteration 94.	[MsgId: MMSG-10545]
..\\Parameters\\common_lib.h(156): Resource "http://localhost:1080/WebTours/images/signoff.gif" is in the cache already and will not be downloaded again  	[MsgId: MMSG-26655]
..\\Parameters\\common_lib.h(156): web_url("Itinerary Button") was successful, 4381 body bytes, 1319 header bytes, 36 chunking overhead bytes  	[MsgId: MMSG-26385]
..\\Parameters\\common_lib.h(166): Notify: Transaction "click_Itinerary" ended with a "Pass" status (Duration: 0,3927).	[MsgId: MMSG-16873]
Action.c(11): Notify: Transaction "cancel_booking" started.	[MsgId: MMSG-16999]
Action.c(13): web_reg_find started  	[MsgId: MMSG-26355]
Action.c(13): Registering web_reg_find was successful  	[MsgId: MMSG-26390]
Action.c(17): web_submit_form("itinerary.pl") started  	[MsgId: MMSG-26355]
Action.c(17): Error -27979: Requested form not found  	[MsgId: MERR-27979]
End auto log messages stack.	[MsgId: MMSG-10544]


Start auto log messages stack - Iteration 95.	[MsgId: MMSG-10545]
..\\Parameters\\common_lib.h(156): Resource "http://localhost:1080/WebTours/images/signoff.gif" is in the cache already and will not be downloaded again  	[MsgId: MMSG-26655]
..\\Parameters\\common_lib.h(156): web_url("Itinerary Button") was successful, 4381 body bytes, 1319 header bytes, 36 chunking overhead bytes  	[MsgId: MMSG-26385]
..\\Parameters\\common_lib.h(166): Notify: Transaction "click_Itinerary" ended with a "Pass" status (Duration: 0,3083).	[MsgId: MMSG-16873]
Action.c(11): Notify: Transaction "cancel_booking" started.	[MsgId: MMSG-16999]
Action.c(13): web_reg_find started  	[MsgId: MMSG-26355]
Action.c(13): Registering web_reg_find was successful  	[MsgId: MMSG-26390]
Action.c(17): web_submit_form("itinerary.pl") started  	[MsgId: MMSG-26355]
Action.c(17): Error -27979: Requested form not found  	[MsgId: MERR-27979]
End auto log messages stack.	[MsgId: MMSG-10544]


Start auto log messages stack - Iteration 96.	[MsgId: MMSG-10545]
..\\Parameters\\common_lib.h(156): Resource "http://localhost:1080/WebTours/images/signoff.gif" is in the cache already and will not be downloaded again  	[MsgId: MMSG-26655]
..\\Parameters\\common_lib.h(156): web_url("Itinerary Button") was successful, 4381 body bytes, 1319 header bytes, 36 chunking overhead bytes  	[MsgId: MMSG-26385]
..\\Parameters\\common_lib.h(166): Notify: Transaction "click_Itinerary" ended with a "Pass" status (Duration: 0,3431).	[MsgId: MMSG-16873]
Action.c(11): Notify: Transaction "cancel_booking" started.	[MsgId: MMSG-16999]
Action.c(13): web_reg_find started  	[MsgId: MMSG-26355]
Action.c(13): Registering web_reg_find was successful  	[MsgId: MMSG-26390]
Action.c(17): web_submit_form("itinerary.pl") started  	[MsgId: MMSG-26355]
Action.c(17): Error -27979: Requested form not found  	[MsgId: MERR-27979]
End auto log messages stack.	[MsgId: MMSG-10544]


