Start auto log messages stack - Iteration 3.	[MsgId: MMSG-10545]
Action.c(31): lr_think_time: 5,00 seconds.	[MsgId: MMSG-15948]
Action.c(45): Notify: Transaction "cancel_booking" started.	[MsgId: MMSG-16999]
Action.c(47): web_reg_find started  	[MsgId: MMSG-26355]
Action.c(47): Registering web_reg_find was successful  	[MsgId: MMSG-26390]
Action.c(55): web_submit_form("itinerary.pl") started  	[MsgId: MMSG-26355]
Action.c(55): Submitting form to "http://localhost:1080/cgi-bin/itinerary.pl", Target Frame=""  	[MsgId: MMSG-27978]
Action.c(55): Resource "http://localhost:1080/WebTours/images/cancelreservation.gif" is in the cache already and will not be downloaded again  	[MsgId: MMSG-26655]
Action.c(55): Resource "http://localhost:1080/WebTours/images/cancelallreservations.gif" is in the cache already and will not be downloaded again  	[MsgId: MMSG-26655]
Action.c(55): Error -26368: "Text=411777820-9292837-JS" found for web_reg_find (count=1)  	[MsgId: MERR-26368]
End auto log messages stack.	[MsgId: MMSG-10544]


Start auto log messages stack - Iteration 10.	[MsgId: MMSG-10545]
Action.c(31): lr_think_time: 5,00 seconds.	[MsgId: MMSG-15948]
Action.c(45): Notify: Transaction "cancel_booking" started.	[MsgId: MMSG-16999]
Action.c(47): web_reg_find started  	[MsgId: MMSG-26355]
Action.c(47): Registering web_reg_find was successful  	[MsgId: MMSG-26390]
Action.c(55): web_submit_form("itinerary.pl") started  	[MsgId: MMSG-26355]
Action.c(55): Submitting form to "http://localhost:1080/cgi-bin/itinerary.pl", Target Frame=""  	[MsgId: MMSG-27978]
Action.c(55): Resource "http://localhost:1080/WebTours/images/cancelreservation.gif" is in the cache already and will not be downloaded again  	[MsgId: MMSG-26655]
Action.c(55): Resource "http://localhost:1080/WebTours/images/cancelallreservations.gif" is in the cache already and will not be downloaded again  	[MsgId: MMSG-26655]
Action.c(55): Error -26368: "Text=163890863-1925484-KL" found for web_reg_find (count=1)  	[MsgId: MERR-26368]
End auto log messages stack.	[MsgId: MMSG-10544]


Start auto log messages stack - Iteration 13.	[MsgId: MMSG-10545]
Action.c(31): lr_think_time: 5,00 seconds.	[MsgId: MMSG-15948]
Action.c(45): Notify: Transaction "cancel_booking" started.	[MsgId: MMSG-16999]
Action.c(47): web_reg_find started  	[MsgId: MMSG-26355]
Action.c(47): Registering web_reg_find was successful  	[MsgId: MMSG-26390]
Action.c(55): web_submit_form("itinerary.pl") started  	[MsgId: MMSG-26355]
Action.c(55): Submitting form to "http://localhost:1080/cgi-bin/itinerary.pl", Target Frame=""  	[MsgId: MMSG-27978]
Action.c(55): Resource "http://localhost:1080/WebTours/images/cancelreservation.gif" is in the cache already and will not be downloaded again  	[MsgId: MMSG-26655]
Action.c(55): Resource "http://localhost:1080/WebTours/images/cancelallreservations.gif" is in the cache already and will not be downloaded again  	[MsgId: MMSG-26655]
Action.c(55): Error -26368: "Text=1638993031-60162397-KL" found for web_reg_find (count=1)  	[MsgId: MERR-26368]
End auto log messages stack.	[MsgId: MMSG-10544]


Start auto log messages stack - Iteration 44.	[MsgId: MMSG-10545]
Action.c(31): lr_think_time: 5,00 seconds.	[MsgId: MMSG-15948]
Action.c(45): Notify: Transaction "cancel_booking" started.	[MsgId: MMSG-16999]
Action.c(47): web_reg_find started  	[MsgId: MMSG-26355]
Action.c(47): Registering web_reg_find was successful  	[MsgId: MMSG-26390]
Action.c(55): web_submit_form("itinerary.pl") started  	[MsgId: MMSG-26355]
Action.c(55): Submitting form to "http://localhost:1080/cgi-bin/itinerary.pl", Target Frame=""  	[MsgId: MMSG-27978]
Action.c(55): Resource "http://localhost:1080/WebTours/images/cancelreservation.gif" is in the cache already and will not be downloaded again  	[MsgId: MMSG-26655]
Action.c(55): Resource "http://localhost:1080/WebTours/images/cancelallreservations.gif" is in the cache already and will not be downloaded again  	[MsgId: MMSG-26655]
Action.c(55): Error -26368: "Text=206041-127189-BJ" found for web_reg_find (count=1)  	[MsgId: MERR-26368]
End auto log messages stack.	[MsgId: MMSG-10544]


Start auto log messages stack - Iteration 11.	[MsgId: MMSG-10545]
Action.c(31): lr_think_time: 5,00 seconds.	[MsgId: MMSG-15948]
Action.c(45): Notify: Transaction "cancel_booking" started.	[MsgId: MMSG-16999]
Action.c(47): web_reg_find started  	[MsgId: MMSG-26355]
Action.c(47): Registering web_reg_find was successful  	[MsgId: MMSG-26390]
Action.c(55): web_submit_form("itinerary.pl") started  	[MsgId: MMSG-26355]
Action.c(55): Submitting form to "http://localhost:1080/cgi-bin/itinerary.pl", Target Frame=""  	[MsgId: MMSG-27978]
Action.c(55): Resource "http://localhost:1080/WebTours/images/cancelreservation.gif" is in the cache already and will not be downloaded again  	[MsgId: MMSG-26655]
Action.c(55): Resource "http://localhost:1080/WebTours/images/cancelallreservations.gif" is in the cache already and will not be downloaded again  	[MsgId: MMSG-26655]
Action.c(55): Error -26368: "Text=163891121-4307827-KL" found for web_reg_find (count=1)  	[MsgId: MERR-26368]
End auto log messages stack.	[MsgId: MMSG-10544]


Start auto log messages stack - Iteration 2.	[MsgId: MMSG-10545]
Action.c(31): lr_think_time: 5,00 seconds.	[MsgId: MMSG-15948]
Action.c(45): Notify: Transaction "cancel_booking" started.	[MsgId: MMSG-16999]
Action.c(47): web_reg_find started  	[MsgId: MMSG-26355]
Action.c(47): Registering web_reg_find was successful  	[MsgId: MMSG-26390]
Action.c(55): web_submit_form("itinerary.pl") started  	[MsgId: MMSG-26355]
Action.c(55): Submitting form to "http://localhost:1080/cgi-bin/itinerary.pl", Target Frame=""  	[MsgId: MMSG-27978]
Action.c(55): Resource "http://localhost:1080/WebTours/images/cancelreservation.gif" is in the cache already and will not be downloaded again  	[MsgId: MMSG-26655]
Action.c(55): Resource "http://localhost:1080/WebTours/images/cancelallreservations.gif" is in the cache already and will not be downloaded again  	[MsgId: MMSG-26655]
Action.c(55): Error -26368: "Text=1639200099-2677335-KL" found for web_reg_find (count=1)  	[MsgId: MERR-26368]
End auto log messages stack.	[MsgId: MMSG-10544]


Start auto log messages stack - Iteration 7.	[MsgId: MMSG-10545]
Action.c(31): lr_think_time: 5,00 seconds.	[MsgId: MMSG-15948]
Action.c(45): Notify: Transaction "cancel_booking" started.	[MsgId: MMSG-16999]
Action.c(47): web_reg_find started  	[MsgId: MMSG-26355]
Action.c(47): Registering web_reg_find was successful  	[MsgId: MMSG-26390]
Action.c(55): web_submit_form("itinerary.pl") started  	[MsgId: MMSG-26355]
Action.c(55): Submitting form to "http://localhost:1080/cgi-bin/itinerary.pl", Target Frame=""  	[MsgId: MMSG-27978]
Action.c(55): Resource "http://localhost:1080/WebTours/images/cancelreservation.gif" is in the cache already and will not be downloaded again  	[MsgId: MMSG-26655]
Action.c(55): Resource "http://localhost:1080/WebTours/images/cancelallreservations.gif" is in the cache already and will not be downloaded again  	[MsgId: MMSG-26655]
Action.c(55): Error -26368: "Text=463380-25500856-PT" found for web_reg_find (count=1)  	[MsgId: MERR-26368]
End auto log messages stack.	[MsgId: MMSG-10544]


Start auto log messages stack - Iteration 33.	[MsgId: MMSG-10545]
Action.c(31): lr_think_time: 5,00 seconds.	[MsgId: MMSG-15948]
Action.c(45): Notify: Transaction "cancel_booking" started.	[MsgId: MMSG-16999]
Action.c(47): web_reg_find started  	[MsgId: MMSG-26355]
Action.c(47): Registering web_reg_find was successful  	[MsgId: MMSG-26390]
Action.c(55): web_submit_form("itinerary.pl") started  	[MsgId: MMSG-26355]
Action.c(55): Submitting form to "http://localhost:1080/cgi-bin/itinerary.pl", Target Frame=""  	[MsgId: MMSG-27978]
Action.c(55): Resource "http://localhost:1080/WebTours/images/cancelreservation.gif" is in the cache already and will not be downloaded again  	[MsgId: MMSG-26655]
Action.c(55): Resource "http://localhost:1080/WebTours/images/cancelallreservations.gif" is in the cache already and will not be downloaded again  	[MsgId: MMSG-26655]
Action.c(55): Error -26368: "Text=5760-6578-JB" found for web_reg_find (count=1)  	[MsgId: MERR-26368]
End auto log messages stack.	[MsgId: MMSG-10544]


Start auto log messages stack - Iteration 93.	[MsgId: MMSG-10545]
Action.c(31): lr_think_time: 5,00 seconds.	[MsgId: MMSG-15948]
Action.c(45): Notify: Transaction "cancel_booking" started.	[MsgId: MMSG-16999]
Action.c(47): web_reg_find started  	[MsgId: MMSG-26355]
Action.c(47): Registering web_reg_find was successful  	[MsgId: MMSG-26390]
Action.c(55): web_submit_form("itinerary.pl") started  	[MsgId: MMSG-26355]
Action.c(55): Submitting form to "http://localhost:1080/cgi-bin/itinerary.pl", Target Frame=""  	[MsgId: MMSG-27978]
Action.c(55): Resource "http://localhost:1080/WebTours/images/cancelreservation.gif" is in the cache already and will not be downloaded again  	[MsgId: MMSG-26655]
Action.c(55): Resource "http://localhost:1080/WebTours/images/cancelallreservations.gif" is in the cache already and will not be downloaded again  	[MsgId: MMSG-26655]
Action.c(55): Error -26368: "Text=123457088-9562428-JA" found for web_reg_find (count=1)  	[MsgId: MERR-26368]
End auto log messages stack.	[MsgId: MMSG-10544]


Start auto log messages stack - Iteration 81.	[MsgId: MMSG-10545]
Action.c(31): lr_think_time: 5,00 seconds.	[MsgId: MMSG-15948]
Action.c(45): Notify: Transaction "cancel_booking" started.	[MsgId: MMSG-16999]
Action.c(47): web_reg_find started  	[MsgId: MMSG-26355]
Action.c(47): Registering web_reg_find was successful  	[MsgId: MMSG-26390]
Action.c(55): web_submit_form("itinerary.pl") started  	[MsgId: MMSG-26355]
Action.c(55): Submitting form to "http://localhost:1080/cgi-bin/itinerary.pl", Target Frame=""  	[MsgId: MMSG-27978]
Action.c(55): Resource "http://localhost:1080/WebTours/images/cancelreservation.gif" is in the cache already and will not be downloaded again  	[MsgId: MMSG-26655]
Action.c(55): Resource "http://localhost:1080/WebTours/images/cancelallreservations.gif" is in the cache already and will not be downloaded again  	[MsgId: MMSG-26655]
Action.c(55): Error -26368: "Text=168311164-5416362-DH" found for web_reg_find (count=1)  	[MsgId: MERR-26368]
End auto log messages stack.	[MsgId: MMSG-10544]


Start auto log messages stack - Iteration 107.	[MsgId: MMSG-10545]
Action.c(31): lr_think_time: 5,00 seconds.	[MsgId: MMSG-15948]
Action.c(45): Notify: Transaction "cancel_booking" started.	[MsgId: MMSG-16999]
Action.c(47): web_reg_find started  	[MsgId: MMSG-26355]
Action.c(47): Registering web_reg_find was successful  	[MsgId: MMSG-26390]
Action.c(55): web_submit_form("itinerary.pl") started  	[MsgId: MMSG-26355]
Action.c(55): Submitting form to "http://localhost:1080/cgi-bin/itinerary.pl", Target Frame=""  	[MsgId: MMSG-27978]
Action.c(55): Resource "http://localhost:1080/WebTours/images/cancelreservation.gif" is in the cache already and will not be downloaded again  	[MsgId: MMSG-26655]
Action.c(55): Resource "http://localhost:1080/WebTours/images/cancelallreservations.gif" is in the cache already and will not be downloaded again  	[MsgId: MMSG-26655]
Action.c(55): Error -26368: "Text=210833-19201617-BJ" found for web_reg_find (count=1)  	[MsgId: MERR-26368]
End auto log messages stack.	[MsgId: MMSG-10544]


Start auto log messages stack - Iteration 86.	[MsgId: MMSG-10545]
Action.c(31): lr_think_time: 5,00 seconds.	[MsgId: MMSG-15948]
Action.c(45): Notify: Transaction "cancel_booking" started.	[MsgId: MMSG-16999]
Action.c(47): web_reg_find started  	[MsgId: MMSG-26355]
Action.c(47): Registering web_reg_find was successful  	[MsgId: MMSG-26390]
Action.c(55): web_submit_form("itinerary.pl") started  	[MsgId: MMSG-26355]
Action.c(55): Submitting form to "http://localhost:1080/cgi-bin/itinerary.pl", Target Frame=""  	[MsgId: MMSG-27978]
Action.c(55): Resource "http://localhost:1080/WebTours/images/cancelreservation.gif" is in the cache already and will not be downloaded again  	[MsgId: MMSG-26655]
Action.c(55): Resource "http://localhost:1080/WebTours/images/cancelallreservations.gif" is in the cache already and will not be downloaded again  	[MsgId: MMSG-26655]
Action.c(55): Error -26368: "Text=3274887-26785519-MR" found for web_reg_find (count=1)  	[MsgId: MERR-26368]
End auto log messages stack.	[MsgId: MMSG-10544]


Start auto log messages stack - Iteration 42.	[MsgId: MMSG-10545]
Action.c(31): lr_think_time: 5,00 seconds.	[MsgId: MMSG-15948]
Action.c(45): Notify: Transaction "cancel_booking" started.	[MsgId: MMSG-16999]
Action.c(47): web_reg_find started  	[MsgId: MMSG-26355]
Action.c(47): Registering web_reg_find was successful  	[MsgId: MMSG-26390]
Action.c(55): web_submit_form("itinerary.pl") started  	[MsgId: MMSG-26355]
Action.c(55): Submitting form to "http://localhost:1080/cgi-bin/itinerary.pl", Target Frame=""  	[MsgId: MMSG-27978]
Action.c(55): Resource "http://localhost:1080/WebTours/images/cancelreservation.gif" is in the cache already and will not be downloaded again  	[MsgId: MMSG-26655]
Action.c(55): Resource "http://localhost:1080/WebTours/images/cancelallreservations.gif" is in the cache already and will not be downloaded again  	[MsgId: MMSG-26655]
Action.c(55): Error -26368: "Text=206802-6810202-BJ" found for web_reg_find (count=1)  	[MsgId: MERR-26368]
End auto log messages stack.	[MsgId: MMSG-10544]


Start auto log messages stack - Iteration 116.	[MsgId: MMSG-10545]
Action.c(31): lr_think_time: 5,00 seconds.	[MsgId: MMSG-15948]
Action.c(45): Notify: Transaction "cancel_booking" started.	[MsgId: MMSG-16999]
Action.c(47): web_reg_find started  	[MsgId: MMSG-26355]
Action.c(47): Registering web_reg_find was successful  	[MsgId: MMSG-26390]
Action.c(55): web_submit_form("itinerary.pl") started  	[MsgId: MMSG-26355]
Action.c(55): Submitting form to "http://localhost:1080/cgi-bin/itinerary.pl", Target Frame=""  	[MsgId: MMSG-27978]
Action.c(55): Resource "http://localhost:1080/WebTours/images/cancelreservation.gif" is in the cache already and will not be downloaded again  	[MsgId: MMSG-26655]
Action.c(55): Resource "http://localhost:1080/WebTours/images/cancelallreservations.gif" is in the cache already and will not be downloaded again  	[MsgId: MMSG-26655]
Action.c(55): Error -26368: "Text=123478635-1484100-JA" found for web_reg_find (count=1)  	[MsgId: MERR-26368]
End auto log messages stack.	[MsgId: MMSG-10544]


Start auto log messages stack - Iteration 121.	[MsgId: MMSG-10545]
Action.c(31): lr_think_time: 5,00 seconds.	[MsgId: MMSG-15948]
Action.c(45): Notify: Transaction "cancel_booking" started.	[MsgId: MMSG-16999]
Action.c(47): web_reg_find started  	[MsgId: MMSG-26355]
Action.c(47): Registering web_reg_find was successful  	[MsgId: MMSG-26390]
Action.c(55): web_submit_form("itinerary.pl") started  	[MsgId: MMSG-26355]
Action.c(55): Submitting form to "http://localhost:1080/cgi-bin/itinerary.pl", Target Frame=""  	[MsgId: MMSG-27978]
Action.c(55): Resource "http://localhost:1080/WebTours/images/cancelreservation.gif" is in the cache already and will not be downloaded again  	[MsgId: MMSG-26655]
Action.c(55): Resource "http://localhost:1080/WebTours/images/cancelallreservations.gif" is in the cache already and will not be downloaded again  	[MsgId: MMSG-26655]
Action.c(55): Error -26368: "Text=163908946-1116324-KL" found for web_reg_find (count=1)  	[MsgId: MERR-26368]
End auto log messages stack.	[MsgId: MMSG-10544]


