Start auto log messages stack - Iteration 1.	[MsgId: MMSG-10545]
Starting action Action.	[MsgId: MMSG-15919]
Action.c(4): Notify: Transaction "UC_3_regNewUser" started.	[MsgId: MMSG-16999]
Action.c(6): Notify: Transaction "open_homepage" started.	[MsgId: MMSG-16999]
Action.c(8): web_reg_find started  	[MsgId: MMSG-26355]
Action.c(8): Registering web_reg_find was successful  	[MsgId: MMSG-26390]
Action.c(11): web_url("WebTours") started  	[MsgId: MMSG-26355]
Action.c(11): Error -27792: Failed to connect to server "localhost:1080": [10061] Connection refused  	[MsgId: MERR-27792]
End auto log messages stack.	[MsgId: MMSG-10544]


Start auto log messages stack - Iteration 1.	[MsgId: MMSG-10545]
Action.c(11): Warning -26200: At least one of the resources specified by EXTRARES has not been downloaded due to the above error(s)  	[MsgId: MWAR-26200]
Action.c(11): Error -26366: "Text=If you haven't registered yet, <A href="/cgi-bin/login.pl?username=&amp;password=&amp;getInfo=true" ><B>sign up now</B></A> to get access to all our resources." not found for web_reg_find  	[MsgId: MERR-26366]
Action.c(11): Error -26374: The above "not found" error(s) may be explained by header and body byte counts being 0 and 0, respectively.  	[MsgId: MERR-26374]
End auto log messages stack.	[MsgId: MMSG-10544]


Start auto log messages stack - Iteration 2.	[MsgId: MMSG-10545]
Starting action Action.	[MsgId: MMSG-15919]
Action.c(4): Notify: Transaction "UC_3_regNewUser" started.	[MsgId: MMSG-16999]
Action.c(6): Notify: Transaction "open_homepage" started.	[MsgId: MMSG-16999]
Action.c(8): web_reg_find started  	[MsgId: MMSG-26355]
Action.c(8): Registering web_reg_find was successful  	[MsgId: MMSG-26390]
Action.c(11): web_url("WebTours") started  	[MsgId: MMSG-26355]
Action.c(11): Error -27792: Failed to connect to server "localhost:1080": [10061] Connection refused  	[MsgId: MERR-27792]
End auto log messages stack.	[MsgId: MMSG-10544]


Start auto log messages stack - Iteration 2.	[MsgId: MMSG-10545]
Action.c(11): Warning -26200: At least one of the resources specified by EXTRARES has not been downloaded due to the above error(s)  	[MsgId: MWAR-26200]
Action.c(11): Error -26366: "Text=If you haven't registered yet, <A href="/cgi-bin/login.pl?username=&amp;password=&amp;getInfo=true" ><B>sign up now</B></A> to get access to all our resources." not found for web_reg_find  	[MsgId: MERR-26366]
Action.c(11): Error -26374: The above "not found" error(s) may be explained by header and body byte counts being 0 and 0, respectively.  	[MsgId: MERR-26374]
End auto log messages stack.	[MsgId: MMSG-10544]


Start auto log messages stack - Iteration 3.	[MsgId: MMSG-10545]
Starting action Action.	[MsgId: MMSG-15919]
Action.c(4): Notify: Transaction "UC_3_regNewUser" started.	[MsgId: MMSG-16999]
Action.c(6): Notify: Transaction "open_homepage" started.	[MsgId: MMSG-16999]
Action.c(8): web_reg_find started  	[MsgId: MMSG-26355]
Action.c(8): Registering web_reg_find was successful  	[MsgId: MMSG-26390]
Action.c(11): web_url("WebTours") started  	[MsgId: MMSG-26355]
Action.c(11): Error -27792: Failed to connect to server "localhost:1080": [10061] Connection refused  	[MsgId: MERR-27792]
End auto log messages stack.	[MsgId: MMSG-10544]


Start auto log messages stack - Iteration 3.	[MsgId: MMSG-10545]
Action.c(11): Warning -26200: At least one of the resources specified by EXTRARES has not been downloaded due to the above error(s)  	[MsgId: MWAR-26200]
Action.c(11): Error -26366: "Text=If you haven't registered yet, <A href="/cgi-bin/login.pl?username=&amp;password=&amp;getInfo=true" ><B>sign up now</B></A> to get access to all our resources." not found for web_reg_find  	[MsgId: MERR-26366]
Action.c(11): Error -26374: The above "not found" error(s) may be explained by header and body byte counts being 0 and 0, respectively.  	[MsgId: MERR-26374]
End auto log messages stack.	[MsgId: MMSG-10544]


Start auto log messages stack - Iteration 4.	[MsgId: MMSG-10545]
Starting action Action.	[MsgId: MMSG-15919]
Action.c(4): Notify: Transaction "UC_3_regNewUser" started.	[MsgId: MMSG-16999]
Action.c(6): Notify: Transaction "open_homepage" started.	[MsgId: MMSG-16999]
Action.c(8): web_reg_find started  	[MsgId: MMSG-26355]
Action.c(8): Registering web_reg_find was successful  	[MsgId: MMSG-26390]
Action.c(11): web_url("WebTours") started  	[MsgId: MMSG-26355]
Action.c(11): Error -27792: Failed to connect to server "localhost:1080": [10061] Connection refused  	[MsgId: MERR-27792]
End auto log messages stack.	[MsgId: MMSG-10544]


Start auto log messages stack - Iteration 4.	[MsgId: MMSG-10545]
Action.c(11): Warning -26200: At least one of the resources specified by EXTRARES has not been downloaded due to the above error(s)  	[MsgId: MWAR-26200]
Action.c(11): Error -26366: "Text=If you haven't registered yet, <A href="/cgi-bin/login.pl?username=&amp;password=&amp;getInfo=true" ><B>sign up now</B></A> to get access to all our resources." not found for web_reg_find  	[MsgId: MERR-26366]
Action.c(11): Error -26374: The above "not found" error(s) may be explained by header and body byte counts being 0 and 0, respectively.  	[MsgId: MERR-26374]
End auto log messages stack.	[MsgId: MMSG-10544]


Start auto log messages stack - Iteration 5.	[MsgId: MMSG-10545]
Starting action Action.	[MsgId: MMSG-15919]
Action.c(4): Notify: Transaction "UC_3_regNewUser" started.	[MsgId: MMSG-16999]
Action.c(6): Notify: Transaction "open_homepage" started.	[MsgId: MMSG-16999]
Action.c(8): web_reg_find started  	[MsgId: MMSG-26355]
Action.c(8): Registering web_reg_find was successful  	[MsgId: MMSG-26390]
Action.c(11): web_url("WebTours") started  	[MsgId: MMSG-26355]
Action.c(11): Error -27792: Failed to connect to server "localhost:1080": [10061] Connection refused  	[MsgId: MERR-27792]
End auto log messages stack.	[MsgId: MMSG-10544]


Start auto log messages stack - Iteration 5.	[MsgId: MMSG-10545]
Action.c(11): Warning -26200: At least one of the resources specified by EXTRARES has not been downloaded due to the above error(s)  	[MsgId: MWAR-26200]
Action.c(11): Error -26366: "Text=If you haven't registered yet, <A href="/cgi-bin/login.pl?username=&amp;password=&amp;getInfo=true" ><B>sign up now</B></A> to get access to all our resources." not found for web_reg_find  	[MsgId: MERR-26366]
Action.c(11): Error -26374: The above "not found" error(s) may be explained by header and body byte counts being 0 and 0, respectively.  	[MsgId: MERR-26374]
End auto log messages stack.	[MsgId: MMSG-10544]


Start auto log messages stack - Iteration 6.	[MsgId: MMSG-10545]
Starting action Action.	[MsgId: MMSG-15919]
Action.c(4): Notify: Transaction "UC_3_regNewUser" started.	[MsgId: MMSG-16999]
Action.c(6): Notify: Transaction "open_homepage" started.	[MsgId: MMSG-16999]
Action.c(8): web_reg_find started  	[MsgId: MMSG-26355]
Action.c(8): Registering web_reg_find was successful  	[MsgId: MMSG-26390]
Action.c(11): web_url("WebTours") started  	[MsgId: MMSG-26355]
Action.c(11): Error -27792: Failed to connect to server "localhost:1080": [10061] Connection refused  	[MsgId: MERR-27792]
End auto log messages stack.	[MsgId: MMSG-10544]


Start auto log messages stack - Iteration 6.	[MsgId: MMSG-10545]
Action.c(11): Warning -26200: At least one of the resources specified by EXTRARES has not been downloaded due to the above error(s)  	[MsgId: MWAR-26200]
Action.c(11): Error -26366: "Text=If you haven't registered yet, <A href="/cgi-bin/login.pl?username=&amp;password=&amp;getInfo=true" ><B>sign up now</B></A> to get access to all our resources." not found for web_reg_find  	[MsgId: MERR-26366]
Action.c(11): Error -26374: The above "not found" error(s) may be explained by header and body byte counts being 0 and 0, respectively.  	[MsgId: MERR-26374]
End auto log messages stack.	[MsgId: MMSG-10544]


Start auto log messages stack - Iteration 7.	[MsgId: MMSG-10545]
Starting action Action.	[MsgId: MMSG-15919]
Action.c(4): Notify: Transaction "UC_3_regNewUser" started.	[MsgId: MMSG-16999]
Action.c(6): Notify: Transaction "open_homepage" started.	[MsgId: MMSG-16999]
Action.c(8): web_reg_find started  	[MsgId: MMSG-26355]
Action.c(8): Registering web_reg_find was successful  	[MsgId: MMSG-26390]
Action.c(11): web_url("WebTours") started  	[MsgId: MMSG-26355]
Action.c(11): Error -27792: Failed to connect to server "localhost:1080": [10061] Connection refused  	[MsgId: MERR-27792]
End auto log messages stack.	[MsgId: MMSG-10544]


Start auto log messages stack - Iteration 7.	[MsgId: MMSG-10545]
Action.c(11): Warning -26200: At least one of the resources specified by EXTRARES has not been downloaded due to the above error(s)  	[MsgId: MWAR-26200]
Action.c(11): Error -26366: "Text=If you haven't registered yet, <A href="/cgi-bin/login.pl?username=&amp;password=&amp;getInfo=true" ><B>sign up now</B></A> to get access to all our resources." not found for web_reg_find  	[MsgId: MERR-26366]
Action.c(11): Error -26374: The above "not found" error(s) may be explained by header and body byte counts being 0 and 0, respectively.  	[MsgId: MERR-26374]
End auto log messages stack.	[MsgId: MMSG-10544]


Start auto log messages stack - Iteration 8.	[MsgId: MMSG-10545]
Starting action Action.	[MsgId: MMSG-15919]
Action.c(4): Notify: Transaction "UC_3_regNewUser" started.	[MsgId: MMSG-16999]
Action.c(6): Notify: Transaction "open_homepage" started.	[MsgId: MMSG-16999]
Action.c(8): web_reg_find started  	[MsgId: MMSG-26355]
Action.c(8): Registering web_reg_find was successful  	[MsgId: MMSG-26390]
Action.c(11): web_url("WebTours") started  	[MsgId: MMSG-26355]
Action.c(11): Error -27792: Failed to connect to server "localhost:1080": [10061] Connection refused  	[MsgId: MERR-27792]
End auto log messages stack.	[MsgId: MMSG-10544]


Start auto log messages stack - Iteration 8.	[MsgId: MMSG-10545]
Action.c(11): Warning -26200: At least one of the resources specified by EXTRARES has not been downloaded due to the above error(s)  	[MsgId: MWAR-26200]
Action.c(11): Error -26366: "Text=If you haven't registered yet, <A href="/cgi-bin/login.pl?username=&amp;password=&amp;getInfo=true" ><B>sign up now</B></A> to get access to all our resources." not found for web_reg_find  	[MsgId: MERR-26366]
Action.c(11): Error -26374: The above "not found" error(s) may be explained by header and body byte counts being 0 and 0, respectively.  	[MsgId: MERR-26374]
End auto log messages stack.	[MsgId: MMSG-10544]


Start auto log messages stack - Iteration 9.	[MsgId: MMSG-10545]
Starting action Action.	[MsgId: MMSG-15919]
Action.c(4): Notify: Transaction "UC_3_regNewUser" started.	[MsgId: MMSG-16999]
Action.c(6): Notify: Transaction "open_homepage" started.	[MsgId: MMSG-16999]
Action.c(8): web_reg_find started  	[MsgId: MMSG-26355]
Action.c(8): Registering web_reg_find was successful  	[MsgId: MMSG-26390]
Action.c(11): web_url("WebTours") started  	[MsgId: MMSG-26355]
Action.c(11): Error -27792: Failed to connect to server "localhost:1080": [10061] Connection refused  	[MsgId: MERR-27792]
End auto log messages stack.	[MsgId: MMSG-10544]


Start auto log messages stack - Iteration 9.	[MsgId: MMSG-10545]
Action.c(11): Warning -26200: At least one of the resources specified by EXTRARES has not been downloaded due to the above error(s)  	[MsgId: MWAR-26200]
Action.c(11): Error -26366: "Text=If you haven't registered yet, <A href="/cgi-bin/login.pl?username=&amp;password=&amp;getInfo=true" ><B>sign up now</B></A> to get access to all our resources." not found for web_reg_find  	[MsgId: MERR-26366]
Action.c(11): Error -26374: The above "not found" error(s) may be explained by header and body byte counts being 0 and 0, respectively.  	[MsgId: MERR-26374]
End auto log messages stack.	[MsgId: MMSG-10544]


Start auto log messages stack - Iteration 10.	[MsgId: MMSG-10545]
Starting action Action.	[MsgId: MMSG-15919]
Action.c(4): Notify: Transaction "UC_3_regNewUser" started.	[MsgId: MMSG-16999]
Action.c(6): Notify: Transaction "open_homepage" started.	[MsgId: MMSG-16999]
Action.c(8): web_reg_find started  	[MsgId: MMSG-26355]
Action.c(8): Registering web_reg_find was successful  	[MsgId: MMSG-26390]
Action.c(11): web_url("WebTours") started  	[MsgId: MMSG-26355]
Action.c(11): Error -27792: Failed to connect to server "localhost:1080": [10061] Connection refused  	[MsgId: MERR-27792]
End auto log messages stack.	[MsgId: MMSG-10544]


Start auto log messages stack - Iteration 10.	[MsgId: MMSG-10545]
Action.c(11): Warning -26200: At least one of the resources specified by EXTRARES has not been downloaded due to the above error(s)  	[MsgId: MWAR-26200]
Action.c(11): Error -26366: "Text=If you haven't registered yet, <A href="/cgi-bin/login.pl?username=&amp;password=&amp;getInfo=true" ><B>sign up now</B></A> to get access to all our resources." not found for web_reg_find  	[MsgId: MERR-26366]
Action.c(11): Error -26374: The above "not found" error(s) may be explained by header and body byte counts being 0 and 0, respectively.  	[MsgId: MERR-26374]
End auto log messages stack.	[MsgId: MMSG-10544]


Start auto log messages stack - Iteration 11.	[MsgId: MMSG-10545]
Starting action Action.	[MsgId: MMSG-15919]
Action.c(4): Notify: Transaction "UC_3_regNewUser" started.	[MsgId: MMSG-16999]
Action.c(6): Notify: Transaction "open_homepage" started.	[MsgId: MMSG-16999]
Action.c(8): web_reg_find started  	[MsgId: MMSG-26355]
Action.c(8): Registering web_reg_find was successful  	[MsgId: MMSG-26390]
Action.c(11): web_url("WebTours") started  	[MsgId: MMSG-26355]
Action.c(11): Error -27792: Failed to connect to server "localhost:1080": [10061] Connection refused  	[MsgId: MERR-27792]
End auto log messages stack.	[MsgId: MMSG-10544]


Start auto log messages stack - Iteration 11.	[MsgId: MMSG-10545]
Action.c(11): Warning -26200: At least one of the resources specified by EXTRARES has not been downloaded due to the above error(s)  	[MsgId: MWAR-26200]
Action.c(11): Error -26366: "Text=If you haven't registered yet, <A href="/cgi-bin/login.pl?username=&amp;password=&amp;getInfo=true" ><B>sign up now</B></A> to get access to all our resources." not found for web_reg_find  	[MsgId: MERR-26366]
Action.c(11): Error -26374: The above "not found" error(s) may be explained by header and body byte counts being 0 and 0, respectively.  	[MsgId: MERR-26374]
End auto log messages stack.	[MsgId: MMSG-10544]


Start auto log messages stack - Iteration 12.	[MsgId: MMSG-10545]
Starting action Action.	[MsgId: MMSG-15919]
Action.c(4): Notify: Transaction "UC_3_regNewUser" started.	[MsgId: MMSG-16999]
Action.c(6): Notify: Transaction "open_homepage" started.	[MsgId: MMSG-16999]
Action.c(8): web_reg_find started  	[MsgId: MMSG-26355]
Action.c(8): Registering web_reg_find was successful  	[MsgId: MMSG-26390]
Action.c(11): web_url("WebTours") started  	[MsgId: MMSG-26355]
Action.c(11): Error -27792: Failed to connect to server "localhost:1080": [10061] Connection refused  	[MsgId: MERR-27792]
End auto log messages stack.	[MsgId: MMSG-10544]


Start auto log messages stack - Iteration 12.	[MsgId: MMSG-10545]
Action.c(11): Warning -26200: At least one of the resources specified by EXTRARES has not been downloaded due to the above error(s)  	[MsgId: MWAR-26200]
Action.c(11): Error -26366: "Text=If you haven't registered yet, <A href="/cgi-bin/login.pl?username=&amp;password=&amp;getInfo=true" ><B>sign up now</B></A> to get access to all our resources." not found for web_reg_find  	[MsgId: MERR-26366]
Action.c(11): Error -26374: The above "not found" error(s) may be explained by header and body byte counts being 0 and 0, respectively.  	[MsgId: MERR-26374]
End auto log messages stack.	[MsgId: MMSG-10544]


Start auto log messages stack - Iteration 13.	[MsgId: MMSG-10545]
Starting action Action.	[MsgId: MMSG-15919]
Action.c(4): Notify: Transaction "UC_3_regNewUser" started.	[MsgId: MMSG-16999]
Action.c(6): Notify: Transaction "open_homepage" started.	[MsgId: MMSG-16999]
Action.c(8): web_reg_find started  	[MsgId: MMSG-26355]
Action.c(8): Registering web_reg_find was successful  	[MsgId: MMSG-26390]
Action.c(11): web_url("WebTours") started  	[MsgId: MMSG-26355]
Action.c(11): Error -27792: Failed to connect to server "localhost:1080": [10061] Connection refused  	[MsgId: MERR-27792]
End auto log messages stack.	[MsgId: MMSG-10544]


Start auto log messages stack - Iteration 13.	[MsgId: MMSG-10545]
Action.c(11): Warning -26200: At least one of the resources specified by EXTRARES has not been downloaded due to the above error(s)  	[MsgId: MWAR-26200]
Action.c(11): Error -26366: "Text=If you haven't registered yet, <A href="/cgi-bin/login.pl?username=&amp;password=&amp;getInfo=true" ><B>sign up now</B></A> to get access to all our resources." not found for web_reg_find  	[MsgId: MERR-26366]
Action.c(11): Error -26374: The above "not found" error(s) may be explained by header and body byte counts being 0 and 0, respectively.  	[MsgId: MERR-26374]
End auto log messages stack.	[MsgId: MMSG-10544]


Start auto log messages stack - Iteration 14.	[MsgId: MMSG-10545]
Starting action Action.	[MsgId: MMSG-15919]
Action.c(4): Notify: Transaction "UC_3_regNewUser" started.	[MsgId: MMSG-16999]
Action.c(6): Notify: Transaction "open_homepage" started.	[MsgId: MMSG-16999]
Action.c(8): web_reg_find started  	[MsgId: MMSG-26355]
Action.c(8): Registering web_reg_find was successful  	[MsgId: MMSG-26390]
Action.c(11): web_url("WebTours") started  	[MsgId: MMSG-26355]
Action.c(11): Error -27792: Failed to connect to server "localhost:1080": [10061] Connection refused  	[MsgId: MERR-27792]
End auto log messages stack.	[MsgId: MMSG-10544]


Start auto log messages stack - Iteration 14.	[MsgId: MMSG-10545]
Action.c(11): Warning -26200: At least one of the resources specified by EXTRARES has not been downloaded due to the above error(s)  	[MsgId: MWAR-26200]
Action.c(11): Error -26366: "Text=If you haven't registered yet, <A href="/cgi-bin/login.pl?username=&amp;password=&amp;getInfo=true" ><B>sign up now</B></A> to get access to all our resources." not found for web_reg_find  	[MsgId: MERR-26366]
Action.c(11): Error -26374: The above "not found" error(s) may be explained by header and body byte counts being 0 and 0, respectively.  	[MsgId: MERR-26374]
End auto log messages stack.	[MsgId: MMSG-10544]


Start auto log messages stack - Iteration 15.	[MsgId: MMSG-10545]
Starting action Action.	[MsgId: MMSG-15919]
Action.c(4): Notify: Transaction "UC_3_regNewUser" started.	[MsgId: MMSG-16999]
Action.c(6): Notify: Transaction "open_homepage" started.	[MsgId: MMSG-16999]
Action.c(8): web_reg_find started  	[MsgId: MMSG-26355]
Action.c(8): Registering web_reg_find was successful  	[MsgId: MMSG-26390]
Action.c(11): web_url("WebTours") started  	[MsgId: MMSG-26355]
Action.c(11): Error -27792: Failed to connect to server "localhost:1080": [10061] Connection refused  	[MsgId: MERR-27792]
End auto log messages stack.	[MsgId: MMSG-10544]


Start auto log messages stack - Iteration 15.	[MsgId: MMSG-10545]
Action.c(11): Warning -26200: At least one of the resources specified by EXTRARES has not been downloaded due to the above error(s)  	[MsgId: MWAR-26200]
Action.c(11): Error -26366: "Text=If you haven't registered yet, <A href="/cgi-bin/login.pl?username=&amp;password=&amp;getInfo=true" ><B>sign up now</B></A> to get access to all our resources." not found for web_reg_find  	[MsgId: MERR-26366]
Action.c(11): Error -26374: The above "not found" error(s) may be explained by header and body byte counts being 0 and 0, respectively.  	[MsgId: MERR-26374]
End auto log messages stack.	[MsgId: MMSG-10544]


Start auto log messages stack - Iteration 16.	[MsgId: MMSG-10545]
Starting action Action.	[MsgId: MMSG-15919]
Action.c(4): Notify: Transaction "UC_3_regNewUser" started.	[MsgId: MMSG-16999]
Action.c(6): Notify: Transaction "open_homepage" started.	[MsgId: MMSG-16999]
Action.c(8): web_reg_find started  	[MsgId: MMSG-26355]
Action.c(8): Registering web_reg_find was successful  	[MsgId: MMSG-26390]
Action.c(11): web_url("WebTours") started  	[MsgId: MMSG-26355]
Action.c(11): Error -27792: Failed to connect to server "localhost:1080": [10061] Connection refused  	[MsgId: MERR-27792]
End auto log messages stack.	[MsgId: MMSG-10544]


Start auto log messages stack - Iteration 16.	[MsgId: MMSG-10545]
Action.c(11): Warning -26200: At least one of the resources specified by EXTRARES has not been downloaded due to the above error(s)  	[MsgId: MWAR-26200]
Action.c(11): Error -26366: "Text=If you haven't registered yet, <A href="/cgi-bin/login.pl?username=&amp;password=&amp;getInfo=true" ><B>sign up now</B></A> to get access to all our resources." not found for web_reg_find  	[MsgId: MERR-26366]
Action.c(11): Error -26374: The above "not found" error(s) may be explained by header and body byte counts being 0 and 0, respectively.  	[MsgId: MERR-26374]
End auto log messages stack.	[MsgId: MMSG-10544]


Start auto log messages stack - Iteration 17.	[MsgId: MMSG-10545]
Starting action Action.	[MsgId: MMSG-15919]
Action.c(4): Notify: Transaction "UC_3_regNewUser" started.	[MsgId: MMSG-16999]
Action.c(6): Notify: Transaction "open_homepage" started.	[MsgId: MMSG-16999]
Action.c(8): web_reg_find started  	[MsgId: MMSG-26355]
Action.c(8): Registering web_reg_find was successful  	[MsgId: MMSG-26390]
Action.c(11): web_url("WebTours") started  	[MsgId: MMSG-26355]
Action.c(11): Error -27792: Failed to connect to server "localhost:1080": [10061] Connection refused  	[MsgId: MERR-27792]
End auto log messages stack.	[MsgId: MMSG-10544]


Start auto log messages stack - Iteration 17.	[MsgId: MMSG-10545]
Action.c(11): Warning -26200: At least one of the resources specified by EXTRARES has not been downloaded due to the above error(s)  	[MsgId: MWAR-26200]
Action.c(11): Error -26366: "Text=If you haven't registered yet, <A href="/cgi-bin/login.pl?username=&amp;password=&amp;getInfo=true" ><B>sign up now</B></A> to get access to all our resources." not found for web_reg_find  	[MsgId: MERR-26366]
Action.c(11): Error -26374: The above "not found" error(s) may be explained by header and body byte counts being 0 and 0, respectively.  	[MsgId: MERR-26374]
End auto log messages stack.	[MsgId: MMSG-10544]


Start auto log messages stack - Iteration 18.	[MsgId: MMSG-10545]
Starting action Action.	[MsgId: MMSG-15919]
Action.c(4): Notify: Transaction "UC_3_regNewUser" started.	[MsgId: MMSG-16999]
Action.c(6): Notify: Transaction "open_homepage" started.	[MsgId: MMSG-16999]
Action.c(8): web_reg_find started  	[MsgId: MMSG-26355]
Action.c(8): Registering web_reg_find was successful  	[MsgId: MMSG-26390]
Action.c(11): web_url("WebTours") started  	[MsgId: MMSG-26355]
Action.c(11): Error -27792: Failed to connect to server "localhost:1080": [10061] Connection refused  	[MsgId: MERR-27792]
End auto log messages stack.	[MsgId: MMSG-10544]


Start auto log messages stack - Iteration 18.	[MsgId: MMSG-10545]
Action.c(11): Warning -26200: At least one of the resources specified by EXTRARES has not been downloaded due to the above error(s)  	[MsgId: MWAR-26200]
Action.c(11): Error -26366: "Text=If you haven't registered yet, <A href="/cgi-bin/login.pl?username=&amp;password=&amp;getInfo=true" ><B>sign up now</B></A> to get access to all our resources." not found for web_reg_find  	[MsgId: MERR-26366]
Action.c(11): Error -26374: The above "not found" error(s) may be explained by header and body byte counts being 0 and 0, respectively.  	[MsgId: MERR-26374]
End auto log messages stack.	[MsgId: MMSG-10544]


Start auto log messages stack - Iteration 19.	[MsgId: MMSG-10545]
Starting action Action.	[MsgId: MMSG-15919]
Action.c(4): Notify: Transaction "UC_3_regNewUser" started.	[MsgId: MMSG-16999]
Action.c(6): Notify: Transaction "open_homepage" started.	[MsgId: MMSG-16999]
Action.c(8): web_reg_find started  	[MsgId: MMSG-26355]
Action.c(8): Registering web_reg_find was successful  	[MsgId: MMSG-26390]
Action.c(11): web_url("WebTours") started  	[MsgId: MMSG-26355]
Action.c(11): Error -27792: Failed to connect to server "localhost:1080": [10061] Connection refused  	[MsgId: MERR-27792]
End auto log messages stack.	[MsgId: MMSG-10544]


Start auto log messages stack - Iteration 19.	[MsgId: MMSG-10545]
Action.c(11): Warning -26200: At least one of the resources specified by EXTRARES has not been downloaded due to the above error(s)  	[MsgId: MWAR-26200]
Action.c(11): Error -26366: "Text=If you haven't registered yet, <A href="/cgi-bin/login.pl?username=&amp;password=&amp;getInfo=true" ><B>sign up now</B></A> to get access to all our resources." not found for web_reg_find  	[MsgId: MERR-26366]
Action.c(11): Error -26374: The above "not found" error(s) may be explained by header and body byte counts being 0 and 0, respectively.  	[MsgId: MERR-26374]
End auto log messages stack.	[MsgId: MMSG-10544]


Start auto log messages stack - Iteration 20.	[MsgId: MMSG-10545]
Starting action Action.	[MsgId: MMSG-15919]
Action.c(4): Notify: Transaction "UC_3_regNewUser" started.	[MsgId: MMSG-16999]
Action.c(6): Notify: Transaction "open_homepage" started.	[MsgId: MMSG-16999]
Action.c(8): web_reg_find started  	[MsgId: MMSG-26355]
Action.c(8): Registering web_reg_find was successful  	[MsgId: MMSG-26390]
Action.c(11): web_url("WebTours") started  	[MsgId: MMSG-26355]
Action.c(11): Error -27792: Failed to connect to server "localhost:1080": [10061] Connection refused  	[MsgId: MERR-27792]
End auto log messages stack.	[MsgId: MMSG-10544]


Start auto log messages stack - Iteration 20.	[MsgId: MMSG-10545]
Action.c(11): Warning -26200: At least one of the resources specified by EXTRARES has not been downloaded due to the above error(s)  	[MsgId: MWAR-26200]
Action.c(11): Error -26366: "Text=If you haven't registered yet, <A href="/cgi-bin/login.pl?username=&amp;password=&amp;getInfo=true" ><B>sign up now</B></A> to get access to all our resources." not found for web_reg_find  	[MsgId: MERR-26366]
Action.c(11): Error -26374: The above "not found" error(s) may be explained by header and body byte counts being 0 and 0, respectively.  	[MsgId: MERR-26374]
End auto log messages stack.	[MsgId: MMSG-10544]


Start auto log messages stack - Iteration 21.	[MsgId: MMSG-10545]
Starting action Action.	[MsgId: MMSG-15919]
Action.c(4): Notify: Transaction "UC_3_regNewUser" started.	[MsgId: MMSG-16999]
Action.c(6): Notify: Transaction "open_homepage" started.	[MsgId: MMSG-16999]
Action.c(8): web_reg_find started  	[MsgId: MMSG-26355]
Action.c(8): Registering web_reg_find was successful  	[MsgId: MMSG-26390]
Action.c(11): web_url("WebTours") started  	[MsgId: MMSG-26355]
Action.c(11): Error -27792: Failed to connect to server "localhost:1080": [10061] Connection refused  	[MsgId: MERR-27792]
End auto log messages stack.	[MsgId: MMSG-10544]


Start auto log messages stack - Iteration 21.	[MsgId: MMSG-10545]
Action.c(11): Warning -26200: At least one of the resources specified by EXTRARES has not been downloaded due to the above error(s)  	[MsgId: MWAR-26200]
Action.c(11): Error -26366: "Text=If you haven't registered yet, <A href="/cgi-bin/login.pl?username=&amp;password=&amp;getInfo=true" ><B>sign up now</B></A> to get access to all our resources." not found for web_reg_find  	[MsgId: MERR-26366]
Action.c(11): Error -26374: The above "not found" error(s) may be explained by header and body byte counts being 0 and 0, respectively.  	[MsgId: MERR-26374]
End auto log messages stack.	[MsgId: MMSG-10544]


Start auto log messages stack - Iteration 22.	[MsgId: MMSG-10545]
Starting action Action.	[MsgId: MMSG-15919]
Action.c(4): Notify: Transaction "UC_3_regNewUser" started.	[MsgId: MMSG-16999]
Action.c(6): Notify: Transaction "open_homepage" started.	[MsgId: MMSG-16999]
Action.c(8): web_reg_find started  	[MsgId: MMSG-26355]
Action.c(8): Registering web_reg_find was successful  	[MsgId: MMSG-26390]
Action.c(11): web_url("WebTours") started  	[MsgId: MMSG-26355]
Action.c(11): Error -27792: Failed to connect to server "localhost:1080": [10061] Connection refused  	[MsgId: MERR-27792]
End auto log messages stack.	[MsgId: MMSG-10544]


Start auto log messages stack - Iteration 22.	[MsgId: MMSG-10545]
Action.c(11): Warning -26200: At least one of the resources specified by EXTRARES has not been downloaded due to the above error(s)  	[MsgId: MWAR-26200]
Action.c(11): Error -26366: "Text=If you haven't registered yet, <A href="/cgi-bin/login.pl?username=&amp;password=&amp;getInfo=true" ><B>sign up now</B></A> to get access to all our resources." not found for web_reg_find  	[MsgId: MERR-26366]
Action.c(11): Error -26374: The above "not found" error(s) may be explained by header and body byte counts being 0 and 0, respectively.  	[MsgId: MERR-26374]
End auto log messages stack.	[MsgId: MMSG-10544]


Start auto log messages stack - Iteration 23.	[MsgId: MMSG-10545]
Starting action Action.	[MsgId: MMSG-15919]
Action.c(4): Notify: Transaction "UC_3_regNewUser" started.	[MsgId: MMSG-16999]
Action.c(6): Notify: Transaction "open_homepage" started.	[MsgId: MMSG-16999]
Action.c(8): web_reg_find started  	[MsgId: MMSG-26355]
Action.c(8): Registering web_reg_find was successful  	[MsgId: MMSG-26390]
Action.c(11): web_url("WebTours") started  	[MsgId: MMSG-26355]
Action.c(11): Error -27792: Failed to connect to server "localhost:1080": [10061] Connection refused  	[MsgId: MERR-27792]
End auto log messages stack.	[MsgId: MMSG-10544]


Start auto log messages stack - Iteration 23.	[MsgId: MMSG-10545]
Action.c(11): Warning -26200: At least one of the resources specified by EXTRARES has not been downloaded due to the above error(s)  	[MsgId: MWAR-26200]
Action.c(11): Error -26366: "Text=If you haven't registered yet, <A href="/cgi-bin/login.pl?username=&amp;password=&amp;getInfo=true" ><B>sign up now</B></A> to get access to all our resources." not found for web_reg_find  	[MsgId: MERR-26366]
Action.c(11): Error -26374: The above "not found" error(s) may be explained by header and body byte counts being 0 and 0, respectively.  	[MsgId: MERR-26374]
End auto log messages stack.	[MsgId: MMSG-10544]


Start auto log messages stack - Iteration 24.	[MsgId: MMSG-10545]
Starting action Action.	[MsgId: MMSG-15919]
Action.c(4): Notify: Transaction "UC_3_regNewUser" started.	[MsgId: MMSG-16999]
Action.c(6): Notify: Transaction "open_homepage" started.	[MsgId: MMSG-16999]
Action.c(8): web_reg_find started  	[MsgId: MMSG-26355]
Action.c(8): Registering web_reg_find was successful  	[MsgId: MMSG-26390]
Action.c(11): web_url("WebTours") started  	[MsgId: MMSG-26355]
Action.c(11): Error -27792: Failed to connect to server "localhost:1080": [10061] Connection refused  	[MsgId: MERR-27792]
End auto log messages stack.	[MsgId: MMSG-10544]


Start auto log messages stack - Iteration 24.	[MsgId: MMSG-10545]
Action.c(11): Warning -26200: At least one of the resources specified by EXTRARES has not been downloaded due to the above error(s)  	[MsgId: MWAR-26200]
Action.c(11): Error -26366: "Text=If you haven't registered yet, <A href="/cgi-bin/login.pl?username=&amp;password=&amp;getInfo=true" ><B>sign up now</B></A> to get access to all our resources." not found for web_reg_find  	[MsgId: MERR-26366]
Action.c(11): Error -26374: The above "not found" error(s) may be explained by header and body byte counts being 0 and 0, respectively.  	[MsgId: MERR-26374]
End auto log messages stack.	[MsgId: MMSG-10544]


Start auto log messages stack - Iteration 25.	[MsgId: MMSG-10545]
Starting action Action.	[MsgId: MMSG-15919]
Action.c(4): Notify: Transaction "UC_3_regNewUser" started.	[MsgId: MMSG-16999]
Action.c(6): Notify: Transaction "open_homepage" started.	[MsgId: MMSG-16999]
Action.c(8): web_reg_find started  	[MsgId: MMSG-26355]
Action.c(8): Registering web_reg_find was successful  	[MsgId: MMSG-26390]
Action.c(11): web_url("WebTours") started  	[MsgId: MMSG-26355]
Action.c(11): Error -27792: Failed to connect to server "localhost:1080": [10061] Connection refused  	[MsgId: MERR-27792]
End auto log messages stack.	[MsgId: MMSG-10544]


Start auto log messages stack - Iteration 25.	[MsgId: MMSG-10545]
Action.c(11): Warning -26200: At least one of the resources specified by EXTRARES has not been downloaded due to the above error(s)  	[MsgId: MWAR-26200]
Action.c(11): Error -26366: "Text=If you haven't registered yet, <A href="/cgi-bin/login.pl?username=&amp;password=&amp;getInfo=true" ><B>sign up now</B></A> to get access to all our resources." not found for web_reg_find  	[MsgId: MERR-26366]
Action.c(11): Error -26374: The above "not found" error(s) may be explained by header and body byte counts being 0 and 0, respectively.  	[MsgId: MERR-26374]
End auto log messages stack.	[MsgId: MMSG-10544]


Start auto log messages stack - Iteration 26.	[MsgId: MMSG-10545]
Starting action Action.	[MsgId: MMSG-15919]
Action.c(4): Notify: Transaction "UC_3_regNewUser" started.	[MsgId: MMSG-16999]
Action.c(6): Notify: Transaction "open_homepage" started.	[MsgId: MMSG-16999]
Action.c(8): web_reg_find started  	[MsgId: MMSG-26355]
Action.c(8): Registering web_reg_find was successful  	[MsgId: MMSG-26390]
Action.c(11): web_url("WebTours") started  	[MsgId: MMSG-26355]
Action.c(11): Error -27792: Failed to connect to server "localhost:1080": [10061] Connection refused  	[MsgId: MERR-27792]
End auto log messages stack.	[MsgId: MMSG-10544]


Start auto log messages stack - Iteration 26.	[MsgId: MMSG-10545]
Action.c(11): Warning -26200: At least one of the resources specified by EXTRARES has not been downloaded due to the above error(s)  	[MsgId: MWAR-26200]
Action.c(11): Error -26366: "Text=If you haven't registered yet, <A href="/cgi-bin/login.pl?username=&amp;password=&amp;getInfo=true" ><B>sign up now</B></A> to get access to all our resources." not found for web_reg_find  	[MsgId: MERR-26366]
Action.c(11): Error -26374: The above "not found" error(s) may be explained by header and body byte counts being 0 and 0, respectively.  	[MsgId: MERR-26374]
End auto log messages stack.	[MsgId: MMSG-10544]


Start auto log messages stack - Iteration 27.	[MsgId: MMSG-10545]
Starting action Action.	[MsgId: MMSG-15919]
Action.c(4): Notify: Transaction "UC_3_regNewUser" started.	[MsgId: MMSG-16999]
Action.c(6): Notify: Transaction "open_homepage" started.	[MsgId: MMSG-16999]
Action.c(8): web_reg_find started  	[MsgId: MMSG-26355]
Action.c(8): Registering web_reg_find was successful  	[MsgId: MMSG-26390]
Action.c(11): web_url("WebTours") started  	[MsgId: MMSG-26355]
Action.c(11): Error -27792: Failed to connect to server "localhost:1080": [10061] Connection refused  	[MsgId: MERR-27792]
End auto log messages stack.	[MsgId: MMSG-10544]


Start auto log messages stack - Iteration 27.	[MsgId: MMSG-10545]
Action.c(11): Warning -26200: At least one of the resources specified by EXTRARES has not been downloaded due to the above error(s)  	[MsgId: MWAR-26200]
Action.c(11): Error -26366: "Text=If you haven't registered yet, <A href="/cgi-bin/login.pl?username=&amp;password=&amp;getInfo=true" ><B>sign up now</B></A> to get access to all our resources." not found for web_reg_find  	[MsgId: MERR-26366]
Action.c(11): Error -26374: The above "not found" error(s) may be explained by header and body byte counts being 0 and 0, respectively.  	[MsgId: MERR-26374]
End auto log messages stack.	[MsgId: MMSG-10544]


Start auto log messages stack - Iteration 28.	[MsgId: MMSG-10545]
Starting action Action.	[MsgId: MMSG-15919]
Action.c(4): Notify: Transaction "UC_3_regNewUser" started.	[MsgId: MMSG-16999]
Action.c(6): Notify: Transaction "open_homepage" started.	[MsgId: MMSG-16999]
Action.c(8): web_reg_find started  	[MsgId: MMSG-26355]
Action.c(8): Registering web_reg_find was successful  	[MsgId: MMSG-26390]
Action.c(11): web_url("WebTours") started  	[MsgId: MMSG-26355]
Action.c(11): Error -27792: Failed to connect to server "localhost:1080": [10061] Connection refused  	[MsgId: MERR-27792]
End auto log messages stack.	[MsgId: MMSG-10544]


Start auto log messages stack - Iteration 28.	[MsgId: MMSG-10545]
Action.c(11): Warning -26200: At least one of the resources specified by EXTRARES has not been downloaded due to the above error(s)  	[MsgId: MWAR-26200]
Action.c(11): Error -26366: "Text=If you haven't registered yet, <A href="/cgi-bin/login.pl?username=&amp;password=&amp;getInfo=true" ><B>sign up now</B></A> to get access to all our resources." not found for web_reg_find  	[MsgId: MERR-26366]
Action.c(11): Error -26374: The above "not found" error(s) may be explained by header and body byte counts being 0 and 0, respectively.  	[MsgId: MERR-26374]
End auto log messages stack.	[MsgId: MMSG-10544]


Start auto log messages stack - Iteration 29.	[MsgId: MMSG-10545]
Starting action Action.	[MsgId: MMSG-15919]
Action.c(4): Notify: Transaction "UC_3_regNewUser" started.	[MsgId: MMSG-16999]
Action.c(6): Notify: Transaction "open_homepage" started.	[MsgId: MMSG-16999]
Action.c(8): web_reg_find started  	[MsgId: MMSG-26355]
Action.c(8): Registering web_reg_find was successful  	[MsgId: MMSG-26390]
Action.c(11): web_url("WebTours") started  	[MsgId: MMSG-26355]
Action.c(11): Error -27792: Failed to connect to server "localhost:1080": [10061] Connection refused  	[MsgId: MERR-27792]
End auto log messages stack.	[MsgId: MMSG-10544]


Start auto log messages stack - Iteration 29.	[MsgId: MMSG-10545]
Action.c(11): Warning -26200: At least one of the resources specified by EXTRARES has not been downloaded due to the above error(s)  	[MsgId: MWAR-26200]
Action.c(11): Error -26366: "Text=If you haven't registered yet, <A href="/cgi-bin/login.pl?username=&amp;password=&amp;getInfo=true" ><B>sign up now</B></A> to get access to all our resources." not found for web_reg_find  	[MsgId: MERR-26366]
Action.c(11): Error -26374: The above "not found" error(s) may be explained by header and body byte counts being 0 and 0, respectively.  	[MsgId: MERR-26374]
End auto log messages stack.	[MsgId: MMSG-10544]


Start auto log messages stack - Iteration 30.	[MsgId: MMSG-10545]
Starting action Action.	[MsgId: MMSG-15919]
Action.c(4): Notify: Transaction "UC_3_regNewUser" started.	[MsgId: MMSG-16999]
Action.c(6): Notify: Transaction "open_homepage" started.	[MsgId: MMSG-16999]
Action.c(8): web_reg_find started  	[MsgId: MMSG-26355]
Action.c(8): Registering web_reg_find was successful  	[MsgId: MMSG-26390]
Action.c(11): web_url("WebTours") started  	[MsgId: MMSG-26355]
Action.c(11): Error -27792: Failed to connect to server "localhost:1080": [10061] Connection refused  	[MsgId: MERR-27792]
End auto log messages stack.	[MsgId: MMSG-10544]


Start auto log messages stack - Iteration 30.	[MsgId: MMSG-10545]
Action.c(11): Warning -26200: At least one of the resources specified by EXTRARES has not been downloaded due to the above error(s)  	[MsgId: MWAR-26200]
Action.c(11): Error -26366: "Text=If you haven't registered yet, <A href="/cgi-bin/login.pl?username=&amp;password=&amp;getInfo=true" ><B>sign up now</B></A> to get access to all our resources." not found for web_reg_find  	[MsgId: MERR-26366]
Action.c(11): Error -26374: The above "not found" error(s) may be explained by header and body byte counts being 0 and 0, respectively.  	[MsgId: MERR-26374]
End auto log messages stack.	[MsgId: MMSG-10544]


Start auto log messages stack - Iteration 31.	[MsgId: MMSG-10545]
Starting action Action.	[MsgId: MMSG-15919]
Action.c(4): Notify: Transaction "UC_3_regNewUser" started.	[MsgId: MMSG-16999]
Action.c(6): Notify: Transaction "open_homepage" started.	[MsgId: MMSG-16999]
Action.c(8): web_reg_find started  	[MsgId: MMSG-26355]
Action.c(8): Registering web_reg_find was successful  	[MsgId: MMSG-26390]
Action.c(11): web_url("WebTours") started  	[MsgId: MMSG-26355]
Action.c(11): Error -27792: Failed to connect to server "localhost:1080": [10061] Connection refused  	[MsgId: MERR-27792]
End auto log messages stack.	[MsgId: MMSG-10544]


Start auto log messages stack - Iteration 31.	[MsgId: MMSG-10545]
Action.c(11): Warning -26200: At least one of the resources specified by EXTRARES has not been downloaded due to the above error(s)  	[MsgId: MWAR-26200]
Action.c(11): Error -26366: "Text=If you haven't registered yet, <A href="/cgi-bin/login.pl?username=&amp;password=&amp;getInfo=true" ><B>sign up now</B></A> to get access to all our resources." not found for web_reg_find  	[MsgId: MERR-26366]
Action.c(11): Error -26374: The above "not found" error(s) may be explained by header and body byte counts being 0 and 0, respectively.  	[MsgId: MERR-26374]
End auto log messages stack.	[MsgId: MMSG-10544]


Start auto log messages stack - Iteration 32.	[MsgId: MMSG-10545]
Starting action Action.	[MsgId: MMSG-15919]
Action.c(4): Notify: Transaction "UC_3_regNewUser" started.	[MsgId: MMSG-16999]
Action.c(6): Notify: Transaction "open_homepage" started.	[MsgId: MMSG-16999]
Action.c(8): web_reg_find started  	[MsgId: MMSG-26355]
Action.c(8): Registering web_reg_find was successful  	[MsgId: MMSG-26390]
Action.c(11): web_url("WebTours") started  	[MsgId: MMSG-26355]
Action.c(11): Error -27792: Failed to connect to server "localhost:1080": [10061] Connection refused  	[MsgId: MERR-27792]
End auto log messages stack.	[MsgId: MMSG-10544]


Start auto log messages stack - Iteration 32.	[MsgId: MMSG-10545]
Action.c(11): Warning -26200: At least one of the resources specified by EXTRARES has not been downloaded due to the above error(s)  	[MsgId: MWAR-26200]
Action.c(11): Error -26366: "Text=If you haven't registered yet, <A href="/cgi-bin/login.pl?username=&amp;password=&amp;getInfo=true" ><B>sign up now</B></A> to get access to all our resources." not found for web_reg_find  	[MsgId: MERR-26366]
Action.c(11): Error -26374: The above "not found" error(s) may be explained by header and body byte counts being 0 and 0, respectively.  	[MsgId: MERR-26374]
End auto log messages stack.	[MsgId: MMSG-10544]


Start auto log messages stack - Iteration 33.	[MsgId: MMSG-10545]
Starting action Action.	[MsgId: MMSG-15919]
Action.c(4): Notify: Transaction "UC_3_regNewUser" started.	[MsgId: MMSG-16999]
Action.c(6): Notify: Transaction "open_homepage" started.	[MsgId: MMSG-16999]
Action.c(8): web_reg_find started  	[MsgId: MMSG-26355]
Action.c(8): Registering web_reg_find was successful  	[MsgId: MMSG-26390]
Action.c(11): web_url("WebTours") started  	[MsgId: MMSG-26355]
Action.c(11): Error -27792: Failed to connect to server "localhost:1080": [10061] Connection refused  	[MsgId: MERR-27792]
End auto log messages stack.	[MsgId: MMSG-10544]


Start auto log messages stack - Iteration 33.	[MsgId: MMSG-10545]
Action.c(11): Warning -26200: At least one of the resources specified by EXTRARES has not been downloaded due to the above error(s)  	[MsgId: MWAR-26200]
Action.c(11): Error -26366: "Text=If you haven't registered yet, <A href="/cgi-bin/login.pl?username=&amp;password=&amp;getInfo=true" ><B>sign up now</B></A> to get access to all our resources." not found for web_reg_find  	[MsgId: MERR-26366]
Action.c(11): Error -26374: The above "not found" error(s) may be explained by header and body byte counts being 0 and 0, respectively.  	[MsgId: MERR-26374]
End auto log messages stack.	[MsgId: MMSG-10544]


Start auto log messages stack - Iteration 34.	[MsgId: MMSG-10545]
Starting action Action.	[MsgId: MMSG-15919]
Action.c(4): Notify: Transaction "UC_3_regNewUser" started.	[MsgId: MMSG-16999]
Action.c(6): Notify: Transaction "open_homepage" started.	[MsgId: MMSG-16999]
Action.c(8): web_reg_find started  	[MsgId: MMSG-26355]
Action.c(8): Registering web_reg_find was successful  	[MsgId: MMSG-26390]
Action.c(11): web_url("WebTours") started  	[MsgId: MMSG-26355]
Action.c(11): Error -27792: Failed to connect to server "localhost:1080": [10061] Connection refused  	[MsgId: MERR-27792]
End auto log messages stack.	[MsgId: MMSG-10544]


Start auto log messages stack - Iteration 34.	[MsgId: MMSG-10545]
Action.c(11): Warning -26200: At least one of the resources specified by EXTRARES has not been downloaded due to the above error(s)  	[MsgId: MWAR-26200]
Action.c(11): Error -26366: "Text=If you haven't registered yet, <A href="/cgi-bin/login.pl?username=&amp;password=&amp;getInfo=true" ><B>sign up now</B></A> to get access to all our resources." not found for web_reg_find  	[MsgId: MERR-26366]
Action.c(11): Error -26374: The above "not found" error(s) may be explained by header and body byte counts being 0 and 0, respectively.  	[MsgId: MERR-26374]
End auto log messages stack.	[MsgId: MMSG-10544]


