Start auto log messages stack - Iteration 25.	[MsgId: MMSG-10545]
Action.c(43): Notify: Transaction "click_SignUpNow" ended with a "Pass" status (Duration: 0,0849 Wasted Time: 0,0000).	[MsgId: MMSG-16871]
Action.c(45): lr_think_time: 5,00 seconds.	[MsgId: MMSG-15948]
Action.c(47): Notify: Transaction "complete_profile" started.	[MsgId: MMSG-16999]
Action.c(48): web_reg_find started  	[MsgId: MMSG-26355]
Action.c(48): Registering web_reg_find was successful  	[MsgId: MMSG-26390]
Action.c(51): web_submit_data("login.pl") started  	[MsgId: MMSG-26355]
Action.c(51): Resource "http://localhost:1080/WebTours/profileValidate.js" is in the cache already and will not be downloaded again  	[MsgId: MMSG-26655]
Action.c(51): Resource "http://localhost:1080/WebTours/images/button_next.gif" is in the cache already and will not be downloaded again  	[MsgId: MMSG-26655]
Action.c(51): Error -26366: "Text=Thank you, <b>dhill8853</b>, for registering and welcome to the Web Tours family." not found for web_reg_find  	[MsgId: MERR-26366]
End auto log messages stack.	[MsgId: MMSG-10544]


Start auto log messages stack - Iteration 42.	[MsgId: MMSG-10545]
Action.c(43): Notify: Transaction "click_SignUpNow" ended with a "Pass" status (Duration: 0,0848 Wasted Time: 0,0000).	[MsgId: MMSG-16871]
Action.c(45): lr_think_time: 5,00 seconds.	[MsgId: MMSG-15948]
Action.c(47): Notify: Transaction "complete_profile" started.	[MsgId: MMSG-16999]
Action.c(48): web_reg_find started  	[MsgId: MMSG-26355]
Action.c(48): Registering web_reg_find was successful  	[MsgId: MMSG-26390]
Action.c(51): web_submit_data("login.pl") started  	[MsgId: MMSG-26355]
Action.c(51): Resource "http://localhost:1080/WebTours/profileValidate.js" is in the cache already and will not be downloaded again  	[MsgId: MMSG-26655]
Action.c(51): Resource "http://localhost:1080/WebTours/images/button_next.gif" is in the cache already and will not be downloaded again  	[MsgId: MMSG-26655]
Action.c(51): Error -26366: "Text=Thank you, <b>jadams55556</b>, for registering and welcome to the Web Tours family." not found for web_reg_find  	[MsgId: MERR-26366]
End auto log messages stack.	[MsgId: MMSG-10544]


Start auto log messages stack - Iteration 40.	[MsgId: MMSG-10545]
Action.c(43): Notify: Transaction "click_SignUpNow" ended with a "Pass" status (Duration: 0,1509 Wasted Time: 0,0000).	[MsgId: MMSG-16871]
Action.c(45): lr_think_time: 5,00 seconds.	[MsgId: MMSG-15948]
Action.c(47): Notify: Transaction "complete_profile" started.	[MsgId: MMSG-16999]
Action.c(48): web_reg_find started  	[MsgId: MMSG-26355]
Action.c(48): Registering web_reg_find was successful  	[MsgId: MMSG-26390]
Action.c(51): web_submit_data("login.pl") started  	[MsgId: MMSG-26355]
Action.c(51): Resource "http://localhost:1080/WebTours/profileValidate.js" is in the cache already and will not be downloaded again  	[MsgId: MMSG-26655]
Action.c(51): Resource "http://localhost:1080/WebTours/images/button_next.gif" is in the cache already and will not be downloaded again  	[MsgId: MMSG-26655]
Action.c(51): Error -26366: "Text=Thank you, <b>jojo43</b>, for registering and welcome to the Web Tours family." not found for web_reg_find  	[MsgId: MERR-26366]
End auto log messages stack.	[MsgId: MMSG-10544]


Start auto log messages stack - Iteration 42.	[MsgId: MMSG-10545]
Action.c(43): Notify: Transaction "click_SignUpNow" ended with a "Pass" status (Duration: 0,0876 Wasted Time: 0,0000).	[MsgId: MMSG-16871]
Action.c(45): lr_think_time: 5,00 seconds.	[MsgId: MMSG-15948]
Action.c(47): Notify: Transaction "complete_profile" started.	[MsgId: MMSG-16999]
Action.c(48): web_reg_find started  	[MsgId: MMSG-26355]
Action.c(48): Registering web_reg_find was successful  	[MsgId: MMSG-26390]
Action.c(51): web_submit_data("login.pl") started  	[MsgId: MMSG-26355]
Action.c(51): Resource "http://localhost:1080/WebTours/profileValidate.js" is in the cache already and will not be downloaded again  	[MsgId: MMSG-26655]
Action.c(51): Resource "http://localhost:1080/WebTours/images/button_next.gif" is in the cache already and will not be downloaded again  	[MsgId: MMSG-26655]
Action.c(51): Error -26366: "Text=Thank you, <b>mrodriguez122</b>, for registering and welcome to the Web Tours family." not found for web_reg_find  	[MsgId: MERR-26366]
End auto log messages stack.	[MsgId: MMSG-10544]


Start auto log messages stack - Iteration 45.	[MsgId: MMSG-10545]
Action.c(43): Notify: Transaction "click_SignUpNow" ended with a "Pass" status (Duration: 0,0890 Wasted Time: 0,0000).	[MsgId: MMSG-16871]
Action.c(45): lr_think_time: 5,00 seconds.	[MsgId: MMSG-15948]
Action.c(47): Notify: Transaction "complete_profile" started.	[MsgId: MMSG-16999]
Action.c(48): web_reg_find started  	[MsgId: MMSG-26355]
Action.c(48): Registering web_reg_find was successful  	[MsgId: MMSG-26390]
Action.c(51): web_submit_data("login.pl") started  	[MsgId: MMSG-26355]
Action.c(51): Resource "http://localhost:1080/WebTours/profileValidate.js" is in the cache already and will not be downloaded again  	[MsgId: MMSG-26655]
Action.c(51): Resource "http://localhost:1080/WebTours/images/button_next.gif" is in the cache already and will not be downloaded again  	[MsgId: MMSG-26655]
Action.c(51): Error -26366: "Text=Thank you, <b>bjohnson8286</b>, for registering and welcome to the Web Tours family." not found for web_reg_find  	[MsgId: MERR-26366]
End auto log messages stack.	[MsgId: MMSG-10544]


Start auto log messages stack - Iteration 53.	[MsgId: MMSG-10545]
Action.c(43): Notify: Transaction "click_SignUpNow" ended with a "Pass" status (Duration: 0,0892 Wasted Time: 0,0000).	[MsgId: MMSG-16871]
Action.c(45): lr_think_time: 5,00 seconds.	[MsgId: MMSG-15948]
Action.c(47): Notify: Transaction "complete_profile" started.	[MsgId: MMSG-16999]
Action.c(48): web_reg_find started  	[MsgId: MMSG-26355]
Action.c(48): Registering web_reg_find was successful  	[MsgId: MMSG-26390]
Action.c(51): web_submit_data("login.pl") started  	[MsgId: MMSG-26355]
Action.c(51): Resource "http://localhost:1080/WebTours/profileValidate.js" is in the cache already and will not be downloaded again  	[MsgId: MMSG-26655]
Action.c(51): Resource "http://localhost:1080/WebTours/images/button_next.gif" is in the cache already and will not be downloaded again  	[MsgId: MMSG-26655]
Action.c(51): Error -26366: "Text=Thank you, <b>bjohnson8237</b>, for registering and welcome to the Web Tours family." not found for web_reg_find  	[MsgId: MERR-26366]
End auto log messages stack.	[MsgId: MMSG-10544]


Start auto log messages stack - Iteration 62.	[MsgId: MMSG-10545]
Action.c(43): Notify: Transaction "click_SignUpNow" ended with a "Pass" status (Duration: 0,0809 Wasted Time: 0,0000).	[MsgId: MMSG-16871]
Action.c(45): lr_think_time: 5,00 seconds.	[MsgId: MMSG-15948]
Action.c(47): Notify: Transaction "complete_profile" started.	[MsgId: MMSG-16999]
Action.c(48): web_reg_find started  	[MsgId: MMSG-26355]
Action.c(48): Registering web_reg_find was successful  	[MsgId: MMSG-26390]
Action.c(51): web_submit_data("login.pl") started  	[MsgId: MMSG-26355]
Action.c(51): Resource "http://localhost:1080/WebTours/profileValidate.js" is in the cache already and will not be downloaded again  	[MsgId: MMSG-26655]
Action.c(51): Resource "http://localhost:1080/WebTours/images/button_next.gif" is in the cache already and will not be downloaded again  	[MsgId: MMSG-26655]
Action.c(51): Error -26366: "Text=Thank you, <b>jadams55535</b>, for registering and welcome to the Web Tours family." not found for web_reg_find  	[MsgId: MERR-26366]
End auto log messages stack.	[MsgId: MMSG-10544]


Start auto log messages stack - Iteration 69.	[MsgId: MMSG-10545]
Action.c(43): Notify: Transaction "click_SignUpNow" ended with a "Pass" status (Duration: 0,0909 Wasted Time: 0,0000).	[MsgId: MMSG-16871]
Action.c(45): lr_think_time: 5,00 seconds.	[MsgId: MMSG-15948]
Action.c(47): Notify: Transaction "complete_profile" started.	[MsgId: MMSG-16999]
Action.c(48): web_reg_find started  	[MsgId: MMSG-26355]
Action.c(48): Registering web_reg_find was successful  	[MsgId: MMSG-26390]
Action.c(51): web_submit_data("login.pl") started  	[MsgId: MMSG-26355]
Action.c(51): Resource "http://localhost:1080/WebTours/profileValidate.js" is in the cache already and will not be downloaded again  	[MsgId: MMSG-26655]
Action.c(51): Resource "http://localhost:1080/WebTours/images/button_next.gif" is in the cache already and will not be downloaded again  	[MsgId: MMSG-26655]
Action.c(51): Error -26366: "Text=Thank you, <b>mrodriguez197</b>, for registering and welcome to the Web Tours family." not found for web_reg_find  	[MsgId: MERR-26366]
End auto log messages stack.	[MsgId: MMSG-10544]


Start auto log messages stack - Iteration 74.	[MsgId: MMSG-10545]
Action.c(43): Notify: Transaction "click_SignUpNow" ended with a "Pass" status (Duration: 0,0871 Wasted Time: 0,0000).	[MsgId: MMSG-16871]
Action.c(45): lr_think_time: 5,00 seconds.	[MsgId: MMSG-15948]
Action.c(47): Notify: Transaction "complete_profile" started.	[MsgId: MMSG-16999]
Action.c(48): web_reg_find started  	[MsgId: MMSG-26355]
Action.c(48): Registering web_reg_find was successful  	[MsgId: MMSG-26390]
Action.c(51): web_submit_data("login.pl") started  	[MsgId: MMSG-26355]
Action.c(51): Resource "http://localhost:1080/WebTours/profileValidate.js" is in the cache already and will not be downloaded again  	[MsgId: MMSG-26655]
Action.c(51): Resource "http://localhost:1080/WebTours/images/button_next.gif" is in the cache already and will not be downloaded again  	[MsgId: MMSG-26655]
Action.c(51): Error -26366: "Text=Thank you, <b>jsmith32130</b>, for registering and welcome to the Web Tours family." not found for web_reg_find  	[MsgId: MERR-26366]
End auto log messages stack.	[MsgId: MMSG-10544]


Start auto log messages stack - Iteration 80.	[MsgId: MMSG-10545]
Action.c(43): Notify: Transaction "click_SignUpNow" ended with a "Pass" status (Duration: 0,0822 Wasted Time: 0,0000).	[MsgId: MMSG-16871]
Action.c(45): lr_think_time: 5,00 seconds.	[MsgId: MMSG-15948]
Action.c(47): Notify: Transaction "complete_profile" started.	[MsgId: MMSG-16999]
Action.c(48): web_reg_find started  	[MsgId: MMSG-26355]
Action.c(48): Registering web_reg_find was successful  	[MsgId: MMSG-26390]
Action.c(51): web_submit_data("login.pl") started  	[MsgId: MMSG-26355]
Action.c(51): Resource "http://localhost:1080/WebTours/profileValidate.js" is in the cache already and will not be downloaded again  	[MsgId: MMSG-26655]
Action.c(51): Resource "http://localhost:1080/WebTours/images/button_next.gif" is in the cache already and will not be downloaded again  	[MsgId: MMSG-26655]
Action.c(51): Error -26366: "Text=Thank you, <b>mrodriguez161</b>, for registering and welcome to the Web Tours family." not found for web_reg_find  	[MsgId: MERR-26366]
End auto log messages stack.	[MsgId: MMSG-10544]


Start auto log messages stack - Iteration 81.	[MsgId: MMSG-10545]
Action.c(43): Notify: Transaction "click_SignUpNow" ended with a "Pass" status (Duration: 0,0822 Wasted Time: 0,0000).	[MsgId: MMSG-16871]
Action.c(45): lr_think_time: 5,00 seconds.	[MsgId: MMSG-15948]
Action.c(47): Notify: Transaction "complete_profile" started.	[MsgId: MMSG-16999]
Action.c(48): web_reg_find started  	[MsgId: MMSG-26355]
Action.c(48): Registering web_reg_find was successful  	[MsgId: MMSG-26390]
Action.c(51): web_submit_data("login.pl") started  	[MsgId: MMSG-26355]
Action.c(51): Resource "http://localhost:1080/WebTours/profileValidate.js" is in the cache already and will not be downloaded again  	[MsgId: MMSG-26655]
Action.c(51): Resource "http://localhost:1080/WebTours/images/button_next.gif" is in the cache already and will not be downloaded again  	[MsgId: MMSG-26655]
Action.c(51): Error -26366: "Text=Thank you, <b>klee77757</b>, for registering and welcome to the Web Tours family." not found for web_reg_find  	[MsgId: MERR-26366]
End auto log messages stack.	[MsgId: MMSG-10544]


Start auto log messages stack - Iteration 79.	[MsgId: MMSG-10545]
Action.c(43): Notify: Transaction "click_SignUpNow" ended with a "Pass" status (Duration: 0,0815 Wasted Time: 0,0000).	[MsgId: MMSG-16871]
Action.c(45): lr_think_time: 5,00 seconds.	[MsgId: MMSG-15948]
Action.c(47): Notify: Transaction "complete_profile" started.	[MsgId: MMSG-16999]
Action.c(48): web_reg_find started  	[MsgId: MMSG-26355]
Action.c(48): Registering web_reg_find was successful  	[MsgId: MMSG-26390]
Action.c(51): web_submit_data("login.pl") started  	[MsgId: MMSG-26355]
Action.c(51): Resource "http://localhost:1080/WebTours/profileValidate.js" is in the cache already and will not be downloaded again  	[MsgId: MMSG-26655]
Action.c(51): Resource "http://localhost:1080/WebTours/images/button_next.gif" is in the cache already and will not be downloaded again  	[MsgId: MMSG-26655]
Action.c(51): Error -26366: "Text=Thank you, <b>pthomas9697</b>, for registering and welcome to the Web Tours family." not found for web_reg_find  	[MsgId: MERR-26366]
End auto log messages stack.	[MsgId: MMSG-10544]


