Start auto log messages stack - Iteration 1.	[MsgId: MMSG-10545]
Action.c(41): Notify: Transaction "click_SignUpNow" ended with a "Pass" status (Duration: 0,2005 Wasted Time: 0,0000).	[MsgId: MMSG-16871]
Action.c(43): lr_think_time: 17,00 seconds.	[MsgId: MMSG-15948]
Action.c(45): Notify: Transaction "complete_profile" started.	[MsgId: MMSG-16999]
Action.c(46): web_reg_find started  	[MsgId: MMSG-26355]
Action.c(46): Registering web_reg_find was successful  	[MsgId: MMSG-26390]
Action.c(49): web_submit_data("login.pl") started  	[MsgId: MMSG-26355]
Action.c(49): Resource "http://localhost:1080/WebTours/profileValidate.js" is in the cache already and will not be downloaded again  	[MsgId: MMSG-26655]
Action.c(49): Resource "http://localhost:1080/WebTours/images/button_next.gif" is in the cache already and will not be downloaded again  	[MsgId: MMSG-26655]
Action.c(49): Error -26366: "Text=Thank you, <b>mrodriguez172</b>, for registering and welcome to the Web Tours family." not found for web_reg_find  	[MsgId: MERR-26366]
End auto log messages stack.	[MsgId: MMSG-10544]


Start auto log messages stack - Iteration 5.	[MsgId: MMSG-10545]
Action.c(41): Notify: Transaction "click_SignUpNow" ended with a "Pass" status (Duration: 0,2086 Wasted Time: 0,0001).	[MsgId: MMSG-16871]
Action.c(43): lr_think_time: 17,00 seconds.	[MsgId: MMSG-15948]
Action.c(45): Notify: Transaction "complete_profile" started.	[MsgId: MMSG-16999]
Action.c(46): web_reg_find started  	[MsgId: MMSG-26355]
Action.c(46): Registering web_reg_find was successful  	[MsgId: MMSG-26390]
Action.c(49): web_submit_data("login.pl") started  	[MsgId: MMSG-26355]
Action.c(49): Resource "http://localhost:1080/WebTours/profileValidate.js" is in the cache already and will not be downloaded again  	[MsgId: MMSG-26655]
Action.c(49): Resource "http://localhost:1080/WebTours/images/button_next.gif" is in the cache already and will not be downloaded again  	[MsgId: MMSG-26655]
Action.c(49): Error -26366: "Text=Thank you, <b>amiller2334</b>, for registering and welcome to the Web Tours family." not found for web_reg_find  	[MsgId: MERR-26366]
End auto log messages stack.	[MsgId: MMSG-10544]


Start auto log messages stack - Iteration 11.	[MsgId: MMSG-10545]
Action.c(41): Notify: Transaction "click_SignUpNow" ended with a "Pass" status (Duration: 0,2091 Wasted Time: 0,0000).	[MsgId: MMSG-16871]
Action.c(43): lr_think_time: 17,00 seconds.	[MsgId: MMSG-15948]
Action.c(45): Notify: Transaction "complete_profile" started.	[MsgId: MMSG-16999]
Action.c(46): web_reg_find started  	[MsgId: MMSG-26355]
Action.c(46): Registering web_reg_find was successful  	[MsgId: MMSG-26390]
Action.c(49): web_submit_data("login.pl") started  	[MsgId: MMSG-26355]
Action.c(49): Resource "http://localhost:1080/WebTours/profileValidate.js" is in the cache already and will not be downloaded again  	[MsgId: MMSG-26655]
Action.c(49): Resource "http://localhost:1080/WebTours/images/button_next.gif" is in the cache already and will not be downloaded again  	[MsgId: MMSG-26655]
Action.c(49): Error -26366: "Text=Thank you, <b>bjohnson8296</b>, for registering and welcome to the Web Tours family." not found for web_reg_find  	[MsgId: MERR-26366]
End auto log messages stack.	[MsgId: MMSG-10544]


Start auto log messages stack - Iteration 13.	[MsgId: MMSG-10545]
Action.c(41): Notify: Transaction "click_SignUpNow" ended with a "Pass" status (Duration: 0,3122 Wasted Time: 0,0001).	[MsgId: MMSG-16871]
Action.c(43): lr_think_time: 17,00 seconds.	[MsgId: MMSG-15948]
Action.c(45): Notify: Transaction "complete_profile" started.	[MsgId: MMSG-16999]
Action.c(46): web_reg_find started  	[MsgId: MMSG-26355]
Action.c(46): Registering web_reg_find was successful  	[MsgId: MMSG-26390]
Action.c(49): web_submit_data("login.pl") started  	[MsgId: MMSG-26355]
Action.c(49): Resource "http://localhost:1080/WebTours/profileValidate.js" is in the cache already and will not be downloaded again  	[MsgId: MMSG-26655]
Action.c(49): Resource "http://localhost:1080/WebTours/images/button_next.gif" is in the cache already and will not be downloaded again  	[MsgId: MMSG-26655]
Action.c(49): Error -26366: "Text=Thank you, <b>dhill8813</b>, for registering and welcome to the Web Tours family." not found for web_reg_find  	[MsgId: MERR-26366]
End auto log messages stack.	[MsgId: MMSG-10544]


Start auto log messages stack - Iteration 14.	[MsgId: MMSG-10545]
Action.c(41): Notify: Transaction "click_SignUpNow" ended with a "Pass" status (Duration: 0,2423 Wasted Time: 0,0003).	[MsgId: MMSG-16871]
Action.c(43): lr_think_time: 17,00 seconds.	[MsgId: MMSG-15948]
Action.c(45): Notify: Transaction "complete_profile" started.	[MsgId: MMSG-16999]
Action.c(46): web_reg_find started  	[MsgId: MMSG-26355]
Action.c(46): Registering web_reg_find was successful  	[MsgId: MMSG-26390]
Action.c(49): web_submit_data("login.pl") started  	[MsgId: MMSG-26355]
Action.c(49): Resource "http://localhost:1080/WebTours/profileValidate.js" is in the cache already and will not be downloaded again  	[MsgId: MMSG-26655]
Action.c(49): Resource "http://localhost:1080/WebTours/images/button_next.gif" is in the cache already and will not be downloaded again  	[MsgId: MMSG-26655]
Action.c(49): Error -26366: "Text=Thank you, <b>jojo40</b>, for registering and welcome to the Web Tours family." not found for web_reg_find  	[MsgId: MERR-26366]
End auto log messages stack.	[MsgId: MMSG-10544]


Start auto log messages stack - Iteration 17.	[MsgId: MMSG-10545]
Action.c(41): Notify: Transaction "click_SignUpNow" ended with a "Pass" status (Duration: 0,1262 Wasted Time: 0,0001).	[MsgId: MMSG-16871]
Action.c(43): lr_think_time: 17,00 seconds.	[MsgId: MMSG-15948]
Action.c(45): Notify: Transaction "complete_profile" started.	[MsgId: MMSG-16999]
Action.c(46): web_reg_find started  	[MsgId: MMSG-26355]
Action.c(46): Registering web_reg_find was successful  	[MsgId: MMSG-26390]
Action.c(49): web_submit_data("login.pl") started  	[MsgId: MMSG-26355]
Action.c(49): Resource "http://localhost:1080/WebTours/profileValidate.js" is in the cache already and will not be downloaded again  	[MsgId: MMSG-26655]
Action.c(49): Resource "http://localhost:1080/WebTours/images/button_next.gif" is in the cache already and will not be downloaded again  	[MsgId: MMSG-26655]
Action.c(49): Error -26366: "Text=Thank you, <b>jojo63</b>, for registering and welcome to the Web Tours family." not found for web_reg_find  	[MsgId: MERR-26366]
End auto log messages stack.	[MsgId: MMSG-10544]


