Start auto log messages stack - Iteration 3.	[MsgId: MMSG-10545]
Action.c(41): Notify: Transaction "click_SignUpNow" ended with a "Pass" status (Duration: 0,1888 Wasted Time: 0,0001).	[MsgId: MMSG-16871]
Action.c(43): lr_think_time: 17,00 seconds.	[MsgId: MMSG-15948]
Action.c(45): Notify: Transaction "complete_profile" started.	[MsgId: MMSG-16999]
Action.c(46): web_reg_find started  	[MsgId: MMSG-26355]
Action.c(46): Registering web_reg_find was successful  	[MsgId: MMSG-26390]
Action.c(49): web_submit_data("login.pl") started  	[MsgId: MMSG-26355]
Action.c(49): Resource "http://localhost:1080/WebTours/profileValidate.js" is in the cache already and will not be downloaded again  	[MsgId: MMSG-26655]
Action.c(49): Resource "http://localhost:1080/WebTours/images/button_next.gif" is in the cache already and will not be downloaded again  	[MsgId: MMSG-26655]
Action.c(49): Error -26366: "Text=Thank you, <b>mrodriguez163</b>, for registering and welcome to the Web Tours family." not found for web_reg_find  	[MsgId: MERR-26366]
End auto log messages stack.	[MsgId: MMSG-10544]


Start auto log messages stack - Iteration 2.	[MsgId: MMSG-10545]
Action.c(41): Notify: Transaction "click_SignUpNow" ended with a "Pass" status (Duration: 0,1998 Wasted Time: 0,0001).	[MsgId: MMSG-16871]
Action.c(43): lr_think_time: 17,00 seconds.	[MsgId: MMSG-15948]
Action.c(45): Notify: Transaction "complete_profile" started.	[MsgId: MMSG-16999]
Action.c(46): web_reg_find started  	[MsgId: MMSG-26355]
Action.c(46): Registering web_reg_find was successful  	[MsgId: MMSG-26390]
Action.c(49): web_submit_data("login.pl") started  	[MsgId: MMSG-26355]
Action.c(49): Resource "http://localhost:1080/WebTours/profileValidate.js" is in the cache already and will not be downloaded again  	[MsgId: MMSG-26655]
Action.c(49): Resource "http://localhost:1080/WebTours/images/button_next.gif" is in the cache already and will not be downloaded again  	[MsgId: MMSG-26655]
Action.c(49): Error -26366: "Text=Thank you, <b>klee77743</b>, for registering and welcome to the Web Tours family." not found for web_reg_find  	[MsgId: MERR-26366]
End auto log messages stack.	[MsgId: MMSG-10544]


Start auto log messages stack - Iteration 9.	[MsgId: MMSG-10545]
Action.c(41): Notify: Transaction "click_SignUpNow" ended with a "Pass" status (Duration: 0,1767 Wasted Time: 0,0001).	[MsgId: MMSG-16871]
Action.c(43): lr_think_time: 17,00 seconds.	[MsgId: MMSG-15948]
Action.c(45): Notify: Transaction "complete_profile" started.	[MsgId: MMSG-16999]
Action.c(46): web_reg_find started  	[MsgId: MMSG-26355]
Action.c(46): Registering web_reg_find was successful  	[MsgId: MMSG-26390]
Action.c(49): web_submit_data("login.pl") started  	[MsgId: MMSG-26355]
Action.c(49): Resource "http://localhost:1080/WebTours/profileValidate.js" is in the cache already and will not be downloaded again  	[MsgId: MMSG-26655]
Action.c(49): Resource "http://localhost:1080/WebTours/images/button_next.gif" is in the cache already and will not be downloaded again  	[MsgId: MMSG-26655]
Action.c(49): Error -26366: "Text=Thank you, <b>jadams55552</b>, for registering and welcome to the Web Tours family." not found for web_reg_find  	[MsgId: MERR-26366]
End auto log messages stack.	[MsgId: MMSG-10544]


Start auto log messages stack - Iteration 13.	[MsgId: MMSG-10545]
Action.c(41): Notify: Transaction "click_SignUpNow" ended with a "Pass" status (Duration: 0,9783 Wasted Time: 0,0001).	[MsgId: MMSG-16871]
Action.c(43): lr_think_time: 17,00 seconds.	[MsgId: MMSG-15948]
Action.c(45): Notify: Transaction "complete_profile" started.	[MsgId: MMSG-16999]
Action.c(46): web_reg_find started  	[MsgId: MMSG-26355]
Action.c(46): Registering web_reg_find was successful  	[MsgId: MMSG-26390]
Action.c(49): web_submit_data("login.pl") started  	[MsgId: MMSG-26355]
Action.c(49): Resource "http://localhost:1080/WebTours/profileValidate.js" is in the cache already and will not be downloaded again  	[MsgId: MMSG-26655]
Action.c(49): Resource "http://localhost:1080/WebTours/images/button_next.gif" is in the cache already and will not be downloaded again  	[MsgId: MMSG-26655]
Action.c(49): Error -26366: "Text=Thank you, <b>dhill8876</b>, for registering and welcome to the Web Tours family." not found for web_reg_find  	[MsgId: MERR-26366]
End auto log messages stack.	[MsgId: MMSG-10544]


Start auto log messages stack - Iteration 19.	[MsgId: MMSG-10545]
Action.c(41): Notify: Transaction "click_SignUpNow" ended with a "Pass" status (Duration: 0,2094 Wasted Time: 0,0000).	[MsgId: MMSG-16871]
Action.c(43): lr_think_time: 17,00 seconds.	[MsgId: MMSG-15948]
Action.c(45): Notify: Transaction "complete_profile" started.	[MsgId: MMSG-16999]
Action.c(46): web_reg_find started  	[MsgId: MMSG-26355]
Action.c(46): Registering web_reg_find was successful  	[MsgId: MMSG-26390]
Action.c(49): web_submit_data("login.pl") started  	[MsgId: MMSG-26355]
Action.c(49): Resource "http://localhost:1080/WebTours/profileValidate.js" is in the cache already and will not be downloaded again  	[MsgId: MMSG-26655]
Action.c(49): Resource "http://localhost:1080/WebTours/images/button_next.gif" is in the cache already and will not be downloaded again  	[MsgId: MMSG-26655]
Action.c(49): Error -26366: "Text=Thank you, <b>klee77780</b>, for registering and welcome to the Web Tours family." not found for web_reg_find  	[MsgId: MERR-26366]
End auto log messages stack.	[MsgId: MMSG-10544]


