Action.c(11): Notify: The 3rd error message associated with transaction "open_homepage" is "Error -26374: The above "not found" error(s) may be explained by header and body byte counts being 0 and 0, respectively."	[MsgId: MMSG-16819]
Action.c(11): Notify: Transaction "UC_3_regNewUser" ended with a "Fail" status (Duration: 2,0237).	[MsgId: MMSG-16873]
Action.c(11): Notify: Transaction "UC_3_regNewUser" has 3 error message(s).	[MsgId: MMSG-16818]
Action.c(11): Notify: The 1st error message associated with transaction "UC_3_regNewUser" is "Error -27792: Failed to connect to server "localhost:1080": [10061] Connection refused"	[MsgId: MMSG-16819]
Action.c(11): Notify: The 2nd error message associated with transaction "UC_3_regNewUser" is "Error -26366: "Text=If you haven't registered yet, <A href="/cgi-bin/login.pl?username=&amp;password=&amp;getInfo=true" ><B>sign up now</B></A> to get access to all our resources." not found for web_reg_find"	[MsgId: MMSG-16819]
Action.c(11): Notify: The 3rd error message associated with transaction "UC_3_regNewUser" is "Error -26374: The above "not found" error(s) may be explained by header and body byte counts being 0 and 0, respectively."	[MsgId: MMSG-16819]
Ending action Action.	[MsgId: MMSG-15918]
Ending iteration 51.	[MsgId: MMSG-15965]
Waiting 69,9740 seconds for iteration pacing.	[MsgId: MMSG-15996]
Starting iteration 51.	[MsgId: MMSG-15968]
Starting action Action.	[MsgId: MMSG-15919]
Action.c(4): Notify: Transaction "UC_3_regNewUser" started.	[MsgId: MMSG-16999]
Action.c(6): Notify: Transaction "open_homepage" started.	[MsgId: MMSG-16999]
Action.c(8): web_reg_find started  	[MsgId: MMSG-26355]
Action.c(8): Registering web_reg_find was successful  	[MsgId: MMSG-26390]
Action.c(11): web_url("WebTours") started  	[MsgId: MMSG-26355]
Action.c(11): Error -27792: Failed to connect to server "localhost:1080": [10061] Connection refused  	[MsgId: MERR-27792]
Action.c(11): Warning -26200: At least one of the resources specified by EXTRARES has not been downloaded due to the above error(s)  	[MsgId: MWAR-26200]
Action.c(11): Error -26366: "Text=If you haven't registered yet, <A href="/cgi-bin/login.pl?username=&amp;password=&amp;getInfo=true" ><B>sign up now</B></A> to get access to all our resources." not found for web_reg_find  	[MsgId: MERR-26366]
Action.c(11): Error -26374: The above "not found" error(s) may be explained by header and body byte counts being 0 and 0, respectively.  	[MsgId: MERR-26374]
Action.c(11): web_url("WebTours") highest severity level was "ERROR", 0 body bytes, 0 header bytes  	[MsgId: MMSG-26388]
Action.c(11): Notify: Transaction "open_homepage" ended with a "Fail" status (Duration: 2,0315).	[MsgId: MMSG-16873]
Action.c(11): Notify: Transaction "open_homepage" has 3 error message(s).	[MsgId: MMSG-16818]
Action.c(11): Notify: The 1st error message associated with transaction "open_homepage" is "Error -27792: Failed to connect to server "localhost:1080": [10061] Connection refused"	[MsgId: MMSG-16819]
Action.c(11): Notify: The 2nd error message associated with transaction "open_homepage" is "Error -26366: "Text=If you haven't registered yet, <A href="/cgi-bin/login.pl?username=&amp;password=&amp;getInfo=true" ><B>sign up now</B></A> to get access to all our resources." not found for web_reg_find"	[MsgId: MMSG-16819]
Action.c(11): Notify: The 3rd error message associated with transaction "open_homepage" is "Error -26374: The above "not found" error(s) may be explained by header and body byte counts being 0 and 0, respectively."	[MsgId: MMSG-16819]
Action.c(11): Notify: Transaction "UC_3_regNewUser" ended with a "Fail" status (Duration: 2,0316).	[MsgId: MMSG-16873]
Action.c(11): Notify: Transaction "UC_3_regNewUser" has 3 error message(s).	[MsgId: MMSG-16818]
Action.c(11): Notify: The 1st error message associated with transaction "UC_3_regNewUser" is "Error -27792: Failed to connect to server "localhost:1080": [10061] Connection refused"	[MsgId: MMSG-16819]
Action.c(11): Notify: The 2nd error message associated with transaction "UC_3_regNewUser" is "Error -26366: "Text=If you haven't registered yet, <A href="/cgi-bin/login.pl?username=&amp;password=&amp;getInfo=true" ><B>sign up now</B></A> to get access to all our resources." not found for web_reg_find"	[MsgId: MMSG-16819]
Action.c(11): Notify: The 3rd error message associated with transaction "UC_3_regNewUser" is "Error -26374: The above "not found" error(s) may be explained by header and body byte counts being 0 and 0, respectively."	[MsgId: MMSG-16819]
Ending action Action.	[MsgId: MMSG-15918]
Ending iteration 51.	[MsgId: MMSG-15965]
Waiting 69,9670 seconds for iteration pacing.	[MsgId: MMSG-15996]
Starting iteration 51.	[MsgId: MMSG-15968]
Starting action Action.	[MsgId: MMSG-15919]
Action.c(4): Notify: Transaction "UC_3_regNewUser" started.	[MsgId: MMSG-16999]
Action.c(6): Notify: Transaction "open_homepage" started.	[MsgId: MMSG-16999]
Action.c(8): web_reg_find started  	[MsgId: MMSG-26355]
Action.c(8): Registering web_reg_find was successful  	[MsgId: MMSG-26390]
Action.c(11): web_url("WebTours") started  	[MsgId: MMSG-26355]
Action.c(11): Error -27792: Failed to connect to server "localhost:1080": [10061] Connection refused  	[MsgId: MERR-27792]
Action.c(11): Warning -26200: At least one of the resources specified by EXTRARES has not been downloaded due to the above error(s)  	[MsgId: MWAR-26200]
Action.c(11): Error -26366: "Text=If you haven't registered yet, <A href="/cgi-bin/login.pl?username=&amp;password=&amp;getInfo=true" ><B>sign up now</B></A> to get access to all our resources." not found for web_reg_find  	[MsgId: MERR-26366]
Action.c(11): Error -26374: The above "not found" error(s) may be explained by header and body byte counts being 0 and 0, respectively.  	[MsgId: MERR-26374]
Action.c(11): web_url("WebTours") highest severity level was "ERROR", 0 body bytes, 0 header bytes  	[MsgId: MMSG-26388]
Action.c(11): Notify: Transaction "open_homepage" ended with a "Fail" status (Duration: 2,0319).	[MsgId: MMSG-16873]
Action.c(11): Notify: Transaction "open_homepage" has 3 error message(s).	[MsgId: MMSG-16818]
Action.c(11): Notify: The 1st error message associated with transaction "open_homepage" is "Error -27792: Failed to connect to server "localhost:1080": [10061] Connection refused"	[MsgId: MMSG-16819]
Action.c(11): Notify: The 2nd error message associated with transaction "open_homepage" is "Error -26366: "Text=If you haven't registered yet, <A href="/cgi-bin/login.pl?username=&amp;password=&amp;getInfo=true" ><B>sign up now</B></A> to get access to all our resources." not found for web_reg_find"	[MsgId: MMSG-16819]
Action.c(11): Notify: The 3rd error message associated with transaction "open_homepage" is "Error -26374: The above "not found" error(s) may be explained by header and body byte counts being 0 and 0, respectively."	[MsgId: MMSG-16819]
Action.c(11): Notify: Transaction "UC_3_regNewUser" ended with a "Fail" status (Duration: 2,0319).	[MsgId: MMSG-16873]
Action.c(11): Notify: Transaction "UC_3_regNewUser" has 3 error message(s).	[MsgId: MMSG-16818]
Action.c(11): Notify: The 1st error message associated with transaction "UC_3_regNewUser" is "Error -27792: Failed to connect to server "localhost:1080": [10061] Connection refused"	[MsgId: MMSG-16819]
Action.c(11): Notify: The 2nd error message associated with transaction "UC_3_regNewUser" is "Error -26366: "Text=If you haven't registered yet, <A href="/cgi-bin/login.pl?username=&amp;password=&amp;getInfo=true" ><B>sign up now</B></A> to get access to all our resources." not found for web_reg_find"	[MsgId: MMSG-16819]
Action.c(11): Notify: The 3rd error message associated with transaction "UC_3_regNewUser" is "Error -26374: The above "not found" error(s) may be explained by header and body byte counts being 0 and 0, respectively."	[MsgId: MMSG-16819]
Ending action Action.	[MsgId: MMSG-15918]
Ending iteration 51.	[MsgId: MMSG-15965]
Waiting 69,9670 seconds for iteration pacing.	[MsgId: MMSG-15996]
Starting iteration 52.	[MsgId: MMSG-15968]
Starting action Action.	[MsgId: MMSG-15919]
Action.c(4): Notify: Transaction "UC_3_regNewUser" started.	[MsgId: MMSG-16999]
Action.c(6): Notify: Transaction "open_homepage" started.	[MsgId: MMSG-16999]
Action.c(8): web_reg_find started  	[MsgId: MMSG-26355]
Action.c(8): Registering web_reg_find was successful  	[MsgId: MMSG-26390]
Action.c(11): web_url("WebTours") started  	[MsgId: MMSG-26355]
Action.c(11): Error -27792: Failed to connect to server "localhost:1080": [10061] Connection refused  	[MsgId: MERR-27792]
Action.c(11): Warning -26200: At least one of the resources specified by EXTRARES has not been downloaded due to the above error(s)  	[MsgId: MWAR-26200]
Action.c(11): Error -26366: "Text=If you haven't registered yet, <A href="/cgi-bin/login.pl?username=&amp;password=&amp;getInfo=true" ><B>sign up now</B></A> to get access to all our resources." not found for web_reg_find  	[MsgId: MERR-26366]
Action.c(11): Error -26374: The above "not found" error(s) may be explained by header and body byte counts being 0 and 0, respectively.  	[MsgId: MERR-26374]
Action.c(11): web_url("WebTours") highest severity level was "ERROR", 0 body bytes, 0 header bytes  	[MsgId: MMSG-26388]
Action.c(11): Notify: Transaction "open_homepage" ended with a "Fail" status (Duration: 2,0246).	[MsgId: MMSG-16873]
Action.c(11): Notify: Transaction "open_homepage" has 3 error message(s).	[MsgId: MMSG-16818]
Action.c(11): Notify: The 1st error message associated with transaction "open_homepage" is "Error -27792: Failed to connect to server "localhost:1080": [10061] Connection refused"	[MsgId: MMSG-16819]
Action.c(11): Notify: The 2nd error message associated with transaction "open_homepage" is "Error -26366: "Text=If you haven't registered yet, <A href="/cgi-bin/login.pl?username=&amp;password=&amp;getInfo=true" ><B>sign up now</B></A> to get access to all our resources." not found for web_reg_find"	[MsgId: MMSG-16819]
Action.c(11): Notify: The 3rd error message associated with transaction "open_homepage" is "Error -26374: The above "not found" error(s) may be explained by header and body byte counts being 0 and 0, respectively."	[MsgId: MMSG-16819]
Action.c(11): Notify: Transaction "UC_3_regNewUser" ended with a "Fail" status (Duration: 2,0247).	[MsgId: MMSG-16873]
Action.c(11): Notify: Transaction "UC_3_regNewUser" has 3 error message(s).	[MsgId: MMSG-16818]
Action.c(11): Notify: The 1st error message associated with transaction "UC_3_regNewUser" is "Error -27792: Failed to connect to server "localhost:1080": [10061] Connection refused"	[MsgId: MMSG-16819]
Action.c(11): Notify: The 2nd error message associated with transaction "UC_3_regNewUser" is "Error -26366: "Text=If you haven't registered yet, <A href="/cgi-bin/login.pl?username=&amp;password=&amp;getInfo=true" ><B>sign up now</B></A> to get access to all our resources." not found for web_reg_find"	[MsgId: MMSG-16819]
Action.c(11): Notify: The 3rd error message associated with transaction "UC_3_regNewUser" is "Error -26374: The above "not found" error(s) may be explained by header and body byte counts being 0 and 0, respectively."	[MsgId: MMSG-16819]
Ending action Action.	[MsgId: MMSG-15918]
Ending iteration 52.	[MsgId: MMSG-15965]
Waiting 69,9740 seconds for iteration pacing.	[MsgId: MMSG-15996]
Starting iteration 52.	[MsgId: MMSG-15968]
Starting action Action.	[MsgId: MMSG-15919]
Action.c(4): Notify: Transaction "UC_3_regNewUser" started.	[MsgId: MMSG-16999]
Action.c(6): Notify: Transaction "open_homepage" started.	[MsgId: MMSG-16999]
Action.c(8): web_reg_find started  	[MsgId: MMSG-26355]
Action.c(8): Registering web_reg_find was successful  	[MsgId: MMSG-26390]
Action.c(11): web_url("WebTours") started  	[MsgId: MMSG-26355]
Action.c(11): Error -27792: Failed to connect to server "localhost:1080": [10061] Connection refused  	[MsgId: MERR-27792]
Action.c(11): Warning -26200: At least one of the resources specified by EXTRARES has not been downloaded due to the above error(s)  	[MsgId: MWAR-26200]
Action.c(11): Error -26366: "Text=If you haven't registered yet, <A href="/cgi-bin/login.pl?username=&amp;password=&amp;getInfo=true" ><B>sign up now</B></A> to get access to all our resources." not found for web_reg_find  	[MsgId: MERR-26366]
Action.c(11): Error -26374: The above "not found" error(s) may be explained by header and body byte counts being 0 and 0, respectively.  	[MsgId: MERR-26374]
Action.c(11): web_url("WebTours") highest severity level was "ERROR", 0 body bytes, 0 header bytes  	[MsgId: MMSG-26388]
Action.c(11): Notify: Transaction "open_homepage" ended with a "Fail" status (Duration: 2,0320).	[MsgId: MMSG-16873]
Action.c(11): Notify: Transaction "open_homepage" has 3 error message(s).	[MsgId: MMSG-16818]
Action.c(11): Notify: The 1st error message associated with transaction "open_homepage" is "Error -27792: Failed to connect to server "localhost:1080": [10061] Connection refused"	[MsgId: MMSG-16819]
Action.c(11): Notify: The 2nd error message associated with transaction "open_homepage" is "Error -26366: "Text=If you haven't registered yet, <A href="/cgi-bin/login.pl?username=&amp;password=&amp;getInfo=true" ><B>sign up now</B></A> to get access to all our resources." not found for web_reg_find"	[MsgId: MMSG-16819]
Action.c(11): Notify: The 3rd error message associated with transaction "open_homepage" is "Error -26374: The above "not found" error(s) may be explained by header and body byte counts being 0 and 0, respectively."	[MsgId: MMSG-16819]
Action.c(11): Notify: Transaction "UC_3_regNewUser" ended with a "Fail" status (Duration: 2,0321).	[MsgId: MMSG-16873]
Action.c(11): Notify: Transaction "UC_3_regNewUser" has 3 error message(s).	[MsgId: MMSG-16818]
Action.c(11): Notify: The 1st error message associated with transaction "UC_3_regNewUser" is "Error -27792: Failed to connect to server "localhost:1080": [10061] Connection refused"	[MsgId: MMSG-16819]
Action.c(11): Notify: The 2nd error message associated with transaction "UC_3_regNewUser" is "Error -26366: "Text=If you haven't registered yet, <A href="/cgi-bin/login.pl?username=&amp;password=&amp;getInfo=true" ><B>sign up now</B></A> to get access to all our resources." not found for web_reg_find"	[MsgId: MMSG-16819]
Action.c(11): Notify: The 3rd error message associated with transaction "UC_3_regNewUser" is "Error -26374: The above "not found" error(s) may be explained by header and body byte counts being 0 and 0, respectively."	[MsgId: MMSG-16819]
Ending action Action.	[MsgId: MMSG-15918]
Ending iteration 52.	[MsgId: MMSG-15965]
Waiting 69,9670 seconds for iteration pacing.	[MsgId: MMSG-15996]
Starting iteration 52.	[MsgId: MMSG-15968]
Starting action Action.	[MsgId: MMSG-15919]
Action.c(4): Notify: Transaction "UC_3_regNewUser" started.	[MsgId: MMSG-16999]
Action.c(6): Notify: Transaction "open_homepage" started.	[MsgId: MMSG-16999]
Action.c(8): web_reg_find started  	[MsgId: MMSG-26355]
Action.c(8): Registering web_reg_find was successful  	[MsgId: MMSG-26390]
Action.c(11): web_url("WebTours") started  	[MsgId: MMSG-26355]
Action.c(11): Error -27792: Failed to connect to server "localhost:1080": [10061] Connection refused  	[MsgId: MERR-27792]
Action.c(11): Warning -26200: At least one of the resources specified by EXTRARES has not been downloaded due to the above error(s)  	[MsgId: MWAR-26200]
Action.c(11): Error -26366: "Text=If you haven't registered yet, <A href="/cgi-bin/login.pl?username=&amp;password=&amp;getInfo=true" ><B>sign up now</B></A> to get access to all our resources." not found for web_reg_find  	[MsgId: MERR-26366]
Action.c(11): Error -26374: The above "not found" error(s) may be explained by header and body byte counts being 0 and 0, respectively.  	[MsgId: MERR-26374]
Action.c(11): web_url("WebTours") highest severity level was "ERROR", 0 body bytes, 0 header bytes  	[MsgId: MMSG-26388]
Action.c(11): Notify: Transaction "open_homepage" ended with a "Fail" status (Duration: 2,0297).	[MsgId: MMSG-16873]
Action.c(11): Notify: Transaction "open_homepage" has 3 error message(s).	[MsgId: MMSG-16818]
Action.c(11): Notify: The 1st error message associated with transaction "open_homepage" is "Error -27792: Failed to connect to server "localhost:1080": [10061] Connection refused"	[MsgId: MMSG-16819]
Action.c(11): Notify: The 2nd error message associated with transaction "open_homepage" is "Error -26366: "Text=If you haven't registered yet, <A href="/cgi-bin/login.pl?username=&amp;password=&amp;getInfo=true" ><B>sign up now</B></A> to get access to all our resources." not found for web_reg_find"	[MsgId: MMSG-16819]
Action.c(11): Notify: The 3rd error message associated with transaction "open_homepage" is "Error -26374: The above "not found" error(s) may be explained by header and body byte counts being 0 and 0, respectively."	[MsgId: MMSG-16819]
Action.c(11): Notify: Transaction "UC_3_regNewUser" ended with a "Fail" status (Duration: 2,0297).	[MsgId: MMSG-16873]
Action.c(11): Notify: Transaction "UC_3_regNewUser" has 3 error message(s).	[MsgId: MMSG-16818]
Action.c(11): Notify: The 1st error message associated with transaction "UC_3_regNewUser" is "Error -27792: Failed to connect to server "localhost:1080": [10061] Connection refused"	[MsgId: MMSG-16819]
Action.c(11): Notify: The 2nd error message associated with transaction "UC_3_regNewUser" is "Error -26366: "Text=If you haven't registered yet, <A href="/cgi-bin/login.pl?username=&amp;password=&amp;getInfo=true" ><B>sign up now</B></A> to get access to all our resources." not found for web_reg_find"	[MsgId: MMSG-16819]
Action.c(11): Notify: The 3rd error message associated with transaction "UC_3_regNewUser" is "Error -26374: The above "not found" error(s) may be explained by header and body byte counts being 0 and 0, respectively."	[MsgId: MMSG-16819]
Ending action Action.	[MsgId: MMSG-15918]
Ending iteration 52.	[MsgId: MMSG-15965]
Waiting 69,9690 seconds for iteration pacing.	[MsgId: MMSG-15996]
Starting iteration 52.	[MsgId: MMSG-15968]
Starting action Action.	[MsgId: MMSG-15919]
Action.c(4): Notify: Transaction "UC_3_regNewUser" started.	[MsgId: MMSG-16999]
Action.c(6): Notify: Transaction "open_homepage" started.	[MsgId: MMSG-16999]
Action.c(8): web_reg_find started  	[MsgId: MMSG-26355]
Action.c(8): Registering web_reg_find was successful  	[MsgId: MMSG-26390]
Action.c(11): web_url("WebTours") started  	[MsgId: MMSG-26355]
Action.c(11): Error -27792: Failed to connect to server "localhost:1080": [10061] Connection refused  	[MsgId: MERR-27792]
Action.c(11): Warning -26200: At least one of the resources specified by EXTRARES has not been downloaded due to the above error(s)  	[MsgId: MWAR-26200]
Action.c(11): Error -26366: "Text=If you haven't registered yet, <A href="/cgi-bin/login.pl?username=&amp;password=&amp;getInfo=true" ><B>sign up now</B></A> to get access to all our resources." not found for web_reg_find  	[MsgId: MERR-26366]
Action.c(11): Error -26374: The above "not found" error(s) may be explained by header and body byte counts being 0 and 0, respectively.  	[MsgId: MERR-26374]
Action.c(11): web_url("WebTours") highest severity level was "ERROR", 0 body bytes, 0 header bytes  	[MsgId: MMSG-26388]
Action.c(11): Notify: Transaction "open_homepage" ended with a "Fail" status (Duration: 2,0300).	[MsgId: MMSG-16873]
Action.c(11): Notify: Transaction "open_homepage" has 3 error message(s).	[MsgId: MMSG-16818]
Action.c(11): Notify: The 1st error message associated with transaction "open_homepage" is "Error -27792: Failed to connect to server "localhost:1080": [10061] Connection refused"	[MsgId: MMSG-16819]
Action.c(11): Notify: The 2nd error message associated with transaction "open_homepage" is "Error -26366: "Text=If you haven't registered yet, <A href="/cgi-bin/login.pl?username=&amp;password=&amp;getInfo=true" ><B>sign up now</B></A> to get access to all our resources." not found for web_reg_find"	[MsgId: MMSG-16819]
Action.c(11): Notify: The 3rd error message associated with transaction "open_homepage" is "Error -26374: The above "not found" error(s) may be explained by header and body byte counts being 0 and 0, respectively."	[MsgId: MMSG-16819]
Action.c(11): Notify: Transaction "UC_3_regNewUser" ended with a "Fail" status (Duration: 2,0300).	[MsgId: MMSG-16873]
Action.c(11): Notify: Transaction "UC_3_regNewUser" has 3 error message(s).	[MsgId: MMSG-16818]
Action.c(11): Notify: The 1st error message associated with transaction "UC_3_regNewUser" is "Error -27792: Failed to connect to server "localhost:1080": [10061] Connection refused"	[MsgId: MMSG-16819]
Action.c(11): Notify: The 2nd error message associated with transaction "UC_3_regNewUser" is "Error -26366: "Text=If you haven't registered yet, <A href="/cgi-bin/login.pl?username=&amp;password=&amp;getInfo=true" ><B>sign up now</B></A> to get access to all our resources." not found for web_reg_find"	[MsgId: MMSG-16819]
Action.c(11): Notify: The 3rd error message associated with transaction "UC_3_regNewUser" is "Error -26374: The above "not found" error(s) may be explained by header and body byte counts being 0 and 0, respectively."	[MsgId: MMSG-16819]
Ending action Action.	[MsgId: MMSG-15918]
Ending iteration 52.	[MsgId: MMSG-15965]
Waiting 69,9690 seconds for iteration pacing.	[MsgId: MMSG-15996]
Starting iteration 52.	[MsgId: MMSG-15968]
Starting action Action.	[MsgId: MMSG-15919]
Action.c(4): Notify: Transaction "UC_3_regNewUser" started.	[MsgId: MMSG-16999]
Action.c(6): Notify: Transaction "open_homepage" started.	[MsgId: MMSG-16999]
Action.c(8): web_reg_find started  	[MsgId: MMSG-26355]
Action.c(8): Registering web_reg_find was successful  	[MsgId: MMSG-26390]
Action.c(11): web_url("WebTours") started  	[MsgId: MMSG-26355]
Action.c(11): Error -27792: Failed to connect to server "localhost:1080": [10061] Connection refused  	[MsgId: MERR-27792]
Action.c(11): Warning -26200: At least one of the resources specified by EXTRARES has not been downloaded due to the above error(s)  	[MsgId: MWAR-26200]
Action.c(11): Error -26366: "Text=If you haven't registered yet, <A href="/cgi-bin/login.pl?username=&amp;password=&amp;getInfo=true" ><B>sign up now</B></A> to get access to all our resources." not found for web_reg_find  	[MsgId: MERR-26366]
Action.c(11): Error -26374: The above "not found" error(s) may be explained by header and body byte counts being 0 and 0, respectively.  	[MsgId: MERR-26374]
Action.c(11): web_url("WebTours") highest severity level was "ERROR", 0 body bytes, 0 header bytes  	[MsgId: MMSG-26388]
Action.c(11): Notify: Transaction "open_homepage" ended with a "Fail" status (Duration: 2,0297).	[MsgId: MMSG-16873]
Action.c(11): Notify: Transaction "open_homepage" has 3 error message(s).	[MsgId: MMSG-16818]
Action.c(11): Notify: The 1st error message associated with transaction "open_homepage" is "Error -27792: Failed to connect to server "localhost:1080": [10061] Connection refused"	[MsgId: MMSG-16819]
Action.c(11): Notify: The 2nd error message associated with transaction "open_homepage" is "Error -26366: "Text=If you haven't registered yet, <A href="/cgi-bin/login.pl?username=&amp;password=&amp;getInfo=true" ><B>sign up now</B></A> to get access to all our resources." not found for web_reg_find"	[MsgId: MMSG-16819]
Action.c(11): Notify: The 3rd error message associated with transaction "open_homepage" is "Error -26374: The above "not found" error(s) may be explained by header and body byte counts being 0 and 0, respectively."	[MsgId: MMSG-16819]
Action.c(11): Notify: Transaction "UC_3_regNewUser" ended with a "Fail" status (Duration: 2,0297).	[MsgId: MMSG-16873]
Action.c(11): Notify: Transaction "UC_3_regNewUser" has 3 error message(s).	[MsgId: MMSG-16818]
Action.c(11): Notify: The 1st error message associated with transaction "UC_3_regNewUser" is "Error -27792: Failed to connect to server "localhost:1080": [10061] Connection refused"	[MsgId: MMSG-16819]
Action.c(11): Notify: The 2nd error message associated with transaction "UC_3_regNewUser" is "Error -26366: "Text=If you haven't registered yet, <A href="/cgi-bin/login.pl?username=&amp;password=&amp;getInfo=true" ><B>sign up now</B></A> to get access to all our resources." not found for web_reg_find"	[MsgId: MMSG-16819]
Action.c(11): Notify: The 3rd error message associated with transaction "UC_3_regNewUser" is "Error -26374: The above "not found" error(s) may be explained by header and body byte counts being 0 and 0, respectively."	[MsgId: MMSG-16819]
Ending action Action.	[MsgId: MMSG-15918]
Ending iteration 52.	[MsgId: MMSG-15965]
Waiting 69,9680 seconds for iteration pacing.	[MsgId: MMSG-15996]
Starting iteration 52.	[MsgId: MMSG-15968]
Starting action Action.	[MsgId: MMSG-15919]
Action.c(4): Notify: Transaction "UC_3_regNewUser" started.	[MsgId: MMSG-16999]
Action.c(6): Notify: Transaction "open_homepage" started.	[MsgId: MMSG-16999]
Action.c(8): web_reg_find started  	[MsgId: MMSG-26355]
Action.c(8): Registering web_reg_find was successful  	[MsgId: MMSG-26390]
Action.c(11): web_url("WebTours") started  	[MsgId: MMSG-26355]
Action.c(11): Error -27792: Failed to connect to server "localhost:1080": [10061] Connection refused  	[MsgId: MERR-27792]
Action.c(11): Warning -26200: At least one of the resources specified by EXTRARES has not been downloaded due to the above error(s)  	[MsgId: MWAR-26200]
Action.c(11): Error -26366: "Text=If you haven't registered yet, <A href="/cgi-bin/login.pl?username=&amp;password=&amp;getInfo=true" ><B>sign up now</B></A> to get access to all our resources." not found for web_reg_find  	[MsgId: MERR-26366]
Action.c(11): Error -26374: The above "not found" error(s) may be explained by header and body byte counts being 0 and 0, respectively.  	[MsgId: MERR-26374]
Action.c(11): web_url("WebTours") highest severity level was "ERROR", 0 body bytes, 0 header bytes  	[MsgId: MMSG-26388]
Action.c(11): Notify: Transaction "open_homepage" ended with a "Fail" status (Duration: 2,0275).	[MsgId: MMSG-16873]
Action.c(11): Notify: Transaction "open_homepage" has 3 error message(s).	[MsgId: MMSG-16818]
Action.c(11): Notify: The 1st error message associated with transaction "open_homepage" is "Error -27792: Failed to connect to server "localhost:1080": [10061] Connection refused"	[MsgId: MMSG-16819]
Action.c(11): Notify: The 2nd error message associated with transaction "open_homepage" is "Error -26366: "Text=If you haven't registered yet, <A href="/cgi-bin/login.pl?username=&amp;password=&amp;getInfo=true" ><B>sign up now</B></A> to get access to all our resources." not found for web_reg_find"	[MsgId: MMSG-16819]
Action.c(11): Notify: The 3rd error message associated with transaction "open_homepage" is "Error -26374: The above "not found" error(s) may be explained by header and body byte counts being 0 and 0, respectively."	[MsgId: MMSG-16819]
Action.c(11): Notify: Transaction "UC_3_regNewUser" ended with a "Fail" status (Duration: 2,0276).	[MsgId: MMSG-16873]
Action.c(11): Notify: Transaction "UC_3_regNewUser" has 3 error message(s).	[MsgId: MMSG-16818]
Action.c(11): Notify: The 1st error message associated with transaction "UC_3_regNewUser" is "Error -27792: Failed to connect to server "localhost:1080": [10061] Connection refused"	[MsgId: MMSG-16819]
Action.c(11): Notify: The 2nd error message associated with transaction "UC_3_regNewUser" is "Error -26366: "Text=If you haven't registered yet, <A href="/cgi-bin/login.pl?username=&amp;password=&amp;getInfo=true" ><B>sign up now</B></A> to get access to all our resources." not found for web_reg_find"	[MsgId: MMSG-16819]
Action.c(11): Notify: The 3rd error message associated with transaction "UC_3_regNewUser" is "Error -26374: The above "not found" error(s) may be explained by header and body byte counts being 0 and 0, respectively."	[MsgId: MMSG-16819]
Ending action Action.	[MsgId: MMSG-15918]
Ending iteration 52.	[MsgId: MMSG-15965]
Waiting 69,9720 seconds for iteration pacing.	[MsgId: MMSG-15996]
Starting iteration 53.	[MsgId: MMSG-15968]
Starting action Action.	[MsgId: MMSG-15919]
Action.c(4): Notify: Transaction "UC_3_regNewUser" started.	[MsgId: MMSG-16999]
Action.c(6): Notify: Transaction "open_homepage" started.	[MsgId: MMSG-16999]
Action.c(8): web_reg_find started  	[MsgId: MMSG-26355]
Action.c(8): Registering web_reg_find was successful  	[MsgId: MMSG-26390]
Action.c(11): web_url("WebTours") started  	[MsgId: MMSG-26355]
Action.c(11): Error -27792: Failed to connect to server "localhost:1080": [10061] Connection refused  	[MsgId: MERR-27792]
Action.c(11): Warning -26200: At least one of the resources specified by EXTRARES has not been downloaded due to the above error(s)  	[MsgId: MWAR-26200]
Action.c(11): Error -26366: "Text=If you haven't registered yet, <A href="/cgi-bin/login.pl?username=&amp;password=&amp;getInfo=true" ><B>sign up now</B></A> to get access to all our resources." not found for web_reg_find  	[MsgId: MERR-26366]
Action.c(11): Error -26374: The above "not found" error(s) may be explained by header and body byte counts being 0 and 0, respectively.  	[MsgId: MERR-26374]
Action.c(11): web_url("WebTours") highest severity level was "ERROR", 0 body bytes, 0 header bytes  	[MsgId: MMSG-26388]
Action.c(11): Notify: Transaction "open_homepage" ended with a "Fail" status (Duration: 2,0264).	[MsgId: MMSG-16873]
Action.c(11): Notify: Transaction "open_homepage" has 3 error message(s).	[MsgId: MMSG-16818]
Action.c(11): Notify: The 1st error message associated with transaction "open_homepage" is "Error -27792: Failed to connect to server "localhost:1080": [10061] Connection refused"	[MsgId: MMSG-16819]
Action.c(11): Notify: The 2nd error message associated with transaction "open_homepage" is "Error -26366: "Text=If you haven't registered yet, <A href="/cgi-bin/login.pl?username=&amp;password=&amp;getInfo=true" ><B>sign up now</B></A> to get access to all our resources." not found for web_reg_find"	[MsgId: MMSG-16819]
Action.c(11): Notify: The 3rd error message associated with transaction "open_homepage" is "Error -26374: The above "not found" error(s) may be explained by header and body byte counts being 0 and 0, respectively."	[MsgId: MMSG-16819]
Action.c(11): Notify: Transaction "UC_3_regNewUser" ended with a "Fail" status (Duration: 2,0264).	[MsgId: MMSG-16873]
Action.c(11): Notify: Transaction "UC_3_regNewUser" has 3 error message(s).	[MsgId: MMSG-16818]
Action.c(11): Notify: The 1st error message associated with transaction "UC_3_regNewUser" is "Error -27792: Failed to connect to server "localhost:1080": [10061] Connection refused"	[MsgId: MMSG-16819]
Action.c(11): Notify: The 2nd error message associated with transaction "UC_3_regNewUser" is "Error -26366: "Text=If you haven't registered yet, <A href="/cgi-bin/login.pl?username=&amp;password=&amp;getInfo=true" ><B>sign up now</B></A> to get access to all our resources." not found for web_reg_find"	[MsgId: MMSG-16819]
Action.c(11): Notify: The 3rd error message associated with transaction "UC_3_regNewUser" is "Error -26374: The above "not found" error(s) may be explained by header and body byte counts being 0 and 0, respectively."	[MsgId: MMSG-16819]
Ending action Action.	[MsgId: MMSG-15918]
Ending iteration 53.	[MsgId: MMSG-15965]
Waiting 69,9730 seconds for iteration pacing.	[MsgId: MMSG-15996]
Starting iteration 53.	[MsgId: MMSG-15968]
Starting action Action.	[MsgId: MMSG-15919]
Action.c(4): Notify: Transaction "UC_3_regNewUser" started.	[MsgId: MMSG-16999]
Action.c(6): Notify: Transaction "open_homepage" started.	[MsgId: MMSG-16999]
Action.c(8): web_reg_find started  	[MsgId: MMSG-26355]
Action.c(8): Registering web_reg_find was successful  	[MsgId: MMSG-26390]
Action.c(11): web_url("WebTours") started  	[MsgId: MMSG-26355]
Action.c(11): Error -27792: Failed to connect to server "localhost:1080": [10061] Connection refused  	[MsgId: MERR-27792]
Action.c(11): Warning -26200: At least one of the resources specified by EXTRARES has not been downloaded due to the above error(s)  	[MsgId: MWAR-26200]
Action.c(11): Error -26366: "Text=If you haven't registered yet, <A href="/cgi-bin/login.pl?username=&amp;password=&amp;getInfo=true" ><B>sign up now</B></A> to get access to all our resources." not found for web_reg_find  	[MsgId: MERR-26366]
Action.c(11): Error -26374: The above "not found" error(s) may be explained by header and body byte counts being 0 and 0, respectively.  	[MsgId: MERR-26374]
Action.c(11): web_url("WebTours") highest severity level was "ERROR", 0 body bytes, 0 header bytes  	[MsgId: MMSG-26388]
Action.c(11): Notify: Transaction "open_homepage" ended with a "Fail" status (Duration: 2,0215).	[MsgId: MMSG-16873]
Action.c(11): Notify: Transaction "open_homepage" has 3 error message(s).	[MsgId: MMSG-16818]
Action.c(11): Notify: The 1st error message associated with transaction "open_homepage" is "Error -27792: Failed to connect to server "localhost:1080": [10061] Connection refused"	[MsgId: MMSG-16819]
Action.c(11): Notify: The 2nd error message associated with transaction "open_homepage" is "Error -26366: "Text=If you haven't registered yet, <A href="/cgi-bin/login.pl?username=&amp;password=&amp;getInfo=true" ><B>sign up now</B></A> to get access to all our resources." not found for web_reg_find"	[MsgId: MMSG-16819]
Action.c(11): Notify: The 3rd error message associated with transaction "open_homepage" is "Error -26374: The above "not found" error(s) may be explained by header and body byte counts being 0 and 0, respectively."	[MsgId: MMSG-16819]
Action.c(11): Notify: Transaction "UC_3_regNewUser" ended with a "Fail" status (Duration: 2,0215).	[MsgId: MMSG-16873]
Action.c(11): Notify: Transaction "UC_3_regNewUser" has 3 error message(s).	[MsgId: MMSG-16818]
Action.c(11): Notify: The 1st error message associated with transaction "UC_3_regNewUser" is "Error -27792: Failed to connect to server "localhost:1080": [10061] Connection refused"	[MsgId: MMSG-16819]
Action.c(11): Notify: The 2nd error message associated with transaction "UC_3_regNewUser" is "Error -26366: "Text=If you haven't registered yet, <A href="/cgi-bin/login.pl?username=&amp;password=&amp;getInfo=true" ><B>sign up now</B></A> to get access to all our resources." not found for web_reg_find"	[MsgId: MMSG-16819]
Action.c(11): Notify: The 3rd error message associated with transaction "UC_3_regNewUser" is "Error -26374: The above "not found" error(s) may be explained by header and body byte counts being 0 and 0, respectively."	[MsgId: MMSG-16819]
Ending action Action.	[MsgId: MMSG-15918]
Ending iteration 53.	[MsgId: MMSG-15965]
Waiting 69,9770 seconds for iteration pacing.	[MsgId: MMSG-15996]
Starting iteration 53.	[MsgId: MMSG-15968]
Starting action Action.	[MsgId: MMSG-15919]
Action.c(4): Notify: Transaction "UC_3_regNewUser" started.	[MsgId: MMSG-16999]
Action.c(6): Notify: Transaction "open_homepage" started.	[MsgId: MMSG-16999]
Action.c(8): web_reg_find started  	[MsgId: MMSG-26355]
Action.c(8): Registering web_reg_find was successful  	[MsgId: MMSG-26390]
Action.c(11): web_url("WebTours") started  	[MsgId: MMSG-26355]
Action.c(11): Error -27792: Failed to connect to server "localhost:1080": [10061] Connection refused  	[MsgId: MERR-27792]
Action.c(11): Warning -26200: At least one of the resources specified by EXTRARES has not been downloaded due to the above error(s)  	[MsgId: MWAR-26200]
Action.c(11): Error -26366: "Text=If you haven't registered yet, <A href="/cgi-bin/login.pl?username=&amp;password=&amp;getInfo=true" ><B>sign up now</B></A> to get access to all our resources." not found for web_reg_find  	[MsgId: MERR-26366]
Action.c(11): Error -26374: The above "not found" error(s) may be explained by header and body byte counts being 0 and 0, respectively.  	[MsgId: MERR-26374]
Action.c(11): web_url("WebTours") highest severity level was "ERROR", 0 body bytes, 0 header bytes  	[MsgId: MMSG-26388]
Action.c(11): Notify: Transaction "open_homepage" ended with a "Fail" status (Duration: 2,0264).	[MsgId: MMSG-16873]
Action.c(11): Notify: Transaction "open_homepage" has 3 error message(s).	[MsgId: MMSG-16818]
Action.c(11): Notify: The 1st error message associated with transaction "open_homepage" is "Error -27792: Failed to connect to server "localhost:1080": [10061] Connection refused"	[MsgId: MMSG-16819]
Action.c(11): Notify: The 2nd error message associated with transaction "open_homepage" is "Error -26366: "Text=If you haven't registered yet, <A href="/cgi-bin/login.pl?username=&amp;password=&amp;getInfo=true" ><B>sign up now</B></A> to get access to all our resources." not found for web_reg_find"	[MsgId: MMSG-16819]
Action.c(11): Notify: The 3rd error message associated with transaction "open_homepage" is "Error -26374: The above "not found" error(s) may be explained by header and body byte counts being 0 and 0, respectively."	[MsgId: MMSG-16819]
Action.c(11): Notify: Transaction "UC_3_regNewUser" ended with a "Fail" status (Duration: 2,0265).	[MsgId: MMSG-16873]
Action.c(11): Notify: Transaction "UC_3_regNewUser" has 3 error message(s).	[MsgId: MMSG-16818]
Action.c(11): Notify: The 1st error message associated with transaction "UC_3_regNewUser" is "Error -27792: Failed to connect to server "localhost:1080": [10061] Connection refused"	[MsgId: MMSG-16819]
Action.c(11): Notify: The 2nd error message associated with transaction "UC_3_regNewUser" is "Error -26366: "Text=If you haven't registered yet, <A href="/cgi-bin/login.pl?username=&amp;password=&amp;getInfo=true" ><B>sign up now</B></A> to get access to all our resources." not found for web_reg_find"	[MsgId: MMSG-16819]
Action.c(11): Notify: The 3rd error message associated with transaction "UC_3_regNewUser" is "Error -26374: The above "not found" error(s) may be explained by header and body byte counts being 0 and 0, respectively."	[MsgId: MMSG-16819]
Ending action Action.	[MsgId: MMSG-15918]
Ending iteration 53.	[MsgId: MMSG-15965]
Waiting 69,9720 seconds for iteration pacing.	[MsgId: MMSG-15996]
Starting iteration 53.	[MsgId: MMSG-15968]
Starting action Action.	[MsgId: MMSG-15919]
Action.c(4): Notify: Transaction "UC_3_regNewUser" started.	[MsgId: MMSG-16999]
Action.c(6): Notify: Transaction "open_homepage" started.	[MsgId: MMSG-16999]
Action.c(8): web_reg_find started  	[MsgId: MMSG-26355]
Action.c(8): Registering web_reg_find was successful  	[MsgId: MMSG-26390]
Action.c(11): web_url("WebTours") started  	[MsgId: MMSG-26355]
Ending Vuser...	[MsgId: MMSG-15966]
Starting action vuser_end.	[MsgId: MMSG-15919]
Ending Vuser...	[MsgId: MMSG-15966]
Ending action vuser_end.	[MsgId: MMSG-15918]
Vuser Terminated.	[MsgId: MMSG-15963]
Starting action vuser_end.	[MsgId: MMSG-15919]
Ending Vuser...	[MsgId: MMSG-15966]
Ending action vuser_end.	[MsgId: MMSG-15918]
Starting action vuser_end.	[MsgId: MMSG-15919]
Vuser Terminated.	[MsgId: MMSG-15963]
Ending Vuser...	[MsgId: MMSG-15966]
Starting action vuser_end.	[MsgId: MMSG-15919]
Ending action vuser_end.	[MsgId: MMSG-15918]
Vuser Terminated.	[MsgId: MMSG-15963]
Ending action vuser_end.	[MsgId: MMSG-15918]
Vuser Terminated.	[MsgId: MMSG-15963]
Ending Vuser...	[MsgId: MMSG-15966]
Starting action vuser_end.	[MsgId: MMSG-15919]
Ending action vuser_end.	[MsgId: MMSG-15918]
Vuser Terminated.	[MsgId: MMSG-15963]
Action.c(11): Error -27792: Failed to connect to server "localhost:1080": [10061] Connection refused  	[MsgId: MERR-27792]
Action.c(11): Warning -26200: At least one of the resources specified by EXTRARES has not been downloaded due to the above error(s)  	[MsgId: MWAR-26200]
Action.c(11): Error -26366: "Text=If you haven't registered yet, <A href="/cgi-bin/login.pl?username=&amp;password=&amp;getInfo=true" ><B>sign up now</B></A> to get access to all our resources." not found for web_reg_find  	[MsgId: MERR-26366]
Action.c(11): Error -26374: The above "not found" error(s) may be explained by header and body byte counts being 0 and 0, respectively.  	[MsgId: MERR-26374]
Action.c(11): web_url("WebTours") highest severity level was "ERROR", 0 body bytes, 0 header bytes  	[MsgId: MMSG-26388]
Action.c(11): Notify: Transaction "open_homepage" ended with a "Fail" status (Duration: 2,0277).	[MsgId: MMSG-16873]
Action.c(11): Notify: Transaction "open_homepage" has 3 error message(s).	[MsgId: MMSG-16818]
Action.c(11): Notify: The 1st error message associated with transaction "open_homepage" is "Error -27792: Failed to connect to server "localhost:1080": [10061] Connection refused"	[MsgId: MMSG-16819]
Action.c(11): Notify: The 2nd error message associated with transaction "open_homepage" is "Error -26366: "Text=If you haven't registered yet, <A href="/cgi-bin/login.pl?username=&amp;password=&amp;getInfo=true" ><B>sign up now</B></A> to get access to all our resources." not found for web_reg_find"	[MsgId: MMSG-16819]
Action.c(11): Notify: The 3rd error message associated with transaction "open_homepage" is "Error -26374: The above "not found" error(s) may be explained by header and body byte counts being 0 and 0, respectively."	[MsgId: MMSG-16819]
Action.c(11): Notify: Transaction "UC_3_regNewUser" ended with a "Fail" status (Duration: 2,0277).	[MsgId: MMSG-16873]
Action.c(11): Notify: Transaction "UC_3_regNewUser" has 3 error message(s).	[MsgId: MMSG-16818]
Action.c(11): Notify: The 1st error message associated with transaction "UC_3_regNewUser" is "Error -27792: Failed to connect to server "localhost:1080": [10061] Connection refused"	[MsgId: MMSG-16819]
Action.c(11): Notify: The 2nd error message associated with transaction "UC_3_regNewUser" is "Error -26366: "Text=If you haven't registered yet, <A href="/cgi-bin/login.pl?username=&amp;password=&amp;getInfo=true" ><B>sign up now</B></A> to get access to all our resources." not found for web_reg_find"	[MsgId: MMSG-16819]
Action.c(11): Notify: The 3rd error message associated with transaction "UC_3_regNewUser" is "Error -26374: The above "not found" error(s) may be explained by header and body byte counts being 0 and 0, respectively."	[MsgId: MMSG-16819]
Ending action Action.	[MsgId: MMSG-15918]
Ending Vuser...	[MsgId: MMSG-15966]
Starting action vuser_end.	[MsgId: MMSG-15919]
Ending action vuser_end.	[MsgId: MMSG-15918]
Vuser Terminated.	[MsgId: MMSG-15963]
