Start auto log messages stack - Iteration 1.	[MsgId: MMSG-10545]
Action.c(41): Notify: Transaction "click_SignUpNow" ended with a "Pass" status (Duration: 0,1431 Wasted Time: 0,0001).	[MsgId: MMSG-16871]
Action.c(43): lr_think_time: 17,00 seconds.	[MsgId: MMSG-15948]
Action.c(45): Notify: Transaction "complete_profile" started.	[MsgId: MMSG-16999]
Action.c(46): web_reg_find started  	[MsgId: MMSG-26355]
Action.c(46): Registering web_reg_find was successful  	[MsgId: MMSG-26390]
Action.c(49): web_submit_data("login.pl") started  	[MsgId: MMSG-26355]
Action.c(49): Resource "http://localhost:1080/WebTours/profileValidate.js" is in the cache already and will not be downloaded again  	[MsgId: MMSG-26655]
Action.c(49): Resource "http://localhost:1080/WebTours/images/button_next.gif" is in the cache already and will not be downloaded again  	[MsgId: MMSG-26655]
Action.c(49): Error -26366: "Text=Thank you, <b>{login}88</b>, for registering and welcome to the Web Tours family." not found for web_reg_find  	[MsgId: MERR-26366]
End auto log messages stack.	[MsgId: MMSG-10544]


Start auto log messages stack - Iteration 2.	[MsgId: MMSG-10545]
Action.c(41): Notify: Transaction "click_SignUpNow" ended with a "Pass" status (Duration: 0,1513 Wasted Time: 0,0001).	[MsgId: MMSG-16871]
Action.c(43): lr_think_time: 17,00 seconds.	[MsgId: MMSG-15948]
Action.c(45): Notify: Transaction "complete_profile" started.	[MsgId: MMSG-16999]
Action.c(46): web_reg_find started  	[MsgId: MMSG-26355]
Action.c(46): Registering web_reg_find was successful  	[MsgId: MMSG-26390]
Action.c(49): web_submit_data("login.pl") started  	[MsgId: MMSG-26355]
Action.c(49): Resource "http://localhost:1080/WebTours/profileValidate.js" is in the cache already and will not be downloaded again  	[MsgId: MMSG-26655]
Action.c(49): Resource "http://localhost:1080/WebTours/images/button_next.gif" is in the cache already and will not be downloaded again  	[MsgId: MMSG-26655]
Action.c(49): Error -26366: "Text=Thank you, <b>{login}37</b>, for registering and welcome to the Web Tours family." not found for web_reg_find  	[MsgId: MERR-26366]
End auto log messages stack.	[MsgId: MMSG-10544]


Start auto log messages stack - Iteration 1.	[MsgId: MMSG-10545]
Action.c(41): Notify: Transaction "click_SignUpNow" ended with a "Pass" status (Duration: 0,1596 Wasted Time: 0,0001).	[MsgId: MMSG-16871]
Action.c(43): lr_think_time: 17,00 seconds.	[MsgId: MMSG-15948]
Action.c(45): Notify: Transaction "complete_profile" started.	[MsgId: MMSG-16999]
Action.c(46): web_reg_find started  	[MsgId: MMSG-26355]
Action.c(46): Registering web_reg_find was successful  	[MsgId: MMSG-26390]
Action.c(49): web_submit_data("login.pl") started  	[MsgId: MMSG-26355]
Action.c(49): Resource "http://localhost:1080/WebTours/profileValidate.js" is in the cache already and will not be downloaded again  	[MsgId: MMSG-26655]
Action.c(49): Resource "http://localhost:1080/WebTours/images/button_next.gif" is in the cache already and will not be downloaded again  	[MsgId: MMSG-26655]
Action.c(49): Error -26366: "Text=Thank you, <b>{login}77</b>, for registering and welcome to the Web Tours family." not found for web_reg_find  	[MsgId: MERR-26366]
End auto log messages stack.	[MsgId: MMSG-10544]


Start auto log messages stack - Iteration 3.	[MsgId: MMSG-10545]
Action.c(41): Notify: Transaction "click_SignUpNow" ended with a "Pass" status (Duration: 0,1606 Wasted Time: 0,0001).	[MsgId: MMSG-16871]
Action.c(43): lr_think_time: 17,00 seconds.	[MsgId: MMSG-15948]
Action.c(45): Notify: Transaction "complete_profile" started.	[MsgId: MMSG-16999]
Action.c(46): web_reg_find started  	[MsgId: MMSG-26355]
Action.c(46): Registering web_reg_find was successful  	[MsgId: MMSG-26390]
Action.c(49): web_submit_data("login.pl") started  	[MsgId: MMSG-26355]
Action.c(49): Resource "http://localhost:1080/WebTours/profileValidate.js" is in the cache already and will not be downloaded again  	[MsgId: MMSG-26655]
Action.c(49): Resource "http://localhost:1080/WebTours/images/button_next.gif" is in the cache already and will not be downloaded again  	[MsgId: MMSG-26655]
Action.c(49): Error -26366: "Text=Thank you, <b>{login}98</b>, for registering and welcome to the Web Tours family." not found for web_reg_find  	[MsgId: MERR-26366]
End auto log messages stack.	[MsgId: MMSG-10544]


Start auto log messages stack - Iteration 2.	[MsgId: MMSG-10545]
Action.c(41): Notify: Transaction "click_SignUpNow" ended with a "Pass" status (Duration: 0,1848 Wasted Time: 0,0001).	[MsgId: MMSG-16871]
Action.c(43): lr_think_time: 17,00 seconds.	[MsgId: MMSG-15948]
Action.c(45): Notify: Transaction "complete_profile" started.	[MsgId: MMSG-16999]
Action.c(46): web_reg_find started  	[MsgId: MMSG-26355]
Action.c(46): Registering web_reg_find was successful  	[MsgId: MMSG-26390]
Action.c(49): web_submit_data("login.pl") started  	[MsgId: MMSG-26355]
Action.c(49): Resource "http://localhost:1080/WebTours/profileValidate.js" is in the cache already and will not be downloaded again  	[MsgId: MMSG-26655]
Action.c(49): Resource "http://localhost:1080/WebTours/images/button_next.gif" is in the cache already and will not be downloaded again  	[MsgId: MMSG-26655]
Action.c(49): Error -26366: "Text=Thank you, <b>{login}33</b>, for registering and welcome to the Web Tours family." not found for web_reg_find  	[MsgId: MERR-26366]
End auto log messages stack.	[MsgId: MMSG-10544]


Start auto log messages stack - Iteration 4.	[MsgId: MMSG-10545]
Action.c(41): Notify: Transaction "click_SignUpNow" ended with a "Pass" status (Duration: 0,2096 Wasted Time: 0,0000).	[MsgId: MMSG-16871]
Action.c(43): lr_think_time: 17,00 seconds.	[MsgId: MMSG-15948]
Action.c(45): Notify: Transaction "complete_profile" started.	[MsgId: MMSG-16999]
Action.c(46): web_reg_find started  	[MsgId: MMSG-26355]
Action.c(46): Registering web_reg_find was successful  	[MsgId: MMSG-26390]
Action.c(49): web_submit_data("login.pl") started  	[MsgId: MMSG-26355]
Action.c(49): Resource "http://localhost:1080/WebTours/profileValidate.js" is in the cache already and will not be downloaded again  	[MsgId: MMSG-26655]
Action.c(49): Resource "http://localhost:1080/WebTours/images/button_next.gif" is in the cache already and will not be downloaded again  	[MsgId: MMSG-26655]
Action.c(49): Error -26366: "Text=Thank you, <b>{login}81</b>, for registering and welcome to the Web Tours family." not found for web_reg_find  	[MsgId: MERR-26366]
End auto log messages stack.	[MsgId: MMSG-10544]


Start auto log messages stack - Iteration 3.	[MsgId: MMSG-10545]
Action.c(41): Notify: Transaction "click_SignUpNow" ended with a "Pass" status (Duration: 0,2126 Wasted Time: 0,0000).	[MsgId: MMSG-16871]
Action.c(43): lr_think_time: 17,00 seconds.	[MsgId: MMSG-15948]
Action.c(45): Notify: Transaction "complete_profile" started.	[MsgId: MMSG-16999]
Action.c(46): web_reg_find started  	[MsgId: MMSG-26355]
Action.c(46): Registering web_reg_find was successful  	[MsgId: MMSG-26390]
Action.c(49): web_submit_data("login.pl") started  	[MsgId: MMSG-26355]
Action.c(49): Resource "http://localhost:1080/WebTours/profileValidate.js" is in the cache already and will not be downloaded again  	[MsgId: MMSG-26655]
Action.c(49): Resource "http://localhost:1080/WebTours/images/button_next.gif" is in the cache already and will not be downloaded again  	[MsgId: MMSG-26655]
Action.c(49): Error -26366: "Text=Thank you, <b>{login}66</b>, for registering and welcome to the Web Tours family." not found for web_reg_find  	[MsgId: MERR-26366]
End auto log messages stack.	[MsgId: MMSG-10544]


Start auto log messages stack - Iteration 5.	[MsgId: MMSG-10545]
Action.c(41): Notify: Transaction "click_SignUpNow" ended with a "Pass" status (Duration: 0,1808 Wasted Time: 0,0001).	[MsgId: MMSG-16871]
Action.c(43): lr_think_time: 17,00 seconds.	[MsgId: MMSG-15948]
Action.c(45): Notify: Transaction "complete_profile" started.	[MsgId: MMSG-16999]
Action.c(46): web_reg_find started  	[MsgId: MMSG-26355]
Action.c(46): Registering web_reg_find was successful  	[MsgId: MMSG-26390]
Action.c(49): web_submit_data("login.pl") started  	[MsgId: MMSG-26355]
Action.c(49): Resource "http://localhost:1080/WebTours/profileValidate.js" is in the cache already and will not be downloaded again  	[MsgId: MMSG-26655]
Action.c(49): Resource "http://localhost:1080/WebTours/images/button_next.gif" is in the cache already and will not be downloaded again  	[MsgId: MMSG-26655]
Action.c(49): Error -26366: "Text=Thank you, <b>{login}11</b>, for registering and welcome to the Web Tours family." not found for web_reg_find  	[MsgId: MERR-26366]
End auto log messages stack.	[MsgId: MMSG-10544]


Start auto log messages stack - Iteration 4.	[MsgId: MMSG-10545]
Action.c(41): Notify: Transaction "click_SignUpNow" ended with a "Pass" status (Duration: 0,1586 Wasted Time: 0,0000).	[MsgId: MMSG-16871]
Action.c(43): lr_think_time: 17,00 seconds.	[MsgId: MMSG-15948]
Action.c(45): Notify: Transaction "complete_profile" started.	[MsgId: MMSG-16999]
Action.c(46): web_reg_find started  	[MsgId: MMSG-26355]
Action.c(46): Registering web_reg_find was successful  	[MsgId: MMSG-26390]
Action.c(49): web_submit_data("login.pl") started  	[MsgId: MMSG-26355]
Action.c(49): Resource "http://localhost:1080/WebTours/profileValidate.js" is in the cache already and will not be downloaded again  	[MsgId: MMSG-26655]
Action.c(49): Resource "http://localhost:1080/WebTours/images/button_next.gif" is in the cache already and will not be downloaded again  	[MsgId: MMSG-26655]
Action.c(49): Error -26366: "Text=Thank you, <b>{login}43</b>, for registering and welcome to the Web Tours family." not found for web_reg_find  	[MsgId: MERR-26366]
End auto log messages stack.	[MsgId: MMSG-10544]


Start auto log messages stack - Iteration 6.	[MsgId: MMSG-10545]
Action.c(41): Notify: Transaction "click_SignUpNow" ended with a "Pass" status (Duration: 0,2026 Wasted Time: 0,0000).	[MsgId: MMSG-16871]
Action.c(43): lr_think_time: 17,00 seconds.	[MsgId: MMSG-15948]
Action.c(45): Notify: Transaction "complete_profile" started.	[MsgId: MMSG-16999]
Action.c(46): web_reg_find started  	[MsgId: MMSG-26355]
Action.c(46): Registering web_reg_find was successful  	[MsgId: MMSG-26390]
Action.c(49): web_submit_data("login.pl") started  	[MsgId: MMSG-26355]
Action.c(49): Resource "http://localhost:1080/WebTours/profileValidate.js" is in the cache already and will not be downloaded again  	[MsgId: MMSG-26655]
Action.c(49): Resource "http://localhost:1080/WebTours/images/button_next.gif" is in the cache already and will not be downloaded again  	[MsgId: MMSG-26655]
Action.c(49): Error -26366: "Text=Thank you, <b>{login}76</b>, for registering and welcome to the Web Tours family." not found for web_reg_find  	[MsgId: MERR-26366]
End auto log messages stack.	[MsgId: MMSG-10544]


Start auto log messages stack - Iteration 5.	[MsgId: MMSG-10545]
Action.c(41): Notify: Transaction "click_SignUpNow" ended with a "Pass" status (Duration: 0,1787 Wasted Time: 0,0001).	[MsgId: MMSG-16871]
Action.c(43): lr_think_time: 17,00 seconds.	[MsgId: MMSG-15948]
Action.c(45): Notify: Transaction "complete_profile" started.	[MsgId: MMSG-16999]
Action.c(46): web_reg_find started  	[MsgId: MMSG-26355]
Action.c(46): Registering web_reg_find was successful  	[MsgId: MMSG-26390]
Action.c(49): web_submit_data("login.pl") started  	[MsgId: MMSG-26355]
Action.c(49): Resource "http://localhost:1080/WebTours/profileValidate.js" is in the cache already and will not be downloaded again  	[MsgId: MMSG-26655]
Action.c(49): Resource "http://localhost:1080/WebTours/images/button_next.gif" is in the cache already and will not be downloaded again  	[MsgId: MMSG-26655]
Action.c(49): Error -26366: "Text=Thank you, <b>{login}80</b>, for registering and welcome to the Web Tours family." not found for web_reg_find  	[MsgId: MERR-26366]
End auto log messages stack.	[MsgId: MMSG-10544]


Start auto log messages stack - Iteration 7.	[MsgId: MMSG-10545]
Action.c(41): Notify: Transaction "click_SignUpNow" ended with a "Pass" status (Duration: 0,1294 Wasted Time: 0,0001).	[MsgId: MMSG-16871]
Action.c(43): lr_think_time: 17,00 seconds.	[MsgId: MMSG-15948]
Action.c(45): Notify: Transaction "complete_profile" started.	[MsgId: MMSG-16999]
Action.c(46): web_reg_find started  	[MsgId: MMSG-26355]
Action.c(46): Registering web_reg_find was successful  	[MsgId: MMSG-26390]
Action.c(49): web_submit_data("login.pl") started  	[MsgId: MMSG-26355]
Action.c(49): Resource "http://localhost:1080/WebTours/profileValidate.js" is in the cache already and will not be downloaded again  	[MsgId: MMSG-26655]
Action.c(49): Resource "http://localhost:1080/WebTours/images/button_next.gif" is in the cache already and will not be downloaded again  	[MsgId: MMSG-26655]
Action.c(49): Error -26366: "Text=Thank you, <b>{login}39</b>, for registering and welcome to the Web Tours family." not found for web_reg_find  	[MsgId: MERR-26366]
End auto log messages stack.	[MsgId: MMSG-10544]


Start auto log messages stack - Iteration 6.	[MsgId: MMSG-10545]
Action.c(41): Notify: Transaction "click_SignUpNow" ended with a "Pass" status (Duration: 0,2165 Wasted Time: 0,0000).	[MsgId: MMSG-16871]
Action.c(43): lr_think_time: 17,00 seconds.	[MsgId: MMSG-15948]
Action.c(45): Notify: Transaction "complete_profile" started.	[MsgId: MMSG-16999]
Action.c(46): web_reg_find started  	[MsgId: MMSG-26355]
Action.c(46): Registering web_reg_find was successful  	[MsgId: MMSG-26390]
Action.c(49): web_submit_data("login.pl") started  	[MsgId: MMSG-26355]
Action.c(49): Resource "http://localhost:1080/WebTours/profileValidate.js" is in the cache already and will not be downloaded again  	[MsgId: MMSG-26655]
Action.c(49): Resource "http://localhost:1080/WebTours/images/button_next.gif" is in the cache already and will not be downloaded again  	[MsgId: MMSG-26655]
Action.c(49): Error -26366: "Text=Thank you, <b>{login}25</b>, for registering and welcome to the Web Tours family." not found for web_reg_find  	[MsgId: MERR-26366]
End auto log messages stack.	[MsgId: MMSG-10544]


Start auto log messages stack - Iteration 8.	[MsgId: MMSG-10545]
Action.c(41): Notify: Transaction "click_SignUpNow" ended with a "Pass" status (Duration: 0,1686 Wasted Time: 0,0000).	[MsgId: MMSG-16871]
Action.c(43): lr_think_time: 17,00 seconds.	[MsgId: MMSG-15948]
Action.c(45): Notify: Transaction "complete_profile" started.	[MsgId: MMSG-16999]
Action.c(46): web_reg_find started  	[MsgId: MMSG-26355]
Action.c(46): Registering web_reg_find was successful  	[MsgId: MMSG-26390]
Action.c(49): web_submit_data("login.pl") started  	[MsgId: MMSG-26355]
Action.c(49): Resource "http://localhost:1080/WebTours/profileValidate.js" is in the cache already and will not be downloaded again  	[MsgId: MMSG-26655]
Action.c(49): Resource "http://localhost:1080/WebTours/images/button_next.gif" is in the cache already and will not be downloaded again  	[MsgId: MMSG-26655]
Action.c(49): Error -26366: "Text=Thank you, <b>{login}60</b>, for registering and welcome to the Web Tours family." not found for web_reg_find  	[MsgId: MERR-26366]
End auto log messages stack.	[MsgId: MMSG-10544]


Start auto log messages stack - Iteration 7.	[MsgId: MMSG-10545]
Action.c(41): Notify: Transaction "click_SignUpNow" ended with a "Pass" status (Duration: 0,1494 Wasted Time: 0,0001).	[MsgId: MMSG-16871]
Action.c(43): lr_think_time: 17,00 seconds.	[MsgId: MMSG-15948]
Action.c(45): Notify: Transaction "complete_profile" started.	[MsgId: MMSG-16999]
Action.c(46): web_reg_find started  	[MsgId: MMSG-26355]
Action.c(46): Registering web_reg_find was successful  	[MsgId: MMSG-26390]
Action.c(49): web_submit_data("login.pl") started  	[MsgId: MMSG-26355]
Action.c(49): Resource "http://localhost:1080/WebTours/profileValidate.js" is in the cache already and will not be downloaded again  	[MsgId: MMSG-26655]
Action.c(49): Resource "http://localhost:1080/WebTours/images/button_next.gif" is in the cache already and will not be downloaded again  	[MsgId: MMSG-26655]
Action.c(49): Error -26366: "Text=Thank you, <b>{login}83</b>, for registering and welcome to the Web Tours family." not found for web_reg_find  	[MsgId: MERR-26366]
End auto log messages stack.	[MsgId: MMSG-10544]


Start auto log messages stack - Iteration 9.	[MsgId: MMSG-10545]
Action.c(41): Notify: Transaction "click_SignUpNow" ended with a "Pass" status (Duration: 0,2184 Wasted Time: 0,0001).	[MsgId: MMSG-16871]
Action.c(43): lr_think_time: 17,00 seconds.	[MsgId: MMSG-15948]
Action.c(45): Notify: Transaction "complete_profile" started.	[MsgId: MMSG-16999]
Action.c(46): web_reg_find started  	[MsgId: MMSG-26355]
Action.c(46): Registering web_reg_find was successful  	[MsgId: MMSG-26390]
Action.c(49): web_submit_data("login.pl") started  	[MsgId: MMSG-26355]
Action.c(49): Resource "http://localhost:1080/WebTours/profileValidate.js" is in the cache already and will not be downloaded again  	[MsgId: MMSG-26655]
Action.c(49): Resource "http://localhost:1080/WebTours/images/button_next.gif" is in the cache already and will not be downloaded again  	[MsgId: MMSG-26655]
Action.c(49): Error -26366: "Text=Thank you, <b>{login}45</b>, for registering and welcome to the Web Tours family." not found for web_reg_find  	[MsgId: MERR-26366]
End auto log messages stack.	[MsgId: MMSG-10544]


Start auto log messages stack - Iteration 8.	[MsgId: MMSG-10545]
Action.c(41): Notify: Transaction "click_SignUpNow" ended with a "Pass" status (Duration: 0,2437 Wasted Time: 0,0001).	[MsgId: MMSG-16871]
Action.c(43): lr_think_time: 17,00 seconds.	[MsgId: MMSG-15948]
Action.c(45): Notify: Transaction "complete_profile" started.	[MsgId: MMSG-16999]
Action.c(46): web_reg_find started  	[MsgId: MMSG-26355]
Action.c(46): Registering web_reg_find was successful  	[MsgId: MMSG-26390]
Action.c(49): web_submit_data("login.pl") started  	[MsgId: MMSG-26355]
Action.c(49): Resource "http://localhost:1080/WebTours/profileValidate.js" is in the cache already and will not be downloaded again  	[MsgId: MMSG-26655]
Action.c(49): Resource "http://localhost:1080/WebTours/images/button_next.gif" is in the cache already and will not be downloaded again  	[MsgId: MMSG-26655]
Action.c(49): Error -26366: "Text=Thank you, <b>{login}15</b>, for registering and welcome to the Web Tours family." not found for web_reg_find  	[MsgId: MERR-26366]
End auto log messages stack.	[MsgId: MMSG-10544]


