Start auto log messages stack - Iteration 14.	[MsgId: MMSG-10545]
Action.c(43): Notify: Transaction "click_SignUpNow" ended with a "Pass" status (Duration: 0,0764 Wasted Time: 0,0000).	[MsgId: MMSG-16871]
Action.c(45): lr_think_time: 5,00 seconds.	[MsgId: MMSG-15948]
Action.c(47): Notify: Transaction "complete_profile" started.	[MsgId: MMSG-16999]
Action.c(48): web_reg_find started  	[MsgId: MMSG-26355]
Action.c(48): Registering web_reg_find was successful  	[MsgId: MMSG-26390]
Action.c(51): web_submit_data("login.pl") started  	[MsgId: MMSG-26355]
Action.c(51): Resource "http://localhost:1080/WebTours/profileValidate.js" is in the cache already and will not be downloaded again  	[MsgId: MMSG-26655]
Action.c(51): Resource "http://localhost:1080/WebTours/images/button_next.gif" is in the cache already and will not be downloaded again  	[MsgId: MMSG-26655]
Action.c(51): Error -26366: "Text=Thank you, <b>jojo749</b>, for registering and welcome to the Web Tours family." not found for web_reg_find  	[MsgId: MERR-26366]
End auto log messages stack.	[MsgId: MMSG-10544]


Start auto log messages stack - Iteration 15.	[MsgId: MMSG-10545]
Action.c(43): Notify: Transaction "click_SignUpNow" ended with a "Pass" status (Duration: 0,0789 Wasted Time: 0,0000).	[MsgId: MMSG-16871]
Action.c(45): lr_think_time: 5,00 seconds.	[MsgId: MMSG-15948]
Action.c(47): Notify: Transaction "complete_profile" started.	[MsgId: MMSG-16999]
Action.c(48): web_reg_find started  	[MsgId: MMSG-26355]
Action.c(48): Registering web_reg_find was successful  	[MsgId: MMSG-26390]
Action.c(51): web_submit_data("login.pl") started  	[MsgId: MMSG-26355]
Action.c(51): Resource "http://localhost:1080/WebTours/profileValidate.js" is in the cache already and will not be downloaded again  	[MsgId: MMSG-26655]
Action.c(51): Resource "http://localhost:1080/WebTours/images/button_next.gif" is in the cache already and will not be downloaded again  	[MsgId: MMSG-26655]
Action.c(51): Error -26366: "Text=Thank you, <b>pthomas96502</b>, for registering and welcome to the Web Tours family." not found for web_reg_find  	[MsgId: MERR-26366]
End auto log messages stack.	[MsgId: MMSG-10544]


Start auto log messages stack - Iteration 16.	[MsgId: MMSG-10545]
Action.c(43): Notify: Transaction "click_SignUpNow" ended with a "Pass" status (Duration: 0,0794 Wasted Time: 0,0000).	[MsgId: MMSG-16871]
Action.c(45): lr_think_time: 5,00 seconds.	[MsgId: MMSG-15948]
Action.c(47): Notify: Transaction "complete_profile" started.	[MsgId: MMSG-16999]
Action.c(48): web_reg_find started  	[MsgId: MMSG-26355]
Action.c(48): Registering web_reg_find was successful  	[MsgId: MMSG-26390]
Action.c(51): web_submit_data("login.pl") started  	[MsgId: MMSG-26355]
Action.c(51): Resource "http://localhost:1080/WebTours/profileValidate.js" is in the cache already and will not be downloaded again  	[MsgId: MMSG-26655]
Action.c(51): Resource "http://localhost:1080/WebTours/images/button_next.gif" is in the cache already and will not be downloaded again  	[MsgId: MMSG-26655]
Action.c(51): Error -26366: "Text=Thank you, <b>mrodriguez1502</b>, for registering and welcome to the Web Tours family." not found for web_reg_find  	[MsgId: MERR-26366]
End auto log messages stack.	[MsgId: MMSG-10544]


Start auto log messages stack - Iteration 20.	[MsgId: MMSG-10545]
Action.c(43): Notify: Transaction "click_SignUpNow" ended with a "Pass" status (Duration: 0,0812 Wasted Time: 0,0000).	[MsgId: MMSG-16871]
Action.c(45): lr_think_time: 5,00 seconds.	[MsgId: MMSG-15948]
Action.c(47): Notify: Transaction "complete_profile" started.	[MsgId: MMSG-16999]
Action.c(48): web_reg_find started  	[MsgId: MMSG-26355]
Action.c(48): Registering web_reg_find was successful  	[MsgId: MMSG-26390]
Action.c(51): web_submit_data("login.pl") started  	[MsgId: MMSG-26355]
Action.c(51): Resource "http://localhost:1080/WebTours/profileValidate.js" is in the cache already and will not be downloaded again  	[MsgId: MMSG-26655]
Action.c(51): Resource "http://localhost:1080/WebTours/images/button_next.gif" is in the cache already and will not be downloaded again  	[MsgId: MMSG-26655]
Action.c(51): Error -26366: "Text=Thank you, <b>jojo52</b>, for registering and welcome to the Web Tours family." not found for web_reg_find  	[MsgId: MERR-26366]
End auto log messages stack.	[MsgId: MMSG-10544]


Start auto log messages stack - Iteration 21.	[MsgId: MMSG-10545]
Action.c(43): Notify: Transaction "click_SignUpNow" ended with a "Pass" status (Duration: 0,0774 Wasted Time: 0,0000).	[MsgId: MMSG-16871]
Action.c(45): lr_think_time: 5,00 seconds.	[MsgId: MMSG-15948]
Action.c(47): Notify: Transaction "complete_profile" started.	[MsgId: MMSG-16999]
Action.c(48): web_reg_find started  	[MsgId: MMSG-26355]
Action.c(48): Registering web_reg_find was successful  	[MsgId: MMSG-26390]
Action.c(51): web_submit_data("login.pl") started  	[MsgId: MMSG-26355]
Action.c(51): Resource "http://localhost:1080/WebTours/profileValidate.js" is in the cache already and will not be downloaded again  	[MsgId: MMSG-26655]
Action.c(51): Resource "http://localhost:1080/WebTours/images/button_next.gif" is in the cache already and will not be downloaded again  	[MsgId: MMSG-26655]
Action.c(51): Error -26366: "Text=Thank you, <b>bjohnson82350</b>, for registering and welcome to the Web Tours family." not found for web_reg_find  	[MsgId: MERR-26366]
End auto log messages stack.	[MsgId: MMSG-10544]


Start auto log messages stack - Iteration 29.	[MsgId: MMSG-10545]
Action.c(43): Notify: Transaction "click_SignUpNow" ended with a "Pass" status (Duration: 0,0761).	[MsgId: MMSG-16873]
Action.c(45): lr_think_time: 5,00 seconds.	[MsgId: MMSG-15948]
Action.c(47): Notify: Transaction "complete_profile" started.	[MsgId: MMSG-16999]
Action.c(48): web_reg_find started  	[MsgId: MMSG-26355]
Action.c(48): Registering web_reg_find was successful  	[MsgId: MMSG-26390]
Action.c(51): web_submit_data("login.pl") started  	[MsgId: MMSG-26355]
Action.c(51): Resource "http://localhost:1080/WebTours/profileValidate.js" is in the cache already and will not be downloaded again  	[MsgId: MMSG-26655]
Action.c(51): Resource "http://localhost:1080/WebTours/images/button_next.gif" is in the cache already and will not be downloaded again  	[MsgId: MMSG-26655]
Action.c(51): Error -26366: "Text=Thank you, <b>dhill88412</b>, for registering and welcome to the Web Tours family." not found for web_reg_find  	[MsgId: MERR-26366]
End auto log messages stack.	[MsgId: MMSG-10544]


Start auto log messages stack - Iteration 2.	[MsgId: MMSG-10545]
Action.c(43): Notify: Transaction "click_SignUpNow" ended with a "Pass" status (Duration: 0,0772).	[MsgId: MMSG-16873]
Action.c(45): lr_think_time: 5,00 seconds.	[MsgId: MMSG-15948]
Action.c(47): Notify: Transaction "complete_profile" started.	[MsgId: MMSG-16999]
Action.c(48): web_reg_find started  	[MsgId: MMSG-26355]
Action.c(48): Registering web_reg_find was successful  	[MsgId: MMSG-26390]
Action.c(51): web_submit_data("login.pl") started  	[MsgId: MMSG-26355]
Action.c(51): Resource "http://localhost:1080/WebTours/profileValidate.js" is in the cache already and will not be downloaded again  	[MsgId: MMSG-26655]
Action.c(51): Resource "http://localhost:1080/WebTours/images/button_next.gif" is in the cache already and will not be downloaded again  	[MsgId: MMSG-26655]
Action.c(51): Error -26366: "Text=Thank you, <b>amiller2386</b>, for registering and welcome to the Web Tours family." not found for web_reg_find  	[MsgId: MERR-26366]
End auto log messages stack.	[MsgId: MMSG-10544]


Start auto log messages stack - Iteration 13.	[MsgId: MMSG-10545]
Action.c(43): Notify: Transaction "click_SignUpNow" ended with a "Pass" status (Duration: 0,0763).	[MsgId: MMSG-16873]
Action.c(45): lr_think_time: 5,00 seconds.	[MsgId: MMSG-15948]
Action.c(47): Notify: Transaction "complete_profile" started.	[MsgId: MMSG-16999]
Action.c(48): web_reg_find started  	[MsgId: MMSG-26355]
Action.c(48): Registering web_reg_find was successful  	[MsgId: MMSG-26390]
Action.c(51): web_submit_data("login.pl") started  	[MsgId: MMSG-26355]
Action.c(51): Resource "http://localhost:1080/WebTours/profileValidate.js" is in the cache already and will not be downloaded again  	[MsgId: MMSG-26655]
Action.c(51): Resource "http://localhost:1080/WebTours/images/button_next.gif" is in the cache already and will not be downloaded again  	[MsgId: MMSG-26655]
Action.c(51): Error -26366: "Text=Thank you, <b>klee777336</b>, for registering and welcome to the Web Tours family." not found for web_reg_find  	[MsgId: MERR-26366]
End auto log messages stack.	[MsgId: MMSG-10544]


Start auto log messages stack - Iteration 15.	[MsgId: MMSG-10545]
Action.c(43): Notify: Transaction "click_SignUpNow" ended with a "Pass" status (Duration: 0,0850).	[MsgId: MMSG-16873]
Action.c(45): lr_think_time: 5,00 seconds.	[MsgId: MMSG-15948]
Action.c(47): Notify: Transaction "complete_profile" started.	[MsgId: MMSG-16999]
Action.c(48): web_reg_find started  	[MsgId: MMSG-26355]
Action.c(48): Registering web_reg_find was successful  	[MsgId: MMSG-26390]
Action.c(51): web_submit_data("login.pl") started  	[MsgId: MMSG-26355]
Action.c(51): Resource "http://localhost:1080/WebTours/profileValidate.js" is in the cache already and will not be downloaded again  	[MsgId: MMSG-26655]
Action.c(51): Resource "http://localhost:1080/WebTours/images/button_next.gif" is in the cache already and will not be downloaded again  	[MsgId: MMSG-26655]
Action.c(51): Error -26366: "Text=Thank you, <b>bjohnson8271</b>, for registering and welcome to the Web Tours family." not found for web_reg_find  	[MsgId: MERR-26366]
End auto log messages stack.	[MsgId: MMSG-10544]


Start auto log messages stack - Iteration 17.	[MsgId: MMSG-10545]
Action.c(43): Notify: Transaction "click_SignUpNow" ended with a "Pass" status (Duration: 0,0820).	[MsgId: MMSG-16873]
Action.c(45): lr_think_time: 5,00 seconds.	[MsgId: MMSG-15948]
Action.c(47): Notify: Transaction "complete_profile" started.	[MsgId: MMSG-16999]
Action.c(48): web_reg_find started  	[MsgId: MMSG-26355]
Action.c(48): Registering web_reg_find was successful  	[MsgId: MMSG-26390]
Action.c(51): web_submit_data("login.pl") started  	[MsgId: MMSG-26355]
Action.c(51): Resource "http://localhost:1080/WebTours/profileValidate.js" is in the cache already and will not be downloaded again  	[MsgId: MMSG-26655]
Action.c(51): Resource "http://localhost:1080/WebTours/images/button_next.gif" is in the cache already and will not be downloaded again  	[MsgId: MMSG-26655]
Action.c(51): Error -26366: "Text=Thank you, <b>jadams555654</b>, for registering and welcome to the Web Tours family." not found for web_reg_find  	[MsgId: MERR-26366]
End auto log messages stack.	[MsgId: MMSG-10544]


Start auto log messages stack - Iteration 55.	[MsgId: MMSG-10545]
Action.c(43): Notify: Transaction "click_SignUpNow" ended with a "Pass" status (Duration: 0,0752).	[MsgId: MMSG-16873]
Action.c(45): lr_think_time: 5,00 seconds.	[MsgId: MMSG-15948]
Action.c(47): Notify: Transaction "complete_profile" started.	[MsgId: MMSG-16999]
Action.c(48): web_reg_find started  	[MsgId: MMSG-26355]
Action.c(48): Registering web_reg_find was successful  	[MsgId: MMSG-26390]
Action.c(51): web_submit_data("login.pl") started  	[MsgId: MMSG-26355]
Action.c(51): Resource "http://localhost:1080/WebTours/profileValidate.js" is in the cache already and will not be downloaded again  	[MsgId: MMSG-26655]
Action.c(51): Resource "http://localhost:1080/WebTours/images/button_next.gif" is in the cache already and will not be downloaded again  	[MsgId: MMSG-26655]
Action.c(51): Error -26366: "Text=Thank you, <b>jsmith321347</b>, for registering and welcome to the Web Tours family." not found for web_reg_find  	[MsgId: MERR-26366]
End auto log messages stack.	[MsgId: MMSG-10544]


Start auto log messages stack - Iteration 20.	[MsgId: MMSG-10545]
Action.c(43): Notify: Transaction "click_SignUpNow" ended with a "Pass" status (Duration: 0,0791).	[MsgId: MMSG-16873]
Action.c(45): lr_think_time: 5,00 seconds.	[MsgId: MMSG-15948]
Action.c(47): Notify: Transaction "complete_profile" started.	[MsgId: MMSG-16999]
Action.c(48): web_reg_find started  	[MsgId: MMSG-26355]
Action.c(48): Registering web_reg_find was successful  	[MsgId: MMSG-26390]
Action.c(51): web_submit_data("login.pl") started  	[MsgId: MMSG-26355]
Action.c(51): Resource "http://localhost:1080/WebTours/profileValidate.js" is in the cache already and will not be downloaded again  	[MsgId: MMSG-26655]
Action.c(51): Resource "http://localhost:1080/WebTours/images/button_next.gif" is in the cache already and will not be downloaded again  	[MsgId: MMSG-26655]
Action.c(51): Error -26366: "Text=Thank you, <b>amiller2315</b>, for registering and welcome to the Web Tours family." not found for web_reg_find  	[MsgId: MERR-26366]
End auto log messages stack.	[MsgId: MMSG-10544]


Start auto log messages stack - Iteration 61.	[MsgId: MMSG-10545]
Action.c(43): Notify: Transaction "click_SignUpNow" ended with a "Pass" status (Duration: 0,0762).	[MsgId: MMSG-16873]
Action.c(45): lr_think_time: 5,00 seconds.	[MsgId: MMSG-15948]
Action.c(47): Notify: Transaction "complete_profile" started.	[MsgId: MMSG-16999]
Action.c(48): web_reg_find started  	[MsgId: MMSG-26355]
Action.c(48): Registering web_reg_find was successful  	[MsgId: MMSG-26390]
Action.c(51): web_submit_data("login.pl") started  	[MsgId: MMSG-26355]
Action.c(51): Resource "http://localhost:1080/WebTours/profileValidate.js" is in the cache already and will not be downloaded again  	[MsgId: MMSG-26655]
Action.c(51): Resource "http://localhost:1080/WebTours/images/button_next.gif" is in the cache already and will not be downloaded again  	[MsgId: MMSG-26655]
Action.c(51): Error -26366: "Text=Thank you, <b>rthompson123971</b>, for registering and welcome to the Web Tours family." not found for web_reg_find  	[MsgId: MERR-26366]
End auto log messages stack.	[MsgId: MMSG-10544]


Start auto log messages stack - Iteration 67.	[MsgId: MMSG-10545]
Action.c(43): Notify: Transaction "click_SignUpNow" ended with a "Pass" status (Duration: 0,0772).	[MsgId: MMSG-16873]
Action.c(45): lr_think_time: 5,00 seconds.	[MsgId: MMSG-15948]
Action.c(47): Notify: Transaction "complete_profile" started.	[MsgId: MMSG-16999]
Action.c(48): web_reg_find started  	[MsgId: MMSG-26355]
Action.c(48): Registering web_reg_find was successful  	[MsgId: MMSG-26390]
Action.c(51): web_submit_data("login.pl") started  	[MsgId: MMSG-26355]
Action.c(51): Resource "http://localhost:1080/WebTours/profileValidate.js" is in the cache already and will not be downloaded again  	[MsgId: MMSG-26655]
Action.c(51): Resource "http://localhost:1080/WebTours/images/button_next.gif" is in the cache already and will not be downloaded again  	[MsgId: MMSG-26655]
Action.c(51): Error -26366: "Text=Thank you, <b>jadams55562</b>, for registering and welcome to the Web Tours family." not found for web_reg_find  	[MsgId: MERR-26366]
End auto log messages stack.	[MsgId: MMSG-10544]


Start auto log messages stack - Iteration 34.	[MsgId: MMSG-10545]
Action.c(43): Notify: Transaction "click_SignUpNow" ended with a "Pass" status (Duration: 0,0762).	[MsgId: MMSG-16873]
Action.c(45): lr_think_time: 5,00 seconds.	[MsgId: MMSG-15948]
Action.c(47): Notify: Transaction "complete_profile" started.	[MsgId: MMSG-16999]
Action.c(48): web_reg_find started  	[MsgId: MMSG-26355]
Action.c(48): Registering web_reg_find was successful  	[MsgId: MMSG-26390]
Action.c(51): web_submit_data("login.pl") started  	[MsgId: MMSG-26355]
Action.c(51): Resource "http://localhost:1080/WebTours/profileValidate.js" is in the cache already and will not be downloaded again  	[MsgId: MMSG-26655]
Action.c(51): Resource "http://localhost:1080/WebTours/images/button_next.gif" is in the cache already and will not be downloaded again  	[MsgId: MMSG-26655]
Action.c(51): Error -26366: "Text=Thank you, <b>dhill88465</b>, for registering and welcome to the Web Tours family." not found for web_reg_find  	[MsgId: MERR-26366]
End auto log messages stack.	[MsgId: MMSG-10544]


Start auto log messages stack - Iteration 43.	[MsgId: MMSG-10545]
Action.c(43): Notify: Transaction "click_SignUpNow" ended with a "Pass" status (Duration: 0,0733).	[MsgId: MMSG-16873]
Action.c(45): lr_think_time: 5,00 seconds.	[MsgId: MMSG-15948]
Action.c(47): Notify: Transaction "complete_profile" started.	[MsgId: MMSG-16999]
Action.c(48): web_reg_find started  	[MsgId: MMSG-26355]
Action.c(48): Registering web_reg_find was successful  	[MsgId: MMSG-26390]
Action.c(51): web_submit_data("login.pl") started  	[MsgId: MMSG-26355]
Action.c(51): Resource "http://localhost:1080/WebTours/profileValidate.js" is in the cache already and will not be downloaded again  	[MsgId: MMSG-26655]
Action.c(51): Resource "http://localhost:1080/WebTours/images/button_next.gif" is in the cache already and will not be downloaded again  	[MsgId: MMSG-26655]
Action.c(51): Error -26366: "Text=Thank you, <b>jojo218</b>, for registering and welcome to the Web Tours family." not found for web_reg_find  	[MsgId: MERR-26366]
End auto log messages stack.	[MsgId: MMSG-10544]


Start auto log messages stack - Iteration 48.	[MsgId: MMSG-10545]
Action.c(43): Notify: Transaction "click_SignUpNow" ended with a "Pass" status (Duration: 0,0752).	[MsgId: MMSG-16873]
Action.c(45): lr_think_time: 5,00 seconds.	[MsgId: MMSG-15948]
Action.c(47): Notify: Transaction "complete_profile" started.	[MsgId: MMSG-16999]
Action.c(48): web_reg_find started  	[MsgId: MMSG-26355]
Action.c(48): Registering web_reg_find was successful  	[MsgId: MMSG-26390]
Action.c(51): web_submit_data("login.pl") started  	[MsgId: MMSG-26355]
Action.c(51): Resource "http://localhost:1080/WebTours/profileValidate.js" is in the cache already and will not be downloaded again  	[MsgId: MMSG-26655]
Action.c(51): Resource "http://localhost:1080/WebTours/images/button_next.gif" is in the cache already and will not be downloaded again  	[MsgId: MMSG-26655]
Action.c(51): Error -26366: "Text=Thank you, <b>dhill8890</b>, for registering and welcome to the Web Tours family." not found for web_reg_find  	[MsgId: MERR-26366]
End auto log messages stack.	[MsgId: MMSG-10544]


Start auto log messages stack - Iteration 89.	[MsgId: MMSG-10545]
Action.c(43): Notify: Transaction "click_SignUpNow" ended with a "Pass" status (Duration: 0,0967).	[MsgId: MMSG-16873]
Action.c(45): lr_think_time: 5,00 seconds.	[MsgId: MMSG-15948]
Action.c(47): Notify: Transaction "complete_profile" started.	[MsgId: MMSG-16999]
Action.c(48): web_reg_find started  	[MsgId: MMSG-26355]
Action.c(48): Registering web_reg_find was successful  	[MsgId: MMSG-26390]
Action.c(51): web_submit_data("login.pl") started  	[MsgId: MMSG-26355]
Action.c(51): Resource "http://localhost:1080/WebTours/profileValidate.js" is in the cache already and will not be downloaded again  	[MsgId: MMSG-26655]
Action.c(51): Resource "http://localhost:1080/WebTours/images/button_next.gif" is in the cache already and will not be downloaded again  	[MsgId: MMSG-26655]
Action.c(51): Error -26366: "Text=Thank you, <b>dhill88956</b>, for registering and welcome to the Web Tours family." not found for web_reg_find  	[MsgId: MERR-26366]
End auto log messages stack.	[MsgId: MMSG-10544]


Start auto log messages stack - Iteration 54.	[MsgId: MMSG-10545]
Action.c(43): Notify: Transaction "click_SignUpNow" ended with a "Pass" status (Duration: 0,0742).	[MsgId: MMSG-16873]
Action.c(45): lr_think_time: 5,00 seconds.	[MsgId: MMSG-15948]
Action.c(47): Notify: Transaction "complete_profile" started.	[MsgId: MMSG-16999]
Action.c(48): web_reg_find started  	[MsgId: MMSG-26355]
Action.c(48): Registering web_reg_find was successful  	[MsgId: MMSG-26390]
Action.c(51): web_submit_data("login.pl") started  	[MsgId: MMSG-26355]
Action.c(51): Resource "http://localhost:1080/WebTours/profileValidate.js" is in the cache already and will not be downloaded again  	[MsgId: MMSG-26655]
Action.c(51): Resource "http://localhost:1080/WebTours/images/button_next.gif" is in the cache already and will not be downloaded again  	[MsgId: MMSG-26655]
Action.c(51): Error -26366: "Text=Thank you, <b>jsmith32183</b>, for registering and welcome to the Web Tours family." not found for web_reg_find  	[MsgId: MERR-26366]
End auto log messages stack.	[MsgId: MMSG-10544]


Start auto log messages stack - Iteration 19.	[MsgId: MMSG-10545]
Action.c(43): Notify: Transaction "click_SignUpNow" ended with a "Pass" status (Duration: 0,0723).	[MsgId: MMSG-16873]
Action.c(45): lr_think_time: 5,00 seconds.	[MsgId: MMSG-15948]
Action.c(47): Notify: Transaction "complete_profile" started.	[MsgId: MMSG-16999]
Action.c(48): web_reg_find started  	[MsgId: MMSG-26355]
Action.c(48): Registering web_reg_find was successful  	[MsgId: MMSG-26390]
Action.c(51): web_submit_data("login.pl") started  	[MsgId: MMSG-26355]
Action.c(51): Resource "http://localhost:1080/WebTours/profileValidate.js" is in the cache already and will not be downloaded again  	[MsgId: MMSG-26655]
Action.c(51): Resource "http://localhost:1080/WebTours/images/button_next.gif" is in the cache already and will not be downloaded again  	[MsgId: MMSG-26655]
Action.c(51): Error -26366: "Text=Thank you, <b>pthomas96976</b>, for registering and welcome to the Web Tours family." not found for web_reg_find  	[MsgId: MERR-26366]
End auto log messages stack.	[MsgId: MMSG-10544]


Start auto log messages stack - Iteration 58.	[MsgId: MMSG-10545]
Action.c(43): Notify: Transaction "click_SignUpNow" ended with a "Pass" status (Duration: 0,0752).	[MsgId: MMSG-16873]
Action.c(45): lr_think_time: 5,00 seconds.	[MsgId: MMSG-15948]
Action.c(47): Notify: Transaction "complete_profile" started.	[MsgId: MMSG-16999]
Action.c(48): web_reg_find started  	[MsgId: MMSG-26355]
Action.c(48): Registering web_reg_find was successful  	[MsgId: MMSG-26390]
Action.c(51): web_submit_data("login.pl") started  	[MsgId: MMSG-26355]
Action.c(51): Resource "http://localhost:1080/WebTours/profileValidate.js" is in the cache already and will not be downloaded again  	[MsgId: MMSG-26655]
Action.c(51): Resource "http://localhost:1080/WebTours/images/button_next.gif" is in the cache already and will not be downloaded again  	[MsgId: MMSG-26655]
Action.c(51): Error -26366: "Text=Thank you, <b>dhill8899</b>, for registering and welcome to the Web Tours family." not found for web_reg_find  	[MsgId: MERR-26366]
End auto log messages stack.	[MsgId: MMSG-10544]


Start auto log messages stack - Iteration 22.	[MsgId: MMSG-10545]
Action.c(43): Notify: Transaction "click_SignUpNow" ended with a "Pass" status (Duration: 0,0723).	[MsgId: MMSG-16873]
Action.c(45): lr_think_time: 5,00 seconds.	[MsgId: MMSG-15948]
Action.c(47): Notify: Transaction "complete_profile" started.	[MsgId: MMSG-16999]
Action.c(48): web_reg_find started  	[MsgId: MMSG-26355]
Action.c(48): Registering web_reg_find was successful  	[MsgId: MMSG-26390]
Action.c(51): web_submit_data("login.pl") started  	[MsgId: MMSG-26355]
Action.c(51): Resource "http://localhost:1080/WebTours/profileValidate.js" is in the cache already and will not be downloaded again  	[MsgId: MMSG-26655]
Action.c(51): Resource "http://localhost:1080/WebTours/images/button_next.gif" is in the cache already and will not be downloaded again  	[MsgId: MMSG-26655]
Action.c(51): Error -26366: "Text=Thank you, <b>jsmith321647</b>, for registering and welcome to the Web Tours family." not found for web_reg_find  	[MsgId: MERR-26366]
End auto log messages stack.	[MsgId: MMSG-10544]


Start auto log messages stack - Iteration 23.	[MsgId: MMSG-10545]
Action.c(43): Notify: Transaction "click_SignUpNow" ended with a "Pass" status (Duration: 0,0732).	[MsgId: MMSG-16873]
Action.c(45): lr_think_time: 5,00 seconds.	[MsgId: MMSG-15948]
Action.c(47): Notify: Transaction "complete_profile" started.	[MsgId: MMSG-16999]
Action.c(48): web_reg_find started  	[MsgId: MMSG-26355]
Action.c(48): Registering web_reg_find was successful  	[MsgId: MMSG-26390]
Action.c(51): web_submit_data("login.pl") started  	[MsgId: MMSG-26355]
Action.c(51): Resource "http://localhost:1080/WebTours/profileValidate.js" is in the cache already and will not be downloaded again  	[MsgId: MMSG-26655]
Action.c(51): Resource "http://localhost:1080/WebTours/images/button_next.gif" is in the cache already and will not be downloaded again  	[MsgId: MMSG-26655]
Action.c(51): Error -26366: "Text=Thank you, <b>jadams555488</b>, for registering and welcome to the Web Tours family." not found for web_reg_find  	[MsgId: MERR-26366]
End auto log messages stack.	[MsgId: MMSG-10544]


Start auto log messages stack - Iteration 62.	[MsgId: MMSG-10545]
Action.c(43): Notify: Transaction "click_SignUpNow" ended with a "Pass" status (Duration: 0,0742).	[MsgId: MMSG-16873]
Action.c(45): lr_think_time: 5,00 seconds.	[MsgId: MMSG-15948]
Action.c(47): Notify: Transaction "complete_profile" started.	[MsgId: MMSG-16999]
Action.c(48): web_reg_find started  	[MsgId: MMSG-26355]
Action.c(48): Registering web_reg_find was successful  	[MsgId: MMSG-26390]
Action.c(51): web_submit_data("login.pl") started  	[MsgId: MMSG-26355]
Action.c(51): Resource "http://localhost:1080/WebTours/profileValidate.js" is in the cache already and will not be downloaded again  	[MsgId: MMSG-26655]
Action.c(51): Resource "http://localhost:1080/WebTours/images/button_next.gif" is in the cache already and will not be downloaded again  	[MsgId: MMSG-26655]
Action.c(51): Error -26366: "Text=Thank you, <b>dhill8830</b>, for registering and welcome to the Web Tours family." not found for web_reg_find  	[MsgId: MERR-26366]
End auto log messages stack.	[MsgId: MMSG-10544]


Start auto log messages stack - Iteration 65.	[MsgId: MMSG-10545]
Action.c(43): Notify: Transaction "click_SignUpNow" ended with a "Pass" status (Duration: 0,0724).	[MsgId: MMSG-16873]
Action.c(45): lr_think_time: 5,00 seconds.	[MsgId: MMSG-15948]
Action.c(47): Notify: Transaction "complete_profile" started.	[MsgId: MMSG-16999]
Action.c(48): web_reg_find started  	[MsgId: MMSG-26355]
Action.c(48): Registering web_reg_find was successful  	[MsgId: MMSG-26390]
Action.c(51): web_submit_data("login.pl") started  	[MsgId: MMSG-26355]
Action.c(51): Resource "http://localhost:1080/WebTours/profileValidate.js" is in the cache already and will not be downloaded again  	[MsgId: MMSG-26655]
Action.c(51): Resource "http://localhost:1080/WebTours/images/button_next.gif" is in the cache already and will not be downloaded again  	[MsgId: MMSG-26655]
Action.c(51): Error -26366: "Text=Thank you, <b>dhill88382</b>, for registering and welcome to the Web Tours family." not found for web_reg_find  	[MsgId: MERR-26366]
End auto log messages stack.	[MsgId: MMSG-10544]


Start auto log messages stack - Iteration 32.	[MsgId: MMSG-10545]
Action.c(43): Notify: Transaction "click_SignUpNow" ended with a "Pass" status (Duration: 0,0898).	[MsgId: MMSG-16873]
Action.c(45): lr_think_time: 5,00 seconds.	[MsgId: MMSG-15948]
Action.c(47): Notify: Transaction "complete_profile" started.	[MsgId: MMSG-16999]
Action.c(48): web_reg_find started  	[MsgId: MMSG-26355]
Action.c(48): Registering web_reg_find was successful  	[MsgId: MMSG-26390]
Action.c(51): web_submit_data("login.pl") started  	[MsgId: MMSG-26355]
Action.c(51): Resource "http://localhost:1080/WebTours/profileValidate.js" is in the cache already and will not be downloaded again  	[MsgId: MMSG-26655]
Action.c(51): Resource "http://localhost:1080/WebTours/images/button_next.gif" is in the cache already and will not be downloaded again  	[MsgId: MMSG-26655]
Action.c(51): Error -26366: "Text=Thank you, <b>amiller23630</b>, for registering and welcome to the Web Tours family." not found for web_reg_find  	[MsgId: MERR-26366]
End auto log messages stack.	[MsgId: MMSG-10544]


Start auto log messages stack - Iteration 34.	[MsgId: MMSG-10545]
Action.c(43): Notify: Transaction "click_SignUpNow" ended with a "Pass" status (Duration: 0,0830).	[MsgId: MMSG-16873]
Action.c(45): lr_think_time: 5,00 seconds.	[MsgId: MMSG-15948]
Action.c(47): Notify: Transaction "complete_profile" started.	[MsgId: MMSG-16999]
Action.c(48): web_reg_find started  	[MsgId: MMSG-26355]
Action.c(48): Registering web_reg_find was successful  	[MsgId: MMSG-26390]
Action.c(51): web_submit_data("login.pl") started  	[MsgId: MMSG-26355]
Action.c(51): Resource "http://localhost:1080/WebTours/profileValidate.js" is in the cache already and will not be downloaded again  	[MsgId: MMSG-26655]
Action.c(51): Resource "http://localhost:1080/WebTours/images/button_next.gif" is in the cache already and will not be downloaded again  	[MsgId: MMSG-26655]
Action.c(51): Error -26366: "Text=Thank you, <b>pthomas96436</b>, for registering and welcome to the Web Tours family." not found for web_reg_find  	[MsgId: MERR-26366]
End auto log messages stack.	[MsgId: MMSG-10544]


Start auto log messages stack - Iteration 37.	[MsgId: MMSG-10545]
Action.c(43): Notify: Transaction "click_SignUpNow" ended with a "Pass" status (Duration: 0,0742).	[MsgId: MMSG-16873]
Action.c(45): lr_think_time: 5,00 seconds.	[MsgId: MMSG-15948]
Action.c(47): Notify: Transaction "complete_profile" started.	[MsgId: MMSG-16999]
Action.c(48): web_reg_find started  	[MsgId: MMSG-26355]
Action.c(48): Registering web_reg_find was successful  	[MsgId: MMSG-26390]
Action.c(51): web_submit_data("login.pl") started  	[MsgId: MMSG-26355]
Action.c(51): Resource "http://localhost:1080/WebTours/profileValidate.js" is in the cache already and will not be downloaded again  	[MsgId: MMSG-26655]
Action.c(51): Resource "http://localhost:1080/WebTours/images/button_next.gif" is in the cache already and will not be downloaded again  	[MsgId: MMSG-26655]
Action.c(51): Error -26366: "Text=Thank you, <b>amiller239</b>, for registering and welcome to the Web Tours family." not found for web_reg_find  	[MsgId: MERR-26366]
End auto log messages stack.	[MsgId: MMSG-10544]


Start auto log messages stack - Iteration 1.	[MsgId: MMSG-10545]
Action.c(43): Notify: Transaction "click_SignUpNow" ended with a "Pass" status (Duration: 0,0732 Wasted Time: 0,0010).	[MsgId: MMSG-16871]
Action.c(45): lr_think_time: 5,00 seconds.	[MsgId: MMSG-15948]
Action.c(47): Notify: Transaction "complete_profile" started.	[MsgId: MMSG-16999]
Action.c(48): web_reg_find started  	[MsgId: MMSG-26355]
Action.c(48): Registering web_reg_find was successful  	[MsgId: MMSG-26390]
Action.c(51): web_submit_data("login.pl") started  	[MsgId: MMSG-26355]
Action.c(51): Resource "http://localhost:1080/WebTours/profileValidate.js" is in the cache already and will not be downloaded again  	[MsgId: MMSG-26655]
Action.c(51): Resource "http://localhost:1080/WebTours/images/button_next.gif" is in the cache already and will not be downloaded again  	[MsgId: MMSG-26655]
Action.c(51): Error -26366: "Text=Thank you, <b>amiller23754</b>, for registering and welcome to the Web Tours family." not found for web_reg_find  	[MsgId: MERR-26366]
End auto log messages stack.	[MsgId: MMSG-10544]


Start auto log messages stack - Iteration 39.	[MsgId: MMSG-10545]
Action.c(43): Notify: Transaction "click_SignUpNow" ended with a "Pass" status (Duration: 0,0781).	[MsgId: MMSG-16873]
Action.c(45): lr_think_time: 5,00 seconds.	[MsgId: MMSG-15948]
Action.c(47): Notify: Transaction "complete_profile" started.	[MsgId: MMSG-16999]
Action.c(48): web_reg_find started  	[MsgId: MMSG-26355]
Action.c(48): Registering web_reg_find was successful  	[MsgId: MMSG-26390]
Action.c(51): web_submit_data("login.pl") started  	[MsgId: MMSG-26355]
Action.c(51): Resource "http://localhost:1080/WebTours/profileValidate.js" is in the cache already and will not be downloaded again  	[MsgId: MMSG-26655]
Action.c(51): Resource "http://localhost:1080/WebTours/images/button_next.gif" is in the cache already and will not be downloaded again  	[MsgId: MMSG-26655]
Action.c(51): Error -26366: "Text=Thank you, <b>pthomas96752</b>, for registering and welcome to the Web Tours family." not found for web_reg_find  	[MsgId: MERR-26366]
End auto log messages stack.	[MsgId: MMSG-10544]


Start auto log messages stack - Iteration 114.	[MsgId: MMSG-10545]
Action.c(43): Notify: Transaction "click_SignUpNow" ended with a "Pass" status (Duration: 0,0742).	[MsgId: MMSG-16873]
Action.c(45): lr_think_time: 5,00 seconds.	[MsgId: MMSG-15948]
Action.c(47): Notify: Transaction "complete_profile" started.	[MsgId: MMSG-16999]
Action.c(48): web_reg_find started  	[MsgId: MMSG-26355]
Action.c(48): Registering web_reg_find was successful  	[MsgId: MMSG-26390]
Action.c(51): web_submit_data("login.pl") started  	[MsgId: MMSG-26355]
Action.c(51): Resource "http://localhost:1080/WebTours/profileValidate.js" is in the cache already and will not be downloaded again  	[MsgId: MMSG-26655]
Action.c(51): Resource "http://localhost:1080/WebTours/images/button_next.gif" is in the cache already and will not be downloaded again  	[MsgId: MMSG-26655]
Action.c(51): Error -26366: "Text=Thank you, <b>jadams555544</b>, for registering and welcome to the Web Tours family." not found for web_reg_find  	[MsgId: MERR-26366]
End auto log messages stack.	[MsgId: MMSG-10544]


Start auto log messages stack - Iteration 6.	[MsgId: MMSG-10545]
Action.c(43): Notify: Transaction "click_SignUpNow" ended with a "Pass" status (Duration: 0,0742).	[MsgId: MMSG-16873]
Action.c(45): lr_think_time: 5,00 seconds.	[MsgId: MMSG-15948]
Action.c(47): Notify: Transaction "complete_profile" started.	[MsgId: MMSG-16999]
Action.c(48): web_reg_find started  	[MsgId: MMSG-26355]
Action.c(48): Registering web_reg_find was successful  	[MsgId: MMSG-26390]
Action.c(51): web_submit_data("login.pl") started  	[MsgId: MMSG-26355]
Action.c(51): Resource "http://localhost:1080/WebTours/profileValidate.js" is in the cache already and will not be downloaded again  	[MsgId: MMSG-26655]
Action.c(51): Resource "http://localhost:1080/WebTours/images/button_next.gif" is in the cache already and will not be downloaded again  	[MsgId: MMSG-26655]
Action.c(51): Error -26366: "Text=Thank you, <b>jadams555371</b>, for registering and welcome to the Web Tours family." not found for web_reg_find  	[MsgId: MERR-26366]
End auto log messages stack.	[MsgId: MMSG-10544]


Start auto log messages stack - Iteration 79.	[MsgId: MMSG-10545]
Action.c(43): Notify: Transaction "click_SignUpNow" ended with a "Pass" status (Duration: 0,0791).	[MsgId: MMSG-16873]
Action.c(45): lr_think_time: 5,00 seconds.	[MsgId: MMSG-15948]
Action.c(47): Notify: Transaction "complete_profile" started.	[MsgId: MMSG-16999]
Action.c(48): web_reg_find started  	[MsgId: MMSG-26355]
Action.c(48): Registering web_reg_find was successful  	[MsgId: MMSG-26390]
Action.c(51): web_submit_data("login.pl") started  	[MsgId: MMSG-26355]
Action.c(51): Resource "http://localhost:1080/WebTours/profileValidate.js" is in the cache already and will not be downloaded again  	[MsgId: MMSG-26655]
Action.c(51): Resource "http://localhost:1080/WebTours/images/button_next.gif" is in the cache already and will not be downloaded again  	[MsgId: MMSG-26655]
Action.c(51): Error -26366: "Text=Thank you, <b>amiller23831</b>, for registering and welcome to the Web Tours family." not found for web_reg_find  	[MsgId: MERR-26366]
End auto log messages stack.	[MsgId: MMSG-10544]


Start auto log messages stack - Iteration 116.	[MsgId: MMSG-10545]
Action.c(43): Notify: Transaction "click_SignUpNow" ended with a "Pass" status (Duration: 0,0781).	[MsgId: MMSG-16873]
Action.c(45): lr_think_time: 5,00 seconds.	[MsgId: MMSG-15948]
Action.c(47): Notify: Transaction "complete_profile" started.	[MsgId: MMSG-16999]
Action.c(48): web_reg_find started  	[MsgId: MMSG-26355]
Action.c(48): Registering web_reg_find was successful  	[MsgId: MMSG-26390]
Action.c(51): web_submit_data("login.pl") started  	[MsgId: MMSG-26355]
Action.c(51): Resource "http://localhost:1080/WebTours/profileValidate.js" is in the cache already and will not be downloaded again  	[MsgId: MMSG-26655]
Action.c(51): Resource "http://localhost:1080/WebTours/images/button_next.gif" is in the cache already and will not be downloaded again  	[MsgId: MMSG-26655]
Action.c(51): Error -26366: "Text=Thank you, <b>bjohnson82746</b>, for registering and welcome to the Web Tours family." not found for web_reg_find  	[MsgId: MERR-26366]
End auto log messages stack.	[MsgId: MMSG-10544]


Start auto log messages stack - Iteration 8.	[MsgId: MMSG-10545]
Action.c(43): Notify: Transaction "click_SignUpNow" ended with a "Pass" status (Duration: 0,0918).	[MsgId: MMSG-16873]
Action.c(45): lr_think_time: 5,00 seconds.	[MsgId: MMSG-15948]
Action.c(47): Notify: Transaction "complete_profile" started.	[MsgId: MMSG-16999]
Action.c(48): web_reg_find started  	[MsgId: MMSG-26355]
Action.c(48): Registering web_reg_find was successful  	[MsgId: MMSG-26390]
Action.c(51): web_submit_data("login.pl") started  	[MsgId: MMSG-26355]
Action.c(51): Resource "http://localhost:1080/WebTours/profileValidate.js" is in the cache already and will not be downloaded again  	[MsgId: MMSG-26655]
Action.c(51): Resource "http://localhost:1080/WebTours/images/button_next.gif" is in the cache already and will not be downloaded again  	[MsgId: MMSG-26655]
Action.c(51): Error -26366: "Text=Thank you, <b>klee77797</b>, for registering and welcome to the Web Tours family." not found for web_reg_find  	[MsgId: MERR-26366]
End auto log messages stack.	[MsgId: MMSG-10544]


Start auto log messages stack - Iteration 117.	[MsgId: MMSG-10545]
Action.c(43): Notify: Transaction "click_SignUpNow" ended with a "Pass" status (Duration: 0,0957).	[MsgId: MMSG-16873]
Action.c(45): lr_think_time: 5,00 seconds.	[MsgId: MMSG-15948]
Action.c(47): Notify: Transaction "complete_profile" started.	[MsgId: MMSG-16999]
Action.c(48): web_reg_find started  	[MsgId: MMSG-26355]
Action.c(48): Registering web_reg_find was successful  	[MsgId: MMSG-26390]
Action.c(51): web_submit_data("login.pl") started  	[MsgId: MMSG-26355]
Action.c(51): Resource "http://localhost:1080/WebTours/profileValidate.js" is in the cache already and will not be downloaded again  	[MsgId: MMSG-26655]
Action.c(51): Resource "http://localhost:1080/WebTours/images/button_next.gif" is in the cache already and will not be downloaded again  	[MsgId: MMSG-26655]
Action.c(51): Error -26366: "Text=Thank you, <b>bjohnson82626</b>, for registering and welcome to the Web Tours family." not found for web_reg_find  	[MsgId: MERR-26366]
End auto log messages stack.	[MsgId: MMSG-10544]


Start auto log messages stack - Iteration 49.	[MsgId: MMSG-10545]
Action.c(43): Notify: Transaction "click_SignUpNow" ended with a "Pass" status (Duration: 0,0752).	[MsgId: MMSG-16873]
Action.c(45): lr_think_time: 5,00 seconds.	[MsgId: MMSG-15948]
Action.c(47): Notify: Transaction "complete_profile" started.	[MsgId: MMSG-16999]
Action.c(48): web_reg_find started  	[MsgId: MMSG-26355]
Action.c(48): Registering web_reg_find was successful  	[MsgId: MMSG-26390]
Action.c(51): web_submit_data("login.pl") started  	[MsgId: MMSG-26355]
Action.c(51): Resource "http://localhost:1080/WebTours/profileValidate.js" is in the cache already and will not be downloaded again  	[MsgId: MMSG-26655]
Action.c(51): Resource "http://localhost:1080/WebTours/images/button_next.gif" is in the cache already and will not be downloaded again  	[MsgId: MMSG-26655]
Action.c(51): Error -26366: "Text=Thank you, <b>jsmith321878</b>, for registering and welcome to the Web Tours family." not found for web_reg_find  	[MsgId: MERR-26366]
End auto log messages stack.	[MsgId: MMSG-10544]


Start auto log messages stack - Iteration 86.	[MsgId: MMSG-10545]
Action.c(43): Notify: Transaction "click_SignUpNow" ended with a "Pass" status (Duration: 0,0810).	[MsgId: MMSG-16873]
Action.c(45): lr_think_time: 5,00 seconds.	[MsgId: MMSG-15948]
Action.c(47): Notify: Transaction "complete_profile" started.	[MsgId: MMSG-16999]
Action.c(48): web_reg_find started  	[MsgId: MMSG-26355]
Action.c(48): Registering web_reg_find was successful  	[MsgId: MMSG-26390]
Action.c(51): web_submit_data("login.pl") started  	[MsgId: MMSG-26355]
Action.c(51): Resource "http://localhost:1080/WebTours/profileValidate.js" is in the cache already and will not be downloaded again  	[MsgId: MMSG-26655]
Action.c(51): Resource "http://localhost:1080/WebTours/images/button_next.gif" is in the cache already and will not be downloaded again  	[MsgId: MMSG-26655]
Action.c(51): Error -26366: "Text=Thank you, <b>mrodriguez114</b>, for registering and welcome to the Web Tours family." not found for web_reg_find  	[MsgId: MERR-26366]
End auto log messages stack.	[MsgId: MMSG-10544]


Start auto log messages stack - Iteration 50.	[MsgId: MMSG-10545]
Action.c(43): Notify: Transaction "click_SignUpNow" ended with a "Pass" status (Duration: 0,0820).	[MsgId: MMSG-16873]
Action.c(45): lr_think_time: 5,00 seconds.	[MsgId: MMSG-15948]
Action.c(47): Notify: Transaction "complete_profile" started.	[MsgId: MMSG-16999]
Action.c(48): web_reg_find started  	[MsgId: MMSG-26355]
Action.c(48): Registering web_reg_find was successful  	[MsgId: MMSG-26390]
Action.c(51): web_submit_data("login.pl") started  	[MsgId: MMSG-26355]
Action.c(51): Resource "http://localhost:1080/WebTours/profileValidate.js" is in the cache already and will not be downloaded again  	[MsgId: MMSG-26655]
Action.c(51): Resource "http://localhost:1080/WebTours/images/button_next.gif" is in the cache already and will not be downloaded again  	[MsgId: MMSG-26655]
Action.c(51): Error -26366: "Text=Thank you, <b>dhill88609</b>, for registering and welcome to the Web Tours family." not found for web_reg_find  	[MsgId: MERR-26366]
End auto log messages stack.	[MsgId: MMSG-10544]


Start auto log messages stack - Iteration 20.	[MsgId: MMSG-10545]
Action.c(43): Notify: Transaction "click_SignUpNow" ended with a "Pass" status (Duration: 0,0747).	[MsgId: MMSG-16873]
Action.c(45): lr_think_time: 5,00 seconds.	[MsgId: MMSG-15948]
Action.c(47): Notify: Transaction "complete_profile" started.	[MsgId: MMSG-16999]
Action.c(48): web_reg_find started  	[MsgId: MMSG-26355]
Action.c(48): Registering web_reg_find was successful  	[MsgId: MMSG-26390]
Action.c(51): web_submit_data("login.pl") started  	[MsgId: MMSG-26355]
Action.c(51): Resource "http://localhost:1080/WebTours/profileValidate.js" is in the cache already and will not be downloaded again  	[MsgId: MMSG-26655]
Action.c(51): Resource "http://localhost:1080/WebTours/images/button_next.gif" is in the cache already and will not be downloaded again  	[MsgId: MMSG-26655]
Action.c(51): Error -26366: "Text=Thank you, <b>pthomas96600</b>, for registering and welcome to the Web Tours family." not found for web_reg_find  	[MsgId: MERR-26366]
End auto log messages stack.	[MsgId: MMSG-10544]


Start auto log messages stack - Iteration 130.	[MsgId: MMSG-10545]
Action.c(43): Notify: Transaction "click_SignUpNow" ended with a "Pass" status (Duration: 0,0806).	[MsgId: MMSG-16873]
Action.c(45): lr_think_time: 5,00 seconds.	[MsgId: MMSG-15948]
Action.c(47): Notify: Transaction "complete_profile" started.	[MsgId: MMSG-16999]
Action.c(48): web_reg_find started  	[MsgId: MMSG-26355]
Action.c(48): Registering web_reg_find was successful  	[MsgId: MMSG-26390]
Action.c(51): web_submit_data("login.pl") started  	[MsgId: MMSG-26355]
Action.c(51): Resource "http://localhost:1080/WebTours/profileValidate.js" is in the cache already and will not be downloaded again  	[MsgId: MMSG-26655]
Action.c(51): Resource "http://localhost:1080/WebTours/images/button_next.gif" is in the cache already and will not be downloaded again  	[MsgId: MMSG-26655]
Action.c(51): Error -26366: "Text=Thank you, <b>pthomas96344</b>, for registering and welcome to the Web Tours family." not found for web_reg_find  	[MsgId: MERR-26366]
End auto log messages stack.	[MsgId: MMSG-10544]


Start auto log messages stack - Iteration 94.	[MsgId: MMSG-10545]
Action.c(43): Notify: Transaction "click_SignUpNow" ended with a "Pass" status (Duration: 0,0800).	[MsgId: MMSG-16873]
Action.c(45): lr_think_time: 5,00 seconds.	[MsgId: MMSG-15948]
Action.c(47): Notify: Transaction "complete_profile" started.	[MsgId: MMSG-16999]
Action.c(48): web_reg_find started  	[MsgId: MMSG-26355]
Action.c(48): Registering web_reg_find was successful  	[MsgId: MMSG-26390]
Action.c(51): web_submit_data("login.pl") started  	[MsgId: MMSG-26355]
Action.c(51): Resource "http://localhost:1080/WebTours/profileValidate.js" is in the cache already and will not be downloaded again  	[MsgId: MMSG-26655]
Action.c(51): Resource "http://localhost:1080/WebTours/images/button_next.gif" is in the cache already and will not be downloaded again  	[MsgId: MMSG-26655]
Action.c(51): Error -26366: "Text=Thank you, <b>jojo837</b>, for registering and welcome to the Web Tours family." not found for web_reg_find  	[MsgId: MERR-26366]
End auto log messages stack.	[MsgId: MMSG-10544]


Start auto log messages stack - Iteration 28.	[MsgId: MMSG-10545]
Action.c(43): Notify: Transaction "click_SignUpNow" ended with a "Pass" status (Duration: 0,0791).	[MsgId: MMSG-16873]
Action.c(45): lr_think_time: 5,00 seconds.	[MsgId: MMSG-15948]
Action.c(47): Notify: Transaction "complete_profile" started.	[MsgId: MMSG-16999]
Action.c(48): web_reg_find started  	[MsgId: MMSG-26355]
Action.c(48): Registering web_reg_find was successful  	[MsgId: MMSG-26390]
Action.c(51): web_submit_data("login.pl") started  	[MsgId: MMSG-26355]
Action.c(51): Resource "http://localhost:1080/WebTours/profileValidate.js" is in the cache already and will not be downloaded again  	[MsgId: MMSG-26655]
Action.c(51): Resource "http://localhost:1080/WebTours/images/button_next.gif" is in the cache already and will not be downloaded again  	[MsgId: MMSG-26655]
Action.c(51): Error -26366: "Text=Thank you, <b>dhill88262</b>, for registering and welcome to the Web Tours family." not found for web_reg_find  	[MsgId: MERR-26366]
End auto log messages stack.	[MsgId: MMSG-10544]


Start auto log messages stack - Iteration 137.	[MsgId: MMSG-10545]
Action.c(43): Notify: Transaction "click_SignUpNow" ended with a "Pass" status (Duration: 0,0762).	[MsgId: MMSG-16873]
Action.c(45): lr_think_time: 5,00 seconds.	[MsgId: MMSG-15948]
Action.c(47): Notify: Transaction "complete_profile" started.	[MsgId: MMSG-16999]
Action.c(48): web_reg_find started  	[MsgId: MMSG-26355]
Action.c(48): Registering web_reg_find was successful  	[MsgId: MMSG-26390]
Action.c(51): web_submit_data("login.pl") started  	[MsgId: MMSG-26355]
Action.c(51): Resource "http://localhost:1080/WebTours/profileValidate.js" is in the cache already and will not be downloaded again  	[MsgId: MMSG-26655]
Action.c(51): Resource "http://localhost:1080/WebTours/images/button_next.gif" is in the cache already and will not be downloaded again  	[MsgId: MMSG-26655]
Action.c(51): Error -26366: "Text=Thank you, <b>jadams555672</b>, for registering and welcome to the Web Tours family." not found for web_reg_find  	[MsgId: MERR-26366]
End auto log messages stack.	[MsgId: MMSG-10544]


Start auto log messages stack - Iteration 103.	[MsgId: MMSG-10545]
Action.c(43): Notify: Transaction "click_SignUpNow" ended with a "Pass" status (Duration: 0,0801).	[MsgId: MMSG-16873]
Action.c(45): lr_think_time: 5,00 seconds.	[MsgId: MMSG-15948]
Action.c(47): Notify: Transaction "complete_profile" started.	[MsgId: MMSG-16999]
Action.c(48): web_reg_find started  	[MsgId: MMSG-26355]
Action.c(48): Registering web_reg_find was successful  	[MsgId: MMSG-26390]
Action.c(51): web_submit_data("login.pl") started  	[MsgId: MMSG-26355]
Action.c(51): Resource "http://localhost:1080/WebTours/profileValidate.js" is in the cache already and will not be downloaded again  	[MsgId: MMSG-26655]
Action.c(51): Resource "http://localhost:1080/WebTours/images/button_next.gif" is in the cache already and will not be downloaded again  	[MsgId: MMSG-26655]
Action.c(51): Error -26366: "Text=Thank you, <b>jadams555323</b>, for registering and welcome to the Web Tours family." not found for web_reg_find  	[MsgId: MERR-26366]
End auto log messages stack.	[MsgId: MMSG-10544]


Start auto log messages stack - Iteration 33.	[MsgId: MMSG-10545]
Action.c(43): Notify: Transaction "click_SignUpNow" ended with a "Pass" status (Duration: 0,0791).	[MsgId: MMSG-16873]
Action.c(45): lr_think_time: 5,00 seconds.	[MsgId: MMSG-15948]
Action.c(47): Notify: Transaction "complete_profile" started.	[MsgId: MMSG-16999]
Action.c(48): web_reg_find started  	[MsgId: MMSG-26355]
Action.c(48): Registering web_reg_find was successful  	[MsgId: MMSG-26390]
Action.c(51): web_submit_data("login.pl") started  	[MsgId: MMSG-26355]
Action.c(51): Resource "http://localhost:1080/WebTours/profileValidate.js" is in the cache already and will not be downloaded again  	[MsgId: MMSG-26655]
Action.c(51): Resource "http://localhost:1080/WebTours/images/button_next.gif" is in the cache already and will not be downloaded again  	[MsgId: MMSG-26655]
Action.c(51): Error -26366: "Text=Thank you, <b>mrodriguez1951</b>, for registering and welcome to the Web Tours family." not found for web_reg_find  	[MsgId: MERR-26366]
End auto log messages stack.	[MsgId: MMSG-10544]


Start auto log messages stack - Iteration 107.	[MsgId: MMSG-10545]
Action.c(43): Notify: Transaction "click_SignUpNow" ended with a "Pass" status (Duration: 0,0743).	[MsgId: MMSG-16873]
Action.c(45): lr_think_time: 5,00 seconds.	[MsgId: MMSG-15948]
Action.c(47): Notify: Transaction "complete_profile" started.	[MsgId: MMSG-16999]
Action.c(48): web_reg_find started  	[MsgId: MMSG-26355]
Action.c(48): Registering web_reg_find was successful  	[MsgId: MMSG-26390]
Action.c(51): web_submit_data("login.pl") started  	[MsgId: MMSG-26355]
Action.c(51): Resource "http://localhost:1080/WebTours/profileValidate.js" is in the cache already and will not be downloaded again  	[MsgId: MMSG-26655]
Action.c(51): Resource "http://localhost:1080/WebTours/images/button_next.gif" is in the cache already and will not be downloaded again  	[MsgId: MMSG-26655]
Action.c(51): Error -26366: "Text=Thank you, <b>mrodriguez190</b>, for registering and welcome to the Web Tours family." not found for web_reg_find  	[MsgId: MERR-26366]
End auto log messages stack.	[MsgId: MMSG-10544]


Start auto log messages stack - Iteration 146.	[MsgId: MMSG-10545]
Action.c(43): Notify: Transaction "click_SignUpNow" ended with a "Pass" status (Duration: 0,0745).	[MsgId: MMSG-16873]
Action.c(45): lr_think_time: 5,00 seconds.	[MsgId: MMSG-15948]
Action.c(47): Notify: Transaction "complete_profile" started.	[MsgId: MMSG-16999]
Action.c(48): web_reg_find started  	[MsgId: MMSG-26355]
Action.c(48): Registering web_reg_find was successful  	[MsgId: MMSG-26390]
Action.c(51): web_submit_data("login.pl") started  	[MsgId: MMSG-26355]
Action.c(51): Resource "http://localhost:1080/WebTours/profileValidate.js" is in the cache already and will not be downloaded again  	[MsgId: MMSG-26655]
Action.c(51): Resource "http://localhost:1080/WebTours/images/button_next.gif" is in the cache already and will not be downloaded again  	[MsgId: MMSG-26655]
Action.c(51): Error -26366: "Text=Thank you, <b>jsmith321620</b>, for registering and welcome to the Web Tours family." not found for web_reg_find  	[MsgId: MERR-26366]
End auto log messages stack.	[MsgId: MMSG-10544]


Start auto log messages stack - Iteration 74.	[MsgId: MMSG-10545]
Action.c(43): Notify: Transaction "click_SignUpNow" ended with a "Pass" status (Duration: 0,0810).	[MsgId: MMSG-16873]
Action.c(45): lr_think_time: 5,00 seconds.	[MsgId: MMSG-15948]
Action.c(47): Notify: Transaction "complete_profile" started.	[MsgId: MMSG-16999]
Action.c(48): web_reg_find started  	[MsgId: MMSG-26355]
Action.c(48): Registering web_reg_find was successful  	[MsgId: MMSG-26390]
Action.c(51): web_submit_data("login.pl") started  	[MsgId: MMSG-26355]
Action.c(51): Resource "http://localhost:1080/WebTours/profileValidate.js" is in the cache already and will not be downloaded again  	[MsgId: MMSG-26655]
Action.c(51): Resource "http://localhost:1080/WebTours/images/button_next.gif" is in the cache already and will not be downloaded again  	[MsgId: MMSG-26655]
Action.c(51): Error -26366: "Text=Thank you, <b>dhill88507</b>, for registering and welcome to the Web Tours family." not found for web_reg_find  	[MsgId: MERR-26366]
End auto log messages stack.	[MsgId: MMSG-10544]


Start auto log messages stack - Iteration 2.	[MsgId: MMSG-10545]
Action.c(43): Notify: Transaction "click_SignUpNow" ended with a "Pass" status (Duration: 0,0738).	[MsgId: MMSG-16873]
Action.c(45): lr_think_time: 5,00 seconds.	[MsgId: MMSG-15948]
Action.c(47): Notify: Transaction "complete_profile" started.	[MsgId: MMSG-16999]
Action.c(48): web_reg_find started  	[MsgId: MMSG-26355]
Action.c(48): Registering web_reg_find was successful  	[MsgId: MMSG-26390]
Action.c(51): web_submit_data("login.pl") started  	[MsgId: MMSG-26355]
Action.c(51): Resource "http://localhost:1080/WebTours/profileValidate.js" is in the cache already and will not be downloaded again  	[MsgId: MMSG-26655]
Action.c(51): Resource "http://localhost:1080/WebTours/images/button_next.gif" is in the cache already and will not be downloaded again  	[MsgId: MMSG-26655]
Action.c(51): Error -26366: "Text=Thank you, <b>klee777918</b>, for registering and welcome to the Web Tours family." not found for web_reg_find  	[MsgId: MERR-26366]
End auto log messages stack.	[MsgId: MMSG-10544]


Start auto log messages stack - Iteration 147.	[MsgId: MMSG-10545]
Action.c(43): Notify: Transaction "click_SignUpNow" ended with a "Pass" status (Duration: 0,0850).	[MsgId: MMSG-16873]
Action.c(45): lr_think_time: 5,00 seconds.	[MsgId: MMSG-15948]
Action.c(47): Notify: Transaction "complete_profile" started.	[MsgId: MMSG-16999]
Action.c(48): web_reg_find started  	[MsgId: MMSG-26355]
Action.c(48): Registering web_reg_find was successful  	[MsgId: MMSG-26390]
Action.c(51): web_submit_data("login.pl") started  	[MsgId: MMSG-26355]
Action.c(51): Resource "http://localhost:1080/WebTours/profileValidate.js" is in the cache already and will not be downloaded again  	[MsgId: MMSG-26655]
Action.c(51): Resource "http://localhost:1080/WebTours/images/button_next.gif" is in the cache already and will not be downloaded again  	[MsgId: MMSG-26655]
Action.c(51): Error -26366: "Text=Thank you, <b>bjohnson821</b>, for registering and welcome to the Web Tours family." not found for web_reg_find  	[MsgId: MERR-26366]
End auto log messages stack.	[MsgId: MMSG-10544]


Start auto log messages stack - Iteration 39.	[MsgId: MMSG-10545]
Action.c(43): Notify: Transaction "click_SignUpNow" ended with a "Pass" status (Duration: 0,0781).	[MsgId: MMSG-16873]
Action.c(45): lr_think_time: 5,00 seconds.	[MsgId: MMSG-15948]
Action.c(47): Notify: Transaction "complete_profile" started.	[MsgId: MMSG-16999]
Action.c(48): web_reg_find started  	[MsgId: MMSG-26355]
Action.c(48): Registering web_reg_find was successful  	[MsgId: MMSG-26390]
Action.c(51): web_submit_data("login.pl") started  	[MsgId: MMSG-26355]
Action.c(51): Resource "http://localhost:1080/WebTours/profileValidate.js" is in the cache already and will not be downloaded again  	[MsgId: MMSG-26655]
Action.c(51): Resource "http://localhost:1080/WebTours/images/button_next.gif" is in the cache already and will not be downloaded again  	[MsgId: MMSG-26655]
Action.c(51): Error -26366: "Text=Thank you, <b>amiller23274</b>, for registering and welcome to the Web Tours family." not found for web_reg_find  	[MsgId: MERR-26366]
End auto log messages stack.	[MsgId: MMSG-10544]


Start auto log messages stack - Iteration 113.	[MsgId: MMSG-10545]
Action.c(43): Notify: Transaction "click_SignUpNow" ended with a "Pass" status (Duration: 0,0801).	[MsgId: MMSG-16873]
Action.c(45): lr_think_time: 5,00 seconds.	[MsgId: MMSG-15948]
Action.c(47): Notify: Transaction "complete_profile" started.	[MsgId: MMSG-16999]
Action.c(48): web_reg_find started  	[MsgId: MMSG-26355]
Action.c(48): Registering web_reg_find was successful  	[MsgId: MMSG-26390]
Action.c(51): web_submit_data("login.pl") started  	[MsgId: MMSG-26355]
Action.c(51): Resource "http://localhost:1080/WebTours/profileValidate.js" is in the cache already and will not be downloaded again  	[MsgId: MMSG-26655]
Action.c(51): Resource "http://localhost:1080/WebTours/images/button_next.gif" is in the cache already and will not be downloaded again  	[MsgId: MMSG-26655]
Action.c(51): Error -26366: "Text=Thank you, <b>bjohnson8275</b>, for registering and welcome to the Web Tours family." not found for web_reg_find  	[MsgId: MERR-26366]
End auto log messages stack.	[MsgId: MMSG-10544]


Start auto log messages stack - Iteration 77.	[MsgId: MMSG-10545]
Action.c(43): Notify: Transaction "click_SignUpNow" ended with a "Pass" status (Duration: 0,0781).	[MsgId: MMSG-16873]
Action.c(45): lr_think_time: 5,00 seconds.	[MsgId: MMSG-15948]
Action.c(47): Notify: Transaction "complete_profile" started.	[MsgId: MMSG-16999]
Action.c(48): web_reg_find started  	[MsgId: MMSG-26355]
Action.c(48): Registering web_reg_find was successful  	[MsgId: MMSG-26390]
Action.c(51): web_submit_data("login.pl") started  	[MsgId: MMSG-26355]
Action.c(51): Resource "http://localhost:1080/WebTours/profileValidate.js" is in the cache already and will not be downloaded again  	[MsgId: MMSG-26655]
Action.c(51): Resource "http://localhost:1080/WebTours/images/button_next.gif" is in the cache already and will not be downloaded again  	[MsgId: MMSG-26655]
Action.c(51): Error -26366: "Text=Thank you, <b>dhill88664</b>, for registering and welcome to the Web Tours family." not found for web_reg_find  	[MsgId: MERR-26366]
End auto log messages stack.	[MsgId: MMSG-10544]


Start auto log messages stack - Iteration 41.	[MsgId: MMSG-10545]
Action.c(43): Notify: Transaction "click_SignUpNow" ended with a "Pass" status (Duration: 0,0762).	[MsgId: MMSG-16873]
Action.c(45): lr_think_time: 5,00 seconds.	[MsgId: MMSG-15948]
Action.c(47): Notify: Transaction "complete_profile" started.	[MsgId: MMSG-16999]
Action.c(48): web_reg_find started  	[MsgId: MMSG-26355]
Action.c(48): Registering web_reg_find was successful  	[MsgId: MMSG-26390]
Action.c(51): web_submit_data("login.pl") started  	[MsgId: MMSG-26355]
Action.c(51): Resource "http://localhost:1080/WebTours/profileValidate.js" is in the cache already and will not be downloaded again  	[MsgId: MMSG-26655]
Action.c(51): Resource "http://localhost:1080/WebTours/images/button_next.gif" is in the cache already and will not be downloaded again  	[MsgId: MMSG-26655]
Action.c(51): Error -26366: "Text=Thank you, <b>rthompson123519</b>, for registering and welcome to the Web Tours family." not found for web_reg_find  	[MsgId: MERR-26366]
End auto log messages stack.	[MsgId: MMSG-10544]


Start auto log messages stack - Iteration 114.	[MsgId: MMSG-10545]
Action.c(43): Notify: Transaction "click_SignUpNow" ended with a "Pass" status (Duration: 0,0747).	[MsgId: MMSG-16873]
Action.c(45): lr_think_time: 5,00 seconds.	[MsgId: MMSG-15948]
Action.c(47): Notify: Transaction "complete_profile" started.	[MsgId: MMSG-16999]
Action.c(48): web_reg_find started  	[MsgId: MMSG-26355]
Action.c(48): Registering web_reg_find was successful  	[MsgId: MMSG-26390]
Action.c(51): web_submit_data("login.pl") started  	[MsgId: MMSG-26355]
Action.c(51): Resource "http://localhost:1080/WebTours/profileValidate.js" is in the cache already and will not be downloaded again  	[MsgId: MMSG-26655]
Action.c(51): Resource "http://localhost:1080/WebTours/images/button_next.gif" is in the cache already and will not be downloaded again  	[MsgId: MMSG-26655]
Action.c(51): Error -26366: "Text=Thank you, <b>mrodriguez1973</b>, for registering and welcome to the Web Tours family." not found for web_reg_find  	[MsgId: MERR-26366]
End auto log messages stack.	[MsgId: MMSG-10544]


Start auto log messages stack - Iteration 42.	[MsgId: MMSG-10545]
Action.c(43): Notify: Transaction "click_SignUpNow" ended with a "Pass" status (Duration: 0,0762).	[MsgId: MMSG-16873]
Action.c(45): lr_think_time: 5,00 seconds.	[MsgId: MMSG-15948]
Action.c(47): Notify: Transaction "complete_profile" started.	[MsgId: MMSG-16999]
Action.c(48): web_reg_find started  	[MsgId: MMSG-26355]
Action.c(48): Registering web_reg_find was successful  	[MsgId: MMSG-26390]
Action.c(51): web_submit_data("login.pl") started  	[MsgId: MMSG-26355]
Action.c(51): Resource "http://localhost:1080/WebTours/profileValidate.js" is in the cache already and will not be downloaded again  	[MsgId: MMSG-26655]
Action.c(51): Resource "http://localhost:1080/WebTours/images/button_next.gif" is in the cache already and will not be downloaded again  	[MsgId: MMSG-26655]
Action.c(51): Error -26366: "Text=Thank you, <b>rthompson123381</b>, for registering and welcome to the Web Tours family." not found for web_reg_find  	[MsgId: MERR-26366]
End auto log messages stack.	[MsgId: MMSG-10544]


Start auto log messages stack - Iteration 152.	[MsgId: MMSG-10545]
Action.c(43): Notify: Transaction "click_SignUpNow" ended with a "Pass" status (Duration: 0,0742).	[MsgId: MMSG-16873]
Action.c(45): lr_think_time: 5,00 seconds.	[MsgId: MMSG-15948]
Action.c(47): Notify: Transaction "complete_profile" started.	[MsgId: MMSG-16999]
Action.c(48): web_reg_find started  	[MsgId: MMSG-26355]
Action.c(48): Registering web_reg_find was successful  	[MsgId: MMSG-26390]
Action.c(51): web_submit_data("login.pl") started  	[MsgId: MMSG-26355]
Action.c(51): Resource "http://localhost:1080/WebTours/profileValidate.js" is in the cache already and will not be downloaded again  	[MsgId: MMSG-26655]
Action.c(51): Resource "http://localhost:1080/WebTours/images/button_next.gif" is in the cache already and will not be downloaded again  	[MsgId: MMSG-26655]
Action.c(51): Error -26366: "Text=Thank you, <b>rthompson123671</b>, for registering and welcome to the Web Tours family." not found for web_reg_find  	[MsgId: MERR-26366]
End auto log messages stack.	[MsgId: MMSG-10544]


Start auto log messages stack - Iteration 49.	[MsgId: MMSG-10545]
Action.c(43): Notify: Transaction "click_SignUpNow" ended with a "Pass" status (Duration: 0,0732).	[MsgId: MMSG-16873]
Action.c(45): lr_think_time: 5,00 seconds.	[MsgId: MMSG-15948]
Action.c(47): Notify: Transaction "complete_profile" started.	[MsgId: MMSG-16999]
Action.c(48): web_reg_find started  	[MsgId: MMSG-26355]
Action.c(48): Registering web_reg_find was successful  	[MsgId: MMSG-26390]
Action.c(51): web_submit_data("login.pl") started  	[MsgId: MMSG-26355]
Action.c(51): Resource "http://localhost:1080/WebTours/profileValidate.js" is in the cache already and will not be downloaded again  	[MsgId: MMSG-26655]
Action.c(51): Resource "http://localhost:1080/WebTours/images/button_next.gif" is in the cache already and will not be downloaded again  	[MsgId: MMSG-26655]
Action.c(51): Error -26366: "Text=Thank you, <b>rthompson123840</b>, for registering and welcome to the Web Tours family." not found for web_reg_find  	[MsgId: MERR-26366]
End auto log messages stack.	[MsgId: MMSG-10544]


Start auto log messages stack - Iteration 123.	[MsgId: MMSG-10545]
Action.c(43): Notify: Transaction "click_SignUpNow" ended with a "Pass" status (Duration: 0,0723).	[MsgId: MMSG-16873]
Action.c(45): lr_think_time: 5,00 seconds.	[MsgId: MMSG-15948]
Action.c(47): Notify: Transaction "complete_profile" started.	[MsgId: MMSG-16999]
Action.c(48): web_reg_find started  	[MsgId: MMSG-26355]
Action.c(48): Registering web_reg_find was successful  	[MsgId: MMSG-26390]
Action.c(51): web_submit_data("login.pl") started  	[MsgId: MMSG-26355]
Action.c(51): Resource "http://localhost:1080/WebTours/profileValidate.js" is in the cache already and will not be downloaded again  	[MsgId: MMSG-26655]
Action.c(51): Resource "http://localhost:1080/WebTours/images/button_next.gif" is in the cache already and will not be downloaded again  	[MsgId: MMSG-26655]
Action.c(51): Error -26366: "Text=Thank you, <b>rthompson123182</b>, for registering and welcome to the Web Tours family." not found for web_reg_find  	[MsgId: MERR-26366]
End auto log messages stack.	[MsgId: MMSG-10544]


Start auto log messages stack - Iteration 16.	[MsgId: MMSG-10545]
Action.c(43): Notify: Transaction "click_SignUpNow" ended with a "Pass" status (Duration: 0,1103).	[MsgId: MMSG-16873]
Action.c(45): lr_think_time: 5,00 seconds.	[MsgId: MMSG-15948]
Action.c(47): Notify: Transaction "complete_profile" started.	[MsgId: MMSG-16999]
Action.c(48): web_reg_find started  	[MsgId: MMSG-26355]
Action.c(48): Registering web_reg_find was successful  	[MsgId: MMSG-26390]
Action.c(51): web_submit_data("login.pl") started  	[MsgId: MMSG-26355]
Action.c(51): Resource "http://localhost:1080/WebTours/profileValidate.js" is in the cache already and will not be downloaded again  	[MsgId: MMSG-26655]
Action.c(51): Resource "http://localhost:1080/WebTours/images/button_next.gif" is in the cache already and will not be downloaded again  	[MsgId: MMSG-26655]
Action.c(51): Error -26366: "Text=Thank you, <b>mrodriguez1875</b>, for registering and welcome to the Web Tours family." not found for web_reg_find  	[MsgId: MERR-26366]
End auto log messages stack.	[MsgId: MMSG-10544]


Start auto log messages stack - Iteration 130.	[MsgId: MMSG-10545]
Action.c(43): Notify: Transaction "click_SignUpNow" ended with a "Pass" status (Duration: 0,0732).	[MsgId: MMSG-16873]
Action.c(45): lr_think_time: 5,00 seconds.	[MsgId: MMSG-15948]
Action.c(47): Notify: Transaction "complete_profile" started.	[MsgId: MMSG-16999]
Action.c(48): web_reg_find started  	[MsgId: MMSG-26355]
Action.c(48): Registering web_reg_find was successful  	[MsgId: MMSG-26390]
Action.c(51): web_submit_data("login.pl") started  	[MsgId: MMSG-26355]
Action.c(51): Resource "http://localhost:1080/WebTours/profileValidate.js" is in the cache already and will not be downloaded again  	[MsgId: MMSG-26655]
Action.c(51): Resource "http://localhost:1080/WebTours/images/button_next.gif" is in the cache already and will not be downloaded again  	[MsgId: MMSG-26655]
Action.c(51): Error -26366: "Text=Thank you, <b>klee777801</b>, for registering and welcome to the Web Tours family." not found for web_reg_find  	[MsgId: MERR-26366]
End auto log messages stack.	[MsgId: MMSG-10544]


Start auto log messages stack - Iteration 22.	[MsgId: MMSG-10545]
Action.c(43): Notify: Transaction "click_SignUpNow" ended with a "Pass" status (Duration: 0,0742).	[MsgId: MMSG-16873]
Action.c(45): lr_think_time: 5,00 seconds.	[MsgId: MMSG-15948]
Action.c(47): Notify: Transaction "complete_profile" started.	[MsgId: MMSG-16999]
Action.c(48): web_reg_find started  	[MsgId: MMSG-26355]
Action.c(48): Registering web_reg_find was successful  	[MsgId: MMSG-26390]
Action.c(51): web_submit_data("login.pl") started  	[MsgId: MMSG-26355]
Action.c(51): Resource "http://localhost:1080/WebTours/profileValidate.js" is in the cache already and will not be downloaded again  	[MsgId: MMSG-26655]
Action.c(51): Resource "http://localhost:1080/WebTours/images/button_next.gif" is in the cache already and will not be downloaded again  	[MsgId: MMSG-26655]
Action.c(51): Error -26366: "Text=Thank you, <b>jsmith32125</b>, for registering and welcome to the Web Tours family." not found for web_reg_find  	[MsgId: MERR-26366]
End auto log messages stack.	[MsgId: MMSG-10544]


Start auto log messages stack - Iteration 96.	[MsgId: MMSG-10545]
Action.c(43): Notify: Transaction "click_SignUpNow" ended with a "Pass" status (Duration: 0,0786).	[MsgId: MMSG-16873]
Action.c(45): lr_think_time: 5,00 seconds.	[MsgId: MMSG-15948]
Action.c(47): Notify: Transaction "complete_profile" started.	[MsgId: MMSG-16999]
Action.c(48): web_reg_find started  	[MsgId: MMSG-26355]
Action.c(48): Registering web_reg_find was successful  	[MsgId: MMSG-26390]
Action.c(51): web_submit_data("login.pl") started  	[MsgId: MMSG-26355]
Action.c(51): Resource "http://localhost:1080/WebTours/profileValidate.js" is in the cache already and will not be downloaded again  	[MsgId: MMSG-26655]
Action.c(51): Resource "http://localhost:1080/WebTours/images/button_next.gif" is in the cache already and will not be downloaded again  	[MsgId: MMSG-26655]
Action.c(51): Error -26366: "Text=Thank you, <b>jsmith321731</b>, for registering and welcome to the Web Tours family." not found for web_reg_find  	[MsgId: MERR-26366]
End auto log messages stack.	[MsgId: MMSG-10544]


Start auto log messages stack - Iteration 170.	[MsgId: MMSG-10545]
Action.c(43): Notify: Transaction "click_SignUpNow" ended with a "Pass" status (Duration: 0,0762).	[MsgId: MMSG-16873]
Action.c(45): lr_think_time: 5,00 seconds.	[MsgId: MMSG-15948]
Action.c(47): Notify: Transaction "complete_profile" started.	[MsgId: MMSG-16999]
Action.c(48): web_reg_find started  	[MsgId: MMSG-26355]
Action.c(48): Registering web_reg_find was successful  	[MsgId: MMSG-26390]
Action.c(51): web_submit_data("login.pl") started  	[MsgId: MMSG-26355]
Action.c(51): Resource "http://localhost:1080/WebTours/profileValidate.js" is in the cache already and will not be downloaded again  	[MsgId: MMSG-26655]
Action.c(51): Resource "http://localhost:1080/WebTours/images/button_next.gif" is in the cache already and will not be downloaded again  	[MsgId: MMSG-26655]
Action.c(51): Error -26366: "Text=Thank you, <b>mrodriguez1977</b>, for registering and welcome to the Web Tours family." not found for web_reg_find  	[MsgId: MERR-26366]
End auto log messages stack.	[MsgId: MMSG-10544]


Start auto log messages stack - Iteration 171.	[MsgId: MMSG-10545]
Action.c(43): Notify: Transaction "click_SignUpNow" ended with a "Pass" status (Duration: 0,1123).	[MsgId: MMSG-16873]
Action.c(45): lr_think_time: 5,00 seconds.	[MsgId: MMSG-15948]
Action.c(47): Notify: Transaction "complete_profile" started.	[MsgId: MMSG-16999]
Action.c(48): web_reg_find started  	[MsgId: MMSG-26355]
Action.c(48): Registering web_reg_find was successful  	[MsgId: MMSG-26390]
Action.c(51): web_submit_data("login.pl") started  	[MsgId: MMSG-26355]
Action.c(51): Resource "http://localhost:1080/WebTours/profileValidate.js" is in the cache already and will not be downloaded again  	[MsgId: MMSG-26655]
Action.c(51): Resource "http://localhost:1080/WebTours/images/button_next.gif" is in the cache already and will not be downloaded again  	[MsgId: MMSG-26655]
Action.c(51): Error -26366: "Text=Thank you, <b>mrodriguez1977</b>, for registering and welcome to the Web Tours family." not found for web_reg_find  	[MsgId: MERR-26366]
End auto log messages stack.	[MsgId: MMSG-10544]


Start auto log messages stack - Iteration 27.	[MsgId: MMSG-10545]
Action.c(43): Notify: Transaction "click_SignUpNow" ended with a "Pass" status (Duration: 0,0820).	[MsgId: MMSG-16873]
Action.c(45): lr_think_time: 5,00 seconds.	[MsgId: MMSG-15948]
Action.c(47): Notify: Transaction "complete_profile" started.	[MsgId: MMSG-16999]
Action.c(48): web_reg_find started  	[MsgId: MMSG-26355]
Action.c(48): Registering web_reg_find was successful  	[MsgId: MMSG-26390]
Action.c(51): web_submit_data("login.pl") started  	[MsgId: MMSG-26355]
Action.c(51): Resource "http://localhost:1080/WebTours/profileValidate.js" is in the cache already and will not be downloaded again  	[MsgId: MMSG-26655]
Action.c(51): Resource "http://localhost:1080/WebTours/images/button_next.gif" is in the cache already and will not be downloaded again  	[MsgId: MMSG-26655]
Action.c(51): Error -26366: "Text=Thank you, <b>klee77775</b>, for registering and welcome to the Web Tours family." not found for web_reg_find  	[MsgId: MERR-26366]
End auto log messages stack.	[MsgId: MMSG-10544]


Start auto log messages stack - Iteration 65.	[MsgId: MMSG-10545]
Action.c(43): Notify: Transaction "click_SignUpNow" ended with a "Pass" status (Duration: 0,0762).	[MsgId: MMSG-16873]
Action.c(45): lr_think_time: 5,00 seconds.	[MsgId: MMSG-15948]
Action.c(47): Notify: Transaction "complete_profile" started.	[MsgId: MMSG-16999]
Action.c(48): web_reg_find started  	[MsgId: MMSG-26355]
Action.c(48): Registering web_reg_find was successful  	[MsgId: MMSG-26390]
Action.c(51): web_submit_data("login.pl") started  	[MsgId: MMSG-26355]
Action.c(51): Resource "http://localhost:1080/WebTours/profileValidate.js" is in the cache already and will not be downloaded again  	[MsgId: MMSG-26655]
Action.c(51): Resource "http://localhost:1080/WebTours/images/button_next.gif" is in the cache already and will not be downloaded again  	[MsgId: MMSG-26655]
Action.c(51): Error -26366: "Text=Thank you, <b>jsmith32188</b>, for registering and welcome to the Web Tours family." not found for web_reg_find  	[MsgId: MERR-26366]
End auto log messages stack.	[MsgId: MMSG-10544]


Start auto log messages stack - Iteration 174.	[MsgId: MMSG-10545]
Action.c(43): Notify: Transaction "click_SignUpNow" ended with a "Pass" status (Duration: 0,0830).	[MsgId: MMSG-16873]
Action.c(45): lr_think_time: 5,00 seconds.	[MsgId: MMSG-15948]
Action.c(47): Notify: Transaction "complete_profile" started.	[MsgId: MMSG-16999]
Action.c(48): web_reg_find started  	[MsgId: MMSG-26355]
Action.c(48): Registering web_reg_find was successful  	[MsgId: MMSG-26390]
Action.c(51): web_submit_data("login.pl") started  	[MsgId: MMSG-26355]
Action.c(51): Resource "http://localhost:1080/WebTours/profileValidate.js" is in the cache already and will not be downloaded again  	[MsgId: MMSG-26655]
Action.c(51): Resource "http://localhost:1080/WebTours/images/button_next.gif" is in the cache already and will not be downloaded again  	[MsgId: MMSG-26655]
Action.c(51): Error -26366: "Text=Thank you, <b>jojo386</b>, for registering and welcome to the Web Tours family." not found for web_reg_find  	[MsgId: MERR-26366]
End auto log messages stack.	[MsgId: MMSG-10544]


Start auto log messages stack - Iteration 102.	[MsgId: MMSG-10545]
Action.c(43): Notify: Transaction "click_SignUpNow" ended with a "Pass" status (Duration: 0,0771).	[MsgId: MMSG-16873]
Action.c(45): lr_think_time: 5,00 seconds.	[MsgId: MMSG-15948]
Action.c(47): Notify: Transaction "complete_profile" started.	[MsgId: MMSG-16999]
Action.c(48): web_reg_find started  	[MsgId: MMSG-26355]
Action.c(48): Registering web_reg_find was successful  	[MsgId: MMSG-26390]
Action.c(51): web_submit_data("login.pl") started  	[MsgId: MMSG-26355]
Action.c(51): Resource "http://localhost:1080/WebTours/profileValidate.js" is in the cache already and will not be downloaded again  	[MsgId: MMSG-26655]
Action.c(51): Resource "http://localhost:1080/WebTours/images/button_next.gif" is in the cache already and will not be downloaded again  	[MsgId: MMSG-26655]
Action.c(51): Error -26366: "Text=Thank you, <b>jadams555289</b>, for registering and welcome to the Web Tours family." not found for web_reg_find  	[MsgId: MERR-26366]
End auto log messages stack.	[MsgId: MMSG-10544]


Start auto log messages stack - Iteration 103.	[MsgId: MMSG-10545]
Action.c(43): Notify: Transaction "click_SignUpNow" ended with a "Pass" status (Duration: 0,0762).	[MsgId: MMSG-16873]
Action.c(45): lr_think_time: 5,00 seconds.	[MsgId: MMSG-15948]
Action.c(47): Notify: Transaction "complete_profile" started.	[MsgId: MMSG-16999]
Action.c(48): web_reg_find started  	[MsgId: MMSG-26355]
Action.c(48): Registering web_reg_find was successful  	[MsgId: MMSG-26390]
Action.c(51): web_submit_data("login.pl") started  	[MsgId: MMSG-26355]
Action.c(51): Resource "http://localhost:1080/WebTours/profileValidate.js" is in the cache already and will not be downloaded again  	[MsgId: MMSG-26655]
Action.c(51): Resource "http://localhost:1080/WebTours/images/button_next.gif" is in the cache already and will not be downloaded again  	[MsgId: MMSG-26655]
Action.c(51): Error -26366: "Text=Thank you, <b>pthomas96956</b>, for registering and welcome to the Web Tours family." not found for web_reg_find  	[MsgId: MERR-26366]
End auto log messages stack.	[MsgId: MMSG-10544]


Start auto log messages stack - Iteration 140.	[MsgId: MMSG-10545]
Action.c(43): Notify: Transaction "click_SignUpNow" ended with a "Pass" status (Duration: 0,0733).	[MsgId: MMSG-16873]
Action.c(45): lr_think_time: 5,00 seconds.	[MsgId: MMSG-15948]
Action.c(47): Notify: Transaction "complete_profile" started.	[MsgId: MMSG-16999]
Action.c(48): web_reg_find started  	[MsgId: MMSG-26355]
Action.c(48): Registering web_reg_find was successful  	[MsgId: MMSG-26390]
Action.c(51): web_submit_data("login.pl") started  	[MsgId: MMSG-26355]
Action.c(51): Resource "http://localhost:1080/WebTours/profileValidate.js" is in the cache already and will not be downloaded again  	[MsgId: MMSG-26655]
Action.c(51): Resource "http://localhost:1080/WebTours/images/button_next.gif" is in the cache already and will not be downloaded again  	[MsgId: MMSG-26655]
Action.c(51): Error -26366: "Text=Thank you, <b>jadams555408</b>, for registering and welcome to the Web Tours family." not found for web_reg_find  	[MsgId: MERR-26366]
End auto log messages stack.	[MsgId: MMSG-10544]


Start auto log messages stack - Iteration 104.	[MsgId: MMSG-10545]
Action.c(43): Notify: Transaction "click_SignUpNow" ended with a "Pass" status (Duration: 0,0742).	[MsgId: MMSG-16873]
Action.c(45): lr_think_time: 5,00 seconds.	[MsgId: MMSG-15948]
Action.c(47): Notify: Transaction "complete_profile" started.	[MsgId: MMSG-16999]
Action.c(48): web_reg_find started  	[MsgId: MMSG-26355]
Action.c(48): Registering web_reg_find was successful  	[MsgId: MMSG-26390]
Action.c(51): web_submit_data("login.pl") started  	[MsgId: MMSG-26355]
Action.c(51): Resource "http://localhost:1080/WebTours/profileValidate.js" is in the cache already and will not be downloaded again  	[MsgId: MMSG-26655]
Action.c(51): Resource "http://localhost:1080/WebTours/images/button_next.gif" is in the cache already and will not be downloaded again  	[MsgId: MMSG-26655]
Action.c(51): Error -26366: "Text=Thank you, <b>jsmith321620</b>, for registering and welcome to the Web Tours family." not found for web_reg_find  	[MsgId: MERR-26366]
End auto log messages stack.	[MsgId: MMSG-10544]


Start auto log messages stack - Iteration 69.	[MsgId: MMSG-10545]
Action.c(43): Notify: Transaction "click_SignUpNow" ended with a "Pass" status (Duration: 0,0889).	[MsgId: MMSG-16873]
Action.c(45): lr_think_time: 5,00 seconds.	[MsgId: MMSG-15948]
Action.c(47): Notify: Transaction "complete_profile" started.	[MsgId: MMSG-16999]
Action.c(48): web_reg_find started  	[MsgId: MMSG-26355]
Action.c(48): Registering web_reg_find was successful  	[MsgId: MMSG-26390]
Action.c(51): web_submit_data("login.pl") started  	[MsgId: MMSG-26355]
Action.c(51): Resource "http://localhost:1080/WebTours/profileValidate.js" is in the cache already and will not be downloaded again  	[MsgId: MMSG-26655]
Action.c(51): Resource "http://localhost:1080/WebTours/images/button_next.gif" is in the cache already and will not be downloaded again  	[MsgId: MMSG-26655]
Action.c(51): Error -26366: "Text=Thank you, <b>dhill8823</b>, for registering and welcome to the Web Tours family." not found for web_reg_find  	[MsgId: MERR-26366]
End auto log messages stack.	[MsgId: MMSG-10544]


Start auto log messages stack - Iteration 142.	[MsgId: MMSG-10545]
Action.c(43): Notify: Transaction "click_SignUpNow" ended with a "Pass" status (Duration: 0,0733).	[MsgId: MMSG-16873]
Action.c(45): lr_think_time: 5,00 seconds.	[MsgId: MMSG-15948]
Action.c(47): Notify: Transaction "complete_profile" started.	[MsgId: MMSG-16999]
Action.c(48): web_reg_find started  	[MsgId: MMSG-26355]
Action.c(48): Registering web_reg_find was successful  	[MsgId: MMSG-26390]
Action.c(51): web_submit_data("login.pl") started  	[MsgId: MMSG-26355]
Action.c(51): Resource "http://localhost:1080/WebTours/profileValidate.js" is in the cache already and will not be downloaded again  	[MsgId: MMSG-26655]
Action.c(51): Resource "http://localhost:1080/WebTours/images/button_next.gif" is in the cache already and will not be downloaded again  	[MsgId: MMSG-26655]
Action.c(51): Error -26366: "Text=Thank you, <b>amiller23639</b>, for registering and welcome to the Web Tours family." not found for web_reg_find  	[MsgId: MERR-26366]
End auto log messages stack.	[MsgId: MMSG-10544]


Start auto log messages stack - Iteration 34.	[MsgId: MMSG-10545]
Action.c(43): Notify: Transaction "click_SignUpNow" ended with a "Pass" status (Duration: 0,0820).	[MsgId: MMSG-16873]
Action.c(45): lr_think_time: 5,00 seconds.	[MsgId: MMSG-15948]
Action.c(47): Notify: Transaction "complete_profile" started.	[MsgId: MMSG-16999]
Action.c(48): web_reg_find started  	[MsgId: MMSG-26355]
Action.c(48): Registering web_reg_find was successful  	[MsgId: MMSG-26390]
Action.c(51): web_submit_data("login.pl") started  	[MsgId: MMSG-26355]
Action.c(51): Resource "http://localhost:1080/WebTours/profileValidate.js" is in the cache already and will not be downloaded again  	[MsgId: MMSG-26655]
Action.c(51): Resource "http://localhost:1080/WebTours/images/button_next.gif" is in the cache already and will not be downloaded again  	[MsgId: MMSG-26655]
Action.c(51): Error -26366: "Text=Thank you, <b>klee777155</b>, for registering and welcome to the Web Tours family." not found for web_reg_find  	[MsgId: MERR-26366]
End auto log messages stack.	[MsgId: MMSG-10544]


Start auto log messages stack - Iteration 72.	[MsgId: MMSG-10545]
Action.c(43): Notify: Transaction "click_SignUpNow" ended with a "Pass" status (Duration: 0,0732).	[MsgId: MMSG-16873]
Action.c(45): lr_think_time: 5,00 seconds.	[MsgId: MMSG-15948]
Action.c(47): Notify: Transaction "complete_profile" started.	[MsgId: MMSG-16999]
Action.c(48): web_reg_find started  	[MsgId: MMSG-26355]
Action.c(48): Registering web_reg_find was successful  	[MsgId: MMSG-26390]
Action.c(51): web_submit_data("login.pl") started  	[MsgId: MMSG-26355]
Action.c(51): Resource "http://localhost:1080/WebTours/profileValidate.js" is in the cache already and will not be downloaded again  	[MsgId: MMSG-26655]
Action.c(51): Resource "http://localhost:1080/WebTours/images/button_next.gif" is in the cache already and will not be downloaded again  	[MsgId: MMSG-26655]
Action.c(51): Error -26366: "Text=Thank you, <b>rthompson123171</b>, for registering and welcome to the Web Tours family." not found for web_reg_find  	[MsgId: MERR-26366]
End auto log messages stack.	[MsgId: MMSG-10544]


