Start auto log messages stack - Iteration 4.	[MsgId: MMSG-10545]
Action.c(43): Notify: Transaction "click_SignUpNow" ended with a "Pass" status (Duration: 0,0753 Wasted Time: 0,0000).	[MsgId: MMSG-16871]
Action.c(45): lr_think_time: 5,00 seconds.	[MsgId: MMSG-15948]
Action.c(47): Notify: Transaction "complete_profile" started.	[MsgId: MMSG-16999]
Action.c(48): web_reg_find started  	[MsgId: MMSG-26355]
Action.c(48): Registering web_reg_find was successful  	[MsgId: MMSG-26390]
Action.c(51): web_submit_data("login.pl") started  	[MsgId: MMSG-26355]
Action.c(51): Resource "http://localhost:1080/WebTours/profileValidate.js" is in the cache already and will not be downloaded again  	[MsgId: MMSG-26655]
Action.c(51): Resource "http://localhost:1080/WebTours/images/button_next.gif" is in the cache already and will not be downloaded again  	[MsgId: MMSG-26655]
Action.c(51): Error -26366: "Text=Thank you, <b>klee77736</b>, for registering and welcome to the Web Tours family." not found for web_reg_find  	[MsgId: MERR-26366]
End auto log messages stack.	[MsgId: MMSG-10544]


Start auto log messages stack - Iteration 8.	[MsgId: MMSG-10545]
Action.c(43): Notify: Transaction "click_SignUpNow" ended with a "Pass" status (Duration: 0,0778 Wasted Time: 0,0000).	[MsgId: MMSG-16871]
Action.c(45): lr_think_time: 5,00 seconds.	[MsgId: MMSG-15948]
Action.c(47): Notify: Transaction "complete_profile" started.	[MsgId: MMSG-16999]
Action.c(48): web_reg_find started  	[MsgId: MMSG-26355]
Action.c(48): Registering web_reg_find was successful  	[MsgId: MMSG-26390]
Action.c(51): web_submit_data("login.pl") started  	[MsgId: MMSG-26355]
Action.c(51): Resource "http://localhost:1080/WebTours/profileValidate.js" is in the cache already and will not be downloaded again  	[MsgId: MMSG-26655]
Action.c(51): Resource "http://localhost:1080/WebTours/images/button_next.gif" is in the cache already and will not be downloaded again  	[MsgId: MMSG-26655]
Action.c(51): Error -26366: "Text=Thank you, <b>amiller2324</b>, for registering and welcome to the Web Tours family." not found for web_reg_find  	[MsgId: MERR-26366]
End auto log messages stack.	[MsgId: MMSG-10544]


Start auto log messages stack - Iteration 12.	[MsgId: MMSG-10545]
Action.c(43): Notify: Transaction "click_SignUpNow" ended with a "Pass" status (Duration: 0,0744 Wasted Time: 0,0000).	[MsgId: MMSG-16871]
Action.c(45): lr_think_time: 5,00 seconds.	[MsgId: MMSG-15948]
Action.c(47): Notify: Transaction "complete_profile" started.	[MsgId: MMSG-16999]
Action.c(48): web_reg_find started  	[MsgId: MMSG-26355]
Action.c(48): Registering web_reg_find was successful  	[MsgId: MMSG-26390]
Action.c(51): web_submit_data("login.pl") started  	[MsgId: MMSG-26355]
Action.c(51): Resource "http://localhost:1080/WebTours/profileValidate.js" is in the cache already and will not be downloaded again  	[MsgId: MMSG-26655]
Action.c(51): Resource "http://localhost:1080/WebTours/images/button_next.gif" is in the cache already and will not be downloaded again  	[MsgId: MMSG-26655]
Action.c(51): Error -26366: "Text=Thank you, <b>mrodriguez112</b>, for registering and welcome to the Web Tours family." not found for web_reg_find  	[MsgId: MERR-26366]
End auto log messages stack.	[MsgId: MMSG-10544]


Start auto log messages stack - Iteration 21.	[MsgId: MMSG-10545]
Action.c(43): Notify: Transaction "click_SignUpNow" ended with a "Pass" status (Duration: 0,0784 Wasted Time: 0,0000).	[MsgId: MMSG-16871]
Action.c(45): lr_think_time: 5,00 seconds.	[MsgId: MMSG-15948]
Action.c(47): Notify: Transaction "complete_profile" started.	[MsgId: MMSG-16999]
Action.c(48): web_reg_find started  	[MsgId: MMSG-26355]
Action.c(48): Registering web_reg_find was successful  	[MsgId: MMSG-26390]
Action.c(51): web_submit_data("login.pl") started  	[MsgId: MMSG-26355]
Action.c(51): Resource "http://localhost:1080/WebTours/profileValidate.js" is in the cache already and will not be downloaded again  	[MsgId: MMSG-26655]
Action.c(51): Resource "http://localhost:1080/WebTours/images/button_next.gif" is in the cache already and will not be downloaded again  	[MsgId: MMSG-26655]
Action.c(51): Error -26366: "Text=Thank you, <b>pthomas9694</b>, for registering and welcome to the Web Tours family." not found for web_reg_find  	[MsgId: MERR-26366]
End auto log messages stack.	[MsgId: MMSG-10544]


Start auto log messages stack - Iteration 24.	[MsgId: MMSG-10545]
Action.c(43): Notify: Transaction "click_SignUpNow" ended with a "Pass" status (Duration: 0,0733 Wasted Time: 0,0000).	[MsgId: MMSG-16871]
Action.c(45): lr_think_time: 5,00 seconds.	[MsgId: MMSG-15948]
Action.c(47): Notify: Transaction "complete_profile" started.	[MsgId: MMSG-16999]
Action.c(48): web_reg_find started  	[MsgId: MMSG-26355]
Action.c(48): Registering web_reg_find was successful  	[MsgId: MMSG-26390]
Action.c(51): web_submit_data("login.pl") started  	[MsgId: MMSG-26355]
Action.c(51): Resource "http://localhost:1080/WebTours/profileValidate.js" is in the cache already and will not be downloaded again  	[MsgId: MMSG-26655]
Action.c(51): Resource "http://localhost:1080/WebTours/images/button_next.gif" is in the cache already and will not be downloaded again  	[MsgId: MMSG-26655]
Action.c(51): Error -26366: "Text=Thank you, <b>jadams55562</b>, for registering and welcome to the Web Tours family." not found for web_reg_find  	[MsgId: MERR-26366]
End auto log messages stack.	[MsgId: MMSG-10544]


Start auto log messages stack - Iteration 25.	[MsgId: MMSG-10545]
Action.c(43): Notify: Transaction "click_SignUpNow" ended with a "Pass" status (Duration: 0,0734 Wasted Time: 0,0000).	[MsgId: MMSG-16871]
Action.c(45): lr_think_time: 5,00 seconds.	[MsgId: MMSG-15948]
Action.c(47): Notify: Transaction "complete_profile" started.	[MsgId: MMSG-16999]
Action.c(48): web_reg_find started  	[MsgId: MMSG-26355]
Action.c(48): Registering web_reg_find was successful  	[MsgId: MMSG-26390]
Action.c(51): web_submit_data("login.pl") started  	[MsgId: MMSG-26355]
Action.c(51): Resource "http://localhost:1080/WebTours/profileValidate.js" is in the cache already and will not be downloaded again  	[MsgId: MMSG-26655]
Action.c(51): Resource "http://localhost:1080/WebTours/images/button_next.gif" is in the cache already and will not be downloaded again  	[MsgId: MMSG-26655]
Action.c(51): Error -26366: "Text=Thank you, <b>jsmith32157</b>, for registering and welcome to the Web Tours family." not found for web_reg_find  	[MsgId: MERR-26366]
End auto log messages stack.	[MsgId: MMSG-10544]


Start auto log messages stack - Iteration 26.	[MsgId: MMSG-10545]
Action.c(43): Notify: Transaction "click_SignUpNow" ended with a "Pass" status (Duration: 0,0731 Wasted Time: 0,0000).	[MsgId: MMSG-16871]
Action.c(45): lr_think_time: 5,00 seconds.	[MsgId: MMSG-15948]
Action.c(47): Notify: Transaction "complete_profile" started.	[MsgId: MMSG-16999]
Action.c(48): web_reg_find started  	[MsgId: MMSG-26355]
Action.c(48): Registering web_reg_find was successful  	[MsgId: MMSG-26390]
Action.c(51): web_submit_data("login.pl") started  	[MsgId: MMSG-26355]
Action.c(51): Resource "http://localhost:1080/WebTours/profileValidate.js" is in the cache already and will not be downloaded again  	[MsgId: MMSG-26655]
Action.c(51): Resource "http://localhost:1080/WebTours/images/button_next.gif" is in the cache already and will not be downloaded again  	[MsgId: MMSG-26655]
Action.c(51): Error -26366: "Text=Thank you, <b>pthomas965</b>, for registering and welcome to the Web Tours family." not found for web_reg_find  	[MsgId: MERR-26366]
End auto log messages stack.	[MsgId: MMSG-10544]


Start auto log messages stack - Iteration 30.	[MsgId: MMSG-10545]
Action.c(43): Notify: Transaction "click_SignUpNow" ended with a "Pass" status (Duration: 0,0737 Wasted Time: 0,0000).	[MsgId: MMSG-16871]
Action.c(45): lr_think_time: 5,00 seconds.	[MsgId: MMSG-15948]
Action.c(47): Notify: Transaction "complete_profile" started.	[MsgId: MMSG-16999]
Action.c(48): web_reg_find started  	[MsgId: MMSG-26355]
Action.c(48): Registering web_reg_find was successful  	[MsgId: MMSG-26390]
Action.c(51): web_submit_data("login.pl") started  	[MsgId: MMSG-26355]
Action.c(51): Resource "http://localhost:1080/WebTours/profileValidate.js" is in the cache already and will not be downloaded again  	[MsgId: MMSG-26655]
Action.c(51): Resource "http://localhost:1080/WebTours/images/button_next.gif" is in the cache already and will not be downloaded again  	[MsgId: MMSG-26655]
Action.c(51): Error -26366: "Text=Thank you, <b>jojo59</b>, for registering and welcome to the Web Tours family." not found for web_reg_find  	[MsgId: MERR-26366]
End auto log messages stack.	[MsgId: MMSG-10544]


Start auto log messages stack - Iteration 32.	[MsgId: MMSG-10545]
Action.c(43): Notify: Transaction "click_SignUpNow" ended with a "Pass" status (Duration: 0,0739 Wasted Time: 0,0000).	[MsgId: MMSG-16871]
Action.c(45): lr_think_time: 5,00 seconds.	[MsgId: MMSG-15948]
Action.c(47): Notify: Transaction "complete_profile" started.	[MsgId: MMSG-16999]
Action.c(48): web_reg_find started  	[MsgId: MMSG-26355]
Action.c(48): Registering web_reg_find was successful  	[MsgId: MMSG-26390]
Action.c(51): web_submit_data("login.pl") started  	[MsgId: MMSG-26355]
Action.c(51): Resource "http://localhost:1080/WebTours/profileValidate.js" is in the cache already and will not be downloaded again  	[MsgId: MMSG-26655]
Action.c(51): Resource "http://localhost:1080/WebTours/images/button_next.gif" is in the cache already and will not be downloaded again  	[MsgId: MMSG-26655]
Action.c(51): Error -26366: "Text=Thank you, <b>pthomas9699</b>, for registering and welcome to the Web Tours family." not found for web_reg_find  	[MsgId: MERR-26366]
End auto log messages stack.	[MsgId: MMSG-10544]


Start auto log messages stack - Iteration 33.	[MsgId: MMSG-10545]
Action.c(43): Notify: Transaction "click_SignUpNow" ended with a "Pass" status (Duration: 0,0724 Wasted Time: 0,0000).	[MsgId: MMSG-16871]
Action.c(45): lr_think_time: 5,00 seconds.	[MsgId: MMSG-15948]
Action.c(47): Notify: Transaction "complete_profile" started.	[MsgId: MMSG-16999]
Action.c(48): web_reg_find started  	[MsgId: MMSG-26355]
Action.c(48): Registering web_reg_find was successful  	[MsgId: MMSG-26390]
Action.c(51): web_submit_data("login.pl") started  	[MsgId: MMSG-26355]
Action.c(51): Resource "http://localhost:1080/WebTours/profileValidate.js" is in the cache already and will not be downloaded again  	[MsgId: MMSG-26655]
Action.c(51): Resource "http://localhost:1080/WebTours/images/button_next.gif" is in the cache already and will not be downloaded again  	[MsgId: MMSG-26655]
Action.c(51): Error -26366: "Text=Thank you, <b>bjohnson8270</b>, for registering and welcome to the Web Tours family." not found for web_reg_find  	[MsgId: MERR-26366]
End auto log messages stack.	[MsgId: MMSG-10544]


