Start auto log messages stack - Iteration 4.	[MsgId: MMSG-10545]
Action.c(43): Notify: Transaction "click_SignUpNow" ended with a "Pass" status (Duration: 0,0756 Wasted Time: 0,0000).	[MsgId: MMSG-16871]
Action.c(45): lr_think_time: 17,00 seconds.	[MsgId: MMSG-15948]
Action.c(47): Notify: Transaction "complete_profile" started.	[MsgId: MMSG-16999]
Action.c(48): web_reg_find started  	[MsgId: MMSG-26355]
Action.c(48): Registering web_reg_find was successful  	[MsgId: MMSG-26390]
Action.c(51): web_submit_data("login.pl") started  	[MsgId: MMSG-26355]
Action.c(51): Resource "http://localhost:1080/WebTours/profileValidate.js" is in the cache already and will not be downloaded again  	[MsgId: MMSG-26655]
Action.c(51): Resource "http://localhost:1080/WebTours/images/button_next.gif" is in the cache already and will not be downloaded again  	[MsgId: MMSG-26655]
Action.c(51): Error -26366: "Text=Thank you, <b>bjohnson8219</b>, for registering and welcome to the Web Tours family." not found for web_reg_find  	[MsgId: MERR-26366]
End auto log messages stack.	[MsgId: MMSG-10544]


Start auto log messages stack - Iteration 6.	[MsgId: MMSG-10545]
Action.c(43): Notify: Transaction "click_SignUpNow" ended with a "Pass" status (Duration: 0,0753 Wasted Time: 0,0000).	[MsgId: MMSG-16871]
Action.c(45): lr_think_time: 17,00 seconds.	[MsgId: MMSG-15948]
Action.c(47): Notify: Transaction "complete_profile" started.	[MsgId: MMSG-16999]
Action.c(48): web_reg_find started  	[MsgId: MMSG-26355]
Action.c(48): Registering web_reg_find was successful  	[MsgId: MMSG-26390]
Action.c(51): web_submit_data("login.pl") started  	[MsgId: MMSG-26355]
Action.c(51): Resource "http://localhost:1080/WebTours/profileValidate.js" is in the cache already and will not be downloaded again  	[MsgId: MMSG-26655]
Action.c(51): Resource "http://localhost:1080/WebTours/images/button_next.gif" is in the cache already and will not be downloaded again  	[MsgId: MMSG-26655]
Action.c(51): Error -26366: "Text=Thank you, <b>rthompson12344</b>, for registering and welcome to the Web Tours family." not found for web_reg_find  	[MsgId: MERR-26366]
End auto log messages stack.	[MsgId: MMSG-10544]


Start auto log messages stack - Iteration 11.	[MsgId: MMSG-10545]
Action.c(43): Notify: Transaction "click_SignUpNow" ended with a "Pass" status (Duration: 0,0739 Wasted Time: 0,0000).	[MsgId: MMSG-16871]
Action.c(45): lr_think_time: 17,00 seconds.	[MsgId: MMSG-15948]
Action.c(47): Notify: Transaction "complete_profile" started.	[MsgId: MMSG-16999]
Action.c(48): web_reg_find started  	[MsgId: MMSG-26355]
Action.c(48): Registering web_reg_find was successful  	[MsgId: MMSG-26390]
Action.c(51): web_submit_data("login.pl") started  	[MsgId: MMSG-26355]
Action.c(51): Resource "http://localhost:1080/WebTours/profileValidate.js" is in the cache already and will not be downloaded again  	[MsgId: MMSG-26655]
Action.c(51): Resource "http://localhost:1080/WebTours/images/button_next.gif" is in the cache already and will not be downloaded again  	[MsgId: MMSG-26655]
Action.c(51): Error -26366: "Text=Thank you, <b>jojo66</b>, for registering and welcome to the Web Tours family." not found for web_reg_find  	[MsgId: MERR-26366]
End auto log messages stack.	[MsgId: MMSG-10544]


Start auto log messages stack - Iteration 13.	[MsgId: MMSG-10545]
Action.c(43): Notify: Transaction "click_SignUpNow" ended with a "Pass" status (Duration: 0,0786 Wasted Time: 0,0000).	[MsgId: MMSG-16871]
Action.c(45): lr_think_time: 17,00 seconds.	[MsgId: MMSG-15948]
Action.c(47): Notify: Transaction "complete_profile" started.	[MsgId: MMSG-16999]
Action.c(48): web_reg_find started  	[MsgId: MMSG-26355]
Action.c(48): Registering web_reg_find was successful  	[MsgId: MMSG-26390]
Action.c(51): web_submit_data("login.pl") started  	[MsgId: MMSG-26355]
Action.c(51): Resource "http://localhost:1080/WebTours/profileValidate.js" is in the cache already and will not be downloaded again  	[MsgId: MMSG-26655]
Action.c(51): Resource "http://localhost:1080/WebTours/images/button_next.gif" is in the cache already and will not be downloaded again  	[MsgId: MMSG-26655]
Action.c(51): Error -26366: "Text=Thank you, <b>bjohnson8278</b>, for registering and welcome to the Web Tours family." not found for web_reg_find  	[MsgId: MERR-26366]
End auto log messages stack.	[MsgId: MMSG-10544]


Start auto log messages stack - Iteration 14.	[MsgId: MMSG-10545]
Action.c(43): Notify: Transaction "click_SignUpNow" ended with a "Pass" status (Duration: 0,0742 Wasted Time: 0,0000).	[MsgId: MMSG-16871]
Action.c(45): lr_think_time: 17,00 seconds.	[MsgId: MMSG-15948]
Action.c(47): Notify: Transaction "complete_profile" started.	[MsgId: MMSG-16999]
Action.c(48): web_reg_find started  	[MsgId: MMSG-26355]
Action.c(48): Registering web_reg_find was successful  	[MsgId: MMSG-26390]
Action.c(51): web_submit_data("login.pl") started  	[MsgId: MMSG-26355]
Action.c(51): Resource "http://localhost:1080/WebTours/profileValidate.js" is in the cache already and will not be downloaded again  	[MsgId: MMSG-26655]
Action.c(51): Resource "http://localhost:1080/WebTours/images/button_next.gif" is in the cache already and will not be downloaded again  	[MsgId: MMSG-26655]
Action.c(51): Error -26366: "Text=Thank you, <b>bjohnson8215</b>, for registering and welcome to the Web Tours family." not found for web_reg_find  	[MsgId: MERR-26366]
End auto log messages stack.	[MsgId: MMSG-10544]


Start auto log messages stack - Iteration 16.	[MsgId: MMSG-10545]
Action.c(43): Notify: Transaction "click_SignUpNow" ended with a "Pass" status (Duration: 0,0825 Wasted Time: 0,0000).	[MsgId: MMSG-16871]
Action.c(45): lr_think_time: 17,00 seconds.	[MsgId: MMSG-15948]
Action.c(47): Notify: Transaction "complete_profile" started.	[MsgId: MMSG-16999]
Action.c(48): web_reg_find started  	[MsgId: MMSG-26355]
Action.c(48): Registering web_reg_find was successful  	[MsgId: MMSG-26390]
Action.c(51): web_submit_data("login.pl") started  	[MsgId: MMSG-26355]
Action.c(51): Resource "http://localhost:1080/WebTours/profileValidate.js" is in the cache already and will not be downloaded again  	[MsgId: MMSG-26655]
Action.c(51): Resource "http://localhost:1080/WebTours/images/button_next.gif" is in the cache already and will not be downloaded again  	[MsgId: MMSG-26655]
Action.c(51): Error -26366: "Text=Thank you, <b>dhill888</b>, for registering and welcome to the Web Tours family." not found for web_reg_find  	[MsgId: MERR-26366]
End auto log messages stack.	[MsgId: MMSG-10544]


Start auto log messages stack - Iteration 16.	[MsgId: MMSG-10545]
Action.c(43): Notify: Transaction "click_SignUpNow" ended with a "Pass" status (Duration: 0,0753 Wasted Time: 0,0000).	[MsgId: MMSG-16871]
Action.c(45): lr_think_time: 17,00 seconds.	[MsgId: MMSG-15948]
Action.c(47): Notify: Transaction "complete_profile" started.	[MsgId: MMSG-16999]
Action.c(48): web_reg_find started  	[MsgId: MMSG-26355]
Action.c(48): Registering web_reg_find was successful  	[MsgId: MMSG-26390]
Action.c(51): web_submit_data("login.pl") started  	[MsgId: MMSG-26355]
Action.c(51): Resource "http://localhost:1080/WebTours/profileValidate.js" is in the cache already and will not be downloaded again  	[MsgId: MMSG-26655]
Action.c(51): Resource "http://localhost:1080/WebTours/images/button_next.gif" is in the cache already and will not be downloaded again  	[MsgId: MMSG-26655]
Action.c(51): Error -26366: "Text=Thank you, <b>pthomas9694</b>, for registering and welcome to the Web Tours family." not found for web_reg_find  	[MsgId: MERR-26366]
End auto log messages stack.	[MsgId: MMSG-10544]


Start auto log messages stack - Iteration 19.	[MsgId: MMSG-10545]
Action.c(43): Notify: Transaction "click_SignUpNow" ended with a "Pass" status (Duration: 0,0951 Wasted Time: 0,0000).	[MsgId: MMSG-16871]
Action.c(45): lr_think_time: 17,00 seconds.	[MsgId: MMSG-15948]
Action.c(47): Notify: Transaction "complete_profile" started.	[MsgId: MMSG-16999]
Action.c(48): web_reg_find started  	[MsgId: MMSG-26355]
Action.c(48): Registering web_reg_find was successful  	[MsgId: MMSG-26390]
Action.c(51): web_submit_data("login.pl") started  	[MsgId: MMSG-26355]
Action.c(51): Resource "http://localhost:1080/WebTours/profileValidate.js" is in the cache already and will not be downloaded again  	[MsgId: MMSG-26655]
Action.c(51): Resource "http://localhost:1080/WebTours/images/button_next.gif" is in the cache already and will not be downloaded again  	[MsgId: MMSG-26655]
Action.c(51): Error -26366: "Text=Thank you, <b>rthompson12376</b>, for registering and welcome to the Web Tours family." not found for web_reg_find  	[MsgId: MERR-26366]
End auto log messages stack.	[MsgId: MMSG-10544]


Start auto log messages stack - Iteration 20.	[MsgId: MMSG-10545]
Action.c(43): Notify: Transaction "click_SignUpNow" ended with a "Pass" status (Duration: 0,0754 Wasted Time: 0,0000).	[MsgId: MMSG-16871]
Action.c(45): lr_think_time: 17,00 seconds.	[MsgId: MMSG-15948]
Action.c(47): Notify: Transaction "complete_profile" started.	[MsgId: MMSG-16999]
Action.c(48): web_reg_find started  	[MsgId: MMSG-26355]
Action.c(48): Registering web_reg_find was successful  	[MsgId: MMSG-26390]
Action.c(51): web_submit_data("login.pl") started  	[MsgId: MMSG-26355]
Action.c(51): Resource "http://localhost:1080/WebTours/profileValidate.js" is in the cache already and will not be downloaded again  	[MsgId: MMSG-26655]
Action.c(51): Resource "http://localhost:1080/WebTours/images/button_next.gif" is in the cache already and will not be downloaded again  	[MsgId: MMSG-26655]
Action.c(51): Error -26366: "Text=Thank you, <b>rthompson12369</b>, for registering and welcome to the Web Tours family." not found for web_reg_find  	[MsgId: MERR-26366]
End auto log messages stack.	[MsgId: MMSG-10544]


Start auto log messages stack - Iteration 20.	[MsgId: MMSG-10545]
Action.c(43): Notify: Transaction "click_SignUpNow" ended with a "Pass" status (Duration: 0,0758 Wasted Time: 0,0000).	[MsgId: MMSG-16871]
Action.c(45): lr_think_time: 17,00 seconds.	[MsgId: MMSG-15948]
Action.c(47): Notify: Transaction "complete_profile" started.	[MsgId: MMSG-16999]
Action.c(48): web_reg_find started  	[MsgId: MMSG-26355]
Action.c(48): Registering web_reg_find was successful  	[MsgId: MMSG-26390]
Action.c(51): web_submit_data("login.pl") started  	[MsgId: MMSG-26355]
Action.c(51): Resource "http://localhost:1080/WebTours/profileValidate.js" is in the cache already and will not be downloaded again  	[MsgId: MMSG-26655]
Action.c(51): Resource "http://localhost:1080/WebTours/images/button_next.gif" is in the cache already and will not be downloaded again  	[MsgId: MMSG-26655]
Action.c(51): Error -26366: "Text=Thank you, <b>jadams55579</b>, for registering and welcome to the Web Tours family." not found for web_reg_find  	[MsgId: MERR-26366]
End auto log messages stack.	[MsgId: MMSG-10544]


Start auto log messages stack - Iteration 22.	[MsgId: MMSG-10545]
Action.c(43): Notify: Transaction "click_SignUpNow" ended with a "Pass" status (Duration: 0,0814 Wasted Time: 0,0000).	[MsgId: MMSG-16871]
Action.c(45): lr_think_time: 17,00 seconds.	[MsgId: MMSG-15948]
Action.c(47): Notify: Transaction "complete_profile" started.	[MsgId: MMSG-16999]
Action.c(48): web_reg_find started  	[MsgId: MMSG-26355]
Action.c(48): Registering web_reg_find was successful  	[MsgId: MMSG-26390]
Action.c(51): web_submit_data("login.pl") started  	[MsgId: MMSG-26355]
Action.c(51): Resource "http://localhost:1080/WebTours/profileValidate.js" is in the cache already and will not be downloaded again  	[MsgId: MMSG-26655]
Action.c(51): Resource "http://localhost:1080/WebTours/images/button_next.gif" is in the cache already and will not be downloaded again  	[MsgId: MMSG-26655]
Action.c(51): Error -26366: "Text=Thank you, <b>pthomas969</b>, for registering and welcome to the Web Tours family." not found for web_reg_find  	[MsgId: MERR-26366]
End auto log messages stack.	[MsgId: MMSG-10544]


Start auto log messages stack - Iteration 8.	[MsgId: MMSG-10545]
Action.c(43): Notify: Transaction "click_SignUpNow" ended with a "Pass" status (Duration: 0,0828 Wasted Time: 0,0000).	[MsgId: MMSG-16871]
Action.c(45): lr_think_time: 17,00 seconds.	[MsgId: MMSG-15948]
Action.c(47): Notify: Transaction "complete_profile" started.	[MsgId: MMSG-16999]
Action.c(48): web_reg_find started  	[MsgId: MMSG-26355]
Action.c(48): Registering web_reg_find was successful  	[MsgId: MMSG-26390]
Action.c(51): web_submit_data("login.pl") started  	[MsgId: MMSG-26355]
Action.c(51): Resource "http://localhost:1080/WebTours/profileValidate.js" is in the cache already and will not be downloaded again  	[MsgId: MMSG-26655]
Action.c(51): Resource "http://localhost:1080/WebTours/images/button_next.gif" is in the cache already and will not be downloaded again  	[MsgId: MMSG-26655]
Action.c(51): Error -26366: "Text=Thank you, <b>amiller2395</b>, for registering and welcome to the Web Tours family." not found for web_reg_find  	[MsgId: MERR-26366]
End auto log messages stack.	[MsgId: MMSG-10544]


Start auto log messages stack - Iteration 9.	[MsgId: MMSG-10545]
Action.c(43): Notify: Transaction "click_SignUpNow" ended with a "Pass" status (Duration: 0,0734 Wasted Time: 0,0000).	[MsgId: MMSG-16871]
Action.c(45): lr_think_time: 17,00 seconds.	[MsgId: MMSG-15948]
Action.c(47): Notify: Transaction "complete_profile" started.	[MsgId: MMSG-16999]
Action.c(48): web_reg_find started  	[MsgId: MMSG-26355]
Action.c(48): Registering web_reg_find was successful  	[MsgId: MMSG-26390]
Action.c(51): web_submit_data("login.pl") started  	[MsgId: MMSG-26355]
Action.c(51): Resource "http://localhost:1080/WebTours/profileValidate.js" is in the cache already and will not be downloaded again  	[MsgId: MMSG-26655]
Action.c(51): Resource "http://localhost:1080/WebTours/images/button_next.gif" is in the cache already and will not be downloaded again  	[MsgId: MMSG-26655]
Action.c(51): Error -26366: "Text=Thank you, <b>jojo35</b>, for registering and welcome to the Web Tours family." not found for web_reg_find  	[MsgId: MERR-26366]
End auto log messages stack.	[MsgId: MMSG-10544]


Start auto log messages stack - Iteration 24.	[MsgId: MMSG-10545]
Action.c(43): Notify: Transaction "click_SignUpNow" ended with a "Pass" status (Duration: 0,0744 Wasted Time: 0,0000).	[MsgId: MMSG-16871]
Action.c(45): lr_think_time: 17,00 seconds.	[MsgId: MMSG-15948]
Action.c(47): Notify: Transaction "complete_profile" started.	[MsgId: MMSG-16999]
Action.c(48): web_reg_find started  	[MsgId: MMSG-26355]
Action.c(48): Registering web_reg_find was successful  	[MsgId: MMSG-26390]
Action.c(51): web_submit_data("login.pl") started  	[MsgId: MMSG-26355]
Action.c(51): Resource "http://localhost:1080/WebTours/profileValidate.js" is in the cache already and will not be downloaded again  	[MsgId: MMSG-26655]
Action.c(51): Resource "http://localhost:1080/WebTours/images/button_next.gif" is in the cache already and will not be downloaded again  	[MsgId: MMSG-26655]
Action.c(51): Error -26366: "Text=Thank you, <b>rthompson12397</b>, for registering and welcome to the Web Tours family." not found for web_reg_find  	[MsgId: MERR-26366]
End auto log messages stack.	[MsgId: MMSG-10544]


Start auto log messages stack - Iteration 9.	[MsgId: MMSG-10545]
Action.c(43): Notify: Transaction "click_SignUpNow" ended with a "Pass" status (Duration: 0,1014 Wasted Time: 0,0000).	[MsgId: MMSG-16871]
Action.c(45): lr_think_time: 17,00 seconds.	[MsgId: MMSG-15948]
Action.c(47): Notify: Transaction "complete_profile" started.	[MsgId: MMSG-16999]
Action.c(48): web_reg_find started  	[MsgId: MMSG-26355]
Action.c(48): Registering web_reg_find was successful  	[MsgId: MMSG-26390]
Action.c(51): web_submit_data("login.pl") started  	[MsgId: MMSG-26355]
Action.c(51): Resource "http://localhost:1080/WebTours/profileValidate.js" is in the cache already and will not be downloaded again  	[MsgId: MMSG-26655]
Action.c(51): Resource "http://localhost:1080/WebTours/images/button_next.gif" is in the cache already and will not be downloaded again  	[MsgId: MMSG-26655]
Action.c(51): Error -26366: "Text=Thank you, <b>jojo66</b>, for registering and welcome to the Web Tours family." not found for web_reg_find  	[MsgId: MERR-26366]
End auto log messages stack.	[MsgId: MMSG-10544]


Start auto log messages stack - Iteration 10.	[MsgId: MMSG-10545]
Action.c(43): Notify: Transaction "click_SignUpNow" ended with a "Pass" status (Duration: 0,0779 Wasted Time: 0,0000).	[MsgId: MMSG-16871]
Action.c(45): lr_think_time: 17,00 seconds.	[MsgId: MMSG-15948]
Action.c(47): Notify: Transaction "complete_profile" started.	[MsgId: MMSG-16999]
Action.c(48): web_reg_find started  	[MsgId: MMSG-26355]
Action.c(48): Registering web_reg_find was successful  	[MsgId: MMSG-26390]
Action.c(51): web_submit_data("login.pl") started  	[MsgId: MMSG-26355]
Action.c(51): Resource "http://localhost:1080/WebTours/profileValidate.js" is in the cache already and will not be downloaded again  	[MsgId: MMSG-26655]
Action.c(51): Resource "http://localhost:1080/WebTours/images/button_next.gif" is in the cache already and will not be downloaded again  	[MsgId: MMSG-26655]
Action.c(51): Error -26366: "Text=Thank you, <b>jadams55585</b>, for registering and welcome to the Web Tours family." not found for web_reg_find  	[MsgId: MERR-26366]
End auto log messages stack.	[MsgId: MMSG-10544]


Start auto log messages stack - Iteration 26.	[MsgId: MMSG-10545]
Action.c(43): Notify: Transaction "click_SignUpNow" ended with a "Pass" status (Duration: 0,0741 Wasted Time: 0,0000).	[MsgId: MMSG-16871]
Action.c(45): lr_think_time: 17,00 seconds.	[MsgId: MMSG-15948]
Action.c(47): Notify: Transaction "complete_profile" started.	[MsgId: MMSG-16999]
Action.c(48): web_reg_find started  	[MsgId: MMSG-26355]
Action.c(48): Registering web_reg_find was successful  	[MsgId: MMSG-26390]
Action.c(51): web_submit_data("login.pl") started  	[MsgId: MMSG-26355]
Action.c(51): Resource "http://localhost:1080/WebTours/profileValidate.js" is in the cache already and will not be downloaded again  	[MsgId: MMSG-26655]
Action.c(51): Resource "http://localhost:1080/WebTours/images/button_next.gif" is in the cache already and will not be downloaded again  	[MsgId: MMSG-26655]
Action.c(51): Error -26366: "Text=Thank you, <b>klee77767</b>, for registering and welcome to the Web Tours family." not found for web_reg_find  	[MsgId: MERR-26366]
End auto log messages stack.	[MsgId: MMSG-10544]


Start auto log messages stack - Iteration 27.	[MsgId: MMSG-10545]
Action.c(43): Notify: Transaction "click_SignUpNow" ended with a "Pass" status (Duration: 0,0885 Wasted Time: 0,0000).	[MsgId: MMSG-16871]
Action.c(45): lr_think_time: 17,00 seconds.	[MsgId: MMSG-15948]
Action.c(47): Notify: Transaction "complete_profile" started.	[MsgId: MMSG-16999]
Action.c(48): web_reg_find started  	[MsgId: MMSG-26355]
Action.c(48): Registering web_reg_find was successful  	[MsgId: MMSG-26390]
Action.c(51): web_submit_data("login.pl") started  	[MsgId: MMSG-26355]
Action.c(51): Resource "http://localhost:1080/WebTours/profileValidate.js" is in the cache already and will not be downloaded again  	[MsgId: MMSG-26655]
Action.c(51): Resource "http://localhost:1080/WebTours/images/button_next.gif" is in the cache already and will not be downloaded again  	[MsgId: MMSG-26655]
Action.c(51): Error -26366: "Text=Thank you, <b>dhill8825</b>, for registering and welcome to the Web Tours family." not found for web_reg_find  	[MsgId: MERR-26366]
End auto log messages stack.	[MsgId: MMSG-10544]


Start auto log messages stack - Iteration 28.	[MsgId: MMSG-10545]
Action.c(43): Notify: Transaction "click_SignUpNow" ended with a "Pass" status (Duration: 0,0743 Wasted Time: 0,0000).	[MsgId: MMSG-16871]
Action.c(45): lr_think_time: 17,00 seconds.	[MsgId: MMSG-15948]
Action.c(47): Notify: Transaction "complete_profile" started.	[MsgId: MMSG-16999]
Action.c(48): web_reg_find started  	[MsgId: MMSG-26355]
Action.c(48): Registering web_reg_find was successful  	[MsgId: MMSG-26390]
Action.c(51): web_submit_data("login.pl") started  	[MsgId: MMSG-26355]
Action.c(51): Resource "http://localhost:1080/WebTours/profileValidate.js" is in the cache already and will not be downloaded again  	[MsgId: MMSG-26655]
Action.c(51): Resource "http://localhost:1080/WebTours/images/button_next.gif" is in the cache already and will not be downloaded again  	[MsgId: MMSG-26655]
Action.c(51): Error -26366: "Text=Thank you, <b>bjohnson828</b>, for registering and welcome to the Web Tours family." not found for web_reg_find  	[MsgId: MERR-26366]
End auto log messages stack.	[MsgId: MMSG-10544]


Start auto log messages stack - Iteration 28.	[MsgId: MMSG-10545]
Action.c(43): Notify: Transaction "click_SignUpNow" ended with a "Pass" status (Duration: 0,0746 Wasted Time: 0,0000).	[MsgId: MMSG-16871]
Action.c(45): lr_think_time: 17,00 seconds.	[MsgId: MMSG-15948]
Action.c(47): Notify: Transaction "complete_profile" started.	[MsgId: MMSG-16999]
Action.c(48): web_reg_find started  	[MsgId: MMSG-26355]
Action.c(48): Registering web_reg_find was successful  	[MsgId: MMSG-26390]
Action.c(51): web_submit_data("login.pl") started  	[MsgId: MMSG-26355]
Action.c(51): Resource "http://localhost:1080/WebTours/profileValidate.js" is in the cache already and will not be downloaded again  	[MsgId: MMSG-26655]
Action.c(51): Resource "http://localhost:1080/WebTours/images/button_next.gif" is in the cache already and will not be downloaded again  	[MsgId: MMSG-26655]
Action.c(51): Error -26366: "Text=Thank you, <b>amiller2319</b>, for registering and welcome to the Web Tours family." not found for web_reg_find  	[MsgId: MERR-26366]
End auto log messages stack.	[MsgId: MMSG-10544]


Start auto log messages stack - Iteration 29.	[MsgId: MMSG-10545]
Action.c(43): Notify: Transaction "click_SignUpNow" ended with a "Pass" status (Duration: 0,0785 Wasted Time: 0,0000).	[MsgId: MMSG-16871]
Action.c(45): lr_think_time: 17,00 seconds.	[MsgId: MMSG-15948]
Action.c(47): Notify: Transaction "complete_profile" started.	[MsgId: MMSG-16999]
Action.c(48): web_reg_find started  	[MsgId: MMSG-26355]
Action.c(48): Registering web_reg_find was successful  	[MsgId: MMSG-26390]
Action.c(51): web_submit_data("login.pl") started  	[MsgId: MMSG-26355]
Action.c(51): Resource "http://localhost:1080/WebTours/profileValidate.js" is in the cache already and will not be downloaded again  	[MsgId: MMSG-26655]
Action.c(51): Resource "http://localhost:1080/WebTours/images/button_next.gif" is in the cache already and will not be downloaded again  	[MsgId: MMSG-26655]
Action.c(51): Error -26366: "Text=Thank you, <b>mrodriguez18</b>, for registering and welcome to the Web Tours family." not found for web_reg_find  	[MsgId: MERR-26366]
End auto log messages stack.	[MsgId: MMSG-10544]


Start auto log messages stack - Iteration 30.	[MsgId: MMSG-10545]
Action.c(43): Notify: Transaction "click_SignUpNow" ended with a "Pass" status (Duration: 0,0947 Wasted Time: 0,0000).	[MsgId: MMSG-16871]
Action.c(45): lr_think_time: 17,00 seconds.	[MsgId: MMSG-15948]
Action.c(47): Notify: Transaction "complete_profile" started.	[MsgId: MMSG-16999]
Action.c(48): web_reg_find started  	[MsgId: MMSG-26355]
Action.c(48): Registering web_reg_find was successful  	[MsgId: MMSG-26390]
Action.c(51): web_submit_data("login.pl") started  	[MsgId: MMSG-26355]
Action.c(51): Resource "http://localhost:1080/WebTours/profileValidate.js" is in the cache already and will not be downloaded again  	[MsgId: MMSG-26655]
Action.c(51): Resource "http://localhost:1080/WebTours/images/button_next.gif" is in the cache already and will not be downloaded again  	[MsgId: MMSG-26655]
Action.c(51): Error -26366: "Text=Thank you, <b>jsmith32129</b>, for registering and welcome to the Web Tours family." not found for web_reg_find  	[MsgId: MERR-26366]
End auto log messages stack.	[MsgId: MMSG-10544]


Start auto log messages stack - Iteration 32.	[MsgId: MMSG-10545]
Action.c(43): Notify: Transaction "click_SignUpNow" ended with a "Pass" status (Duration: 1,1412 Wasted Time: 0,0000).	[MsgId: MMSG-16871]
Action.c(45): lr_think_time: 17,00 seconds.	[MsgId: MMSG-15948]
Action.c(47): Notify: Transaction "complete_profile" started.	[MsgId: MMSG-16999]
Action.c(48): web_reg_find started  	[MsgId: MMSG-26355]
Action.c(48): Registering web_reg_find was successful  	[MsgId: MMSG-26390]
Action.c(51): web_submit_data("login.pl") started  	[MsgId: MMSG-26355]
Action.c(51): Resource "http://localhost:1080/WebTours/profileValidate.js" is in the cache already and will not be downloaded again  	[MsgId: MMSG-26655]
Action.c(51): Resource "http://localhost:1080/WebTours/images/button_next.gif" is in the cache already and will not be downloaded again  	[MsgId: MMSG-26655]
Action.c(51): Error -26366: "Text=Thank you, <b>bjohnson8264</b>, for registering and welcome to the Web Tours family." not found for web_reg_find  	[MsgId: MERR-26366]
End auto log messages stack.	[MsgId: MMSG-10544]


Start auto log messages stack - Iteration 17.	[MsgId: MMSG-10545]
Action.c(43): Notify: Transaction "click_SignUpNow" ended with a "Pass" status (Duration: 0,0740 Wasted Time: 0,0000).	[MsgId: MMSG-16871]
Action.c(45): lr_think_time: 17,00 seconds.	[MsgId: MMSG-15948]
Action.c(47): Notify: Transaction "complete_profile" started.	[MsgId: MMSG-16999]
Action.c(48): web_reg_find started  	[MsgId: MMSG-26355]
Action.c(48): Registering web_reg_find was successful  	[MsgId: MMSG-26390]
Action.c(51): web_submit_data("login.pl") started  	[MsgId: MMSG-26355]
Action.c(51): Resource "http://localhost:1080/WebTours/profileValidate.js" is in the cache already and will not be downloaded again  	[MsgId: MMSG-26655]
Action.c(51): Resource "http://localhost:1080/WebTours/images/button_next.gif" is in the cache already and will not be downloaded again  	[MsgId: MMSG-26655]
Action.c(51): Error -26366: "Text=Thank you, <b>mrodriguez182</b>, for registering and welcome to the Web Tours family." not found for web_reg_find  	[MsgId: MERR-26366]
End auto log messages stack.	[MsgId: MMSG-10544]


Start auto log messages stack - Iteration 3.	[MsgId: MMSG-10545]
Action.c(43): Notify: Transaction "click_SignUpNow" ended with a "Pass" status (Duration: 0,0977 Wasted Time: 0,0000).	[MsgId: MMSG-16871]
Action.c(45): lr_think_time: 17,00 seconds.	[MsgId: MMSG-15948]
Action.c(47): Notify: Transaction "complete_profile" started.	[MsgId: MMSG-16999]
Action.c(48): web_reg_find started  	[MsgId: MMSG-26355]
Action.c(48): Registering web_reg_find was successful  	[MsgId: MMSG-26390]
Action.c(51): web_submit_data("login.pl") started  	[MsgId: MMSG-26355]
Action.c(51): Resource "http://localhost:1080/WebTours/profileValidate.js" is in the cache already and will not be downloaded again  	[MsgId: MMSG-26655]
Action.c(51): Resource "http://localhost:1080/WebTours/images/button_next.gif" is in the cache already and will not be downloaded again  	[MsgId: MMSG-26655]
Action.c(51): Error -26366: "Text=Thank you, <b>bjohnson8215</b>, for registering and welcome to the Web Tours family." not found for web_reg_find  	[MsgId: MERR-26366]
End auto log messages stack.	[MsgId: MMSG-10544]


Start auto log messages stack - Iteration 32.	[MsgId: MMSG-10545]
Action.c(43): Notify: Transaction "click_SignUpNow" ended with a "Pass" status (Duration: 1,4617 Wasted Time: 0,0000).	[MsgId: MMSG-16871]
Action.c(45): lr_think_time: 17,00 seconds.	[MsgId: MMSG-15948]
Action.c(47): Notify: Transaction "complete_profile" started.	[MsgId: MMSG-16999]
Action.c(48): web_reg_find started  	[MsgId: MMSG-26355]
Action.c(48): Registering web_reg_find was successful  	[MsgId: MMSG-26390]
Action.c(51): web_submit_data("login.pl") started  	[MsgId: MMSG-26355]
Action.c(51): Resource "http://localhost:1080/WebTours/profileValidate.js" is in the cache already and will not be downloaded again  	[MsgId: MMSG-26655]
Action.c(51): Resource "http://localhost:1080/WebTours/images/button_next.gif" is in the cache already and will not be downloaded again  	[MsgId: MMSG-26655]
Action.c(51): Error -26366: "Text=Thank you, <b>bjohnson8229</b>, for registering and welcome to the Web Tours family." not found for web_reg_find  	[MsgId: MERR-26366]
End auto log messages stack.	[MsgId: MMSG-10544]


Start auto log messages stack - Iteration 33.	[MsgId: MMSG-10545]
Action.c(43): Notify: Transaction "click_SignUpNow" ended with a "Pass" status (Duration: 0,0741 Wasted Time: 0,0000).	[MsgId: MMSG-16871]
Action.c(45): lr_think_time: 17,00 seconds.	[MsgId: MMSG-15948]
Action.c(47): Notify: Transaction "complete_profile" started.	[MsgId: MMSG-16999]
Action.c(48): web_reg_find started  	[MsgId: MMSG-26355]
Action.c(48): Registering web_reg_find was successful  	[MsgId: MMSG-26390]
Action.c(51): web_submit_data("login.pl") started  	[MsgId: MMSG-26355]
Action.c(51): Resource "http://localhost:1080/WebTours/profileValidate.js" is in the cache already and will not be downloaded again  	[MsgId: MMSG-26655]
Action.c(51): Resource "http://localhost:1080/WebTours/images/button_next.gif" is in the cache already and will not be downloaded again  	[MsgId: MMSG-26655]
Action.c(51): Error -26366: "Text=Thank you, <b>rthompson12370</b>, for registering and welcome to the Web Tours family." not found for web_reg_find  	[MsgId: MERR-26366]
End auto log messages stack.	[MsgId: MMSG-10544]


Start auto log messages stack - Iteration 5.	[MsgId: MMSG-10545]
Action.c(43): Notify: Transaction "click_SignUpNow" ended with a "Pass" status (Duration: 2,6914 Wasted Time: 0,0000).	[MsgId: MMSG-16871]
Action.c(45): lr_think_time: 17,00 seconds.	[MsgId: MMSG-15948]
Action.c(47): Notify: Transaction "complete_profile" started.	[MsgId: MMSG-16999]
Action.c(48): web_reg_find started  	[MsgId: MMSG-26355]
Action.c(48): Registering web_reg_find was successful  	[MsgId: MMSG-26390]
Action.c(51): web_submit_data("login.pl") started  	[MsgId: MMSG-26355]
Action.c(51): Resource "http://localhost:1080/WebTours/profileValidate.js" is in the cache already and will not be downloaded again  	[MsgId: MMSG-26655]
Action.c(51): Resource "http://localhost:1080/WebTours/images/button_next.gif" is in the cache already and will not be downloaded again  	[MsgId: MMSG-26655]
Action.c(51): Error -26366: "Text=Thank you, <b>mrodriguez114</b>, for registering and welcome to the Web Tours family." not found for web_reg_find  	[MsgId: MERR-26366]
End auto log messages stack.	[MsgId: MMSG-10544]


Start auto log messages stack - Iteration 35.	[MsgId: MMSG-10545]
Action.c(43): Notify: Transaction "click_SignUpNow" ended with a "Pass" status (Duration: 1,6771 Wasted Time: 0,0000).	[MsgId: MMSG-16871]
Action.c(45): lr_think_time: 17,00 seconds.	[MsgId: MMSG-15948]
Action.c(47): Notify: Transaction "complete_profile" started.	[MsgId: MMSG-16999]
Action.c(48): web_reg_find started  	[MsgId: MMSG-26355]
Action.c(48): Registering web_reg_find was successful  	[MsgId: MMSG-26390]
Action.c(51): web_submit_data("login.pl") started  	[MsgId: MMSG-26355]
Action.c(51): Resource "http://localhost:1080/WebTours/profileValidate.js" is in the cache already and will not be downloaded again  	[MsgId: MMSG-26655]
Action.c(51): Resource "http://localhost:1080/WebTours/images/button_next.gif" is in the cache already and will not be downloaded again  	[MsgId: MMSG-26655]
Action.c(51): Error -26366: "Text=Thank you, <b>mrodriguez133</b>, for registering and welcome to the Web Tours family." not found for web_reg_find  	[MsgId: MERR-26366]
End auto log messages stack.	[MsgId: MMSG-10544]


Start auto log messages stack - Iteration 7.	[MsgId: MMSG-10545]
Action.c(43): Notify: Transaction "click_SignUpNow" ended with a "Pass" status (Duration: 0,7454 Wasted Time: 0,0000).	[MsgId: MMSG-16871]
Action.c(45): lr_think_time: 17,00 seconds.	[MsgId: MMSG-15948]
Action.c(47): Notify: Transaction "complete_profile" started.	[MsgId: MMSG-16999]
Action.c(48): web_reg_find started  	[MsgId: MMSG-26355]
Action.c(48): Registering web_reg_find was successful  	[MsgId: MMSG-26390]
Action.c(51): web_submit_data("login.pl") started  	[MsgId: MMSG-26355]
Action.c(51): Resource "http://localhost:1080/WebTours/profileValidate.js" is in the cache already and will not be downloaded again  	[MsgId: MMSG-26655]
Action.c(51): Resource "http://localhost:1080/WebTours/images/button_next.gif" is in the cache already and will not be downloaded again  	[MsgId: MMSG-26655]
Action.c(51): Error -26366: "Text=Thank you, <b>mrodriguez192</b>, for registering and welcome to the Web Tours family." not found for web_reg_find  	[MsgId: MERR-26366]
End auto log messages stack.	[MsgId: MMSG-10544]


Start auto log messages stack - Iteration 22.	[MsgId: MMSG-10545]
Action.c(43): Notify: Transaction "click_SignUpNow" ended with a "Pass" status (Duration: 0,0882 Wasted Time: 0,0000).	[MsgId: MMSG-16871]
Action.c(45): lr_think_time: 17,00 seconds.	[MsgId: MMSG-15948]
Action.c(47): Notify: Transaction "complete_profile" started.	[MsgId: MMSG-16999]
Action.c(48): web_reg_find started  	[MsgId: MMSG-26355]
Action.c(48): Registering web_reg_find was successful  	[MsgId: MMSG-26390]
Action.c(51): web_submit_data("login.pl") started  	[MsgId: MMSG-26355]
Action.c(51): Resource "http://localhost:1080/WebTours/profileValidate.js" is in the cache already and will not be downloaded again  	[MsgId: MMSG-26655]
Action.c(51): Resource "http://localhost:1080/WebTours/images/button_next.gif" is in the cache already and will not be downloaded again  	[MsgId: MMSG-26655]
Action.c(51): Error -26366: "Text=Thank you, <b>jsmith32166</b>, for registering and welcome to the Web Tours family." not found for web_reg_find  	[MsgId: MERR-26366]
End auto log messages stack.	[MsgId: MMSG-10544]


Start auto log messages stack - Iteration 23.	[MsgId: MMSG-10545]
Action.c(43): Notify: Transaction "click_SignUpNow" ended with a "Pass" status (Duration: 3,6911 Wasted Time: 0,0000).	[MsgId: MMSG-16871]
Action.c(45): lr_think_time: 17,00 seconds.	[MsgId: MMSG-15948]
Action.c(47): Notify: Transaction "complete_profile" started.	[MsgId: MMSG-16999]
Action.c(48): web_reg_find started  	[MsgId: MMSG-26355]
Action.c(48): Registering web_reg_find was successful  	[MsgId: MMSG-26390]
Action.c(51): web_submit_data("login.pl") started  	[MsgId: MMSG-26355]
Action.c(51): Resource "http://localhost:1080/WebTours/profileValidate.js" is in the cache already and will not be downloaded again  	[MsgId: MMSG-26655]
Action.c(51): Resource "http://localhost:1080/WebTours/images/button_next.gif" is in the cache already and will not be downloaded again  	[MsgId: MMSG-26655]
Action.c(51): Error -26366: "Text=Thank you, <b>mrodriguez126</b>, for registering and welcome to the Web Tours family." not found for web_reg_find  	[MsgId: MERR-26366]
End auto log messages stack.	[MsgId: MMSG-10544]


Start auto log messages stack - Iteration 23.	[MsgId: MMSG-10545]
Action.c(43): Notify: Transaction "click_SignUpNow" ended with a "Pass" status (Duration: 0,0742 Wasted Time: 0,0000).	[MsgId: MMSG-16871]
Action.c(45): lr_think_time: 17,00 seconds.	[MsgId: MMSG-15948]
Action.c(47): Notify: Transaction "complete_profile" started.	[MsgId: MMSG-16999]
Action.c(48): web_reg_find started  	[MsgId: MMSG-26355]
Action.c(48): Registering web_reg_find was successful  	[MsgId: MMSG-26390]
Action.c(51): web_submit_data("login.pl") started  	[MsgId: MMSG-26355]
Action.c(51): Resource "http://localhost:1080/WebTours/profileValidate.js" is in the cache already and will not be downloaded again  	[MsgId: MMSG-26655]
Action.c(51): Resource "http://localhost:1080/WebTours/images/button_next.gif" is in the cache already and will not be downloaded again  	[MsgId: MMSG-26655]
Action.c(51): Error -26366: "Text=Thank you, <b>jadams5553</b>, for registering and welcome to the Web Tours family." not found for web_reg_find  	[MsgId: MERR-26366]
End auto log messages stack.	[MsgId: MMSG-10544]


Start auto log messages stack - Iteration 39.	[MsgId: MMSG-10545]
Action.c(43): Notify: Transaction "click_SignUpNow" ended with a "Pass" status (Duration: 0,0790 Wasted Time: 0,0000).	[MsgId: MMSG-16871]
Action.c(45): lr_think_time: 17,00 seconds.	[MsgId: MMSG-15948]
Action.c(47): Notify: Transaction "complete_profile" started.	[MsgId: MMSG-16999]
Action.c(48): web_reg_find started  	[MsgId: MMSG-26355]
Action.c(48): Registering web_reg_find was successful  	[MsgId: MMSG-26390]
Action.c(51): web_submit_data("login.pl") started  	[MsgId: MMSG-26355]
Action.c(51): Resource "http://localhost:1080/WebTours/profileValidate.js" is in the cache already and will not be downloaded again  	[MsgId: MMSG-26655]
Action.c(51): Resource "http://localhost:1080/WebTours/images/button_next.gif" is in the cache already and will not be downloaded again  	[MsgId: MMSG-26655]
Action.c(51): Error -26366: "Text=Thank you, <b>rthompson12353</b>, for registering and welcome to the Web Tours family." not found for web_reg_find  	[MsgId: MERR-26366]
End auto log messages stack.	[MsgId: MMSG-10544]


Start auto log messages stack - Iteration 10.	[MsgId: MMSG-10545]
Action.c(43): Notify: Transaction "click_SignUpNow" ended with a "Pass" status (Duration: 3,7197 Wasted Time: 0,0000).	[MsgId: MMSG-16871]
Action.c(45): lr_think_time: 17,00 seconds.	[MsgId: MMSG-15948]
Action.c(47): Notify: Transaction "complete_profile" started.	[MsgId: MMSG-16999]
Action.c(48): web_reg_find started  	[MsgId: MMSG-26355]
Action.c(48): Registering web_reg_find was successful  	[MsgId: MMSG-26390]
Action.c(51): web_submit_data("login.pl") started  	[MsgId: MMSG-26355]
Action.c(51): Resource "http://localhost:1080/WebTours/profileValidate.js" is in the cache already and will not be downloaded again  	[MsgId: MMSG-26655]
Action.c(51): Resource "http://localhost:1080/WebTours/images/button_next.gif" is in the cache already and will not be downloaded again  	[MsgId: MMSG-26655]
Action.c(51): Error -26366: "Text=Thank you, <b>jadams55586</b>, for registering and welcome to the Web Tours family." not found for web_reg_find  	[MsgId: MERR-26366]
End auto log messages stack.	[MsgId: MMSG-10544]


Start auto log messages stack - Iteration 40.	[MsgId: MMSG-10545]
Action.c(43): Notify: Transaction "click_SignUpNow" ended with a "Pass" status (Duration: 2,0977 Wasted Time: 0,0000).	[MsgId: MMSG-16871]
Action.c(45): lr_think_time: 17,00 seconds.	[MsgId: MMSG-15948]
Action.c(47): Notify: Transaction "complete_profile" started.	[MsgId: MMSG-16999]
Action.c(48): web_reg_find started  	[MsgId: MMSG-26355]
Action.c(48): Registering web_reg_find was successful  	[MsgId: MMSG-26390]
Action.c(51): web_submit_data("login.pl") started  	[MsgId: MMSG-26355]
Action.c(51): Resource "http://localhost:1080/WebTours/profileValidate.js" is in the cache already and will not be downloaded again  	[MsgId: MMSG-26655]
Action.c(51): Resource "http://localhost:1080/WebTours/images/button_next.gif" is in the cache already and will not be downloaded again  	[MsgId: MMSG-26655]
Action.c(51): Error -26366: "Text=Thank you, <b>dhill8871</b>, for registering and welcome to the Web Tours family." not found for web_reg_find  	[MsgId: MERR-26366]
End auto log messages stack.	[MsgId: MMSG-10544]


Start auto log messages stack - Iteration 11.	[MsgId: MMSG-10545]
Action.c(43): Notify: Transaction "click_SignUpNow" ended with a "Pass" status (Duration: 1,6956 Wasted Time: 0,0000).	[MsgId: MMSG-16871]
Action.c(45): lr_think_time: 17,00 seconds.	[MsgId: MMSG-15948]
Action.c(47): Notify: Transaction "complete_profile" started.	[MsgId: MMSG-16999]
Action.c(48): web_reg_find started  	[MsgId: MMSG-26355]
Action.c(48): Registering web_reg_find was successful  	[MsgId: MMSG-26390]
Action.c(51): web_submit_data("login.pl") started  	[MsgId: MMSG-26355]
Action.c(51): Resource "http://localhost:1080/WebTours/profileValidate.js" is in the cache already and will not be downloaded again  	[MsgId: MMSG-26655]
Action.c(51): Resource "http://localhost:1080/WebTours/images/button_next.gif" is in the cache already and will not be downloaded again  	[MsgId: MMSG-26655]
Action.c(51): Error -26366: "Text=Thank you, <b>mrodriguez14</b>, for registering and welcome to the Web Tours family." not found for web_reg_find  	[MsgId: MERR-26366]
End auto log messages stack.	[MsgId: MMSG-10544]


Start auto log messages stack - Iteration 42.	[MsgId: MMSG-10545]
Action.c(43): Notify: Transaction "click_SignUpNow" ended with a "Pass" status (Duration: 6,4768 Wasted Time: 0,0000).	[MsgId: MMSG-16871]
Action.c(45): lr_think_time: 17,00 seconds.	[MsgId: MMSG-15948]
Action.c(47): Notify: Transaction "complete_profile" started.	[MsgId: MMSG-16999]
Action.c(48): web_reg_find started  	[MsgId: MMSG-26355]
Action.c(48): Registering web_reg_find was successful  	[MsgId: MMSG-26390]
Action.c(51): web_submit_data("login.pl") started  	[MsgId: MMSG-26355]
Action.c(51): Resource "http://localhost:1080/WebTours/profileValidate.js" is in the cache already and will not be downloaded again  	[MsgId: MMSG-26655]
Action.c(51): Resource "http://localhost:1080/WebTours/images/button_next.gif" is in the cache already and will not be downloaded again  	[MsgId: MMSG-26655]
Action.c(51): Error -26366: "Text=Thank you, <b>amiller2357</b>, for registering and welcome to the Web Tours family." not found for web_reg_find  	[MsgId: MERR-26366]
End auto log messages stack.	[MsgId: MMSG-10544]


Start auto log messages stack - Iteration 42.	[MsgId: MMSG-10545]
Action.c(43): Notify: Transaction "click_SignUpNow" ended with a "Pass" status (Duration: 6,7878 Wasted Time: 0,0000).	[MsgId: MMSG-16871]
Action.c(45): lr_think_time: 17,00 seconds.	[MsgId: MMSG-15948]
Action.c(47): Notify: Transaction "complete_profile" started.	[MsgId: MMSG-16999]
Action.c(48): web_reg_find started  	[MsgId: MMSG-26355]
Action.c(48): Registering web_reg_find was successful  	[MsgId: MMSG-26390]
Action.c(51): web_submit_data("login.pl") started  	[MsgId: MMSG-26355]
Action.c(51): Resource "http://localhost:1080/WebTours/profileValidate.js" is in the cache already and will not be downloaded again  	[MsgId: MMSG-26655]
Action.c(51): Resource "http://localhost:1080/WebTours/images/button_next.gif" is in the cache already and will not be downloaded again  	[MsgId: MMSG-26655]
Action.c(51): Error -26366: "Text=Thank you, <b>pthomas9668</b>, for registering and welcome to the Web Tours family." not found for web_reg_find  	[MsgId: MERR-26366]
End auto log messages stack.	[MsgId: MMSG-10544]


Start auto log messages stack - Iteration 2.	[MsgId: MMSG-10545]
Action.c(43): Notify: Transaction "click_SignUpNow" ended with a "Pass" status (Duration: 9,1938 Wasted Time: 0,0000).	[MsgId: MMSG-16871]
Action.c(45): lr_think_time: 17,00 seconds.	[MsgId: MMSG-15948]
Action.c(47): Notify: Transaction "complete_profile" started.	[MsgId: MMSG-16999]
Action.c(48): web_reg_find started  	[MsgId: MMSG-26355]
Action.c(48): Registering web_reg_find was successful  	[MsgId: MMSG-26390]
Action.c(51): web_submit_data("login.pl") started  	[MsgId: MMSG-26355]
Action.c(51): Resource "http://localhost:1080/WebTours/profileValidate.js" is in the cache already and will not be downloaded again  	[MsgId: MMSG-26655]
Action.c(51): Resource "http://localhost:1080/WebTours/images/button_next.gif" is in the cache already and will not be downloaded again  	[MsgId: MMSG-26655]
Action.c(51): Error -26366: "Text=Thank you, <b>jsmith32128</b>, for registering and welcome to the Web Tours family." not found for web_reg_find  	[MsgId: MERR-26366]
End auto log messages stack.	[MsgId: MMSG-10544]


Start auto log messages stack - Iteration 3.	[MsgId: MMSG-10545]
Action.c(43): Notify: Transaction "click_SignUpNow" ended with a "Pass" status (Duration: 7,9406 Wasted Time: 0,0000).	[MsgId: MMSG-16871]
Action.c(45): lr_think_time: 17,00 seconds.	[MsgId: MMSG-15948]
Action.c(47): Notify: Transaction "complete_profile" started.	[MsgId: MMSG-16999]
Action.c(48): web_reg_find started  	[MsgId: MMSG-26355]
Action.c(48): Registering web_reg_find was successful  	[MsgId: MMSG-26390]
Action.c(51): web_submit_data("login.pl") started  	[MsgId: MMSG-26355]
Action.c(51): Resource "http://localhost:1080/WebTours/profileValidate.js" is in the cache already and will not be downloaded again  	[MsgId: MMSG-26655]
Action.c(51): Resource "http://localhost:1080/WebTours/images/button_next.gif" is in the cache already and will not be downloaded again  	[MsgId: MMSG-26655]
Action.c(51): Error -26366: "Text=Thank you, <b>klee77747</b>, for registering and welcome to the Web Tours family." not found for web_reg_find  	[MsgId: MERR-26366]
End auto log messages stack.	[MsgId: MMSG-10544]


Start auto log messages stack - Iteration 44.	[MsgId: MMSG-10545]
Action.c(43): Notify: Transaction "click_SignUpNow" ended with a "Pass" status (Duration: 7,9750 Wasted Time: 0,0000).	[MsgId: MMSG-16871]
Action.c(45): lr_think_time: 17,00 seconds.	[MsgId: MMSG-15948]
Action.c(47): Notify: Transaction "complete_profile" started.	[MsgId: MMSG-16999]
Action.c(48): web_reg_find started  	[MsgId: MMSG-26355]
Action.c(48): Registering web_reg_find was successful  	[MsgId: MMSG-26390]
Action.c(51): web_submit_data("login.pl") started  	[MsgId: MMSG-26355]
Action.c(51): Resource "http://localhost:1080/WebTours/profileValidate.js" is in the cache already and will not be downloaded again  	[MsgId: MMSG-26655]
Action.c(51): Resource "http://localhost:1080/WebTours/images/button_next.gif" is in the cache already and will not be downloaded again  	[MsgId: MMSG-26655]
Action.c(51): Error -26366: "Text=Thank you, <b>mrodriguez130</b>, for registering and welcome to the Web Tours family." not found for web_reg_find  	[MsgId: MERR-26366]
End auto log messages stack.	[MsgId: MMSG-10544]


Start auto log messages stack - Iteration 4.	[MsgId: MMSG-10545]
Action.c(43): Notify: Transaction "click_SignUpNow" ended with a "Pass" status (Duration: 5,5667 Wasted Time: 0,0000).	[MsgId: MMSG-16871]
Action.c(45): lr_think_time: 17,00 seconds.	[MsgId: MMSG-15948]
Action.c(47): Notify: Transaction "complete_profile" started.	[MsgId: MMSG-16999]
Action.c(48): web_reg_find started  	[MsgId: MMSG-26355]
Action.c(48): Registering web_reg_find was successful  	[MsgId: MMSG-26390]
Action.c(51): web_submit_data("login.pl") started  	[MsgId: MMSG-26355]
Action.c(51): Resource "http://localhost:1080/WebTours/profileValidate.js" is in the cache already and will not be downloaded again  	[MsgId: MMSG-26655]
Action.c(51): Resource "http://localhost:1080/WebTours/images/button_next.gif" is in the cache already and will not be downloaded again  	[MsgId: MMSG-26655]
Action.c(51): Error -26366: "Text=Thank you, <b>jadams55524</b>, for registering and welcome to the Web Tours family." not found for web_reg_find  	[MsgId: MERR-26366]
End auto log messages stack.	[MsgId: MMSG-10544]


Start auto log messages stack - Iteration 15.	[MsgId: MMSG-10545]
Action.c(43): Notify: Transaction "click_SignUpNow" ended with a "Pass" status (Duration: 2,1809 Wasted Time: 0,0000).	[MsgId: MMSG-16871]
Action.c(45): lr_think_time: 17,00 seconds.	[MsgId: MMSG-15948]
Action.c(47): Notify: Transaction "complete_profile" started.	[MsgId: MMSG-16999]
Action.c(48): web_reg_find started  	[MsgId: MMSG-26355]
Action.c(48): Registering web_reg_find was successful  	[MsgId: MMSG-26390]
Action.c(51): web_submit_data("login.pl") started  	[MsgId: MMSG-26355]
Action.c(51): Resource "http://localhost:1080/WebTours/profileValidate.js" is in the cache already and will not be downloaded again  	[MsgId: MMSG-26655]
Action.c(51): Resource "http://localhost:1080/WebTours/images/button_next.gif" is in the cache already and will not be downloaded again  	[MsgId: MMSG-26655]
Action.c(51): Error -26366: "Text=Thank you, <b>dhill8861</b>, for registering and welcome to the Web Tours family." not found for web_reg_find  	[MsgId: MERR-26366]
End auto log messages stack.	[MsgId: MMSG-10544]


Start auto log messages stack - Iteration 30.	[MsgId: MMSG-10545]
Action.c(43): Notify: Transaction "click_SignUpNow" ended with a "Pass" status (Duration: 7,3701 Wasted Time: 0,0000).	[MsgId: MMSG-16871]
Action.c(45): lr_think_time: 17,00 seconds.	[MsgId: MMSG-15948]
Action.c(47): Notify: Transaction "complete_profile" started.	[MsgId: MMSG-16999]
Action.c(48): web_reg_find started  	[MsgId: MMSG-26355]
Action.c(48): Registering web_reg_find was successful  	[MsgId: MMSG-26390]
Action.c(51): web_submit_data("login.pl") started  	[MsgId: MMSG-26355]
Action.c(51): Resource "http://localhost:1080/WebTours/profileValidate.js" is in the cache already and will not be downloaded again  	[MsgId: MMSG-26655]
Action.c(51): Resource "http://localhost:1080/WebTours/images/button_next.gif" is in the cache already and will not be downloaded again  	[MsgId: MMSG-26655]
Action.c(51): Error -26366: "Text=Thank you, <b>pthomas9694</b>, for registering and welcome to the Web Tours family." not found for web_reg_find  	[MsgId: MERR-26366]
End auto log messages stack.	[MsgId: MMSG-10544]


Start auto log messages stack - Iteration 31.	[MsgId: MMSG-10545]
Action.c(43): Notify: Transaction "click_SignUpNow" ended with a "Pass" status (Duration: 0,1042 Wasted Time: 0,0000).	[MsgId: MMSG-16871]
Action.c(45): lr_think_time: 17,00 seconds.	[MsgId: MMSG-15948]
Action.c(47): Notify: Transaction "complete_profile" started.	[MsgId: MMSG-16999]
Action.c(48): web_reg_find started  	[MsgId: MMSG-26355]
Action.c(48): Registering web_reg_find was successful  	[MsgId: MMSG-26390]
Action.c(51): web_submit_data("login.pl") started  	[MsgId: MMSG-26355]
Action.c(51): Resource "http://localhost:1080/WebTours/profileValidate.js" is in the cache already and will not be downloaded again  	[MsgId: MMSG-26655]
Action.c(51): Resource "http://localhost:1080/WebTours/images/button_next.gif" is in the cache already and will not be downloaded again  	[MsgId: MMSG-26655]
Action.c(51): Error -26366: "Text=Thank you, <b>pthomas9643</b>, for registering and welcome to the Web Tours family." not found for web_reg_find  	[MsgId: MERR-26366]
End auto log messages stack.	[MsgId: MMSG-10544]


Start auto log messages stack - Iteration 46.	[MsgId: MMSG-10545]
Action.c(43): Notify: Transaction "click_SignUpNow" ended with a "Pass" status (Duration: 6,4983 Wasted Time: 0,0000).	[MsgId: MMSG-16871]
Action.c(45): lr_think_time: 17,00 seconds.	[MsgId: MMSG-15948]
Action.c(47): Notify: Transaction "complete_profile" started.	[MsgId: MMSG-16999]
Action.c(48): web_reg_find started  	[MsgId: MMSG-26355]
Action.c(48): Registering web_reg_find was successful  	[MsgId: MMSG-26390]
Action.c(51): web_submit_data("login.pl") started  	[MsgId: MMSG-26355]
Action.c(51): Resource "http://localhost:1080/WebTours/profileValidate.js" is in the cache already and will not be downloaded again  	[MsgId: MMSG-26655]
Action.c(51): Resource "http://localhost:1080/WebTours/images/button_next.gif" is in the cache already and will not be downloaded again  	[MsgId: MMSG-26655]
Action.c(51): Error -26366: "Text=Thank you, <b>mrodriguez126</b>, for registering and welcome to the Web Tours family." not found for web_reg_find  	[MsgId: MERR-26366]
End auto log messages stack.	[MsgId: MMSG-10544]


Start auto log messages stack - Iteration 46.	[MsgId: MMSG-10545]
Action.c(43): Notify: Transaction "click_SignUpNow" ended with a "Pass" status (Duration: 6,0440 Wasted Time: 0,0000).	[MsgId: MMSG-16871]
Action.c(45): lr_think_time: 17,00 seconds.	[MsgId: MMSG-15948]
Action.c(47): Notify: Transaction "complete_profile" started.	[MsgId: MMSG-16999]
Action.c(48): web_reg_find started  	[MsgId: MMSG-26355]
Action.c(48): Registering web_reg_find was successful  	[MsgId: MMSG-26390]
Action.c(51): web_submit_data("login.pl") started  	[MsgId: MMSG-26355]
Action.c(51): Resource "http://localhost:1080/WebTours/profileValidate.js" is in the cache already and will not be downloaded again  	[MsgId: MMSG-26655]
Action.c(51): Resource "http://localhost:1080/WebTours/images/button_next.gif" is in the cache already and will not be downloaded again  	[MsgId: MMSG-26655]
Action.c(51): Error -26366: "Text=Thank you, <b>jsmith32194</b>, for registering and welcome to the Web Tours family." not found for web_reg_find  	[MsgId: MERR-26366]
End auto log messages stack.	[MsgId: MMSG-10544]


Start auto log messages stack - Iteration 17.	[MsgId: MMSG-10545]
Action.c(43): Notify: Transaction "click_SignUpNow" ended with a "Pass" status (Duration: 6,7813 Wasted Time: 0,0000).	[MsgId: MMSG-16871]
Action.c(45): lr_think_time: 17,00 seconds.	[MsgId: MMSG-15948]
Action.c(47): Notify: Transaction "complete_profile" started.	[MsgId: MMSG-16999]
Action.c(48): web_reg_find started  	[MsgId: MMSG-26355]
Action.c(48): Registering web_reg_find was successful  	[MsgId: MMSG-26390]
Action.c(51): web_submit_data("login.pl") started  	[MsgId: MMSG-26355]
Action.c(51): Resource "http://localhost:1080/WebTours/profileValidate.js" is in the cache already and will not be downloaded again  	[MsgId: MMSG-26655]
Action.c(51): Resource "http://localhost:1080/WebTours/images/button_next.gif" is in the cache already and will not be downloaded again  	[MsgId: MMSG-26655]
Action.c(51): Error -26366: "Text=Thank you, <b>jadams55585</b>, for registering and welcome to the Web Tours family." not found for web_reg_find  	[MsgId: MERR-26366]
End auto log messages stack.	[MsgId: MMSG-10544]


Start auto log messages stack - Iteration 6.	[MsgId: MMSG-10545]
Action.c(43): Notify: Transaction "click_SignUpNow" ended with a "Pass" status (Duration: 4,9807 Wasted Time: 0,0000).	[MsgId: MMSG-16871]
Action.c(45): lr_think_time: 17,00 seconds.	[MsgId: MMSG-15948]
Action.c(47): Notify: Transaction "complete_profile" started.	[MsgId: MMSG-16999]
Action.c(48): web_reg_find started  	[MsgId: MMSG-26355]
Action.c(48): Registering web_reg_find was successful  	[MsgId: MMSG-26390]
Action.c(51): web_submit_data("login.pl") started  	[MsgId: MMSG-26355]
Action.c(51): Resource "http://localhost:1080/WebTours/profileValidate.js" is in the cache already and will not be downloaded again  	[MsgId: MMSG-26655]
Action.c(51): Resource "http://localhost:1080/WebTours/images/button_next.gif" is in the cache already and will not be downloaded again  	[MsgId: MMSG-26655]
Action.c(51): Error -26366: "Text=Thank you, <b>jojo63</b>, for registering and welcome to the Web Tours family." not found for web_reg_find  	[MsgId: MERR-26366]
End auto log messages stack.	[MsgId: MMSG-10544]


Start auto log messages stack - Iteration 31.	[MsgId: MMSG-10545]
Action.c(43): Notify: Transaction "click_SignUpNow" ended with a "Pass" status (Duration: 6,3254 Wasted Time: 0,0000).	[MsgId: MMSG-16871]
Action.c(45): lr_think_time: 17,00 seconds.	[MsgId: MMSG-15948]
Action.c(47): Notify: Transaction "complete_profile" started.	[MsgId: MMSG-16999]
Action.c(48): web_reg_find started  	[MsgId: MMSG-26355]
Action.c(48): Registering web_reg_find was successful  	[MsgId: MMSG-26390]
Action.c(51): web_submit_data("login.pl") started  	[MsgId: MMSG-26355]
Action.c(51): Resource "http://localhost:1080/WebTours/profileValidate.js" is in the cache already and will not be downloaded again  	[MsgId: MMSG-26655]
Action.c(51): Resource "http://localhost:1080/WebTours/images/button_next.gif" is in the cache already and will not be downloaded again  	[MsgId: MMSG-26655]
Action.c(51): Error -26366: "Text=Thank you, <b>jadams55517</b>, for registering and welcome to the Web Tours family." not found for web_reg_find  	[MsgId: MERR-26366]
End auto log messages stack.	[MsgId: MMSG-10544]


Start auto log messages stack - Iteration 47.	[MsgId: MMSG-10545]
Action.c(43): Notify: Transaction "click_SignUpNow" ended with a "Pass" status (Duration: 0,0834 Wasted Time: 0,0000).	[MsgId: MMSG-16871]
Action.c(45): lr_think_time: 17,00 seconds.	[MsgId: MMSG-15948]
Action.c(47): Notify: Transaction "complete_profile" started.	[MsgId: MMSG-16999]
Action.c(48): web_reg_find started  	[MsgId: MMSG-26355]
Action.c(48): Registering web_reg_find was successful  	[MsgId: MMSG-26390]
Action.c(51): web_submit_data("login.pl") started  	[MsgId: MMSG-26355]
Action.c(51): Resource "http://localhost:1080/WebTours/profileValidate.js" is in the cache already and will not be downloaded again  	[MsgId: MMSG-26655]
Action.c(51): Resource "http://localhost:1080/WebTours/images/button_next.gif" is in the cache already and will not be downloaded again  	[MsgId: MMSG-26655]
Action.c(51): Error -26366: "Text=Thank you, <b>mrodriguez18</b>, for registering and welcome to the Web Tours family." not found for web_reg_find  	[MsgId: MERR-26366]
End auto log messages stack.	[MsgId: MMSG-10544]


Start auto log messages stack - Iteration 7.	[MsgId: MMSG-10545]
Action.c(43): Notify: Transaction "click_SignUpNow" ended with a "Pass" status (Duration: 8,7371 Wasted Time: 0,0000).	[MsgId: MMSG-16871]
Action.c(45): lr_think_time: 17,00 seconds.	[MsgId: MMSG-15948]
Action.c(47): Notify: Transaction "complete_profile" started.	[MsgId: MMSG-16999]
Action.c(48): web_reg_find started  	[MsgId: MMSG-26355]
Action.c(48): Registering web_reg_find was successful  	[MsgId: MMSG-26390]
Action.c(51): web_submit_data("login.pl") started  	[MsgId: MMSG-26355]
Action.c(51): Resource "http://localhost:1080/WebTours/profileValidate.js" is in the cache already and will not be downloaded again  	[MsgId: MMSG-26655]
Action.c(51): Resource "http://localhost:1080/WebTours/images/button_next.gif" is in the cache already and will not be downloaded again  	[MsgId: MMSG-26655]
Action.c(51): Error -26366: "Text=Thank you, <b>pthomas9695</b>, for registering and welcome to the Web Tours family." not found for web_reg_find  	[MsgId: MERR-26366]
End auto log messages stack.	[MsgId: MMSG-10544]


Start auto log messages stack - Iteration 18.	[MsgId: MMSG-10545]
Action.c(43): Notify: Transaction "click_SignUpNow" ended with a "Pass" status (Duration: 8,1771 Wasted Time: 0,0000).	[MsgId: MMSG-16871]
Action.c(45): lr_think_time: 17,00 seconds.	[MsgId: MMSG-15948]
Action.c(47): Notify: Transaction "complete_profile" started.	[MsgId: MMSG-16999]
Action.c(48): web_reg_find started  	[MsgId: MMSG-26355]
Action.c(48): Registering web_reg_find was successful  	[MsgId: MMSG-26390]
Action.c(51): web_submit_data("login.pl") started  	[MsgId: MMSG-26355]
Action.c(51): Resource "http://localhost:1080/WebTours/profileValidate.js" is in the cache already and will not be downloaded again  	[MsgId: MMSG-26655]
Action.c(51): Resource "http://localhost:1080/WebTours/images/button_next.gif" is in the cache already and will not be downloaded again  	[MsgId: MMSG-26655]
Action.c(51): Error -26366: "Text=Thank you, <b>jojo75</b>, for registering and welcome to the Web Tours family." not found for web_reg_find  	[MsgId: MERR-26366]
End auto log messages stack.	[MsgId: MMSG-10544]


Start auto log messages stack - Iteration 48.	[MsgId: MMSG-10545]
Action.c(43): Notify: Transaction "click_SignUpNow" ended with a "Pass" status (Duration: 9,6847 Wasted Time: 0,0000).	[MsgId: MMSG-16871]
Action.c(45): lr_think_time: 17,00 seconds.	[MsgId: MMSG-15948]
Action.c(47): Notify: Transaction "complete_profile" started.	[MsgId: MMSG-16999]
Action.c(48): web_reg_find started  	[MsgId: MMSG-26355]
Action.c(48): Registering web_reg_find was successful  	[MsgId: MMSG-26390]
Action.c(51): web_submit_data("login.pl") started  	[MsgId: MMSG-26355]
Action.c(51): Resource "http://localhost:1080/WebTours/profileValidate.js" is in the cache already and will not be downloaded again  	[MsgId: MMSG-26655]
Action.c(51): Resource "http://localhost:1080/WebTours/images/button_next.gif" is in the cache already and will not be downloaded again  	[MsgId: MMSG-26655]
Action.c(51): Error -26366: "Text=Thank you, <b>bjohnson8254</b>, for registering and welcome to the Web Tours family." not found for web_reg_find  	[MsgId: MERR-26366]
End auto log messages stack.	[MsgId: MMSG-10544]


Start auto log messages stack - Iteration 8.	[MsgId: MMSG-10545]
Action.c(43): Notify: Transaction "click_SignUpNow" ended with a "Pass" status (Duration: 0,0808 Wasted Time: 0,0000).	[MsgId: MMSG-16871]
Action.c(45): lr_think_time: 17,00 seconds.	[MsgId: MMSG-15948]
Action.c(47): Notify: Transaction "complete_profile" started.	[MsgId: MMSG-16999]
Action.c(48): web_reg_find started  	[MsgId: MMSG-26355]
Action.c(48): Registering web_reg_find was successful  	[MsgId: MMSG-26390]
Action.c(51): web_submit_data("login.pl") started  	[MsgId: MMSG-26355]
Action.c(51): Resource "http://localhost:1080/WebTours/profileValidate.js" is in the cache already and will not be downloaded again  	[MsgId: MMSG-26655]
Action.c(51): Resource "http://localhost:1080/WebTours/images/button_next.gif" is in the cache already and will not be downloaded again  	[MsgId: MMSG-26655]
Action.c(51): Error -26366: "Text=Thank you, <b>pthomas9643</b>, for registering and welcome to the Web Tours family." not found for web_reg_find  	[MsgId: MERR-26366]
End auto log messages stack.	[MsgId: MMSG-10544]


Start auto log messages stack - Iteration 20.	[MsgId: MMSG-10545]
Action.c(43): Notify: Transaction "click_SignUpNow" ended with a "Pass" status (Duration: 0,0787 Wasted Time: 0,0000).	[MsgId: MMSG-16871]
Action.c(45): lr_think_time: 17,00 seconds.	[MsgId: MMSG-15948]
Action.c(47): Notify: Transaction "complete_profile" started.	[MsgId: MMSG-16999]
Action.c(48): web_reg_find started  	[MsgId: MMSG-26355]
Action.c(48): Registering web_reg_find was successful  	[MsgId: MMSG-26390]
Action.c(51): web_submit_data("login.pl") started  	[MsgId: MMSG-26355]
Action.c(51): Resource "http://localhost:1080/WebTours/profileValidate.js" is in the cache already and will not be downloaded again  	[MsgId: MMSG-26655]
Action.c(51): Resource "http://localhost:1080/WebTours/images/button_next.gif" is in the cache already and will not be downloaded again  	[MsgId: MMSG-26655]
Action.c(51): Error -26366: "Text=Thank you, <b>klee77771</b>, for registering and welcome to the Web Tours family." not found for web_reg_find  	[MsgId: MERR-26366]
End auto log messages stack.	[MsgId: MMSG-10544]


Start auto log messages stack - Iteration 9.	[MsgId: MMSG-10545]
Action.c(43): Notify: Transaction "click_SignUpNow" ended with a "Pass" status (Duration: 0,0807 Wasted Time: 0,0000).	[MsgId: MMSG-16871]
Action.c(45): lr_think_time: 17,00 seconds.	[MsgId: MMSG-15948]
Action.c(47): Notify: Transaction "complete_profile" started.	[MsgId: MMSG-16999]
Action.c(48): web_reg_find started  	[MsgId: MMSG-26355]
Action.c(48): Registering web_reg_find was successful  	[MsgId: MMSG-26390]
Action.c(51): web_submit_data("login.pl") started  	[MsgId: MMSG-26355]
Action.c(51): Resource "http://localhost:1080/WebTours/profileValidate.js" is in the cache already and will not be downloaded again  	[MsgId: MMSG-26655]
Action.c(51): Resource "http://localhost:1080/WebTours/images/button_next.gif" is in the cache already and will not be downloaded again  	[MsgId: MMSG-26655]
Action.c(51): Error -26366: "Text=Thank you, <b>jojo82</b>, for registering and welcome to the Web Tours family." not found for web_reg_find  	[MsgId: MERR-26366]
End auto log messages stack.	[MsgId: MMSG-10544]


Start auto log messages stack - Iteration 36.	[MsgId: MMSG-10545]
Action.c(43): Notify: Transaction "click_SignUpNow" ended with a "Pass" status (Duration: 0,0795 Wasted Time: 0,0000).	[MsgId: MMSG-16871]
Action.c(45): lr_think_time: 17,00 seconds.	[MsgId: MMSG-15948]
Action.c(47): Notify: Transaction "complete_profile" started.	[MsgId: MMSG-16999]
Action.c(48): web_reg_find started  	[MsgId: MMSG-26355]
Action.c(48): Registering web_reg_find was successful  	[MsgId: MMSG-26390]
Action.c(51): web_submit_data("login.pl") started  	[MsgId: MMSG-26355]
Action.c(51): Resource "http://localhost:1080/WebTours/profileValidate.js" is in the cache already and will not be downloaded again  	[MsgId: MMSG-26655]
Action.c(51): Resource "http://localhost:1080/WebTours/images/button_next.gif" is in the cache already and will not be downloaded again  	[MsgId: MMSG-26655]
Action.c(51): Error -26366: "Text=Thank you, <b>klee77755</b>, for registering and welcome to the Web Tours family." not found for web_reg_find  	[MsgId: MERR-26366]
End auto log messages stack.	[MsgId: MMSG-10544]


Start auto log messages stack - Iteration 51.	[MsgId: MMSG-10545]
Action.c(43): Notify: Transaction "click_SignUpNow" ended with a "Pass" status (Duration: 0,1049 Wasted Time: 0,0000).	[MsgId: MMSG-16871]
Action.c(45): lr_think_time: 17,00 seconds.	[MsgId: MMSG-15948]
Action.c(47): Notify: Transaction "complete_profile" started.	[MsgId: MMSG-16999]
Action.c(48): web_reg_find started  	[MsgId: MMSG-26355]
Action.c(48): Registering web_reg_find was successful  	[MsgId: MMSG-26390]
Action.c(51): web_submit_data("login.pl") started  	[MsgId: MMSG-26355]
Action.c(51): Resource "http://localhost:1080/WebTours/profileValidate.js" is in the cache already and will not be downloaded again  	[MsgId: MMSG-26655]
Action.c(51): Resource "http://localhost:1080/WebTours/images/button_next.gif" is in the cache already and will not be downloaded again  	[MsgId: MMSG-26655]
Action.c(51): Error -26366: "Text=Thank you, <b>dhill8836</b>, for registering and welcome to the Web Tours family." not found for web_reg_find  	[MsgId: MERR-26366]
End auto log messages stack.	[MsgId: MMSG-10544]


Start auto log messages stack - Iteration 4.	[MsgId: MMSG-10545]
Action.c(43): Notify: Transaction "click_SignUpNow" ended with a "Pass" status (Duration: 0,0808 Wasted Time: 0,0000).	[MsgId: MMSG-16871]
Action.c(45): lr_think_time: 17,00 seconds.	[MsgId: MMSG-15948]
Action.c(47): Notify: Transaction "complete_profile" started.	[MsgId: MMSG-16999]
Action.c(48): web_reg_find started  	[MsgId: MMSG-26355]
Action.c(48): Registering web_reg_find was successful  	[MsgId: MMSG-26390]
Action.c(51): web_submit_data("login.pl") started  	[MsgId: MMSG-26355]
Action.c(51): Resource "http://localhost:1080/WebTours/profileValidate.js" is in the cache already and will not be downloaded again  	[MsgId: MMSG-26655]
Action.c(51): Resource "http://localhost:1080/WebTours/images/button_next.gif" is in the cache already and will not be downloaded again  	[MsgId: MMSG-26655]
Action.c(51): Error -26366: "Text=Thank you, <b>jojo86</b>, for registering and welcome to the Web Tours family." not found for web_reg_find  	[MsgId: MERR-26366]
End auto log messages stack.	[MsgId: MMSG-10544]


Start auto log messages stack - Iteration 21.	[MsgId: MMSG-10545]
Action.c(43): Notify: Transaction "click_SignUpNow" ended with a "Pass" status (Duration: 10,7059 Wasted Time: 0,0000).	[MsgId: MMSG-16871]
Action.c(45): lr_think_time: 17,00 seconds.	[MsgId: MMSG-15948]
Action.c(47): Notify: Transaction "complete_profile" started.	[MsgId: MMSG-16999]
Action.c(48): web_reg_find started  	[MsgId: MMSG-26355]
Action.c(48): Registering web_reg_find was successful  	[MsgId: MMSG-26390]
Action.c(51): web_submit_data("login.pl") started  	[MsgId: MMSG-26355]
Action.c(51): Resource "http://localhost:1080/WebTours/profileValidate.js" is in the cache already and will not be downloaded again  	[MsgId: MMSG-26655]
Action.c(51): Resource "http://localhost:1080/WebTours/images/button_next.gif" is in the cache already and will not be downloaded again  	[MsgId: MMSG-26655]
Action.c(51): Error -26366: "Text=Thank you, <b>bjohnson8249</b>, for registering and welcome to the Web Tours family." not found for web_reg_find  	[MsgId: MERR-26366]
End auto log messages stack.	[MsgId: MMSG-10544]


Start auto log messages stack - Iteration 52.	[MsgId: MMSG-10545]
Action.c(43): Notify: Transaction "click_SignUpNow" ended with a "Pass" status (Duration: 0,0811 Wasted Time: 0,0000).	[MsgId: MMSG-16871]
Action.c(45): lr_think_time: 17,00 seconds.	[MsgId: MMSG-15948]
Action.c(47): Notify: Transaction "complete_profile" started.	[MsgId: MMSG-16999]
Action.c(48): web_reg_find started  	[MsgId: MMSG-26355]
Action.c(48): Registering web_reg_find was successful  	[MsgId: MMSG-26390]
Action.c(51): web_submit_data("login.pl") started  	[MsgId: MMSG-26355]
Action.c(51): Resource "http://localhost:1080/WebTours/profileValidate.js" is in the cache already and will not be downloaded again  	[MsgId: MMSG-26655]
Action.c(51): Resource "http://localhost:1080/WebTours/images/button_next.gif" is in the cache already and will not be downloaded again  	[MsgId: MMSG-26655]
Action.c(51): Error -26366: "Text=Thank you, <b>pthomas9628</b>, for registering and welcome to the Web Tours family." not found for web_reg_find  	[MsgId: MERR-26366]
End auto log messages stack.	[MsgId: MMSG-10544]


Start auto log messages stack - Iteration 22.	[MsgId: MMSG-10545]
Action.c(43): Notify: Transaction "click_SignUpNow" ended with a "Pass" status (Duration: 0,0767 Wasted Time: 0,0000).	[MsgId: MMSG-16871]
Action.c(45): lr_think_time: 17,00 seconds.	[MsgId: MMSG-15948]
Action.c(47): Notify: Transaction "complete_profile" started.	[MsgId: MMSG-16999]
Action.c(48): web_reg_find started  	[MsgId: MMSG-26355]
Action.c(48): Registering web_reg_find was successful  	[MsgId: MMSG-26390]
Action.c(51): web_submit_data("login.pl") started  	[MsgId: MMSG-26355]
Action.c(51): Resource "http://localhost:1080/WebTours/profileValidate.js" is in the cache already and will not be downloaded again  	[MsgId: MMSG-26655]
Action.c(51): Resource "http://localhost:1080/WebTours/images/button_next.gif" is in the cache already and will not be downloaded again  	[MsgId: MMSG-26655]
Action.c(51): Error -26366: "Text=Thank you, <b>rthompson12316</b>, for registering and welcome to the Web Tours family." not found for web_reg_find  	[MsgId: MERR-26366]
End auto log messages stack.	[MsgId: MMSG-10544]


Start auto log messages stack - Iteration 12.	[MsgId: MMSG-10545]
Action.c(43): Notify: Transaction "click_SignUpNow" ended with a "Pass" status (Duration: 10,2771 Wasted Time: 0,0000).	[MsgId: MMSG-16871]
Action.c(45): lr_think_time: 17,00 seconds.	[MsgId: MMSG-15948]
Action.c(47): Notify: Transaction "complete_profile" started.	[MsgId: MMSG-16999]
Action.c(48): web_reg_find started  	[MsgId: MMSG-26355]
Action.c(48): Registering web_reg_find was successful  	[MsgId: MMSG-26390]
Action.c(51): web_submit_data("login.pl") started  	[MsgId: MMSG-26355]
Action.c(51): Resource "http://localhost:1080/WebTours/profileValidate.js" is in the cache already and will not be downloaded again  	[MsgId: MMSG-26655]
Action.c(51): Resource "http://localhost:1080/WebTours/images/button_next.gif" is in the cache already and will not be downloaded again  	[MsgId: MMSG-26655]
Action.c(51): Error -26366: "Text=Thank you, <b>jojo37</b>, for registering and welcome to the Web Tours family." not found for web_reg_find  	[MsgId: MERR-26366]
End auto log messages stack.	[MsgId: MMSG-10544]


Start auto log messages stack - Iteration 37.	[MsgId: MMSG-10545]
Action.c(43): Notify: Transaction "click_SignUpNow" ended with a "Pass" status (Duration: 0,0815 Wasted Time: 0,0000).	[MsgId: MMSG-16871]
Action.c(45): lr_think_time: 17,00 seconds.	[MsgId: MMSG-15948]
Action.c(47): Notify: Transaction "complete_profile" started.	[MsgId: MMSG-16999]
Action.c(48): web_reg_find started  	[MsgId: MMSG-26355]
Action.c(48): Registering web_reg_find was successful  	[MsgId: MMSG-26390]
Action.c(51): web_submit_data("login.pl") started  	[MsgId: MMSG-26355]
Action.c(51): Resource "http://localhost:1080/WebTours/profileValidate.js" is in the cache already and will not be downloaded again  	[MsgId: MMSG-26655]
Action.c(51): Resource "http://localhost:1080/WebTours/images/button_next.gif" is in the cache already and will not be downloaded again  	[MsgId: MMSG-26655]
Action.c(51): Error -26366: "Text=Thank you, <b>dhill8861</b>, for registering and welcome to the Web Tours family." not found for web_reg_find  	[MsgId: MERR-26366]
End auto log messages stack.	[MsgId: MMSG-10544]


Start auto log messages stack - Iteration 38.	[MsgId: MMSG-10545]
Action.c(43): Notify: Transaction "click_SignUpNow" ended with a "Pass" status (Duration: 10,9720 Wasted Time: 0,0000).	[MsgId: MMSG-16871]
Action.c(45): lr_think_time: 17,00 seconds.	[MsgId: MMSG-15948]
Action.c(47): Notify: Transaction "complete_profile" started.	[MsgId: MMSG-16999]
Action.c(48): web_reg_find started  	[MsgId: MMSG-26355]
Action.c(48): Registering web_reg_find was successful  	[MsgId: MMSG-26390]
Action.c(51): web_submit_data("login.pl") started  	[MsgId: MMSG-26355]
Action.c(51): Resource "http://localhost:1080/WebTours/profileValidate.js" is in the cache already and will not be downloaded again  	[MsgId: MMSG-26655]
Action.c(51): Resource "http://localhost:1080/WebTours/images/button_next.gif" is in the cache already and will not be downloaded again  	[MsgId: MMSG-26655]
Action.c(51): Error -26366: "Text=Thank you, <b>bjohnson8242</b>, for registering and welcome to the Web Tours family." not found for web_reg_find  	[MsgId: MERR-26366]
End auto log messages stack.	[MsgId: MMSG-10544]


Start auto log messages stack - Iteration 54.	[MsgId: MMSG-10545]
Action.c(43): Notify: Transaction "click_SignUpNow" ended with a "Pass" status (Duration: 0,0789 Wasted Time: 0,0000).	[MsgId: MMSG-16871]
Action.c(45): lr_think_time: 17,00 seconds.	[MsgId: MMSG-15948]
Action.c(47): Notify: Transaction "complete_profile" started.	[MsgId: MMSG-16999]
Action.c(48): web_reg_find started  	[MsgId: MMSG-26355]
Action.c(48): Registering web_reg_find was successful  	[MsgId: MMSG-26390]
Action.c(51): web_submit_data("login.pl") started  	[MsgId: MMSG-26355]
Action.c(51): Resource "http://localhost:1080/WebTours/profileValidate.js" is in the cache already and will not be downloaded again  	[MsgId: MMSG-26655]
Action.c(51): Resource "http://localhost:1080/WebTours/images/button_next.gif" is in the cache already and will not be downloaded again  	[MsgId: MMSG-26655]
Action.c(51): Error -26366: "Text=Thank you, <b>klee77718</b>, for registering and welcome to the Web Tours family." not found for web_reg_find  	[MsgId: MERR-26366]
End auto log messages stack.	[MsgId: MMSG-10544]


Start auto log messages stack - Iteration 6.	[MsgId: MMSG-10545]
Action.c(43): Notify: Transaction "click_SignUpNow" ended with a "Pass" status (Duration: 10,4444 Wasted Time: 0,0002).	[MsgId: MMSG-16871]
Action.c(45): lr_think_time: 17,00 seconds.	[MsgId: MMSG-15948]
Action.c(47): Notify: Transaction "complete_profile" started.	[MsgId: MMSG-16999]
Action.c(48): web_reg_find started  	[MsgId: MMSG-26355]
Action.c(48): Registering web_reg_find was successful  	[MsgId: MMSG-26390]
Action.c(51): web_submit_data("login.pl") started  	[MsgId: MMSG-26355]
Action.c(51): Resource "http://localhost:1080/WebTours/profileValidate.js" is in the cache already and will not be downloaded again  	[MsgId: MMSG-26655]
Action.c(51): Resource "http://localhost:1080/WebTours/images/button_next.gif" is in the cache already and will not be downloaded again  	[MsgId: MMSG-26655]
Action.c(51): Error -26366: "Text=Thank you, <b>jadams55580</b>, for registering and welcome to the Web Tours family." not found for web_reg_find  	[MsgId: MERR-26366]
End auto log messages stack.	[MsgId: MMSG-10544]


Start auto log messages stack - Iteration 39.	[MsgId: MMSG-10545]
Action.c(43): Notify: Transaction "click_SignUpNow" ended with a "Pass" status (Duration: 9,0909 Wasted Time: 0,0001).	[MsgId: MMSG-16871]
Action.c(45): lr_think_time: 17,00 seconds.	[MsgId: MMSG-15948]
Action.c(47): Notify: Transaction "complete_profile" started.	[MsgId: MMSG-16999]
Action.c(48): web_reg_find started  	[MsgId: MMSG-26355]
Action.c(48): Registering web_reg_find was successful  	[MsgId: MMSG-26390]
Action.c(51): web_submit_data("login.pl") started  	[MsgId: MMSG-26355]
Action.c(51): Resource "http://localhost:1080/WebTours/profileValidate.js" is in the cache already and will not be downloaded again  	[MsgId: MMSG-26655]
Action.c(51): Resource "http://localhost:1080/WebTours/images/button_next.gif" is in the cache already and will not be downloaded again  	[MsgId: MMSG-26655]
Action.c(51): Error -26366: "Text=Thank you, <b>jojo44</b>, for registering and welcome to the Web Tours family." not found for web_reg_find  	[MsgId: MERR-26366]
End auto log messages stack.	[MsgId: MMSG-10544]


Start auto log messages stack - Iteration 14.	[MsgId: MMSG-10545]
Action.c(43): Notify: Transaction "click_SignUpNow" ended with a "Pass" status (Duration: 0,0792 Wasted Time: 0,0000).	[MsgId: MMSG-16871]
Action.c(45): lr_think_time: 17,00 seconds.	[MsgId: MMSG-15948]
Action.c(47): Notify: Transaction "complete_profile" started.	[MsgId: MMSG-16999]
Action.c(48): web_reg_find started  	[MsgId: MMSG-26355]
Action.c(48): Registering web_reg_find was successful  	[MsgId: MMSG-26390]
Action.c(51): web_submit_data("login.pl") started  	[MsgId: MMSG-26355]
Action.c(51): Resource "http://localhost:1080/WebTours/profileValidate.js" is in the cache already and will not be downloaded again  	[MsgId: MMSG-26655]
Action.c(51): Resource "http://localhost:1080/WebTours/images/button_next.gif" is in the cache already and will not be downloaded again  	[MsgId: MMSG-26655]
Action.c(51): Error -26366: "Text=Thank you, <b>bjohnson8291</b>, for registering and welcome to the Web Tours family." not found for web_reg_find  	[MsgId: MERR-26366]
End auto log messages stack.	[MsgId: MMSG-10544]


Start auto log messages stack - Iteration 55.	[MsgId: MMSG-10545]
Action.c(43): Notify: Transaction "click_SignUpNow" ended with a "Pass" status (Duration: 3,4067 Wasted Time: 0,0000).	[MsgId: MMSG-16871]
Action.c(45): lr_think_time: 17,00 seconds.	[MsgId: MMSG-15948]
Action.c(47): Notify: Transaction "complete_profile" started.	[MsgId: MMSG-16999]
Action.c(48): web_reg_find started  	[MsgId: MMSG-26355]
Action.c(48): Registering web_reg_find was successful  	[MsgId: MMSG-26390]
Action.c(51): web_submit_data("login.pl") started  	[MsgId: MMSG-26355]
Action.c(51): Resource "http://localhost:1080/WebTours/profileValidate.js" is in the cache already and will not be downloaded again  	[MsgId: MMSG-26655]
Action.c(51): Resource "http://localhost:1080/WebTours/images/button_next.gif" is in the cache already and will not be downloaded again  	[MsgId: MMSG-26655]
Action.c(51): Error -26366: "Text=Thank you, <b>jsmith32188</b>, for registering and welcome to the Web Tours family." not found for web_reg_find  	[MsgId: MERR-26366]
End auto log messages stack.	[MsgId: MMSG-10544]


Start auto log messages stack - Iteration 7.	[MsgId: MMSG-10545]
Action.c(43): Notify: Transaction "click_SignUpNow" ended with a "Pass" status (Duration: 10,7940 Wasted Time: 0,0000).	[MsgId: MMSG-16871]
Action.c(45): lr_think_time: 17,00 seconds.	[MsgId: MMSG-15948]
Action.c(47): Notify: Transaction "complete_profile" started.	[MsgId: MMSG-16999]
Action.c(48): web_reg_find started  	[MsgId: MMSG-26355]
Action.c(48): Registering web_reg_find was successful  	[MsgId: MMSG-26390]
Action.c(51): web_submit_data("login.pl") started  	[MsgId: MMSG-26355]
Action.c(51): Resource "http://localhost:1080/WebTours/profileValidate.js" is in the cache already and will not be downloaded again  	[MsgId: MMSG-26655]
Action.c(51): Resource "http://localhost:1080/WebTours/images/button_next.gif" is in the cache already and will not be downloaded again  	[MsgId: MMSG-26655]
Action.c(51): Error -26366: "Text=Thank you, <b>bjohnson8234</b>, for registering and welcome to the Web Tours family." not found for web_reg_find  	[MsgId: MERR-26366]
End auto log messages stack.	[MsgId: MMSG-10544]


Start auto log messages stack - Iteration 15.	[MsgId: MMSG-10545]
Action.c(43): Notify: Transaction "click_SignUpNow" ended with a "Pass" status (Duration: 5,1118 Wasted Time: 0,0000).	[MsgId: MMSG-16871]
Action.c(45): lr_think_time: 17,00 seconds.	[MsgId: MMSG-15948]
Action.c(47): Notify: Transaction "complete_profile" started.	[MsgId: MMSG-16999]
Action.c(48): web_reg_find started  	[MsgId: MMSG-26355]
Action.c(48): Registering web_reg_find was successful  	[MsgId: MMSG-26390]
Action.c(51): web_submit_data("login.pl") started  	[MsgId: MMSG-26355]
Action.c(51): Resource "http://localhost:1080/WebTours/profileValidate.js" is in the cache already and will not be downloaded again  	[MsgId: MMSG-26655]
Action.c(51): Resource "http://localhost:1080/WebTours/images/button_next.gif" is in the cache already and will not be downloaded again  	[MsgId: MMSG-26655]
Action.c(51): Error -26366: "Text=Thank you, <b>pthomas9636</b>, for registering and welcome to the Web Tours family." not found for web_reg_find  	[MsgId: MERR-26366]
End auto log messages stack.	[MsgId: MMSG-10544]


Start auto log messages stack - Iteration 8.	[MsgId: MMSG-10545]
Action.c(43): Notify: Transaction "click_SignUpNow" ended with a "Pass" status (Duration: 0,0844 Wasted Time: 0,0000).	[MsgId: MMSG-16871]
Action.c(45): lr_think_time: 17,00 seconds.	[MsgId: MMSG-15948]
Action.c(47): Notify: Transaction "complete_profile" started.	[MsgId: MMSG-16999]
Action.c(48): web_reg_find started  	[MsgId: MMSG-26355]
Action.c(48): Registering web_reg_find was successful  	[MsgId: MMSG-26390]
Action.c(51): web_submit_data("login.pl") started  	[MsgId: MMSG-26355]
Action.c(51): Resource "http://localhost:1080/WebTours/profileValidate.js" is in the cache already and will not be downloaded again  	[MsgId: MMSG-26655]
Action.c(51): Resource "http://localhost:1080/WebTours/images/button_next.gif" is in the cache already and will not be downloaded again  	[MsgId: MMSG-26655]
Action.c(51): Error -26366: "Text=Thank you, <b>klee77788</b>, for registering and welcome to the Web Tours family." not found for web_reg_find  	[MsgId: MERR-26366]
End auto log messages stack.	[MsgId: MMSG-10544]


Start auto log messages stack - Iteration 9.	[MsgId: MMSG-10545]
Action.c(43): Notify: Transaction "click_SignUpNow" ended with a "Pass" status (Duration: 8,2705 Wasted Time: 0,0001).	[MsgId: MMSG-16871]
Action.c(45): lr_think_time: 17,00 seconds.	[MsgId: MMSG-15948]
Action.c(47): Notify: Transaction "complete_profile" started.	[MsgId: MMSG-16999]
Action.c(48): web_reg_find started  	[MsgId: MMSG-26355]
Action.c(48): Registering web_reg_find was successful  	[MsgId: MMSG-26390]
Action.c(51): web_submit_data("login.pl") started  	[MsgId: MMSG-26355]
Action.c(51): Resource "http://localhost:1080/WebTours/profileValidate.js" is in the cache already and will not be downloaded again  	[MsgId: MMSG-26655]
Action.c(51): Resource "http://localhost:1080/WebTours/images/button_next.gif" is in the cache already and will not be downloaded again  	[MsgId: MMSG-26655]
Action.c(51): Error -26366: "Text=Thank you, <b>dhill8873</b>, for registering and welcome to the Web Tours family." not found for web_reg_find  	[MsgId: MERR-26366]
End auto log messages stack.	[MsgId: MMSG-10544]


Start auto log messages stack - Iteration 41.	[MsgId: MMSG-10545]
Action.c(43): Notify: Transaction "click_SignUpNow" ended with a "Pass" status (Duration: 8,9837 Wasted Time: 0,0000).	[MsgId: MMSG-16871]
Action.c(45): lr_think_time: 17,00 seconds.	[MsgId: MMSG-15948]
Action.c(47): Notify: Transaction "complete_profile" started.	[MsgId: MMSG-16999]
Action.c(48): web_reg_find started  	[MsgId: MMSG-26355]
Action.c(48): Registering web_reg_find was successful  	[MsgId: MMSG-26390]
Action.c(51): web_submit_data("login.pl") started  	[MsgId: MMSG-26355]
Action.c(51): Resource "http://localhost:1080/WebTours/profileValidate.js" is in the cache already and will not be downloaded again  	[MsgId: MMSG-26655]
Action.c(51): Resource "http://localhost:1080/WebTours/images/button_next.gif" is in the cache already and will not be downloaded again  	[MsgId: MMSG-26655]
Action.c(51): Error -26366: "Text=Thank you, <b>jadams55517</b>, for registering and welcome to the Web Tours family." not found for web_reg_find  	[MsgId: MERR-26366]
End auto log messages stack.	[MsgId: MMSG-10544]


Start auto log messages stack - Iteration 16.	[MsgId: MMSG-10545]
Action.c(43): Notify: Transaction "click_SignUpNow" ended with a "Pass" status (Duration: 0,0887 Wasted Time: 0,0000).	[MsgId: MMSG-16871]
Action.c(45): lr_think_time: 17,00 seconds.	[MsgId: MMSG-15948]
Action.c(47): Notify: Transaction "complete_profile" started.	[MsgId: MMSG-16999]
Action.c(48): web_reg_find started  	[MsgId: MMSG-26355]
Action.c(48): Registering web_reg_find was successful  	[MsgId: MMSG-26390]
Action.c(51): web_submit_data("login.pl") started  	[MsgId: MMSG-26355]
Action.c(51): Resource "http://localhost:1080/WebTours/profileValidate.js" is in the cache already and will not be downloaded again  	[MsgId: MMSG-26655]
Action.c(51): Resource "http://localhost:1080/WebTours/images/button_next.gif" is in the cache already and will not be downloaded again  	[MsgId: MMSG-26655]
Action.c(51): Error -26366: "Text=Thank you, <b>jojo70</b>, for registering and welcome to the Web Tours family." not found for web_reg_find  	[MsgId: MERR-26366]
End auto log messages stack.	[MsgId: MMSG-10544]


Start auto log messages stack - Iteration 57.	[MsgId: MMSG-10545]
Action.c(43): Notify: Transaction "click_SignUpNow" ended with a "Pass" status (Duration: 9,0081 Wasted Time: 0,0000).	[MsgId: MMSG-16871]
Action.c(45): lr_think_time: 17,00 seconds.	[MsgId: MMSG-15948]
Action.c(47): Notify: Transaction "complete_profile" started.	[MsgId: MMSG-16999]
Action.c(48): web_reg_find started  	[MsgId: MMSG-26355]
Action.c(48): Registering web_reg_find was successful  	[MsgId: MMSG-26390]
Action.c(51): web_submit_data("login.pl") started  	[MsgId: MMSG-26355]
Action.c(51): Resource "http://localhost:1080/WebTours/profileValidate.js" is in the cache already and will not be downloaded again  	[MsgId: MMSG-26655]
Action.c(51): Resource "http://localhost:1080/WebTours/images/button_next.gif" is in the cache already and will not be downloaded again  	[MsgId: MMSG-26655]
Action.c(51): Error -26366: "Text=Thank you, <b>jadams55517</b>, for registering and welcome to the Web Tours family." not found for web_reg_find  	[MsgId: MERR-26366]
End auto log messages stack.	[MsgId: MMSG-10544]


Start auto log messages stack - Iteration 42.	[MsgId: MMSG-10545]
Action.c(43): Notify: Transaction "click_SignUpNow" ended with a "Pass" status (Duration: 5,5220 Wasted Time: 0,0000).	[MsgId: MMSG-16871]
Action.c(45): lr_think_time: 17,00 seconds.	[MsgId: MMSG-15948]
Action.c(47): Notify: Transaction "complete_profile" started.	[MsgId: MMSG-16999]
Action.c(48): web_reg_find started  	[MsgId: MMSG-26355]
Action.c(48): Registering web_reg_find was successful  	[MsgId: MMSG-26390]
Action.c(51): web_submit_data("login.pl") started  	[MsgId: MMSG-26355]
Action.c(51): Resource "http://localhost:1080/WebTours/profileValidate.js" is in the cache already and will not be downloaded again  	[MsgId: MMSG-26655]
Action.c(51): Resource "http://localhost:1080/WebTours/images/button_next.gif" is in the cache already and will not be downloaded again  	[MsgId: MMSG-26655]
Action.c(51): Error -26366: "Text=Thank you, <b>rthompson12332</b>, for registering and welcome to the Web Tours family." not found for web_reg_find  	[MsgId: MERR-26366]
End auto log messages stack.	[MsgId: MMSG-10544]


Start auto log messages stack - Iteration 27.	[MsgId: MMSG-10545]
Action.c(43): Notify: Transaction "click_SignUpNow" ended with a "Pass" status (Duration: 10,2027 Wasted Time: 0,0000).	[MsgId: MMSG-16871]
Action.c(45): lr_think_time: 17,00 seconds.	[MsgId: MMSG-15948]
Action.c(47): Notify: Transaction "complete_profile" started.	[MsgId: MMSG-16999]
Action.c(48): web_reg_find started  	[MsgId: MMSG-26355]
Action.c(48): Registering web_reg_find was successful  	[MsgId: MMSG-26390]
Action.c(51): web_submit_data("login.pl") started  	[MsgId: MMSG-26355]
Action.c(51): Resource "http://localhost:1080/WebTours/profileValidate.js" is in the cache already and will not be downloaded again  	[MsgId: MMSG-26655]
Action.c(51): Resource "http://localhost:1080/WebTours/images/button_next.gif" is in the cache already and will not be downloaded again  	[MsgId: MMSG-26655]
Action.c(51): Error -26366: "Text=Thank you, <b>bjohnson8253</b>, for registering and welcome to the Web Tours family." not found for web_reg_find  	[MsgId: MERR-26366]
End auto log messages stack.	[MsgId: MMSG-10544]


Start auto log messages stack - Iteration 18.	[MsgId: MMSG-10545]
Action.c(43): Notify: Transaction "click_SignUpNow" ended with a "Pass" status (Duration: 0,0757 Wasted Time: 0,0001).	[MsgId: MMSG-16871]
Action.c(45): lr_think_time: 17,00 seconds.	[MsgId: MMSG-15948]
Action.c(47): Notify: Transaction "complete_profile" started.	[MsgId: MMSG-16999]
Action.c(48): web_reg_find started  	[MsgId: MMSG-26355]
Action.c(48): Registering web_reg_find was successful  	[MsgId: MMSG-26390]
Action.c(51): web_submit_data("login.pl") started  	[MsgId: MMSG-26355]
Action.c(51): Resource "http://localhost:1080/WebTours/profileValidate.js" is in the cache already and will not be downloaded again  	[MsgId: MMSG-26655]
Action.c(51): Resource "http://localhost:1080/WebTours/images/button_next.gif" is in the cache already and will not be downloaded again  	[MsgId: MMSG-26655]
Action.c(51): Error -26366: "Text=Thank you, <b>dhill8849</b>, for registering and welcome to the Web Tours family." not found for web_reg_find  	[MsgId: MERR-26366]
End auto log messages stack.	[MsgId: MMSG-10544]


Start auto log messages stack - Iteration 10.	[MsgId: MMSG-10545]
Action.c(43): Notify: Transaction "click_SignUpNow" ended with a "Pass" status (Duration: 10,7693 Wasted Time: 0,0000).	[MsgId: MMSG-16871]
Action.c(45): lr_think_time: 17,00 seconds.	[MsgId: MMSG-15948]
Action.c(47): Notify: Transaction "complete_profile" started.	[MsgId: MMSG-16999]
Action.c(48): web_reg_find started  	[MsgId: MMSG-26355]
Action.c(48): Registering web_reg_find was successful  	[MsgId: MMSG-26390]
Action.c(51): web_submit_data("login.pl") started  	[MsgId: MMSG-26355]
Action.c(51): Resource "http://localhost:1080/WebTours/profileValidate.js" is in the cache already and will not be downloaded again  	[MsgId: MMSG-26655]
Action.c(51): Resource "http://localhost:1080/WebTours/images/button_next.gif" is in the cache already and will not be downloaded again  	[MsgId: MMSG-26655]
Action.c(51): Error -26366: "Text=Thank you, <b>bjohnson8263</b>, for registering and welcome to the Web Tours family." not found for web_reg_find  	[MsgId: MERR-26366]
End auto log messages stack.	[MsgId: MMSG-10544]


Start auto log messages stack - Iteration 59.	[MsgId: MMSG-10545]
Action.c(43): Notify: Transaction "click_SignUpNow" ended with a "Pass" status (Duration: 8,2424 Wasted Time: 0,0000).	[MsgId: MMSG-16871]
Action.c(45): lr_think_time: 17,00 seconds.	[MsgId: MMSG-15948]
Action.c(47): Notify: Transaction "complete_profile" started.	[MsgId: MMSG-16999]
Action.c(48): web_reg_find started  	[MsgId: MMSG-26355]
Action.c(48): Registering web_reg_find was successful  	[MsgId: MMSG-26390]
Action.c(51): web_submit_data("login.pl") started  	[MsgId: MMSG-26355]
Action.c(51): Resource "http://localhost:1080/WebTours/profileValidate.js" is in the cache already and will not be downloaded again  	[MsgId: MMSG-26655]
Action.c(51): Resource "http://localhost:1080/WebTours/images/button_next.gif" is in the cache already and will not be downloaded again  	[MsgId: MMSG-26655]
Action.c(51): Error -26366: "Text=Thank you, <b>pthomas9668</b>, for registering and welcome to the Web Tours family." not found for web_reg_find  	[MsgId: MERR-26366]
End auto log messages stack.	[MsgId: MMSG-10544]


Start auto log messages stack - Iteration 29.	[MsgId: MMSG-10545]
Action.c(43): Notify: Transaction "click_SignUpNow" ended with a "Pass" status (Duration: 8,8313 Wasted Time: 0,0000).	[MsgId: MMSG-16871]
Action.c(45): lr_think_time: 17,00 seconds.	[MsgId: MMSG-15948]
Action.c(47): Notify: Transaction "complete_profile" started.	[MsgId: MMSG-16999]
Action.c(48): web_reg_find started  	[MsgId: MMSG-26355]
Action.c(48): Registering web_reg_find was successful  	[MsgId: MMSG-26390]
Action.c(51): web_submit_data("login.pl") started  	[MsgId: MMSG-26355]
Action.c(51): Resource "http://localhost:1080/WebTours/profileValidate.js" is in the cache already and will not be downloaded again  	[MsgId: MMSG-26655]
Action.c(51): Resource "http://localhost:1080/WebTours/images/button_next.gif" is in the cache already and will not be downloaded again  	[MsgId: MMSG-26655]
Action.c(51): Error -26366: "Text=Thank you, <b>mrodriguez153</b>, for registering and welcome to the Web Tours family." not found for web_reg_find  	[MsgId: MERR-26366]
End auto log messages stack.	[MsgId: MMSG-10544]


Start auto log messages stack - Iteration 30.	[MsgId: MMSG-10545]
Action.c(43): Notify: Transaction "click_SignUpNow" ended with a "Pass" status (Duration: 4,6746 Wasted Time: 0,0001).	[MsgId: MMSG-16871]
Action.c(45): lr_think_time: 17,00 seconds.	[MsgId: MMSG-15948]
Action.c(47): Notify: Transaction "complete_profile" started.	[MsgId: MMSG-16999]
Action.c(48): web_reg_find started  	[MsgId: MMSG-26355]
Action.c(48): Registering web_reg_find was successful  	[MsgId: MMSG-26390]
Action.c(51): web_submit_data("login.pl") started  	[MsgId: MMSG-26355]
Action.c(51): Resource "http://localhost:1080/WebTours/profileValidate.js" is in the cache already and will not be downloaded again  	[MsgId: MMSG-26655]
Action.c(51): Resource "http://localhost:1080/WebTours/images/button_next.gif" is in the cache already and will not be downloaded again  	[MsgId: MMSG-26655]
Action.c(51): Error -26366: "Text=Thank you, <b>klee77723</b>, for registering and welcome to the Web Tours family." not found for web_reg_find  	[MsgId: MERR-26366]
End auto log messages stack.	[MsgId: MMSG-10544]


