Start auto log messages stack - Iteration 2.	[MsgId: MMSG-10545]
Action.c(43): Notify: Transaction "click_SignUpNow" ended with a "Pass" status (Duration: 0,0757 Wasted Time: 0,0000).	[MsgId: MMSG-16871]
Action.c(45): lr_think_time: 5,00 seconds.	[MsgId: MMSG-15948]
Action.c(47): Notify: Transaction "complete_profile" started.	[MsgId: MMSG-16999]
Action.c(48): web_reg_find started  	[MsgId: MMSG-26355]
Action.c(48): Registering web_reg_find was successful  	[MsgId: MMSG-26390]
Action.c(51): web_submit_data("login.pl") started  	[MsgId: MMSG-26355]
Action.c(51): Resource "http://localhost:1080/WebTours/profileValidate.js" is in the cache already and will not be downloaded again  	[MsgId: MMSG-26655]
Action.c(51): Resource "http://localhost:1080/WebTours/images/button_next.gif" is in the cache already and will not be downloaded again  	[MsgId: MMSG-26655]
Action.c(51): Error -26366: "Text=Thank you, <b>jsmith3213</b>, for registering and welcome to the Web Tours family." not found for web_reg_find  	[MsgId: MERR-26366]
End auto log messages stack.	[MsgId: MMSG-10544]


Start auto log messages stack - Iteration 4.	[MsgId: MMSG-10545]
Action.c(43): Notify: Transaction "click_SignUpNow" ended with a "Pass" status (Duration: 0,0778 Wasted Time: 0,0000).	[MsgId: MMSG-16871]
Action.c(45): lr_think_time: 5,00 seconds.	[MsgId: MMSG-15948]
Action.c(47): Notify: Transaction "complete_profile" started.	[MsgId: MMSG-16999]
Action.c(48): web_reg_find started  	[MsgId: MMSG-26355]
Action.c(48): Registering web_reg_find was successful  	[MsgId: MMSG-26390]
Action.c(51): web_submit_data("login.pl") started  	[MsgId: MMSG-26355]
Action.c(51): Resource "http://localhost:1080/WebTours/profileValidate.js" is in the cache already and will not be downloaded again  	[MsgId: MMSG-26655]
Action.c(51): Resource "http://localhost:1080/WebTours/images/button_next.gif" is in the cache already and will not be downloaded again  	[MsgId: MMSG-26655]
Action.c(51): Error -26366: "Text=Thank you, <b>dhill8890</b>, for registering and welcome to the Web Tours family." not found for web_reg_find  	[MsgId: MERR-26366]
End auto log messages stack.	[MsgId: MMSG-10544]


Start auto log messages stack - Iteration 5.	[MsgId: MMSG-10545]
Action.c(43): Notify: Transaction "click_SignUpNow" ended with a "Pass" status (Duration: 0,0754 Wasted Time: 0,0000).	[MsgId: MMSG-16871]
Action.c(45): lr_think_time: 5,00 seconds.	[MsgId: MMSG-15948]
Action.c(47): Notify: Transaction "complete_profile" started.	[MsgId: MMSG-16999]
Action.c(48): web_reg_find started  	[MsgId: MMSG-26355]
Action.c(48): Registering web_reg_find was successful  	[MsgId: MMSG-26390]
Action.c(51): web_submit_data("login.pl") started  	[MsgId: MMSG-26355]
Action.c(51): Resource "http://localhost:1080/WebTours/profileValidate.js" is in the cache already and will not be downloaded again  	[MsgId: MMSG-26655]
Action.c(51): Resource "http://localhost:1080/WebTours/images/button_next.gif" is in the cache already and will not be downloaded again  	[MsgId: MMSG-26655]
Action.c(51): Error -26366: "Text=Thank you, <b>jadams55565</b>, for registering and welcome to the Web Tours family." not found for web_reg_find  	[MsgId: MERR-26366]
End auto log messages stack.	[MsgId: MMSG-10544]


Start auto log messages stack - Iteration 12.	[MsgId: MMSG-10545]
Action.c(43): Notify: Transaction "click_SignUpNow" ended with a "Pass" status (Duration: 0,0758 Wasted Time: 0,0000).	[MsgId: MMSG-16871]
Action.c(45): lr_think_time: 5,00 seconds.	[MsgId: MMSG-15948]
Action.c(47): Notify: Transaction "complete_profile" started.	[MsgId: MMSG-16999]
Action.c(48): web_reg_find started  	[MsgId: MMSG-26355]
Action.c(48): Registering web_reg_find was successful  	[MsgId: MMSG-26390]
Action.c(51): web_submit_data("login.pl") started  	[MsgId: MMSG-26355]
Action.c(51): Resource "http://localhost:1080/WebTours/profileValidate.js" is in the cache already and will not be downloaded again  	[MsgId: MMSG-26655]
Action.c(51): Resource "http://localhost:1080/WebTours/images/button_next.gif" is in the cache already and will not be downloaded again  	[MsgId: MMSG-26655]
Action.c(51): Error -26366: "Text=Thank you, <b>jojo16</b>, for registering and welcome to the Web Tours family." not found for web_reg_find  	[MsgId: MERR-26366]
End auto log messages stack.	[MsgId: MMSG-10544]


Start auto log messages stack - Iteration 13.	[MsgId: MMSG-10545]
Action.c(43): Notify: Transaction "click_SignUpNow" ended with a "Pass" status (Duration: 0,0897 Wasted Time: 0,0000).	[MsgId: MMSG-16871]
Action.c(45): lr_think_time: 5,00 seconds.	[MsgId: MMSG-15948]
Action.c(47): Notify: Transaction "complete_profile" started.	[MsgId: MMSG-16999]
Action.c(48): web_reg_find started  	[MsgId: MMSG-26355]
Action.c(48): Registering web_reg_find was successful  	[MsgId: MMSG-26390]
Action.c(51): web_submit_data("login.pl") started  	[MsgId: MMSG-26355]
Action.c(51): Resource "http://localhost:1080/WebTours/profileValidate.js" is in the cache already and will not be downloaded again  	[MsgId: MMSG-26655]
Action.c(51): Resource "http://localhost:1080/WebTours/images/button_next.gif" is in the cache already and will not be downloaded again  	[MsgId: MMSG-26655]
Action.c(51): Error -26366: "Text=Thank you, <b>bjohnson8282</b>, for registering and welcome to the Web Tours family." not found for web_reg_find  	[MsgId: MERR-26366]
End auto log messages stack.	[MsgId: MMSG-10544]


Start auto log messages stack - Iteration 15.	[MsgId: MMSG-10545]
Action.c(43): Notify: Transaction "click_SignUpNow" ended with a "Pass" status (Duration: 0,0752 Wasted Time: 0,0000).	[MsgId: MMSG-16871]
Action.c(45): lr_think_time: 5,00 seconds.	[MsgId: MMSG-15948]
Action.c(47): Notify: Transaction "complete_profile" started.	[MsgId: MMSG-16999]
Action.c(48): web_reg_find started  	[MsgId: MMSG-26355]
Action.c(48): Registering web_reg_find was successful  	[MsgId: MMSG-26390]
Action.c(51): web_submit_data("login.pl") started  	[MsgId: MMSG-26355]
Action.c(51): Resource "http://localhost:1080/WebTours/profileValidate.js" is in the cache already and will not be downloaded again  	[MsgId: MMSG-26655]
Action.c(51): Resource "http://localhost:1080/WebTours/images/button_next.gif" is in the cache already and will not be downloaded again  	[MsgId: MMSG-26655]
Action.c(51): Error -26366: "Text=Thank you, <b>amiller2391</b>, for registering and welcome to the Web Tours family." not found for web_reg_find  	[MsgId: MERR-26366]
End auto log messages stack.	[MsgId: MMSG-10544]


Start auto log messages stack - Iteration 16.	[MsgId: MMSG-10545]
Action.c(43): Notify: Transaction "click_SignUpNow" ended with a "Pass" status (Duration: 0,0750 Wasted Time: 0,0000).	[MsgId: MMSG-16871]
Action.c(45): lr_think_time: 5,00 seconds.	[MsgId: MMSG-15948]
Action.c(47): Notify: Transaction "complete_profile" started.	[MsgId: MMSG-16999]
Action.c(48): web_reg_find started  	[MsgId: MMSG-26355]
Action.c(48): Registering web_reg_find was successful  	[MsgId: MMSG-26390]
Action.c(51): web_submit_data("login.pl") started  	[MsgId: MMSG-26355]
Action.c(51): Resource "http://localhost:1080/WebTours/profileValidate.js" is in the cache already and will not be downloaded again  	[MsgId: MMSG-26655]
Action.c(51): Resource "http://localhost:1080/WebTours/images/button_next.gif" is in the cache already and will not be downloaded again  	[MsgId: MMSG-26655]
Action.c(51): Error -26366: "Text=Thank you, <b>bjohnson8275</b>, for registering and welcome to the Web Tours family." not found for web_reg_find  	[MsgId: MERR-26366]
End auto log messages stack.	[MsgId: MMSG-10544]


Start auto log messages stack - Iteration 29.	[MsgId: MMSG-10545]
Action.c(43): Notify: Transaction "click_SignUpNow" ended with a "Pass" status (Duration: 0,0989 Wasted Time: 0,0000).	[MsgId: MMSG-16871]
Action.c(45): lr_think_time: 5,00 seconds.	[MsgId: MMSG-15948]
Action.c(47): Notify: Transaction "complete_profile" started.	[MsgId: MMSG-16999]
Action.c(48): web_reg_find started  	[MsgId: MMSG-26355]
Action.c(48): Registering web_reg_find was successful  	[MsgId: MMSG-26390]
Action.c(51): web_submit_data("login.pl") started  	[MsgId: MMSG-26355]
Action.c(51): Resource "http://localhost:1080/WebTours/profileValidate.js" is in the cache already and will not be downloaded again  	[MsgId: MMSG-26655]
Action.c(51): Resource "http://localhost:1080/WebTours/images/button_next.gif" is in the cache already and will not be downloaded again  	[MsgId: MMSG-26655]
Action.c(51): Error -26366: "Text=Thank you, <b>pthomas9673</b>, for registering and welcome to the Web Tours family." not found for web_reg_find  	[MsgId: MERR-26366]
End auto log messages stack.	[MsgId: MMSG-10544]


Start auto log messages stack - Iteration 32.	[MsgId: MMSG-10545]
Action.c(43): Notify: Transaction "click_SignUpNow" ended with a "Pass" status (Duration: 0,0929 Wasted Time: 0,0000).	[MsgId: MMSG-16871]
Action.c(45): lr_think_time: 5,00 seconds.	[MsgId: MMSG-15948]
Action.c(47): Notify: Transaction "complete_profile" started.	[MsgId: MMSG-16999]
Action.c(48): web_reg_find started  	[MsgId: MMSG-26355]
Action.c(48): Registering web_reg_find was successful  	[MsgId: MMSG-26390]
Action.c(51): web_submit_data("login.pl") started  	[MsgId: MMSG-26355]
Action.c(51): Resource "http://localhost:1080/WebTours/profileValidate.js" is in the cache already and will not be downloaded again  	[MsgId: MMSG-26655]
Action.c(51): Resource "http://localhost:1080/WebTours/images/button_next.gif" is in the cache already and will not be downloaded again  	[MsgId: MMSG-26655]
Action.c(51): Error -26366: "Text=Thank you, <b>klee7778</b>, for registering and welcome to the Web Tours family." not found for web_reg_find  	[MsgId: MERR-26366]
End auto log messages stack.	[MsgId: MMSG-10544]


